[2025-10-09T23:47:01.151+0300] {processor.py:186} INFO - Started process (PID=44382) to work on /home/hsooni/cafe_sales_etl/venv/lib/python3.12/site-packages/airflow/example_dags/plugins/event_listener.py
[2025-10-09T23:47:01.152+0300] {processor.py:914} INFO - Processing file /home/hsooni/cafe_sales_etl/venv/lib/python3.12/site-packages/airflow/example_dags/plugins/event_listener.py for tasks to queue
[2025-10-09T23:47:01.155+0300] {logging_mixin.py:190} INFO - [2025-10-09T23:47:01.154+0300] {dagbag.py:588} INFO - Filling up the DagBag from /home/hsooni/cafe_sales_etl/venv/lib/python3.12/site-packages/airflow/example_dags/plugins/event_listener.py
[2025-10-09T23:47:01.157+0300] {processor.py:927} WARNING - No viable dags retrieved from /home/hsooni/cafe_sales_etl/venv/lib/python3.12/site-packages/airflow/example_dags/plugins/event_listener.py
[2025-10-09T23:47:01.170+0300] {processor.py:208} INFO - Processing /home/hsooni/cafe_sales_etl/venv/lib/python3.12/site-packages/airflow/example_dags/plugins/event_listener.py took 0.026 seconds
[2025-10-09T23:48:43.873+0300] {processor.py:186} INFO - Started process (PID=45006) to work on /home/hsooni/cafe_sales_etl/venv/lib/python3.12/site-packages/airflow/example_dags/plugins/event_listener.py
[2025-10-09T23:48:43.874+0300] {processor.py:914} INFO - Processing file /home/hsooni/cafe_sales_etl/venv/lib/python3.12/site-packages/airflow/example_dags/plugins/event_listener.py for tasks to queue
[2025-10-09T23:48:43.877+0300] {logging_mixin.py:190} INFO - [2025-10-09T23:48:43.876+0300] {dagbag.py:588} INFO - Filling up the DagBag from /home/hsooni/cafe_sales_etl/venv/lib/python3.12/site-packages/airflow/example_dags/plugins/event_listener.py
[2025-10-09T23:48:43.879+0300] {processor.py:927} WARNING - No viable dags retrieved from /home/hsooni/cafe_sales_etl/venv/lib/python3.12/site-packages/airflow/example_dags/plugins/event_listener.py
[2025-10-09T23:48:43.891+0300] {processor.py:208} INFO - Processing /home/hsooni/cafe_sales_etl/venv/lib/python3.12/site-packages/airflow/example_dags/plugins/event_listener.py took 0.026 seconds
[2025-10-09T23:49:43.676+0300] {processor.py:186} INFO - Started process (PID=45501) to work on /home/hsooni/cafe_sales_etl/venv/lib/python3.12/site-packages/airflow/example_dags/plugins/event_listener.py
[2025-10-09T23:49:43.677+0300] {processor.py:914} INFO - Processing file /home/hsooni/cafe_sales_etl/venv/lib/python3.12/site-packages/airflow/example_dags/plugins/event_listener.py for tasks to queue
[2025-10-09T23:49:43.680+0300] {logging_mixin.py:190} INFO - [2025-10-09T23:49:43.679+0300] {dagbag.py:588} INFO - Filling up the DagBag from /home/hsooni/cafe_sales_etl/venv/lib/python3.12/site-packages/airflow/example_dags/plugins/event_listener.py
[2025-10-09T23:49:43.682+0300] {processor.py:927} WARNING - No viable dags retrieved from /home/hsooni/cafe_sales_etl/venv/lib/python3.12/site-packages/airflow/example_dags/plugins/event_listener.py
[2025-10-09T23:49:43.694+0300] {processor.py:208} INFO - Processing /home/hsooni/cafe_sales_etl/venv/lib/python3.12/site-packages/airflow/example_dags/plugins/event_listener.py took 0.024 seconds
[2025-10-09T23:50:40.745+0300] {processor.py:186} INFO - Started process (PID=45741) to work on /home/hsooni/cafe_sales_etl/venv/lib/python3.12/site-packages/airflow/example_dags/plugins/event_listener.py
[2025-10-09T23:50:40.751+0300] {processor.py:914} INFO - Processing file /home/hsooni/cafe_sales_etl/venv/lib/python3.12/site-packages/airflow/example_dags/plugins/event_listener.py for tasks to queue
[2025-10-09T23:50:40.754+0300] {logging_mixin.py:190} INFO - [2025-10-09T23:50:40.753+0300] {dagbag.py:588} INFO - Filling up the DagBag from /home/hsooni/cafe_sales_etl/venv/lib/python3.12/site-packages/airflow/example_dags/plugins/event_listener.py
[2025-10-09T23:50:40.756+0300] {processor.py:927} WARNING - No viable dags retrieved from /home/hsooni/cafe_sales_etl/venv/lib/python3.12/site-packages/airflow/example_dags/plugins/event_listener.py
[2025-10-09T23:50:40.768+0300] {processor.py:208} INFO - Processing /home/hsooni/cafe_sales_etl/venv/lib/python3.12/site-packages/airflow/example_dags/plugins/event_listener.py took 0.032 seconds
[2025-10-09T23:51:34.490+0300] {processor.py:186} INFO - Started process (PID=46137) to work on /home/hsooni/cafe_sales_etl/venv/lib/python3.12/site-packages/airflow/example_dags/plugins/event_listener.py
[2025-10-09T23:51:34.496+0300] {processor.py:914} INFO - Processing file /home/hsooni/cafe_sales_etl/venv/lib/python3.12/site-packages/airflow/example_dags/plugins/event_listener.py for tasks to queue
[2025-10-09T23:51:34.498+0300] {logging_mixin.py:190} INFO - [2025-10-09T23:51:34.498+0300] {dagbag.py:588} INFO - Filling up the DagBag from /home/hsooni/cafe_sales_etl/venv/lib/python3.12/site-packages/airflow/example_dags/plugins/event_listener.py
[2025-10-09T23:51:34.500+0300] {processor.py:927} WARNING - No viable dags retrieved from /home/hsooni/cafe_sales_etl/venv/lib/python3.12/site-packages/airflow/example_dags/plugins/event_listener.py
[2025-10-09T23:51:34.511+0300] {processor.py:208} INFO - Processing /home/hsooni/cafe_sales_etl/venv/lib/python3.12/site-packages/airflow/example_dags/plugins/event_listener.py took 0.028 seconds
[2025-10-09T23:52:30.854+0300] {processor.py:186} INFO - Started process (PID=46409) to work on /home/hsooni/cafe_sales_etl/venv/lib/python3.12/site-packages/airflow/example_dags/plugins/event_listener.py
[2025-10-09T23:52:30.860+0300] {processor.py:914} INFO - Processing file /home/hsooni/cafe_sales_etl/venv/lib/python3.12/site-packages/airflow/example_dags/plugins/event_listener.py for tasks to queue
[2025-10-09T23:52:30.862+0300] {logging_mixin.py:190} INFO - [2025-10-09T23:52:30.862+0300] {dagbag.py:588} INFO - Filling up the DagBag from /home/hsooni/cafe_sales_etl/venv/lib/python3.12/site-packages/airflow/example_dags/plugins/event_listener.py
[2025-10-09T23:52:30.865+0300] {processor.py:927} WARNING - No viable dags retrieved from /home/hsooni/cafe_sales_etl/venv/lib/python3.12/site-packages/airflow/example_dags/plugins/event_listener.py
[2025-10-09T23:52:30.876+0300] {processor.py:208} INFO - Processing /home/hsooni/cafe_sales_etl/venv/lib/python3.12/site-packages/airflow/example_dags/plugins/event_listener.py took 0.028 seconds
[2025-10-09T23:53:23.940+0300] {processor.py:186} INFO - Started process (PID=46649) to work on /home/hsooni/cafe_sales_etl/venv/lib/python3.12/site-packages/airflow/example_dags/plugins/event_listener.py
[2025-10-09T23:53:23.946+0300] {processor.py:914} INFO - Processing file /home/hsooni/cafe_sales_etl/venv/lib/python3.12/site-packages/airflow/example_dags/plugins/event_listener.py for tasks to queue
[2025-10-09T23:53:23.948+0300] {logging_mixin.py:190} INFO - [2025-10-09T23:53:23.948+0300] {dagbag.py:588} INFO - Filling up the DagBag from /home/hsooni/cafe_sales_etl/venv/lib/python3.12/site-packages/airflow/example_dags/plugins/event_listener.py
[2025-10-09T23:53:23.950+0300] {processor.py:927} WARNING - No viable dags retrieved from /home/hsooni/cafe_sales_etl/venv/lib/python3.12/site-packages/airflow/example_dags/plugins/event_listener.py
[2025-10-09T23:53:23.962+0300] {processor.py:208} INFO - Processing /home/hsooni/cafe_sales_etl/venv/lib/python3.12/site-packages/airflow/example_dags/plugins/event_listener.py took 0.028 seconds
[2025-10-09T23:54:22.918+0300] {processor.py:186} INFO - Started process (PID=47098) to work on /home/hsooni/cafe_sales_etl/venv/lib/python3.12/site-packages/airflow/example_dags/plugins/event_listener.py
[2025-10-09T23:54:22.925+0300] {processor.py:914} INFO - Processing file /home/hsooni/cafe_sales_etl/venv/lib/python3.12/site-packages/airflow/example_dags/plugins/event_listener.py for tasks to queue
[2025-10-09T23:54:22.927+0300] {logging_mixin.py:190} INFO - [2025-10-09T23:54:22.927+0300] {dagbag.py:588} INFO - Filling up the DagBag from /home/hsooni/cafe_sales_etl/venv/lib/python3.12/site-packages/airflow/example_dags/plugins/event_listener.py
[2025-10-09T23:54:22.930+0300] {processor.py:927} WARNING - No viable dags retrieved from /home/hsooni/cafe_sales_etl/venv/lib/python3.12/site-packages/airflow/example_dags/plugins/event_listener.py
[2025-10-09T23:54:22.944+0300] {processor.py:208} INFO - Processing /home/hsooni/cafe_sales_etl/venv/lib/python3.12/site-packages/airflow/example_dags/plugins/event_listener.py took 0.034 seconds
[2025-10-09T23:55:20.346+0300] {processor.py:186} INFO - Started process (PID=47498) to work on /home/hsooni/cafe_sales_etl/venv/lib/python3.12/site-packages/airflow/example_dags/plugins/event_listener.py
[2025-10-09T23:55:20.352+0300] {processor.py:914} INFO - Processing file /home/hsooni/cafe_sales_etl/venv/lib/python3.12/site-packages/airflow/example_dags/plugins/event_listener.py for tasks to queue
[2025-10-09T23:55:20.355+0300] {logging_mixin.py:190} INFO - [2025-10-09T23:55:20.354+0300] {dagbag.py:588} INFO - Filling up the DagBag from /home/hsooni/cafe_sales_etl/venv/lib/python3.12/site-packages/airflow/example_dags/plugins/event_listener.py
[2025-10-09T23:55:20.358+0300] {processor.py:927} WARNING - No viable dags retrieved from /home/hsooni/cafe_sales_etl/venv/lib/python3.12/site-packages/airflow/example_dags/plugins/event_listener.py
[2025-10-09T23:55:20.371+0300] {processor.py:208} INFO - Processing /home/hsooni/cafe_sales_etl/venv/lib/python3.12/site-packages/airflow/example_dags/plugins/event_listener.py took 0.032 seconds
