[2025-10-09T23:46:59.999+0300] {processor.py:186} INFO - Started process (PID=44375) to work on /home/hsooni/cafe_sales_etl/venv/lib/python3.12/site-packages/airflow/example_dags/plugins/listener_plugin.py
[2025-10-09T23:47:00.000+0300] {processor.py:914} INFO - Processing file /home/hsooni/cafe_sales_etl/venv/lib/python3.12/site-packages/airflow/example_dags/plugins/listener_plugin.py for tasks to queue
[2025-10-09T23:47:00.002+0300] {logging_mixin.py:190} INFO - [2025-10-09T23:47:00.002+0300] {dagbag.py:588} INFO - Filling up the DagBag from /home/hsooni/cafe_sales_etl/venv/lib/python3.12/site-packages/airflow/example_dags/plugins/listener_plugin.py
[2025-10-09T23:47:00.004+0300] {processor.py:927} WARNING - No viable dags retrieved from /home/hsooni/cafe_sales_etl/venv/lib/python3.12/site-packages/airflow/example_dags/plugins/listener_plugin.py
[2025-10-09T23:47:00.015+0300] {processor.py:208} INFO - Processing /home/hsooni/cafe_sales_etl/venv/lib/python3.12/site-packages/airflow/example_dags/plugins/listener_plugin.py took 0.023 seconds
[2025-10-09T23:48:42.721+0300] {processor.py:186} INFO - Started process (PID=44994) to work on /home/hsooni/cafe_sales_etl/venv/lib/python3.12/site-packages/airflow/example_dags/plugins/listener_plugin.py
[2025-10-09T23:48:42.722+0300] {processor.py:914} INFO - Processing file /home/hsooni/cafe_sales_etl/venv/lib/python3.12/site-packages/airflow/example_dags/plugins/listener_plugin.py for tasks to queue
[2025-10-09T23:48:42.725+0300] {logging_mixin.py:190} INFO - [2025-10-09T23:48:42.725+0300] {dagbag.py:588} INFO - Filling up the DagBag from /home/hsooni/cafe_sales_etl/venv/lib/python3.12/site-packages/airflow/example_dags/plugins/listener_plugin.py
[2025-10-09T23:48:42.728+0300] {processor.py:927} WARNING - No viable dags retrieved from /home/hsooni/cafe_sales_etl/venv/lib/python3.12/site-packages/airflow/example_dags/plugins/listener_plugin.py
[2025-10-09T23:48:42.741+0300] {processor.py:208} INFO - Processing /home/hsooni/cafe_sales_etl/venv/lib/python3.12/site-packages/airflow/example_dags/plugins/listener_plugin.py took 0.027 seconds
[2025-10-09T23:49:42.663+0300] {processor.py:186} INFO - Started process (PID=45469) to work on /home/hsooni/cafe_sales_etl/venv/lib/python3.12/site-packages/airflow/example_dags/plugins/listener_plugin.py
[2025-10-09T23:49:42.669+0300] {processor.py:914} INFO - Processing file /home/hsooni/cafe_sales_etl/venv/lib/python3.12/site-packages/airflow/example_dags/plugins/listener_plugin.py for tasks to queue
[2025-10-09T23:49:42.672+0300] {logging_mixin.py:190} INFO - [2025-10-09T23:49:42.671+0300] {dagbag.py:588} INFO - Filling up the DagBag from /home/hsooni/cafe_sales_etl/venv/lib/python3.12/site-packages/airflow/example_dags/plugins/listener_plugin.py
[2025-10-09T23:49:42.674+0300] {processor.py:927} WARNING - No viable dags retrieved from /home/hsooni/cafe_sales_etl/venv/lib/python3.12/site-packages/airflow/example_dags/plugins/listener_plugin.py
[2025-10-09T23:49:42.687+0300] {processor.py:208} INFO - Processing /home/hsooni/cafe_sales_etl/venv/lib/python3.12/site-packages/airflow/example_dags/plugins/listener_plugin.py took 0.032 seconds
[2025-10-09T23:50:40.285+0300] {processor.py:186} INFO - Started process (PID=45740) to work on /home/hsooni/cafe_sales_etl/venv/lib/python3.12/site-packages/airflow/example_dags/plugins/listener_plugin.py
[2025-10-09T23:50:40.292+0300] {processor.py:914} INFO - Processing file /home/hsooni/cafe_sales_etl/venv/lib/python3.12/site-packages/airflow/example_dags/plugins/listener_plugin.py for tasks to queue
[2025-10-09T23:50:40.294+0300] {logging_mixin.py:190} INFO - [2025-10-09T23:50:40.293+0300] {dagbag.py:588} INFO - Filling up the DagBag from /home/hsooni/cafe_sales_etl/venv/lib/python3.12/site-packages/airflow/example_dags/plugins/listener_plugin.py
[2025-10-09T23:50:40.296+0300] {processor.py:927} WARNING - No viable dags retrieved from /home/hsooni/cafe_sales_etl/venv/lib/python3.12/site-packages/airflow/example_dags/plugins/listener_plugin.py
[2025-10-09T23:50:40.307+0300] {processor.py:208} INFO - Processing /home/hsooni/cafe_sales_etl/venv/lib/python3.12/site-packages/airflow/example_dags/plugins/listener_plugin.py took 0.028 seconds
[2025-10-09T23:51:33.336+0300] {processor.py:186} INFO - Started process (PID=46136) to work on /home/hsooni/cafe_sales_etl/venv/lib/python3.12/site-packages/airflow/example_dags/plugins/listener_plugin.py
[2025-10-09T23:51:33.342+0300] {processor.py:914} INFO - Processing file /home/hsooni/cafe_sales_etl/venv/lib/python3.12/site-packages/airflow/example_dags/plugins/listener_plugin.py for tasks to queue
[2025-10-09T23:51:33.345+0300] {logging_mixin.py:190} INFO - [2025-10-09T23:51:33.344+0300] {dagbag.py:588} INFO - Filling up the DagBag from /home/hsooni/cafe_sales_etl/venv/lib/python3.12/site-packages/airflow/example_dags/plugins/listener_plugin.py
[2025-10-09T23:51:33.347+0300] {processor.py:927} WARNING - No viable dags retrieved from /home/hsooni/cafe_sales_etl/venv/lib/python3.12/site-packages/airflow/example_dags/plugins/listener_plugin.py
[2025-10-09T23:51:33.360+0300] {processor.py:208} INFO - Processing /home/hsooni/cafe_sales_etl/venv/lib/python3.12/site-packages/airflow/example_dags/plugins/listener_plugin.py took 0.032 seconds
[2025-10-09T23:52:29.699+0300] {processor.py:186} INFO - Started process (PID=46404) to work on /home/hsooni/cafe_sales_etl/venv/lib/python3.12/site-packages/airflow/example_dags/plugins/listener_plugin.py
[2025-10-09T23:52:29.705+0300] {processor.py:914} INFO - Processing file /home/hsooni/cafe_sales_etl/venv/lib/python3.12/site-packages/airflow/example_dags/plugins/listener_plugin.py for tasks to queue
[2025-10-09T23:52:29.707+0300] {logging_mixin.py:190} INFO - [2025-10-09T23:52:29.707+0300] {dagbag.py:588} INFO - Filling up the DagBag from /home/hsooni/cafe_sales_etl/venv/lib/python3.12/site-packages/airflow/example_dags/plugins/listener_plugin.py
[2025-10-09T23:52:29.709+0300] {processor.py:927} WARNING - No viable dags retrieved from /home/hsooni/cafe_sales_etl/venv/lib/python3.12/site-packages/airflow/example_dags/plugins/listener_plugin.py
[2025-10-09T23:52:29.721+0300] {processor.py:208} INFO - Processing /home/hsooni/cafe_sales_etl/venv/lib/python3.12/site-packages/airflow/example_dags/plugins/listener_plugin.py took 0.028 seconds
[2025-10-09T23:53:22.801+0300] {processor.py:186} INFO - Started process (PID=46644) to work on /home/hsooni/cafe_sales_etl/venv/lib/python3.12/site-packages/airflow/example_dags/plugins/listener_plugin.py
[2025-10-09T23:53:22.807+0300] {processor.py:914} INFO - Processing file /home/hsooni/cafe_sales_etl/venv/lib/python3.12/site-packages/airflow/example_dags/plugins/listener_plugin.py for tasks to queue
[2025-10-09T23:53:22.809+0300] {logging_mixin.py:190} INFO - [2025-10-09T23:53:22.809+0300] {dagbag.py:588} INFO - Filling up the DagBag from /home/hsooni/cafe_sales_etl/venv/lib/python3.12/site-packages/airflow/example_dags/plugins/listener_plugin.py
[2025-10-09T23:53:22.812+0300] {processor.py:927} WARNING - No viable dags retrieved from /home/hsooni/cafe_sales_etl/venv/lib/python3.12/site-packages/airflow/example_dags/plugins/listener_plugin.py
[2025-10-09T23:53:22.823+0300] {processor.py:208} INFO - Processing /home/hsooni/cafe_sales_etl/venv/lib/python3.12/site-packages/airflow/example_dags/plugins/listener_plugin.py took 0.028 seconds
[2025-10-09T23:54:21.778+0300] {processor.py:186} INFO - Started process (PID=47084) to work on /home/hsooni/cafe_sales_etl/venv/lib/python3.12/site-packages/airflow/example_dags/plugins/listener_plugin.py
[2025-10-09T23:54:21.784+0300] {processor.py:914} INFO - Processing file /home/hsooni/cafe_sales_etl/venv/lib/python3.12/site-packages/airflow/example_dags/plugins/listener_plugin.py for tasks to queue
[2025-10-09T23:54:21.792+0300] {logging_mixin.py:190} INFO - [2025-10-09T23:54:21.790+0300] {dagbag.py:588} INFO - Filling up the DagBag from /home/hsooni/cafe_sales_etl/venv/lib/python3.12/site-packages/airflow/example_dags/plugins/listener_plugin.py
[2025-10-09T23:54:21.798+0300] {processor.py:927} WARNING - No viable dags retrieved from /home/hsooni/cafe_sales_etl/venv/lib/python3.12/site-packages/airflow/example_dags/plugins/listener_plugin.py
[2025-10-09T23:54:21.813+0300] {processor.py:208} INFO - Processing /home/hsooni/cafe_sales_etl/venv/lib/python3.12/site-packages/airflow/example_dags/plugins/listener_plugin.py took 0.055 seconds
[2025-10-09T23:55:19.192+0300] {processor.py:186} INFO - Started process (PID=47493) to work on /home/hsooni/cafe_sales_etl/venv/lib/python3.12/site-packages/airflow/example_dags/plugins/listener_plugin.py
[2025-10-09T23:55:19.198+0300] {processor.py:914} INFO - Processing file /home/hsooni/cafe_sales_etl/venv/lib/python3.12/site-packages/airflow/example_dags/plugins/listener_plugin.py for tasks to queue
[2025-10-09T23:55:19.200+0300] {logging_mixin.py:190} INFO - [2025-10-09T23:55:19.200+0300] {dagbag.py:588} INFO - Filling up the DagBag from /home/hsooni/cafe_sales_etl/venv/lib/python3.12/site-packages/airflow/example_dags/plugins/listener_plugin.py
[2025-10-09T23:55:19.203+0300] {processor.py:927} WARNING - No viable dags retrieved from /home/hsooni/cafe_sales_etl/venv/lib/python3.12/site-packages/airflow/example_dags/plugins/listener_plugin.py
[2025-10-09T23:55:19.214+0300] {processor.py:208} INFO - Processing /home/hsooni/cafe_sales_etl/venv/lib/python3.12/site-packages/airflow/example_dags/plugins/listener_plugin.py took 0.028 seconds
