[2025-10-09T23:46:58.786+0300] {processor.py:186} INFO - Started process (PID=44361) to work on /home/hsooni/cafe_sales_etl/venv/lib/python3.12/site-packages/airflow/example_dags/plugins/workday.py
[2025-10-09T23:46:58.787+0300] {processor.py:914} INFO - Processing file /home/hsooni/cafe_sales_etl/venv/lib/python3.12/site-packages/airflow/example_dags/plugins/workday.py for tasks to queue
[2025-10-09T23:46:58.790+0300] {logging_mixin.py:190} INFO - [2025-10-09T23:46:58.789+0300] {dagbag.py:588} INFO - Filling up the DagBag from /home/hsooni/cafe_sales_etl/venv/lib/python3.12/site-packages/airflow/example_dags/plugins/workday.py
[2025-10-09T23:46:58.792+0300] {processor.py:927} WARNING - No viable dags retrieved from /home/hsooni/cafe_sales_etl/venv/lib/python3.12/site-packages/airflow/example_dags/plugins/workday.py
[2025-10-09T23:46:58.815+0300] {processor.py:208} INFO - Processing /home/hsooni/cafe_sales_etl/venv/lib/python3.12/site-packages/airflow/example_dags/plugins/workday.py took 0.035 seconds
[2025-10-09T23:48:41.555+0300] {processor.py:186} INFO - Started process (PID=44993) to work on /home/hsooni/cafe_sales_etl/venv/lib/python3.12/site-packages/airflow/example_dags/plugins/workday.py
[2025-10-09T23:48:41.556+0300] {processor.py:914} INFO - Processing file /home/hsooni/cafe_sales_etl/venv/lib/python3.12/site-packages/airflow/example_dags/plugins/workday.py for tasks to queue
[2025-10-09T23:48:41.558+0300] {logging_mixin.py:190} INFO - [2025-10-09T23:48:41.557+0300] {dagbag.py:588} INFO - Filling up the DagBag from /home/hsooni/cafe_sales_etl/venv/lib/python3.12/site-packages/airflow/example_dags/plugins/workday.py
[2025-10-09T23:48:41.560+0300] {processor.py:927} WARNING - No viable dags retrieved from /home/hsooni/cafe_sales_etl/venv/lib/python3.12/site-packages/airflow/example_dags/plugins/workday.py
[2025-10-09T23:48:41.571+0300] {processor.py:208} INFO - Processing /home/hsooni/cafe_sales_etl/venv/lib/python3.12/site-packages/airflow/example_dags/plugins/workday.py took 0.023 seconds
[2025-10-09T23:49:41.500+0300] {processor.py:186} INFO - Started process (PID=45464) to work on /home/hsooni/cafe_sales_etl/venv/lib/python3.12/site-packages/airflow/example_dags/plugins/workday.py
[2025-10-09T23:49:41.502+0300] {processor.py:914} INFO - Processing file /home/hsooni/cafe_sales_etl/venv/lib/python3.12/site-packages/airflow/example_dags/plugins/workday.py for tasks to queue
[2025-10-09T23:49:41.505+0300] {logging_mixin.py:190} INFO - [2025-10-09T23:49:41.504+0300] {dagbag.py:588} INFO - Filling up the DagBag from /home/hsooni/cafe_sales_etl/venv/lib/python3.12/site-packages/airflow/example_dags/plugins/workday.py
[2025-10-09T23:49:41.508+0300] {processor.py:927} WARNING - No viable dags retrieved from /home/hsooni/cafe_sales_etl/venv/lib/python3.12/site-packages/airflow/example_dags/plugins/workday.py
[2025-10-09T23:49:41.522+0300] {processor.py:208} INFO - Processing /home/hsooni/cafe_sales_etl/venv/lib/python3.12/site-packages/airflow/example_dags/plugins/workday.py took 0.031 seconds
[2025-10-09T23:50:11.896+0300] {processor.py:186} INFO - Started process (PID=45619) to work on /home/hsooni/cafe_sales_etl/venv/lib/python3.12/site-packages/airflow/example_dags/plugins/workday.py
[2025-10-09T23:50:11.897+0300] {processor.py:914} INFO - Processing file /home/hsooni/cafe_sales_etl/venv/lib/python3.12/site-packages/airflow/example_dags/plugins/workday.py for tasks to queue
[2025-10-09T23:50:11.899+0300] {logging_mixin.py:190} INFO - [2025-10-09T23:50:11.899+0300] {dagbag.py:588} INFO - Filling up the DagBag from /home/hsooni/cafe_sales_etl/venv/lib/python3.12/site-packages/airflow/example_dags/plugins/workday.py
[2025-10-09T23:50:11.902+0300] {processor.py:927} WARNING - No viable dags retrieved from /home/hsooni/cafe_sales_etl/venv/lib/python3.12/site-packages/airflow/example_dags/plugins/workday.py
[2025-10-09T23:50:11.913+0300] {processor.py:208} INFO - Processing /home/hsooni/cafe_sales_etl/venv/lib/python3.12/site-packages/airflow/example_dags/plugins/workday.py took 0.023 seconds
[2025-10-09T23:51:07.929+0300] {processor.py:186} INFO - Started process (PID=45907) to work on /home/hsooni/cafe_sales_etl/venv/lib/python3.12/site-packages/airflow/example_dags/plugins/workday.py
[2025-10-09T23:51:07.931+0300] {processor.py:914} INFO - Processing file /home/hsooni/cafe_sales_etl/venv/lib/python3.12/site-packages/airflow/example_dags/plugins/workday.py for tasks to queue
[2025-10-09T23:51:07.934+0300] {logging_mixin.py:190} INFO - [2025-10-09T23:51:07.934+0300] {dagbag.py:588} INFO - Filling up the DagBag from /home/hsooni/cafe_sales_etl/venv/lib/python3.12/site-packages/airflow/example_dags/plugins/workday.py
[2025-10-09T23:51:07.937+0300] {processor.py:927} WARNING - No viable dags retrieved from /home/hsooni/cafe_sales_etl/venv/lib/python3.12/site-packages/airflow/example_dags/plugins/workday.py
[2025-10-09T23:51:07.951+0300] {processor.py:208} INFO - Processing /home/hsooni/cafe_sales_etl/venv/lib/python3.12/site-packages/airflow/example_dags/plugins/workday.py took 0.029 seconds
[2025-10-09T23:52:02.319+0300] {processor.py:186} INFO - Started process (PID=46277) to work on /home/hsooni/cafe_sales_etl/venv/lib/python3.12/site-packages/airflow/example_dags/plugins/workday.py
[2025-10-09T23:52:02.325+0300] {processor.py:914} INFO - Processing file /home/hsooni/cafe_sales_etl/venv/lib/python3.12/site-packages/airflow/example_dags/plugins/workday.py for tasks to queue
[2025-10-09T23:52:02.327+0300] {logging_mixin.py:190} INFO - [2025-10-09T23:52:02.327+0300] {dagbag.py:588} INFO - Filling up the DagBag from /home/hsooni/cafe_sales_etl/venv/lib/python3.12/site-packages/airflow/example_dags/plugins/workday.py
[2025-10-09T23:52:02.330+0300] {processor.py:927} WARNING - No viable dags retrieved from /home/hsooni/cafe_sales_etl/venv/lib/python3.12/site-packages/airflow/example_dags/plugins/workday.py
[2025-10-09T23:52:02.341+0300] {processor.py:208} INFO - Processing /home/hsooni/cafe_sales_etl/venv/lib/python3.12/site-packages/airflow/example_dags/plugins/workday.py took 0.028 seconds
[2025-10-09T23:52:57.978+0300] {processor.py:186} INFO - Started process (PID=46536) to work on /home/hsooni/cafe_sales_etl/venv/lib/python3.12/site-packages/airflow/example_dags/plugins/workday.py
[2025-10-09T23:52:57.984+0300] {processor.py:914} INFO - Processing file /home/hsooni/cafe_sales_etl/venv/lib/python3.12/site-packages/airflow/example_dags/plugins/workday.py for tasks to queue
[2025-10-09T23:52:57.987+0300] {logging_mixin.py:190} INFO - [2025-10-09T23:52:57.987+0300] {dagbag.py:588} INFO - Filling up the DagBag from /home/hsooni/cafe_sales_etl/venv/lib/python3.12/site-packages/airflow/example_dags/plugins/workday.py
[2025-10-09T23:52:57.990+0300] {processor.py:927} WARNING - No viable dags retrieved from /home/hsooni/cafe_sales_etl/venv/lib/python3.12/site-packages/airflow/example_dags/plugins/workday.py
[2025-10-09T23:52:58.002+0300] {processor.py:208} INFO - Processing /home/hsooni/cafe_sales_etl/venv/lib/python3.12/site-packages/airflow/example_dags/plugins/workday.py took 0.031 seconds
[2025-10-09T23:53:51.132+0300] {processor.py:186} INFO - Started process (PID=46843) to work on /home/hsooni/cafe_sales_etl/venv/lib/python3.12/site-packages/airflow/example_dags/plugins/workday.py
[2025-10-09T23:53:51.138+0300] {processor.py:914} INFO - Processing file /home/hsooni/cafe_sales_etl/venv/lib/python3.12/site-packages/airflow/example_dags/plugins/workday.py for tasks to queue
[2025-10-09T23:53:51.142+0300] {logging_mixin.py:190} INFO - [2025-10-09T23:53:51.141+0300] {dagbag.py:588} INFO - Filling up the DagBag from /home/hsooni/cafe_sales_etl/venv/lib/python3.12/site-packages/airflow/example_dags/plugins/workday.py
[2025-10-09T23:53:51.145+0300] {processor.py:927} WARNING - No viable dags retrieved from /home/hsooni/cafe_sales_etl/venv/lib/python3.12/site-packages/airflow/example_dags/plugins/workday.py
[2025-10-09T23:53:51.162+0300] {processor.py:208} INFO - Processing /home/hsooni/cafe_sales_etl/venv/lib/python3.12/site-packages/airflow/example_dags/plugins/workday.py took 0.038 seconds
[2025-10-09T23:54:52.837+0300] {processor.py:186} INFO - Started process (PID=47362) to work on /home/hsooni/cafe_sales_etl/venv/lib/python3.12/site-packages/airflow/example_dags/plugins/workday.py
[2025-10-09T23:54:52.844+0300] {processor.py:914} INFO - Processing file /home/hsooni/cafe_sales_etl/venv/lib/python3.12/site-packages/airflow/example_dags/plugins/workday.py for tasks to queue
[2025-10-09T23:54:52.847+0300] {logging_mixin.py:190} INFO - [2025-10-09T23:54:52.846+0300] {dagbag.py:588} INFO - Filling up the DagBag from /home/hsooni/cafe_sales_etl/venv/lib/python3.12/site-packages/airflow/example_dags/plugins/workday.py
[2025-10-09T23:54:52.850+0300] {processor.py:927} WARNING - No viable dags retrieved from /home/hsooni/cafe_sales_etl/venv/lib/python3.12/site-packages/airflow/example_dags/plugins/workday.py
[2025-10-09T23:54:52.864+0300] {processor.py:208} INFO - Processing /home/hsooni/cafe_sales_etl/venv/lib/python3.12/site-packages/airflow/example_dags/plugins/workday.py took 0.034 seconds
