[2025-10-09T23:47:32.907+0300] {processor.py:186} INFO - Started process (PID=44653) to work on /home/hsooni/cafe_sales_etl/venv/lib/python3.12/site-packages/airflow/example_dags/example_python_decorator.py
[2025-10-09T23:47:32.908+0300] {processor.py:914} INFO - Processing file /home/hsooni/cafe_sales_etl/venv/lib/python3.12/site-packages/airflow/example_dags/example_python_decorator.py for tasks to queue
[2025-10-09T23:47:32.911+0300] {logging_mixin.py:190} INFO - [2025-10-09T23:47:32.910+0300] {dagbag.py:588} INFO - Filling up the DagBag from /home/hsooni/cafe_sales_etl/venv/lib/python3.12/site-packages/airflow/example_dags/example_python_decorator.py
[2025-10-09T23:47:32.921+0300] {logging_mixin.py:190} INFO - [2025-10-09T23:47:32.921+0300] {example_python_decorator.py:80} WARNING - The virtalenv_python example task requires virtualenv, please install it.
[2025-10-09T23:47:32.923+0300] {processor.py:925} INFO - DAG(s) 'example_python_decorator' retrieved from /home/hsooni/cafe_sales_etl/venv/lib/python3.12/site-packages/airflow/example_dags/example_python_decorator.py
[2025-10-09T23:47:33.063+0300] {logging_mixin.py:190} INFO - [2025-10-09T23:47:33.062+0300] {override.py:1900} INFO - Created Permission View: can delete on DAG:example_python_decorator
[2025-10-09T23:47:33.081+0300] {logging_mixin.py:190} INFO - [2025-10-09T23:47:33.080+0300] {override.py:1900} INFO - Created Permission View: can read on DAG:example_python_decorator
[2025-10-09T23:47:33.095+0300] {logging_mixin.py:190} INFO - [2025-10-09T23:47:33.095+0300] {override.py:1900} INFO - Created Permission View: can edit on DAG:example_python_decorator
[2025-10-09T23:47:33.120+0300] {logging_mixin.py:190} INFO - [2025-10-09T23:47:33.119+0300] {override.py:1900} INFO - Created Permission View: can delete on DAG Run:example_python_decorator
[2025-10-09T23:47:33.133+0300] {logging_mixin.py:190} INFO - [2025-10-09T23:47:33.132+0300] {override.py:1900} INFO - Created Permission View: can create on DAG Run:example_python_decorator
[2025-10-09T23:47:33.150+0300] {logging_mixin.py:190} INFO - [2025-10-09T23:47:33.148+0300] {override.py:1900} INFO - Created Permission View: can read on DAG Run:example_python_decorator
[2025-10-09T23:47:33.163+0300] {logging_mixin.py:190} INFO - [2025-10-09T23:47:33.163+0300] {override.py:1900} INFO - Created Permission View: menu access on DAG Run:example_python_decorator
[2025-10-09T23:47:33.164+0300] {logging_mixin.py:190} INFO - [2025-10-09T23:47:33.164+0300] {dag.py:3239} INFO - Sync 1 DAGs
[2025-10-09T23:47:33.179+0300] {logging_mixin.py:190} INFO - [2025-10-09T23:47:33.179+0300] {dag.py:3262} INFO - Creating ORM DAG for example_python_decorator
[2025-10-09T23:47:33.180+0300] {logging_mixin.py:190} INFO - [2025-10-09T23:47:33.180+0300] {dag.py:4180} INFO - Setting next_dagrun for example_python_decorator to None, run_after=None
[2025-10-09T23:47:33.208+0300] {processor.py:208} INFO - Processing /home/hsooni/cafe_sales_etl/venv/lib/python3.12/site-packages/airflow/example_dags/example_python_decorator.py took 0.306 seconds
[2025-10-09T23:49:09.806+0300] {processor.py:186} INFO - Started process (PID=45163) to work on /home/hsooni/cafe_sales_etl/venv/lib/python3.12/site-packages/airflow/example_dags/example_python_decorator.py
[2025-10-09T23:49:09.813+0300] {processor.py:914} INFO - Processing file /home/hsooni/cafe_sales_etl/venv/lib/python3.12/site-packages/airflow/example_dags/example_python_decorator.py for tasks to queue
[2025-10-09T23:49:09.815+0300] {logging_mixin.py:190} INFO - [2025-10-09T23:49:09.815+0300] {dagbag.py:588} INFO - Filling up the DagBag from /home/hsooni/cafe_sales_etl/venv/lib/python3.12/site-packages/airflow/example_dags/example_python_decorator.py
[2025-10-09T23:49:09.827+0300] {logging_mixin.py:190} INFO - [2025-10-09T23:49:09.827+0300] {example_python_decorator.py:80} WARNING - The virtalenv_python example task requires virtualenv, please install it.
[2025-10-09T23:49:09.830+0300] {processor.py:925} INFO - DAG(s) 'example_python_decorator' retrieved from /home/hsooni/cafe_sales_etl/venv/lib/python3.12/site-packages/airflow/example_dags/example_python_decorator.py
[2025-10-09T23:49:09.853+0300] {logging_mixin.py:190} INFO - [2025-10-09T23:49:09.853+0300] {dag.py:3239} INFO - Sync 1 DAGs
[2025-10-09T23:49:09.867+0300] {logging_mixin.py:190} INFO - [2025-10-09T23:49:09.867+0300] {dag.py:4180} INFO - Setting next_dagrun for example_python_decorator to None, run_after=None
[2025-10-09T23:49:09.898+0300] {processor.py:208} INFO - Processing /home/hsooni/cafe_sales_etl/venv/lib/python3.12/site-packages/airflow/example_dags/example_python_decorator.py took 0.099 seconds
[2025-10-09T23:50:09.449+0300] {processor.py:186} INFO - Started process (PID=45611) to work on /home/hsooni/cafe_sales_etl/venv/lib/python3.12/site-packages/airflow/example_dags/example_python_decorator.py
[2025-10-09T23:50:09.455+0300] {processor.py:914} INFO - Processing file /home/hsooni/cafe_sales_etl/venv/lib/python3.12/site-packages/airflow/example_dags/example_python_decorator.py for tasks to queue
[2025-10-09T23:50:09.457+0300] {logging_mixin.py:190} INFO - [2025-10-09T23:50:09.457+0300] {dagbag.py:588} INFO - Filling up the DagBag from /home/hsooni/cafe_sales_etl/venv/lib/python3.12/site-packages/airflow/example_dags/example_python_decorator.py
[2025-10-09T23:50:09.466+0300] {logging_mixin.py:190} INFO - [2025-10-09T23:50:09.466+0300] {example_python_decorator.py:80} WARNING - The virtalenv_python example task requires virtualenv, please install it.
[2025-10-09T23:50:09.469+0300] {processor.py:925} INFO - DAG(s) 'example_python_decorator' retrieved from /home/hsooni/cafe_sales_etl/venv/lib/python3.12/site-packages/airflow/example_dags/example_python_decorator.py
[2025-10-09T23:50:09.488+0300] {logging_mixin.py:190} INFO - [2025-10-09T23:50:09.488+0300] {dag.py:3239} INFO - Sync 1 DAGs
[2025-10-09T23:50:09.502+0300] {logging_mixin.py:190} INFO - [2025-10-09T23:50:09.502+0300] {dag.py:4180} INFO - Setting next_dagrun for example_python_decorator to None, run_after=None
[2025-10-09T23:50:09.528+0300] {processor.py:208} INFO - Processing /home/hsooni/cafe_sales_etl/venv/lib/python3.12/site-packages/airflow/example_dags/example_python_decorator.py took 0.085 seconds
[2025-10-09T23:51:06.126+0300] {processor.py:186} INFO - Started process (PID=45900) to work on /home/hsooni/cafe_sales_etl/venv/lib/python3.12/site-packages/airflow/example_dags/example_python_decorator.py
[2025-10-09T23:51:06.132+0300] {processor.py:914} INFO - Processing file /home/hsooni/cafe_sales_etl/venv/lib/python3.12/site-packages/airflow/example_dags/example_python_decorator.py for tasks to queue
[2025-10-09T23:51:06.135+0300] {logging_mixin.py:190} INFO - [2025-10-09T23:51:06.135+0300] {dagbag.py:588} INFO - Filling up the DagBag from /home/hsooni/cafe_sales_etl/venv/lib/python3.12/site-packages/airflow/example_dags/example_python_decorator.py
[2025-10-09T23:51:06.149+0300] {logging_mixin.py:190} INFO - [2025-10-09T23:51:06.149+0300] {example_python_decorator.py:80} WARNING - The virtalenv_python example task requires virtualenv, please install it.
[2025-10-09T23:51:06.152+0300] {processor.py:925} INFO - DAG(s) 'example_python_decorator' retrieved from /home/hsooni/cafe_sales_etl/venv/lib/python3.12/site-packages/airflow/example_dags/example_python_decorator.py
[2025-10-09T23:51:06.176+0300] {logging_mixin.py:190} INFO - [2025-10-09T23:51:06.176+0300] {dag.py:3239} INFO - Sync 1 DAGs
[2025-10-09T23:51:06.193+0300] {logging_mixin.py:190} INFO - [2025-10-09T23:51:06.193+0300] {dag.py:4180} INFO - Setting next_dagrun for example_python_decorator to None, run_after=None
[2025-10-09T23:51:06.224+0300] {processor.py:208} INFO - Processing /home/hsooni/cafe_sales_etl/venv/lib/python3.12/site-packages/airflow/example_dags/example_python_decorator.py took 0.107 seconds
[2025-10-09T23:52:05.051+0300] {processor.py:186} INFO - Started process (PID=46292) to work on /home/hsooni/cafe_sales_etl/venv/lib/python3.12/site-packages/airflow/example_dags/example_python_decorator.py
[2025-10-09T23:52:05.058+0300] {processor.py:914} INFO - Processing file /home/hsooni/cafe_sales_etl/venv/lib/python3.12/site-packages/airflow/example_dags/example_python_decorator.py for tasks to queue
[2025-10-09T23:52:05.060+0300] {logging_mixin.py:190} INFO - [2025-10-09T23:52:05.060+0300] {dagbag.py:588} INFO - Filling up the DagBag from /home/hsooni/cafe_sales_etl/venv/lib/python3.12/site-packages/airflow/example_dags/example_python_decorator.py
[2025-10-09T23:52:05.086+0300] {logging_mixin.py:190} INFO - [2025-10-09T23:52:05.086+0300] {example_python_decorator.py:80} WARNING - The virtalenv_python example task requires virtualenv, please install it.
[2025-10-09T23:52:05.093+0300] {processor.py:925} INFO - DAG(s) 'example_python_decorator' retrieved from /home/hsooni/cafe_sales_etl/venv/lib/python3.12/site-packages/airflow/example_dags/example_python_decorator.py
[2025-10-09T23:52:05.136+0300] {logging_mixin.py:190} INFO - [2025-10-09T23:52:05.135+0300] {dag.py:3239} INFO - Sync 1 DAGs
[2025-10-09T23:52:05.152+0300] {logging_mixin.py:190} INFO - [2025-10-09T23:52:05.152+0300] {dag.py:4180} INFO - Setting next_dagrun for example_python_decorator to None, run_after=None
[2025-10-09T23:52:05.185+0300] {processor.py:208} INFO - Processing /home/hsooni/cafe_sales_etl/venv/lib/python3.12/site-packages/airflow/example_dags/example_python_decorator.py took 0.148 seconds
[2025-10-09T23:53:00.838+0300] {processor.py:186} INFO - Started process (PID=46547) to work on /home/hsooni/cafe_sales_etl/venv/lib/python3.12/site-packages/airflow/example_dags/example_python_decorator.py
[2025-10-09T23:53:00.844+0300] {processor.py:914} INFO - Processing file /home/hsooni/cafe_sales_etl/venv/lib/python3.12/site-packages/airflow/example_dags/example_python_decorator.py for tasks to queue
[2025-10-09T23:53:00.846+0300] {logging_mixin.py:190} INFO - [2025-10-09T23:53:00.845+0300] {dagbag.py:588} INFO - Filling up the DagBag from /home/hsooni/cafe_sales_etl/venv/lib/python3.12/site-packages/airflow/example_dags/example_python_decorator.py
[2025-10-09T23:53:00.855+0300] {logging_mixin.py:190} INFO - [2025-10-09T23:53:00.855+0300] {example_python_decorator.py:80} WARNING - The virtalenv_python example task requires virtualenv, please install it.
[2025-10-09T23:53:00.858+0300] {processor.py:925} INFO - DAG(s) 'example_python_decorator' retrieved from /home/hsooni/cafe_sales_etl/venv/lib/python3.12/site-packages/airflow/example_dags/example_python_decorator.py
[2025-10-09T23:53:00.876+0300] {logging_mixin.py:190} INFO - [2025-10-09T23:53:00.876+0300] {dag.py:3239} INFO - Sync 1 DAGs
[2025-10-09T23:53:00.891+0300] {logging_mixin.py:190} INFO - [2025-10-09T23:53:00.891+0300] {dag.py:4180} INFO - Setting next_dagrun for example_python_decorator to None, run_after=None
[2025-10-09T23:53:00.915+0300] {processor.py:208} INFO - Processing /home/hsooni/cafe_sales_etl/venv/lib/python3.12/site-packages/airflow/example_dags/example_python_decorator.py took 0.084 seconds
[2025-10-09T23:53:54.070+0300] {processor.py:186} INFO - Started process (PID=46882) to work on /home/hsooni/cafe_sales_etl/venv/lib/python3.12/site-packages/airflow/example_dags/example_python_decorator.py
[2025-10-09T23:53:54.076+0300] {processor.py:914} INFO - Processing file /home/hsooni/cafe_sales_etl/venv/lib/python3.12/site-packages/airflow/example_dags/example_python_decorator.py for tasks to queue
[2025-10-09T23:53:54.079+0300] {logging_mixin.py:190} INFO - [2025-10-09T23:53:54.078+0300] {dagbag.py:588} INFO - Filling up the DagBag from /home/hsooni/cafe_sales_etl/venv/lib/python3.12/site-packages/airflow/example_dags/example_python_decorator.py
[2025-10-09T23:53:54.090+0300] {logging_mixin.py:190} INFO - [2025-10-09T23:53:54.090+0300] {example_python_decorator.py:80} WARNING - The virtalenv_python example task requires virtualenv, please install it.
[2025-10-09T23:53:54.096+0300] {processor.py:925} INFO - DAG(s) 'example_python_decorator' retrieved from /home/hsooni/cafe_sales_etl/venv/lib/python3.12/site-packages/airflow/example_dags/example_python_decorator.py
[2025-10-09T23:53:54.121+0300] {logging_mixin.py:190} INFO - [2025-10-09T23:53:54.121+0300] {dag.py:3239} INFO - Sync 1 DAGs
[2025-10-09T23:53:54.138+0300] {logging_mixin.py:190} INFO - [2025-10-09T23:53:54.138+0300] {dag.py:4180} INFO - Setting next_dagrun for example_python_decorator to None, run_after=None
[2025-10-09T23:53:54.175+0300] {processor.py:208} INFO - Processing /home/hsooni/cafe_sales_etl/venv/lib/python3.12/site-packages/airflow/example_dags/example_python_decorator.py took 0.112 seconds
[2025-10-09T23:54:55.692+0300] {processor.py:186} INFO - Started process (PID=47381) to work on /home/hsooni/cafe_sales_etl/venv/lib/python3.12/site-packages/airflow/example_dags/example_python_decorator.py
[2025-10-09T23:54:55.699+0300] {processor.py:914} INFO - Processing file /home/hsooni/cafe_sales_etl/venv/lib/python3.12/site-packages/airflow/example_dags/example_python_decorator.py for tasks to queue
[2025-10-09T23:54:55.702+0300] {logging_mixin.py:190} INFO - [2025-10-09T23:54:55.701+0300] {dagbag.py:588} INFO - Filling up the DagBag from /home/hsooni/cafe_sales_etl/venv/lib/python3.12/site-packages/airflow/example_dags/example_python_decorator.py
[2025-10-09T23:54:55.713+0300] {logging_mixin.py:190} INFO - [2025-10-09T23:54:55.713+0300] {example_python_decorator.py:80} WARNING - The virtalenv_python example task requires virtualenv, please install it.
[2025-10-09T23:54:55.716+0300] {processor.py:925} INFO - DAG(s) 'example_python_decorator' retrieved from /home/hsooni/cafe_sales_etl/venv/lib/python3.12/site-packages/airflow/example_dags/example_python_decorator.py
[2025-10-09T23:54:55.737+0300] {logging_mixin.py:190} INFO - [2025-10-09T23:54:55.737+0300] {dag.py:3239} INFO - Sync 1 DAGs
[2025-10-09T23:54:55.755+0300] {logging_mixin.py:190} INFO - [2025-10-09T23:54:55.755+0300] {dag.py:4180} INFO - Setting next_dagrun for example_python_decorator to None, run_after=None
[2025-10-09T23:54:55.784+0300] {processor.py:208} INFO - Processing /home/hsooni/cafe_sales_etl/venv/lib/python3.12/site-packages/airflow/example_dags/example_python_decorator.py took 0.098 seconds
