[2025-10-09T23:47:48.063+0300] {processor.py:186} INFO - Started process (PID=44724) to work on /home/hsooni/cafe_sales_etl/venv/lib/python3.12/site-packages/airflow/example_dags/example_dynamic_task_mapping_with_no_taskflow_operators.py
[2025-10-09T23:47:48.064+0300] {processor.py:914} INFO - Processing file /home/hsooni/cafe_sales_etl/venv/lib/python3.12/site-packages/airflow/example_dags/example_dynamic_task_mapping_with_no_taskflow_operators.py for tasks to queue
[2025-10-09T23:47:48.067+0300] {logging_mixin.py:190} INFO - [2025-10-09T23:47:48.066+0300] {dagbag.py:588} INFO - Filling up the DagBag from /home/hsooni/cafe_sales_etl/venv/lib/python3.12/site-packages/airflow/example_dags/example_dynamic_task_mapping_with_no_taskflow_operators.py
[2025-10-09T23:47:48.076+0300] {processor.py:925} INFO - DAG(s) 'example_dynamic_task_mapping_with_no_taskflow_operators' retrieved from /home/hsooni/cafe_sales_etl/venv/lib/python3.12/site-packages/airflow/example_dags/example_dynamic_task_mapping_with_no_taskflow_operators.py
[2025-10-09T23:47:48.217+0300] {logging_mixin.py:190} INFO - [2025-10-09T23:47:48.217+0300] {override.py:1900} INFO - Created Permission View: can delete on DAG:example_dynamic_task_mapping_with_no_taskflow_operators
[2025-10-09T23:47:48.236+0300] {logging_mixin.py:190} INFO - [2025-10-09T23:47:48.235+0300] {override.py:1900} INFO - Created Permission View: can read on DAG:example_dynamic_task_mapping_with_no_taskflow_operators
[2025-10-09T23:47:48.250+0300] {logging_mixin.py:190} INFO - [2025-10-09T23:47:48.249+0300] {override.py:1900} INFO - Created Permission View: can edit on DAG:example_dynamic_task_mapping_with_no_taskflow_operators
[2025-10-09T23:47:48.273+0300] {logging_mixin.py:190} INFO - [2025-10-09T23:47:48.273+0300] {override.py:1900} INFO - Created Permission View: can delete on DAG Run:example_dynamic_task_mapping_with_no_taskflow_operators
[2025-10-09T23:47:48.287+0300] {logging_mixin.py:190} INFO - [2025-10-09T23:47:48.286+0300] {override.py:1900} INFO - Created Permission View: can create on DAG Run:example_dynamic_task_mapping_with_no_taskflow_operators
[2025-10-09T23:47:48.299+0300] {logging_mixin.py:190} INFO - [2025-10-09T23:47:48.299+0300] {override.py:1900} INFO - Created Permission View: can read on DAG Run:example_dynamic_task_mapping_with_no_taskflow_operators
[2025-10-09T23:47:48.312+0300] {logging_mixin.py:190} INFO - [2025-10-09T23:47:48.311+0300] {override.py:1900} INFO - Created Permission View: menu access on DAG Run:example_dynamic_task_mapping_with_no_taskflow_operators
[2025-10-09T23:47:48.312+0300] {logging_mixin.py:190} INFO - [2025-10-09T23:47:48.312+0300] {dag.py:3239} INFO - Sync 1 DAGs
[2025-10-09T23:47:48.326+0300] {logging_mixin.py:190} INFO - [2025-10-09T23:47:48.326+0300] {dag.py:3262} INFO - Creating ORM DAG for example_dynamic_task_mapping_with_no_taskflow_operators
[2025-10-09T23:47:48.327+0300] {logging_mixin.py:190} INFO - [2025-10-09T23:47:48.326+0300] {dag.py:4180} INFO - Setting next_dagrun for example_dynamic_task_mapping_with_no_taskflow_operators to None, run_after=None
[2025-10-09T23:47:48.351+0300] {processor.py:208} INFO - Processing /home/hsooni/cafe_sales_etl/venv/lib/python3.12/site-packages/airflow/example_dags/example_dynamic_task_mapping_with_no_taskflow_operators.py took 0.294 seconds
[2025-10-09T23:49:21.949+0300] {processor.py:186} INFO - Started process (PID=45197) to work on /home/hsooni/cafe_sales_etl/venv/lib/python3.12/site-packages/airflow/example_dags/example_dynamic_task_mapping_with_no_taskflow_operators.py
[2025-10-09T23:49:21.955+0300] {processor.py:914} INFO - Processing file /home/hsooni/cafe_sales_etl/venv/lib/python3.12/site-packages/airflow/example_dags/example_dynamic_task_mapping_with_no_taskflow_operators.py for tasks to queue
[2025-10-09T23:49:21.959+0300] {logging_mixin.py:190} INFO - [2025-10-09T23:49:21.958+0300] {dagbag.py:588} INFO - Filling up the DagBag from /home/hsooni/cafe_sales_etl/venv/lib/python3.12/site-packages/airflow/example_dags/example_dynamic_task_mapping_with_no_taskflow_operators.py
[2025-10-09T23:49:21.968+0300] {processor.py:925} INFO - DAG(s) 'example_dynamic_task_mapping_with_no_taskflow_operators' retrieved from /home/hsooni/cafe_sales_etl/venv/lib/python3.12/site-packages/airflow/example_dags/example_dynamic_task_mapping_with_no_taskflow_operators.py
[2025-10-09T23:49:21.986+0300] {logging_mixin.py:190} INFO - [2025-10-09T23:49:21.985+0300] {dag.py:3239} INFO - Sync 1 DAGs
[2025-10-09T23:49:22.001+0300] {logging_mixin.py:190} INFO - [2025-10-09T23:49:22.001+0300] {dag.py:4180} INFO - Setting next_dagrun for example_dynamic_task_mapping_with_no_taskflow_operators to None, run_after=None
[2025-10-09T23:49:22.030+0300] {processor.py:208} INFO - Processing /home/hsooni/cafe_sales_etl/venv/lib/python3.12/site-packages/airflow/example_dags/example_dynamic_task_mapping_with_no_taskflow_operators.py took 0.087 seconds
[2025-10-09T23:50:22.987+0300] {processor.py:186} INFO - Started process (PID=45660) to work on /home/hsooni/cafe_sales_etl/venv/lib/python3.12/site-packages/airflow/example_dags/example_dynamic_task_mapping_with_no_taskflow_operators.py
[2025-10-09T23:50:22.988+0300] {processor.py:914} INFO - Processing file /home/hsooni/cafe_sales_etl/venv/lib/python3.12/site-packages/airflow/example_dags/example_dynamic_task_mapping_with_no_taskflow_operators.py for tasks to queue
[2025-10-09T23:50:22.991+0300] {logging_mixin.py:190} INFO - [2025-10-09T23:50:22.990+0300] {dagbag.py:588} INFO - Filling up the DagBag from /home/hsooni/cafe_sales_etl/venv/lib/python3.12/site-packages/airflow/example_dags/example_dynamic_task_mapping_with_no_taskflow_operators.py
[2025-10-09T23:50:23.000+0300] {processor.py:925} INFO - DAG(s) 'example_dynamic_task_mapping_with_no_taskflow_operators' retrieved from /home/hsooni/cafe_sales_etl/venv/lib/python3.12/site-packages/airflow/example_dags/example_dynamic_task_mapping_with_no_taskflow_operators.py
[2025-10-09T23:50:23.016+0300] {logging_mixin.py:190} INFO - [2025-10-09T23:50:23.016+0300] {dag.py:3239} INFO - Sync 1 DAGs
[2025-10-09T23:50:23.031+0300] {logging_mixin.py:190} INFO - [2025-10-09T23:50:23.031+0300] {dag.py:4180} INFO - Setting next_dagrun for example_dynamic_task_mapping_with_no_taskflow_operators to None, run_after=None
[2025-10-09T23:50:23.059+0300] {processor.py:208} INFO - Processing /home/hsooni/cafe_sales_etl/venv/lib/python3.12/site-packages/airflow/example_dags/example_dynamic_task_mapping_with_no_taskflow_operators.py took 0.078 seconds
[2025-10-09T23:51:20.808+0300] {processor.py:186} INFO - Started process (PID=46026) to work on /home/hsooni/cafe_sales_etl/venv/lib/python3.12/site-packages/airflow/example_dags/example_dynamic_task_mapping_with_no_taskflow_operators.py
[2025-10-09T23:51:20.814+0300] {processor.py:914} INFO - Processing file /home/hsooni/cafe_sales_etl/venv/lib/python3.12/site-packages/airflow/example_dags/example_dynamic_task_mapping_with_no_taskflow_operators.py for tasks to queue
[2025-10-09T23:51:20.819+0300] {logging_mixin.py:190} INFO - [2025-10-09T23:51:20.816+0300] {dagbag.py:588} INFO - Filling up the DagBag from /home/hsooni/cafe_sales_etl/venv/lib/python3.12/site-packages/airflow/example_dags/example_dynamic_task_mapping_with_no_taskflow_operators.py
[2025-10-09T23:51:20.839+0300] {processor.py:925} INFO - DAG(s) 'example_dynamic_task_mapping_with_no_taskflow_operators' retrieved from /home/hsooni/cafe_sales_etl/venv/lib/python3.12/site-packages/airflow/example_dags/example_dynamic_task_mapping_with_no_taskflow_operators.py
[2025-10-09T23:51:20.885+0300] {logging_mixin.py:190} INFO - [2025-10-09T23:51:20.884+0300] {dag.py:3239} INFO - Sync 1 DAGs
[2025-10-09T23:51:20.931+0300] {logging_mixin.py:190} INFO - [2025-10-09T23:51:20.930+0300] {dag.py:4180} INFO - Setting next_dagrun for example_dynamic_task_mapping_with_no_taskflow_operators to None, run_after=None
[2025-10-09T23:51:20.984+0300] {processor.py:208} INFO - Processing /home/hsooni/cafe_sales_etl/venv/lib/python3.12/site-packages/airflow/example_dags/example_dynamic_task_mapping_with_no_taskflow_operators.py took 0.194 seconds
[2025-10-09T23:52:18.692+0300] {processor.py:186} INFO - Started process (PID=46365) to work on /home/hsooni/cafe_sales_etl/venv/lib/python3.12/site-packages/airflow/example_dags/example_dynamic_task_mapping_with_no_taskflow_operators.py
[2025-10-09T23:52:18.699+0300] {processor.py:914} INFO - Processing file /home/hsooni/cafe_sales_etl/venv/lib/python3.12/site-packages/airflow/example_dags/example_dynamic_task_mapping_with_no_taskflow_operators.py for tasks to queue
[2025-10-09T23:52:18.703+0300] {logging_mixin.py:190} INFO - [2025-10-09T23:52:18.703+0300] {dagbag.py:588} INFO - Filling up the DagBag from /home/hsooni/cafe_sales_etl/venv/lib/python3.12/site-packages/airflow/example_dags/example_dynamic_task_mapping_with_no_taskflow_operators.py
[2025-10-09T23:52:18.714+0300] {processor.py:925} INFO - DAG(s) 'example_dynamic_task_mapping_with_no_taskflow_operators' retrieved from /home/hsooni/cafe_sales_etl/venv/lib/python3.12/site-packages/airflow/example_dags/example_dynamic_task_mapping_with_no_taskflow_operators.py
[2025-10-09T23:52:18.731+0300] {logging_mixin.py:190} INFO - [2025-10-09T23:52:18.730+0300] {dag.py:3239} INFO - Sync 1 DAGs
[2025-10-09T23:52:18.746+0300] {logging_mixin.py:190} INFO - [2025-10-09T23:52:18.746+0300] {dag.py:4180} INFO - Setting next_dagrun for example_dynamic_task_mapping_with_no_taskflow_operators to None, run_after=None
[2025-10-09T23:52:18.772+0300] {processor.py:208} INFO - Processing /home/hsooni/cafe_sales_etl/venv/lib/python3.12/site-packages/airflow/example_dags/example_dynamic_task_mapping_with_no_taskflow_operators.py took 0.085 seconds
[2025-10-09T23:53:13.754+0300] {processor.py:186} INFO - Started process (PID=46606) to work on /home/hsooni/cafe_sales_etl/venv/lib/python3.12/site-packages/airflow/example_dags/example_dynamic_task_mapping_with_no_taskflow_operators.py
[2025-10-09T23:53:13.760+0300] {processor.py:914} INFO - Processing file /home/hsooni/cafe_sales_etl/venv/lib/python3.12/site-packages/airflow/example_dags/example_dynamic_task_mapping_with_no_taskflow_operators.py for tasks to queue
[2025-10-09T23:53:13.763+0300] {logging_mixin.py:190} INFO - [2025-10-09T23:53:13.762+0300] {dagbag.py:588} INFO - Filling up the DagBag from /home/hsooni/cafe_sales_etl/venv/lib/python3.12/site-packages/airflow/example_dags/example_dynamic_task_mapping_with_no_taskflow_operators.py
[2025-10-09T23:53:13.772+0300] {processor.py:925} INFO - DAG(s) 'example_dynamic_task_mapping_with_no_taskflow_operators' retrieved from /home/hsooni/cafe_sales_etl/venv/lib/python3.12/site-packages/airflow/example_dags/example_dynamic_task_mapping_with_no_taskflow_operators.py
[2025-10-09T23:53:13.789+0300] {logging_mixin.py:190} INFO - [2025-10-09T23:53:13.788+0300] {dag.py:3239} INFO - Sync 1 DAGs
[2025-10-09T23:53:13.803+0300] {logging_mixin.py:190} INFO - [2025-10-09T23:53:13.803+0300] {dag.py:4180} INFO - Setting next_dagrun for example_dynamic_task_mapping_with_no_taskflow_operators to None, run_after=None
[2025-10-09T23:53:13.828+0300] {processor.py:208} INFO - Processing /home/hsooni/cafe_sales_etl/venv/lib/python3.12/site-packages/airflow/example_dags/example_dynamic_task_mapping_with_no_taskflow_operators.py took 0.080 seconds
[2025-10-09T23:54:07.288+0300] {processor.py:186} INFO - Started process (PID=46979) to work on /home/hsooni/cafe_sales_etl/venv/lib/python3.12/site-packages/airflow/example_dags/example_dynamic_task_mapping_with_no_taskflow_operators.py
[2025-10-09T23:54:07.294+0300] {processor.py:914} INFO - Processing file /home/hsooni/cafe_sales_etl/venv/lib/python3.12/site-packages/airflow/example_dags/example_dynamic_task_mapping_with_no_taskflow_operators.py for tasks to queue
[2025-10-09T23:54:07.297+0300] {logging_mixin.py:190} INFO - [2025-10-09T23:54:07.296+0300] {dagbag.py:588} INFO - Filling up the DagBag from /home/hsooni/cafe_sales_etl/venv/lib/python3.12/site-packages/airflow/example_dags/example_dynamic_task_mapping_with_no_taskflow_operators.py
[2025-10-09T23:54:07.307+0300] {processor.py:925} INFO - DAG(s) 'example_dynamic_task_mapping_with_no_taskflow_operators' retrieved from /home/hsooni/cafe_sales_etl/venv/lib/python3.12/site-packages/airflow/example_dags/example_dynamic_task_mapping_with_no_taskflow_operators.py
[2025-10-09T23:54:07.331+0300] {logging_mixin.py:190} INFO - [2025-10-09T23:54:07.330+0300] {dag.py:3239} INFO - Sync 1 DAGs
[2025-10-09T23:54:07.350+0300] {logging_mixin.py:190} INFO - [2025-10-09T23:54:07.349+0300] {dag.py:4180} INFO - Setting next_dagrun for example_dynamic_task_mapping_with_no_taskflow_operators to None, run_after=None
[2025-10-09T23:54:07.389+0300] {processor.py:208} INFO - Processing /home/hsooni/cafe_sales_etl/venv/lib/python3.12/site-packages/airflow/example_dags/example_dynamic_task_mapping_with_no_taskflow_operators.py took 0.108 seconds
[2025-10-09T23:55:07.920+0300] {processor.py:186} INFO - Started process (PID=47440) to work on /home/hsooni/cafe_sales_etl/venv/lib/python3.12/site-packages/airflow/example_dags/example_dynamic_task_mapping_with_no_taskflow_operators.py
[2025-10-09T23:55:07.926+0300] {processor.py:914} INFO - Processing file /home/hsooni/cafe_sales_etl/venv/lib/python3.12/site-packages/airflow/example_dags/example_dynamic_task_mapping_with_no_taskflow_operators.py for tasks to queue
[2025-10-09T23:55:07.929+0300] {logging_mixin.py:190} INFO - [2025-10-09T23:55:07.928+0300] {dagbag.py:588} INFO - Filling up the DagBag from /home/hsooni/cafe_sales_etl/venv/lib/python3.12/site-packages/airflow/example_dags/example_dynamic_task_mapping_with_no_taskflow_operators.py
[2025-10-09T23:55:07.938+0300] {processor.py:925} INFO - DAG(s) 'example_dynamic_task_mapping_with_no_taskflow_operators' retrieved from /home/hsooni/cafe_sales_etl/venv/lib/python3.12/site-packages/airflow/example_dags/example_dynamic_task_mapping_with_no_taskflow_operators.py
[2025-10-09T23:55:07.954+0300] {logging_mixin.py:190} INFO - [2025-10-09T23:55:07.954+0300] {dag.py:3239} INFO - Sync 1 DAGs
[2025-10-09T23:55:07.969+0300] {logging_mixin.py:190} INFO - [2025-10-09T23:55:07.968+0300] {dag.py:4180} INFO - Setting next_dagrun for example_dynamic_task_mapping_with_no_taskflow_operators to None, run_after=None
[2025-10-09T23:55:07.993+0300] {processor.py:208} INFO - Processing /home/hsooni/cafe_sales_etl/venv/lib/python3.12/site-packages/airflow/example_dags/example_dynamic_task_mapping_with_no_taskflow_operators.py took 0.081 seconds
