[2025-10-09T23:47:42.070+0300] {processor.py:186} INFO - Started process (PID=44697) to work on /home/hsooni/cafe_sales_etl/venv/lib/python3.12/site-packages/airflow/example_dags/example_latest_only_with_trigger.py
[2025-10-09T23:47:42.071+0300] {processor.py:914} INFO - Processing file /home/hsooni/cafe_sales_etl/venv/lib/python3.12/site-packages/airflow/example_dags/example_latest_only_with_trigger.py for tasks to queue
[2025-10-09T23:47:42.073+0300] {logging_mixin.py:190} INFO - [2025-10-09T23:47:42.073+0300] {dagbag.py:588} INFO - Filling up the DagBag from /home/hsooni/cafe_sales_etl/venv/lib/python3.12/site-packages/airflow/example_dags/example_latest_only_with_trigger.py
[2025-10-09T23:47:42.081+0300] {processor.py:925} INFO - DAG(s) 'latest_only_with_trigger' retrieved from /home/hsooni/cafe_sales_etl/venv/lib/python3.12/site-packages/airflow/example_dags/example_latest_only_with_trigger.py
[2025-10-09T23:47:42.225+0300] {logging_mixin.py:190} INFO - [2025-10-09T23:47:42.224+0300] {override.py:1900} INFO - Created Permission View: can delete on DAG:latest_only_with_trigger
[2025-10-09T23:47:42.241+0300] {logging_mixin.py:190} INFO - [2025-10-09T23:47:42.240+0300] {override.py:1900} INFO - Created Permission View: can read on DAG:latest_only_with_trigger
[2025-10-09T23:47:42.253+0300] {logging_mixin.py:190} INFO - [2025-10-09T23:47:42.252+0300] {override.py:1900} INFO - Created Permission View: can edit on DAG:latest_only_with_trigger
[2025-10-09T23:47:42.273+0300] {logging_mixin.py:190} INFO - [2025-10-09T23:47:42.272+0300] {override.py:1900} INFO - Created Permission View: can delete on DAG Run:latest_only_with_trigger
[2025-10-09T23:47:42.286+0300] {logging_mixin.py:190} INFO - [2025-10-09T23:47:42.285+0300] {override.py:1900} INFO - Created Permission View: can create on DAG Run:latest_only_with_trigger
[2025-10-09T23:47:42.299+0300] {logging_mixin.py:190} INFO - [2025-10-09T23:47:42.298+0300] {override.py:1900} INFO - Created Permission View: can read on DAG Run:latest_only_with_trigger
[2025-10-09T23:47:42.312+0300] {logging_mixin.py:190} INFO - [2025-10-09T23:47:42.311+0300] {override.py:1900} INFO - Created Permission View: menu access on DAG Run:latest_only_with_trigger
[2025-10-09T23:47:42.312+0300] {logging_mixin.py:190} INFO - [2025-10-09T23:47:42.312+0300] {dag.py:3239} INFO - Sync 1 DAGs
[2025-10-09T23:47:42.327+0300] {logging_mixin.py:190} INFO - [2025-10-09T23:47:42.326+0300] {dag.py:3262} INFO - Creating ORM DAG for latest_only_with_trigger
[2025-10-09T23:47:42.340+0300] {logging_mixin.py:190} INFO - [2025-10-09T23:47:42.340+0300] {dag.py:4180} INFO - Setting next_dagrun for latest_only_with_trigger to 2025-10-09 16:00:00+00:00, run_after=2025-10-09 20:00:00+00:00
[2025-10-09T23:47:42.366+0300] {processor.py:208} INFO - Processing /home/hsooni/cafe_sales_etl/venv/lib/python3.12/site-packages/airflow/example_dags/example_latest_only_with_trigger.py took 0.303 seconds
[2025-10-09T23:49:16.786+0300] {processor.py:186} INFO - Started process (PID=45183) to work on /home/hsooni/cafe_sales_etl/venv/lib/python3.12/site-packages/airflow/example_dags/example_latest_only_with_trigger.py
[2025-10-09T23:49:16.787+0300] {processor.py:914} INFO - Processing file /home/hsooni/cafe_sales_etl/venv/lib/python3.12/site-packages/airflow/example_dags/example_latest_only_with_trigger.py for tasks to queue
[2025-10-09T23:49:16.790+0300] {logging_mixin.py:190} INFO - [2025-10-09T23:49:16.790+0300] {dagbag.py:588} INFO - Filling up the DagBag from /home/hsooni/cafe_sales_etl/venv/lib/python3.12/site-packages/airflow/example_dags/example_latest_only_with_trigger.py
[2025-10-09T23:49:16.798+0300] {processor.py:925} INFO - DAG(s) 'latest_only_with_trigger' retrieved from /home/hsooni/cafe_sales_etl/venv/lib/python3.12/site-packages/airflow/example_dags/example_latest_only_with_trigger.py
[2025-10-09T23:49:16.818+0300] {logging_mixin.py:190} INFO - [2025-10-09T23:49:16.818+0300] {dag.py:3239} INFO - Sync 1 DAGs
[2025-10-09T23:49:16.840+0300] {logging_mixin.py:190} INFO - [2025-10-09T23:49:16.840+0300] {dag.py:4180} INFO - Setting next_dagrun for latest_only_with_trigger to 2025-10-09 16:00:00+00:00, run_after=2025-10-09 20:00:00+00:00
[2025-10-09T23:49:16.870+0300] {processor.py:208} INFO - Processing /home/hsooni/cafe_sales_etl/venv/lib/python3.12/site-packages/airflow/example_dags/example_latest_only_with_trigger.py took 0.092 seconds
[2025-10-09T23:50:18.167+0300] {processor.py:186} INFO - Started process (PID=45647) to work on /home/hsooni/cafe_sales_etl/venv/lib/python3.12/site-packages/airflow/example_dags/example_latest_only_with_trigger.py
[2025-10-09T23:50:18.173+0300] {processor.py:914} INFO - Processing file /home/hsooni/cafe_sales_etl/venv/lib/python3.12/site-packages/airflow/example_dags/example_latest_only_with_trigger.py for tasks to queue
[2025-10-09T23:50:18.175+0300] {logging_mixin.py:190} INFO - [2025-10-09T23:50:18.174+0300] {dagbag.py:588} INFO - Filling up the DagBag from /home/hsooni/cafe_sales_etl/venv/lib/python3.12/site-packages/airflow/example_dags/example_latest_only_with_trigger.py
[2025-10-09T23:50:18.183+0300] {processor.py:925} INFO - DAG(s) 'latest_only_with_trigger' retrieved from /home/hsooni/cafe_sales_etl/venv/lib/python3.12/site-packages/airflow/example_dags/example_latest_only_with_trigger.py
[2025-10-09T23:50:18.202+0300] {logging_mixin.py:190} INFO - [2025-10-09T23:50:18.202+0300] {dag.py:3239} INFO - Sync 1 DAGs
[2025-10-09T23:50:18.225+0300] {logging_mixin.py:190} INFO - [2025-10-09T23:50:18.225+0300] {dag.py:4180} INFO - Setting next_dagrun for latest_only_with_trigger to 2025-10-09 16:00:00+00:00, run_after=2025-10-09 20:00:00+00:00
[2025-10-09T23:50:18.256+0300] {processor.py:208} INFO - Processing /home/hsooni/cafe_sales_etl/venv/lib/python3.12/site-packages/airflow/example_dags/example_latest_only_with_trigger.py took 0.096 seconds
[2025-10-09T23:51:15.092+0300] {processor.py:186} INFO - Started process (PID=45971) to work on /home/hsooni/cafe_sales_etl/venv/lib/python3.12/site-packages/airflow/example_dags/example_latest_only_with_trigger.py
[2025-10-09T23:51:15.098+0300] {processor.py:914} INFO - Processing file /home/hsooni/cafe_sales_etl/venv/lib/python3.12/site-packages/airflow/example_dags/example_latest_only_with_trigger.py for tasks to queue
[2025-10-09T23:51:15.100+0300] {logging_mixin.py:190} INFO - [2025-10-09T23:51:15.099+0300] {dagbag.py:588} INFO - Filling up the DagBag from /home/hsooni/cafe_sales_etl/venv/lib/python3.12/site-packages/airflow/example_dags/example_latest_only_with_trigger.py
[2025-10-09T23:51:15.108+0300] {processor.py:925} INFO - DAG(s) 'latest_only_with_trigger' retrieved from /home/hsooni/cafe_sales_etl/venv/lib/python3.12/site-packages/airflow/example_dags/example_latest_only_with_trigger.py
[2025-10-09T23:51:15.126+0300] {logging_mixin.py:190} INFO - [2025-10-09T23:51:15.126+0300] {dag.py:3239} INFO - Sync 1 DAGs
[2025-10-09T23:51:15.152+0300] {logging_mixin.py:190} INFO - [2025-10-09T23:51:15.152+0300] {dag.py:4180} INFO - Setting next_dagrun for latest_only_with_trigger to 2025-10-09 16:00:00+00:00, run_after=2025-10-09 20:00:00+00:00
[2025-10-09T23:51:15.187+0300] {processor.py:208} INFO - Processing /home/hsooni/cafe_sales_etl/venv/lib/python3.12/site-packages/airflow/example_dags/example_latest_only_with_trigger.py took 0.101 seconds
[2025-10-09T23:52:13.582+0300] {processor.py:186} INFO - Started process (PID=46344) to work on /home/hsooni/cafe_sales_etl/venv/lib/python3.12/site-packages/airflow/example_dags/example_latest_only_with_trigger.py
[2025-10-09T23:52:13.588+0300] {processor.py:914} INFO - Processing file /home/hsooni/cafe_sales_etl/venv/lib/python3.12/site-packages/airflow/example_dags/example_latest_only_with_trigger.py for tasks to queue
[2025-10-09T23:52:13.590+0300] {logging_mixin.py:190} INFO - [2025-10-09T23:52:13.590+0300] {dagbag.py:588} INFO - Filling up the DagBag from /home/hsooni/cafe_sales_etl/venv/lib/python3.12/site-packages/airflow/example_dags/example_latest_only_with_trigger.py
[2025-10-09T23:52:13.598+0300] {processor.py:925} INFO - DAG(s) 'latest_only_with_trigger' retrieved from /home/hsooni/cafe_sales_etl/venv/lib/python3.12/site-packages/airflow/example_dags/example_latest_only_with_trigger.py
[2025-10-09T23:52:13.617+0300] {logging_mixin.py:190} INFO - [2025-10-09T23:52:13.616+0300] {dag.py:3239} INFO - Sync 1 DAGs
[2025-10-09T23:52:13.640+0300] {logging_mixin.py:190} INFO - [2025-10-09T23:52:13.640+0300] {dag.py:4180} INFO - Setting next_dagrun for latest_only_with_trigger to 2025-10-09 16:00:00+00:00, run_after=2025-10-09 20:00:00+00:00
[2025-10-09T23:52:13.670+0300] {processor.py:208} INFO - Processing /home/hsooni/cafe_sales_etl/venv/lib/python3.12/site-packages/airflow/example_dags/example_latest_only_with_trigger.py took 0.094 seconds
[2025-10-09T23:53:08.412+0300] {processor.py:186} INFO - Started process (PID=46586) to work on /home/hsooni/cafe_sales_etl/venv/lib/python3.12/site-packages/airflow/example_dags/example_latest_only_with_trigger.py
[2025-10-09T23:53:08.413+0300] {processor.py:914} INFO - Processing file /home/hsooni/cafe_sales_etl/venv/lib/python3.12/site-packages/airflow/example_dags/example_latest_only_with_trigger.py for tasks to queue
[2025-10-09T23:53:08.415+0300] {logging_mixin.py:190} INFO - [2025-10-09T23:53:08.415+0300] {dagbag.py:588} INFO - Filling up the DagBag from /home/hsooni/cafe_sales_etl/venv/lib/python3.12/site-packages/airflow/example_dags/example_latest_only_with_trigger.py
[2025-10-09T23:53:08.423+0300] {processor.py:925} INFO - DAG(s) 'latest_only_with_trigger' retrieved from /home/hsooni/cafe_sales_etl/venv/lib/python3.12/site-packages/airflow/example_dags/example_latest_only_with_trigger.py
[2025-10-09T23:53:08.440+0300] {logging_mixin.py:190} INFO - [2025-10-09T23:53:08.440+0300] {dag.py:3239} INFO - Sync 1 DAGs
[2025-10-09T23:53:08.463+0300] {logging_mixin.py:190} INFO - [2025-10-09T23:53:08.462+0300] {dag.py:4180} INFO - Setting next_dagrun for latest_only_with_trigger to 2025-10-09 16:00:00+00:00, run_after=2025-10-09 20:00:00+00:00
[2025-10-09T23:53:08.491+0300] {processor.py:208} INFO - Processing /home/hsooni/cafe_sales_etl/venv/lib/python3.12/site-packages/airflow/example_dags/example_latest_only_with_trigger.py took 0.085 seconds
[2025-10-09T23:54:00.980+0300] {processor.py:186} INFO - Started process (PID=46941) to work on /home/hsooni/cafe_sales_etl/venv/lib/python3.12/site-packages/airflow/example_dags/example_latest_only_with_trigger.py
[2025-10-09T23:54:00.986+0300] {processor.py:914} INFO - Processing file /home/hsooni/cafe_sales_etl/venv/lib/python3.12/site-packages/airflow/example_dags/example_latest_only_with_trigger.py for tasks to queue
[2025-10-09T23:54:00.989+0300] {logging_mixin.py:190} INFO - [2025-10-09T23:54:00.989+0300] {dagbag.py:588} INFO - Filling up the DagBag from /home/hsooni/cafe_sales_etl/venv/lib/python3.12/site-packages/airflow/example_dags/example_latest_only_with_trigger.py
[2025-10-09T23:54:00.998+0300] {processor.py:925} INFO - DAG(s) 'latest_only_with_trigger' retrieved from /home/hsooni/cafe_sales_etl/venv/lib/python3.12/site-packages/airflow/example_dags/example_latest_only_with_trigger.py
[2025-10-09T23:54:01.018+0300] {logging_mixin.py:190} INFO - [2025-10-09T23:54:01.017+0300] {dag.py:3239} INFO - Sync 1 DAGs
[2025-10-09T23:54:01.045+0300] {logging_mixin.py:190} INFO - [2025-10-09T23:54:01.045+0300] {dag.py:4180} INFO - Setting next_dagrun for latest_only_with_trigger to 2025-10-09 16:00:00+00:00, run_after=2025-10-09 20:00:00+00:00
[2025-10-09T23:54:01.109+0300] {processor.py:208} INFO - Processing /home/hsooni/cafe_sales_etl/venv/lib/python3.12/site-packages/airflow/example_dags/example_latest_only_with_trigger.py took 0.135 seconds
[2025-10-09T23:55:03.385+0300] {processor.py:186} INFO - Started process (PID=47430) to work on /home/hsooni/cafe_sales_etl/venv/lib/python3.12/site-packages/airflow/example_dags/example_latest_only_with_trigger.py
[2025-10-09T23:55:03.391+0300] {processor.py:914} INFO - Processing file /home/hsooni/cafe_sales_etl/venv/lib/python3.12/site-packages/airflow/example_dags/example_latest_only_with_trigger.py for tasks to queue
[2025-10-09T23:55:03.393+0300] {logging_mixin.py:190} INFO - [2025-10-09T23:55:03.393+0300] {dagbag.py:588} INFO - Filling up the DagBag from /home/hsooni/cafe_sales_etl/venv/lib/python3.12/site-packages/airflow/example_dags/example_latest_only_with_trigger.py
[2025-10-09T23:55:03.404+0300] {processor.py:925} INFO - DAG(s) 'latest_only_with_trigger' retrieved from /home/hsooni/cafe_sales_etl/venv/lib/python3.12/site-packages/airflow/example_dags/example_latest_only_with_trigger.py
[2025-10-09T23:55:03.427+0300] {logging_mixin.py:190} INFO - [2025-10-09T23:55:03.427+0300] {dag.py:3239} INFO - Sync 1 DAGs
[2025-10-09T23:55:03.456+0300] {logging_mixin.py:190} INFO - [2025-10-09T23:55:03.456+0300] {dag.py:4180} INFO - Setting next_dagrun for latest_only_with_trigger to 2025-10-09 16:00:00+00:00, run_after=2025-10-09 20:00:00+00:00
[2025-10-09T23:55:03.491+0300] {processor.py:208} INFO - Processing /home/hsooni/cafe_sales_etl/venv/lib/python3.12/site-packages/airflow/example_dags/example_latest_only_with_trigger.py took 0.113 seconds
