[2025-10-09T23:47:35.577+0300] {processor.py:186} INFO - Started process (PID=44666) to work on /home/hsooni/cafe_sales_etl/venv/lib/python3.12/site-packages/airflow/example_dags/example_params_ui_tutorial.py
[2025-10-09T23:47:35.578+0300] {processor.py:914} INFO - Processing file /home/hsooni/cafe_sales_etl/venv/lib/python3.12/site-packages/airflow/example_dags/example_params_ui_tutorial.py for tasks to queue
[2025-10-09T23:47:35.584+0300] {logging_mixin.py:190} INFO - [2025-10-09T23:47:35.583+0300] {dagbag.py:588} INFO - Filling up the DagBag from /home/hsooni/cafe_sales_etl/venv/lib/python3.12/site-packages/airflow/example_dags/example_params_ui_tutorial.py
[2025-10-09T23:47:35.604+0300] {processor.py:925} INFO - DAG(s) 'example_params_ui_tutorial' retrieved from /home/hsooni/cafe_sales_etl/venv/lib/python3.12/site-packages/airflow/example_dags/example_params_ui_tutorial.py
[2025-10-09T23:47:35.879+0300] {logging_mixin.py:190} INFO - [2025-10-09T23:47:35.878+0300] {override.py:1900} INFO - Created Permission View: can delete on DAG:example_params_ui_tutorial
[2025-10-09T23:47:35.896+0300] {logging_mixin.py:190} INFO - [2025-10-09T23:47:35.896+0300] {override.py:1900} INFO - Created Permission View: can read on DAG:example_params_ui_tutorial
[2025-10-09T23:47:35.909+0300] {logging_mixin.py:190} INFO - [2025-10-09T23:47:35.909+0300] {override.py:1900} INFO - Created Permission View: can edit on DAG:example_params_ui_tutorial
[2025-10-09T23:47:35.933+0300] {logging_mixin.py:190} INFO - [2025-10-09T23:47:35.933+0300] {override.py:1900} INFO - Created Permission View: can delete on DAG Run:example_params_ui_tutorial
[2025-10-09T23:47:35.946+0300] {logging_mixin.py:190} INFO - [2025-10-09T23:47:35.946+0300] {override.py:1900} INFO - Created Permission View: can create on DAG Run:example_params_ui_tutorial
[2025-10-09T23:47:35.959+0300] {logging_mixin.py:190} INFO - [2025-10-09T23:47:35.959+0300] {override.py:1900} INFO - Created Permission View: can read on DAG Run:example_params_ui_tutorial
[2025-10-09T23:47:35.973+0300] {logging_mixin.py:190} INFO - [2025-10-09T23:47:35.972+0300] {override.py:1900} INFO - Created Permission View: menu access on DAG Run:example_params_ui_tutorial
[2025-10-09T23:47:35.973+0300] {logging_mixin.py:190} INFO - [2025-10-09T23:47:35.973+0300] {dag.py:3239} INFO - Sync 1 DAGs
[2025-10-09T23:47:35.987+0300] {logging_mixin.py:190} INFO - [2025-10-09T23:47:35.987+0300] {dag.py:3262} INFO - Creating ORM DAG for example_params_ui_tutorial
[2025-10-09T23:47:35.988+0300] {logging_mixin.py:190} INFO - [2025-10-09T23:47:35.987+0300] {dag.py:4180} INFO - Setting next_dagrun for example_params_ui_tutorial to None, run_after=None
[2025-10-09T23:47:36.014+0300] {processor.py:208} INFO - Processing /home/hsooni/cafe_sales_etl/venv/lib/python3.12/site-packages/airflow/example_dags/example_params_ui_tutorial.py took 0.443 seconds
[2025-10-09T23:49:11.517+0300] {processor.py:186} INFO - Started process (PID=45166) to work on /home/hsooni/cafe_sales_etl/venv/lib/python3.12/site-packages/airflow/example_dags/example_params_ui_tutorial.py
[2025-10-09T23:49:11.523+0300] {processor.py:914} INFO - Processing file /home/hsooni/cafe_sales_etl/venv/lib/python3.12/site-packages/airflow/example_dags/example_params_ui_tutorial.py for tasks to queue
[2025-10-09T23:49:11.526+0300] {logging_mixin.py:190} INFO - [2025-10-09T23:49:11.525+0300] {dagbag.py:588} INFO - Filling up the DagBag from /home/hsooni/cafe_sales_etl/venv/lib/python3.12/site-packages/airflow/example_dags/example_params_ui_tutorial.py
[2025-10-09T23:49:11.538+0300] {processor.py:925} INFO - DAG(s) 'example_params_ui_tutorial' retrieved from /home/hsooni/cafe_sales_etl/venv/lib/python3.12/site-packages/airflow/example_dags/example_params_ui_tutorial.py
[2025-10-09T23:49:11.599+0300] {logging_mixin.py:190} INFO - [2025-10-09T23:49:11.598+0300] {dag.py:3239} INFO - Sync 1 DAGs
[2025-10-09T23:49:11.614+0300] {logging_mixin.py:190} INFO - [2025-10-09T23:49:11.614+0300] {dag.py:4180} INFO - Setting next_dagrun for example_params_ui_tutorial to None, run_after=None
[2025-10-09T23:49:11.647+0300] {processor.py:208} INFO - Processing /home/hsooni/cafe_sales_etl/venv/lib/python3.12/site-packages/airflow/example_dags/example_params_ui_tutorial.py took 0.138 seconds
[2025-10-09T23:50:13.052+0300] {processor.py:186} INFO - Started process (PID=45620) to work on /home/hsooni/cafe_sales_etl/venv/lib/python3.12/site-packages/airflow/example_dags/example_params_ui_tutorial.py
[2025-10-09T23:50:13.059+0300] {processor.py:914} INFO - Processing file /home/hsooni/cafe_sales_etl/venv/lib/python3.12/site-packages/airflow/example_dags/example_params_ui_tutorial.py for tasks to queue
[2025-10-09T23:50:13.061+0300] {logging_mixin.py:190} INFO - [2025-10-09T23:50:13.061+0300] {dagbag.py:588} INFO - Filling up the DagBag from /home/hsooni/cafe_sales_etl/venv/lib/python3.12/site-packages/airflow/example_dags/example_params_ui_tutorial.py
[2025-10-09T23:50:13.073+0300] {processor.py:925} INFO - DAG(s) 'example_params_ui_tutorial' retrieved from /home/hsooni/cafe_sales_etl/venv/lib/python3.12/site-packages/airflow/example_dags/example_params_ui_tutorial.py
[2025-10-09T23:50:13.125+0300] {logging_mixin.py:190} INFO - [2025-10-09T23:50:13.124+0300] {dag.py:3239} INFO - Sync 1 DAGs
[2025-10-09T23:50:13.138+0300] {logging_mixin.py:190} INFO - [2025-10-09T23:50:13.138+0300] {dag.py:4180} INFO - Setting next_dagrun for example_params_ui_tutorial to None, run_after=None
[2025-10-09T23:50:13.168+0300] {processor.py:208} INFO - Processing /home/hsooni/cafe_sales_etl/venv/lib/python3.12/site-packages/airflow/example_dags/example_params_ui_tutorial.py took 0.124 seconds
[2025-10-09T23:51:10.329+0300] {processor.py:186} INFO - Started process (PID=45945) to work on /home/hsooni/cafe_sales_etl/venv/lib/python3.12/site-packages/airflow/example_dags/example_params_ui_tutorial.py
[2025-10-09T23:51:10.331+0300] {processor.py:914} INFO - Processing file /home/hsooni/cafe_sales_etl/venv/lib/python3.12/site-packages/airflow/example_dags/example_params_ui_tutorial.py for tasks to queue
[2025-10-09T23:51:10.334+0300] {logging_mixin.py:190} INFO - [2025-10-09T23:51:10.333+0300] {dagbag.py:588} INFO - Filling up the DagBag from /home/hsooni/cafe_sales_etl/venv/lib/python3.12/site-packages/airflow/example_dags/example_params_ui_tutorial.py
[2025-10-09T23:51:10.344+0300] {processor.py:925} INFO - DAG(s) 'example_params_ui_tutorial' retrieved from /home/hsooni/cafe_sales_etl/venv/lib/python3.12/site-packages/airflow/example_dags/example_params_ui_tutorial.py
[2025-10-09T23:51:10.404+0300] {logging_mixin.py:190} INFO - [2025-10-09T23:51:10.404+0300] {dag.py:3239} INFO - Sync 1 DAGs
[2025-10-09T23:51:10.419+0300] {logging_mixin.py:190} INFO - [2025-10-09T23:51:10.419+0300] {dag.py:4180} INFO - Setting next_dagrun for example_params_ui_tutorial to None, run_after=None
[2025-10-09T23:51:10.450+0300] {processor.py:208} INFO - Processing /home/hsooni/cafe_sales_etl/venv/lib/python3.12/site-packages/airflow/example_dags/example_params_ui_tutorial.py took 0.127 seconds
[2025-10-09T23:52:07.535+0300] {processor.py:186} INFO - Started process (PID=46310) to work on /home/hsooni/cafe_sales_etl/venv/lib/python3.12/site-packages/airflow/example_dags/example_params_ui_tutorial.py
[2025-10-09T23:52:07.541+0300] {processor.py:914} INFO - Processing file /home/hsooni/cafe_sales_etl/venv/lib/python3.12/site-packages/airflow/example_dags/example_params_ui_tutorial.py for tasks to queue
[2025-10-09T23:52:07.543+0300] {logging_mixin.py:190} INFO - [2025-10-09T23:52:07.542+0300] {dagbag.py:588} INFO - Filling up the DagBag from /home/hsooni/cafe_sales_etl/venv/lib/python3.12/site-packages/airflow/example_dags/example_params_ui_tutorial.py
[2025-10-09T23:52:07.553+0300] {processor.py:925} INFO - DAG(s) 'example_params_ui_tutorial' retrieved from /home/hsooni/cafe_sales_etl/venv/lib/python3.12/site-packages/airflow/example_dags/example_params_ui_tutorial.py
[2025-10-09T23:52:07.604+0300] {logging_mixin.py:190} INFO - [2025-10-09T23:52:07.604+0300] {dag.py:3239} INFO - Sync 1 DAGs
[2025-10-09T23:52:07.619+0300] {logging_mixin.py:190} INFO - [2025-10-09T23:52:07.619+0300] {dag.py:4180} INFO - Setting next_dagrun for example_params_ui_tutorial to None, run_after=None
[2025-10-09T23:52:07.648+0300] {processor.py:208} INFO - Processing /home/hsooni/cafe_sales_etl/venv/lib/python3.12/site-packages/airflow/example_dags/example_params_ui_tutorial.py took 0.120 seconds
[2025-10-09T23:53:03.228+0300] {processor.py:186} INFO - Started process (PID=46557) to work on /home/hsooni/cafe_sales_etl/venv/lib/python3.12/site-packages/airflow/example_dags/example_params_ui_tutorial.py
[2025-10-09T23:53:03.234+0300] {processor.py:914} INFO - Processing file /home/hsooni/cafe_sales_etl/venv/lib/python3.12/site-packages/airflow/example_dags/example_params_ui_tutorial.py for tasks to queue
[2025-10-09T23:53:03.236+0300] {logging_mixin.py:190} INFO - [2025-10-09T23:53:03.236+0300] {dagbag.py:588} INFO - Filling up the DagBag from /home/hsooni/cafe_sales_etl/venv/lib/python3.12/site-packages/airflow/example_dags/example_params_ui_tutorial.py
[2025-10-09T23:53:03.246+0300] {processor.py:925} INFO - DAG(s) 'example_params_ui_tutorial' retrieved from /home/hsooni/cafe_sales_etl/venv/lib/python3.12/site-packages/airflow/example_dags/example_params_ui_tutorial.py
[2025-10-09T23:53:03.302+0300] {logging_mixin.py:190} INFO - [2025-10-09T23:53:03.301+0300] {dag.py:3239} INFO - Sync 1 DAGs
[2025-10-09T23:53:03.318+0300] {logging_mixin.py:190} INFO - [2025-10-09T23:53:03.318+0300] {dag.py:4180} INFO - Setting next_dagrun for example_params_ui_tutorial to None, run_after=None
[2025-10-09T23:53:03.366+0300] {processor.py:208} INFO - Processing /home/hsooni/cafe_sales_etl/venv/lib/python3.12/site-packages/airflow/example_dags/example_params_ui_tutorial.py took 0.144 seconds
[2025-10-09T23:53:55.829+0300] {processor.py:186} INFO - Started process (PID=46892) to work on /home/hsooni/cafe_sales_etl/venv/lib/python3.12/site-packages/airflow/example_dags/example_params_ui_tutorial.py
[2025-10-09T23:53:55.835+0300] {processor.py:914} INFO - Processing file /home/hsooni/cafe_sales_etl/venv/lib/python3.12/site-packages/airflow/example_dags/example_params_ui_tutorial.py for tasks to queue
[2025-10-09T23:53:55.838+0300] {logging_mixin.py:190} INFO - [2025-10-09T23:53:55.838+0300] {dagbag.py:588} INFO - Filling up the DagBag from /home/hsooni/cafe_sales_etl/venv/lib/python3.12/site-packages/airflow/example_dags/example_params_ui_tutorial.py
[2025-10-09T23:53:55.853+0300] {processor.py:925} INFO - DAG(s) 'example_params_ui_tutorial' retrieved from /home/hsooni/cafe_sales_etl/venv/lib/python3.12/site-packages/airflow/example_dags/example_params_ui_tutorial.py
[2025-10-09T23:53:55.913+0300] {logging_mixin.py:190} INFO - [2025-10-09T23:53:55.913+0300] {dag.py:3239} INFO - Sync 1 DAGs
[2025-10-09T23:53:55.932+0300] {logging_mixin.py:190} INFO - [2025-10-09T23:53:55.932+0300] {dag.py:4180} INFO - Setting next_dagrun for example_params_ui_tutorial to None, run_after=None
[2025-10-09T23:53:55.965+0300] {processor.py:208} INFO - Processing /home/hsooni/cafe_sales_etl/venv/lib/python3.12/site-packages/airflow/example_dags/example_params_ui_tutorial.py took 0.143 seconds
[2025-10-09T23:54:57.652+0300] {processor.py:186} INFO - Started process (PID=47391) to work on /home/hsooni/cafe_sales_etl/venv/lib/python3.12/site-packages/airflow/example_dags/example_params_ui_tutorial.py
[2025-10-09T23:54:57.654+0300] {processor.py:914} INFO - Processing file /home/hsooni/cafe_sales_etl/venv/lib/python3.12/site-packages/airflow/example_dags/example_params_ui_tutorial.py for tasks to queue
[2025-10-09T23:54:57.656+0300] {logging_mixin.py:190} INFO - [2025-10-09T23:54:57.656+0300] {dagbag.py:588} INFO - Filling up the DagBag from /home/hsooni/cafe_sales_etl/venv/lib/python3.12/site-packages/airflow/example_dags/example_params_ui_tutorial.py
[2025-10-09T23:54:57.667+0300] {processor.py:925} INFO - DAG(s) 'example_params_ui_tutorial' retrieved from /home/hsooni/cafe_sales_etl/venv/lib/python3.12/site-packages/airflow/example_dags/example_params_ui_tutorial.py
[2025-10-09T23:54:57.719+0300] {logging_mixin.py:190} INFO - [2025-10-09T23:54:57.719+0300] {dag.py:3239} INFO - Sync 1 DAGs
[2025-10-09T23:54:57.733+0300] {logging_mixin.py:190} INFO - [2025-10-09T23:54:57.733+0300] {dag.py:4180} INFO - Setting next_dagrun for example_params_ui_tutorial to None, run_after=None
[2025-10-09T23:54:57.763+0300] {processor.py:208} INFO - Processing /home/hsooni/cafe_sales_etl/venv/lib/python3.12/site-packages/airflow/example_dags/example_params_ui_tutorial.py took 0.118 seconds
