[2025-10-09T23:47:44.710+0300] {processor.py:186} INFO - Started process (PID=44709) to work on /home/hsooni/cafe_sales_etl/venv/lib/python3.12/site-packages/airflow/example_dags/example_kubernetes_executor.py
[2025-10-09T23:47:44.711+0300] {processor.py:914} INFO - Processing file /home/hsooni/cafe_sales_etl/venv/lib/python3.12/site-packages/airflow/example_dags/example_kubernetes_executor.py for tasks to queue
[2025-10-09T23:47:44.713+0300] {logging_mixin.py:190} INFO - [2025-10-09T23:47:44.713+0300] {dagbag.py:588} INFO - Filling up the DagBag from /home/hsooni/cafe_sales_etl/venv/lib/python3.12/site-packages/airflow/example_dags/example_kubernetes_executor.py
[2025-10-09T23:47:44.716+0300] {logging_mixin.py:190} INFO - [2025-10-09T23:47:44.716+0300] {example_kubernetes_executor.py:39} WARNING - The example_kubernetes_executor example DAG requires the kubernetes provider. Please install it with: pip install apache-airflow[cncf.kubernetes]
[2025-10-09T23:47:44.716+0300] {processor.py:927} WARNING - No viable dags retrieved from /home/hsooni/cafe_sales_etl/venv/lib/python3.12/site-packages/airflow/example_dags/example_kubernetes_executor.py
[2025-10-09T23:47:44.727+0300] {processor.py:208} INFO - Processing /home/hsooni/cafe_sales_etl/venv/lib/python3.12/site-packages/airflow/example_dags/example_kubernetes_executor.py took 0.023 seconds
[2025-10-09T23:49:19.195+0300] {processor.py:186} INFO - Started process (PID=45189) to work on /home/hsooni/cafe_sales_etl/venv/lib/python3.12/site-packages/airflow/example_dags/example_kubernetes_executor.py
[2025-10-09T23:49:19.196+0300] {processor.py:914} INFO - Processing file /home/hsooni/cafe_sales_etl/venv/lib/python3.12/site-packages/airflow/example_dags/example_kubernetes_executor.py for tasks to queue
[2025-10-09T23:49:19.199+0300] {logging_mixin.py:190} INFO - [2025-10-09T23:49:19.198+0300] {dagbag.py:588} INFO - Filling up the DagBag from /home/hsooni/cafe_sales_etl/venv/lib/python3.12/site-packages/airflow/example_dags/example_kubernetes_executor.py
[2025-10-09T23:49:19.202+0300] {logging_mixin.py:190} INFO - [2025-10-09T23:49:19.202+0300] {example_kubernetes_executor.py:39} WARNING - The example_kubernetes_executor example DAG requires the kubernetes provider. Please install it with: pip install apache-airflow[cncf.kubernetes]
[2025-10-09T23:49:19.203+0300] {processor.py:927} WARNING - No viable dags retrieved from /home/hsooni/cafe_sales_etl/venv/lib/python3.12/site-packages/airflow/example_dags/example_kubernetes_executor.py
[2025-10-09T23:49:19.215+0300] {processor.py:208} INFO - Processing /home/hsooni/cafe_sales_etl/venv/lib/python3.12/site-packages/airflow/example_dags/example_kubernetes_executor.py took 0.028 seconds
[2025-10-09T23:50:19.865+0300] {processor.py:186} INFO - Started process (PID=45649) to work on /home/hsooni/cafe_sales_etl/venv/lib/python3.12/site-packages/airflow/example_dags/example_kubernetes_executor.py
[2025-10-09T23:50:19.871+0300] {processor.py:914} INFO - Processing file /home/hsooni/cafe_sales_etl/venv/lib/python3.12/site-packages/airflow/example_dags/example_kubernetes_executor.py for tasks to queue
[2025-10-09T23:50:19.873+0300] {logging_mixin.py:190} INFO - [2025-10-09T23:50:19.873+0300] {dagbag.py:588} INFO - Filling up the DagBag from /home/hsooni/cafe_sales_etl/venv/lib/python3.12/site-packages/airflow/example_dags/example_kubernetes_executor.py
[2025-10-09T23:50:19.876+0300] {logging_mixin.py:190} INFO - [2025-10-09T23:50:19.875+0300] {example_kubernetes_executor.py:39} WARNING - The example_kubernetes_executor example DAG requires the kubernetes provider. Please install it with: pip install apache-airflow[cncf.kubernetes]
[2025-10-09T23:50:19.876+0300] {processor.py:927} WARNING - No viable dags retrieved from /home/hsooni/cafe_sales_etl/venv/lib/python3.12/site-packages/airflow/example_dags/example_kubernetes_executor.py
[2025-10-09T23:50:19.887+0300] {processor.py:208} INFO - Processing /home/hsooni/cafe_sales_etl/venv/lib/python3.12/site-packages/airflow/example_dags/example_kubernetes_executor.py took 0.029 seconds
[2025-10-09T23:51:17.216+0300] {processor.py:186} INFO - Started process (PID=45982) to work on /home/hsooni/cafe_sales_etl/venv/lib/python3.12/site-packages/airflow/example_dags/example_kubernetes_executor.py
[2025-10-09T23:51:17.222+0300] {processor.py:914} INFO - Processing file /home/hsooni/cafe_sales_etl/venv/lib/python3.12/site-packages/airflow/example_dags/example_kubernetes_executor.py for tasks to queue
[2025-10-09T23:51:17.224+0300] {logging_mixin.py:190} INFO - [2025-10-09T23:51:17.224+0300] {dagbag.py:588} INFO - Filling up the DagBag from /home/hsooni/cafe_sales_etl/venv/lib/python3.12/site-packages/airflow/example_dags/example_kubernetes_executor.py
[2025-10-09T23:51:17.227+0300] {logging_mixin.py:190} INFO - [2025-10-09T23:51:17.227+0300] {example_kubernetes_executor.py:39} WARNING - The example_kubernetes_executor example DAG requires the kubernetes provider. Please install it with: pip install apache-airflow[cncf.kubernetes]
[2025-10-09T23:51:17.228+0300] {processor.py:927} WARNING - No viable dags retrieved from /home/hsooni/cafe_sales_etl/venv/lib/python3.12/site-packages/airflow/example_dags/example_kubernetes_executor.py
[2025-10-09T23:51:17.239+0300] {processor.py:208} INFO - Processing /home/hsooni/cafe_sales_etl/venv/lib/python3.12/site-packages/airflow/example_dags/example_kubernetes_executor.py took 0.029 seconds
[2025-10-09T23:52:15.177+0300] {processor.py:186} INFO - Started process (PID=46350) to work on /home/hsooni/cafe_sales_etl/venv/lib/python3.12/site-packages/airflow/example_dags/example_kubernetes_executor.py
[2025-10-09T23:52:15.183+0300] {processor.py:914} INFO - Processing file /home/hsooni/cafe_sales_etl/venv/lib/python3.12/site-packages/airflow/example_dags/example_kubernetes_executor.py for tasks to queue
[2025-10-09T23:52:15.185+0300] {logging_mixin.py:190} INFO - [2025-10-09T23:52:15.185+0300] {dagbag.py:588} INFO - Filling up the DagBag from /home/hsooni/cafe_sales_etl/venv/lib/python3.12/site-packages/airflow/example_dags/example_kubernetes_executor.py
[2025-10-09T23:52:15.188+0300] {logging_mixin.py:190} INFO - [2025-10-09T23:52:15.188+0300] {example_kubernetes_executor.py:39} WARNING - The example_kubernetes_executor example DAG requires the kubernetes provider. Please install it with: pip install apache-airflow[cncf.kubernetes]
[2025-10-09T23:52:15.189+0300] {processor.py:927} WARNING - No viable dags retrieved from /home/hsooni/cafe_sales_etl/venv/lib/python3.12/site-packages/airflow/example_dags/example_kubernetes_executor.py
[2025-10-09T23:52:15.200+0300] {processor.py:208} INFO - Processing /home/hsooni/cafe_sales_etl/venv/lib/python3.12/site-packages/airflow/example_dags/example_kubernetes_executor.py took 0.029 seconds
[2025-10-09T23:53:10.693+0300] {processor.py:186} INFO - Started process (PID=46592) to work on /home/hsooni/cafe_sales_etl/venv/lib/python3.12/site-packages/airflow/example_dags/example_kubernetes_executor.py
[2025-10-09T23:53:10.699+0300] {processor.py:914} INFO - Processing file /home/hsooni/cafe_sales_etl/venv/lib/python3.12/site-packages/airflow/example_dags/example_kubernetes_executor.py for tasks to queue
[2025-10-09T23:53:10.701+0300] {logging_mixin.py:190} INFO - [2025-10-09T23:53:10.700+0300] {dagbag.py:588} INFO - Filling up the DagBag from /home/hsooni/cafe_sales_etl/venv/lib/python3.12/site-packages/airflow/example_dags/example_kubernetes_executor.py
[2025-10-09T23:53:10.703+0300] {logging_mixin.py:190} INFO - [2025-10-09T23:53:10.703+0300] {example_kubernetes_executor.py:39} WARNING - The example_kubernetes_executor example DAG requires the kubernetes provider. Please install it with: pip install apache-airflow[cncf.kubernetes]
[2025-10-09T23:53:10.704+0300] {processor.py:927} WARNING - No viable dags retrieved from /home/hsooni/cafe_sales_etl/venv/lib/python3.12/site-packages/airflow/example_dags/example_kubernetes_executor.py
[2025-10-09T23:53:10.714+0300] {processor.py:208} INFO - Processing /home/hsooni/cafe_sales_etl/venv/lib/python3.12/site-packages/airflow/example_dags/example_kubernetes_executor.py took 0.028 seconds
[2025-10-09T23:54:03.474+0300] {processor.py:186} INFO - Started process (PID=46976) to work on /home/hsooni/cafe_sales_etl/venv/lib/python3.12/site-packages/airflow/example_dags/example_kubernetes_executor.py
[2025-10-09T23:54:03.484+0300] {processor.py:914} INFO - Processing file /home/hsooni/cafe_sales_etl/venv/lib/python3.12/site-packages/airflow/example_dags/example_kubernetes_executor.py for tasks to queue
[2025-10-09T23:54:03.492+0300] {logging_mixin.py:190} INFO - [2025-10-09T23:54:03.491+0300] {dagbag.py:588} INFO - Filling up the DagBag from /home/hsooni/cafe_sales_etl/venv/lib/python3.12/site-packages/airflow/example_dags/example_kubernetes_executor.py
[2025-10-09T23:54:03.502+0300] {logging_mixin.py:190} INFO - [2025-10-09T23:54:03.502+0300] {example_kubernetes_executor.py:39} WARNING - The example_kubernetes_executor example DAG requires the kubernetes provider. Please install it with: pip install apache-airflow[cncf.kubernetes]
[2025-10-09T23:54:03.503+0300] {processor.py:927} WARNING - No viable dags retrieved from /home/hsooni/cafe_sales_etl/venv/lib/python3.12/site-packages/airflow/example_dags/example_kubernetes_executor.py
[2025-10-09T23:54:03.516+0300] {processor.py:208} INFO - Processing /home/hsooni/cafe_sales_etl/venv/lib/python3.12/site-packages/airflow/example_dags/example_kubernetes_executor.py took 0.049 seconds
[2025-10-09T23:55:05.786+0300] {processor.py:186} INFO - Started process (PID=47436) to work on /home/hsooni/cafe_sales_etl/venv/lib/python3.12/site-packages/airflow/example_dags/example_kubernetes_executor.py
[2025-10-09T23:55:05.792+0300] {processor.py:914} INFO - Processing file /home/hsooni/cafe_sales_etl/venv/lib/python3.12/site-packages/airflow/example_dags/example_kubernetes_executor.py for tasks to queue
[2025-10-09T23:55:05.795+0300] {logging_mixin.py:190} INFO - [2025-10-09T23:55:05.795+0300] {dagbag.py:588} INFO - Filling up the DagBag from /home/hsooni/cafe_sales_etl/venv/lib/python3.12/site-packages/airflow/example_dags/example_kubernetes_executor.py
[2025-10-09T23:55:05.798+0300] {logging_mixin.py:190} INFO - [2025-10-09T23:55:05.798+0300] {example_kubernetes_executor.py:39} WARNING - The example_kubernetes_executor example DAG requires the kubernetes provider. Please install it with: pip install apache-airflow[cncf.kubernetes]
[2025-10-09T23:55:05.799+0300] {processor.py:927} WARNING - No viable dags retrieved from /home/hsooni/cafe_sales_etl/venv/lib/python3.12/site-packages/airflow/example_dags/example_kubernetes_executor.py
[2025-10-09T23:55:05.812+0300] {processor.py:208} INFO - Processing /home/hsooni/cafe_sales_etl/venv/lib/python3.12/site-packages/airflow/example_dags/example_kubernetes_executor.py took 0.033 seconds
