[2025-10-09T23:47:51.667+0300] {processor.py:186} INFO - Started process (PID=44742) to work on /home/hsooni/cafe_sales_etl/venv/lib/python3.12/site-packages/airflow/example_dags/example_datasets.py
[2025-10-09T23:47:51.668+0300] {processor.py:914} INFO - Processing file /home/hsooni/cafe_sales_etl/venv/lib/python3.12/site-packages/airflow/example_dags/example_datasets.py for tasks to queue
[2025-10-09T23:47:51.671+0300] {logging_mixin.py:190} INFO - [2025-10-09T23:47:51.670+0300] {dagbag.py:588} INFO - Filling up the DagBag from /home/hsooni/cafe_sales_etl/venv/lib/python3.12/site-packages/airflow/example_dags/example_datasets.py
[2025-10-09T23:47:51.690+0300] {processor.py:925} INFO - DAG(s) 'dataset_produces_1', 'dataset_consumes_1_and_2', 'consume_1_or_2_with_dataset_expressions', 'consume_1_and_2_with_dataset_expressions', 'dataset_consumes_unknown_never_scheduled', 'dataset_consumes_1_never_scheduled', 'consume_1_or_both_2_and_3_with_dataset_expressions', 'conditional_dataset_and_time_based_timetable', 'dataset_produces_2', 'dataset_consumes_1' retrieved from /home/hsooni/cafe_sales_etl/venv/lib/python3.12/site-packages/airflow/example_dags/example_datasets.py
[2025-10-09T23:47:51.818+0300] {logging_mixin.py:190} INFO - [2025-10-09T23:47:51.817+0300] {override.py:1900} INFO - Created Permission View: can delete on DAG:dataset_produces_1
[2025-10-09T23:47:51.835+0300] {logging_mixin.py:190} INFO - [2025-10-09T23:47:51.834+0300] {override.py:1900} INFO - Created Permission View: can read on DAG:dataset_produces_1
[2025-10-09T23:47:51.848+0300] {logging_mixin.py:190} INFO - [2025-10-09T23:47:51.848+0300] {override.py:1900} INFO - Created Permission View: can edit on DAG:dataset_produces_1
[2025-10-09T23:47:51.870+0300] {logging_mixin.py:190} INFO - [2025-10-09T23:47:51.869+0300] {override.py:1900} INFO - Created Permission View: can delete on DAG Run:dataset_produces_1
[2025-10-09T23:47:51.883+0300] {logging_mixin.py:190} INFO - [2025-10-09T23:47:51.882+0300] {override.py:1900} INFO - Created Permission View: can create on DAG Run:dataset_produces_1
[2025-10-09T23:47:51.900+0300] {logging_mixin.py:190} INFO - [2025-10-09T23:47:51.900+0300] {override.py:1900} INFO - Created Permission View: can read on DAG Run:dataset_produces_1
[2025-10-09T23:47:51.922+0300] {logging_mixin.py:190} INFO - [2025-10-09T23:47:51.921+0300] {override.py:1900} INFO - Created Permission View: menu access on DAG Run:dataset_produces_1
[2025-10-09T23:47:51.958+0300] {logging_mixin.py:190} INFO - [2025-10-09T23:47:51.958+0300] {override.py:1900} INFO - Created Permission View: can delete on DAG:dataset_consumes_1_and_2
[2025-10-09T23:47:51.986+0300] {logging_mixin.py:190} INFO - [2025-10-09T23:47:51.985+0300] {override.py:1900} INFO - Created Permission View: can read on DAG:dataset_consumes_1_and_2
[2025-10-09T23:47:52.000+0300] {logging_mixin.py:190} INFO - [2025-10-09T23:47:51.999+0300] {override.py:1900} INFO - Created Permission View: can edit on DAG:dataset_consumes_1_and_2
[2025-10-09T23:47:52.021+0300] {logging_mixin.py:190} INFO - [2025-10-09T23:47:52.021+0300] {override.py:1900} INFO - Created Permission View: can delete on DAG Run:dataset_consumes_1_and_2
[2025-10-09T23:47:52.034+0300] {logging_mixin.py:190} INFO - [2025-10-09T23:47:52.034+0300] {override.py:1900} INFO - Created Permission View: can create on DAG Run:dataset_consumes_1_and_2
[2025-10-09T23:47:52.052+0300] {logging_mixin.py:190} INFO - [2025-10-09T23:47:52.051+0300] {override.py:1900} INFO - Created Permission View: can read on DAG Run:dataset_consumes_1_and_2
[2025-10-09T23:47:52.067+0300] {logging_mixin.py:190} INFO - [2025-10-09T23:47:52.067+0300] {override.py:1900} INFO - Created Permission View: menu access on DAG Run:dataset_consumes_1_and_2
[2025-10-09T23:47:52.094+0300] {logging_mixin.py:190} INFO - [2025-10-09T23:47:52.093+0300] {override.py:1900} INFO - Created Permission View: can delete on DAG:consume_1_or_2_with_dataset_expressions
[2025-10-09T23:47:52.107+0300] {logging_mixin.py:190} INFO - [2025-10-09T23:47:52.107+0300] {override.py:1900} INFO - Created Permission View: can read on DAG:consume_1_or_2_with_dataset_expressions
[2025-10-09T23:47:52.120+0300] {logging_mixin.py:190} INFO - [2025-10-09T23:47:52.120+0300] {override.py:1900} INFO - Created Permission View: can edit on DAG:consume_1_or_2_with_dataset_expressions
[2025-10-09T23:47:52.143+0300] {logging_mixin.py:190} INFO - [2025-10-09T23:47:52.143+0300] {override.py:1900} INFO - Created Permission View: can delete on DAG Run:consume_1_or_2_with_dataset_expressions
[2025-10-09T23:47:52.159+0300] {logging_mixin.py:190} INFO - [2025-10-09T23:47:52.159+0300] {override.py:1900} INFO - Created Permission View: can create on DAG Run:consume_1_or_2_with_dataset_expressions
[2025-10-09T23:47:52.173+0300] {logging_mixin.py:190} INFO - [2025-10-09T23:47:52.173+0300] {override.py:1900} INFO - Created Permission View: can read on DAG Run:consume_1_or_2_with_dataset_expressions
[2025-10-09T23:47:52.186+0300] {logging_mixin.py:190} INFO - [2025-10-09T23:47:52.186+0300] {override.py:1900} INFO - Created Permission View: menu access on DAG Run:consume_1_or_2_with_dataset_expressions
[2025-10-09T23:47:52.212+0300] {logging_mixin.py:190} INFO - [2025-10-09T23:47:52.212+0300] {override.py:1900} INFO - Created Permission View: can delete on DAG:consume_1_and_2_with_dataset_expressions
[2025-10-09T23:47:52.225+0300] {logging_mixin.py:190} INFO - [2025-10-09T23:47:52.224+0300] {override.py:1900} INFO - Created Permission View: can read on DAG:consume_1_and_2_with_dataset_expressions
[2025-10-09T23:47:52.238+0300] {logging_mixin.py:190} INFO - [2025-10-09T23:47:52.237+0300] {override.py:1900} INFO - Created Permission View: can edit on DAG:consume_1_and_2_with_dataset_expressions
[2025-10-09T23:47:52.260+0300] {logging_mixin.py:190} INFO - [2025-10-09T23:47:52.260+0300] {override.py:1900} INFO - Created Permission View: can delete on DAG Run:consume_1_and_2_with_dataset_expressions
[2025-10-09T23:47:52.286+0300] {logging_mixin.py:190} INFO - [2025-10-09T23:47:52.285+0300] {override.py:1900} INFO - Created Permission View: can create on DAG Run:consume_1_and_2_with_dataset_expressions
[2025-10-09T23:47:52.299+0300] {logging_mixin.py:190} INFO - [2025-10-09T23:47:52.298+0300] {override.py:1900} INFO - Created Permission View: can read on DAG Run:consume_1_and_2_with_dataset_expressions
[2025-10-09T23:47:52.311+0300] {logging_mixin.py:190} INFO - [2025-10-09T23:47:52.311+0300] {override.py:1900} INFO - Created Permission View: menu access on DAG Run:consume_1_and_2_with_dataset_expressions
[2025-10-09T23:47:52.339+0300] {logging_mixin.py:190} INFO - [2025-10-09T23:47:52.338+0300] {override.py:1900} INFO - Created Permission View: can delete on DAG:dataset_consumes_unknown_never_scheduled
[2025-10-09T23:47:52.353+0300] {logging_mixin.py:190} INFO - [2025-10-09T23:47:52.352+0300] {override.py:1900} INFO - Created Permission View: can read on DAG:dataset_consumes_unknown_never_scheduled
[2025-10-09T23:47:52.366+0300] {logging_mixin.py:190} INFO - [2025-10-09T23:47:52.365+0300] {override.py:1900} INFO - Created Permission View: can edit on DAG:dataset_consumes_unknown_never_scheduled
[2025-10-09T23:47:52.390+0300] {logging_mixin.py:190} INFO - [2025-10-09T23:47:52.389+0300] {override.py:1900} INFO - Created Permission View: can delete on DAG Run:dataset_consumes_unknown_never_scheduled
[2025-10-09T23:47:52.404+0300] {logging_mixin.py:190} INFO - [2025-10-09T23:47:52.404+0300] {override.py:1900} INFO - Created Permission View: can create on DAG Run:dataset_consumes_unknown_never_scheduled
[2025-10-09T23:47:52.418+0300] {logging_mixin.py:190} INFO - [2025-10-09T23:47:52.417+0300] {override.py:1900} INFO - Created Permission View: can read on DAG Run:dataset_consumes_unknown_never_scheduled
[2025-10-09T23:47:52.431+0300] {logging_mixin.py:190} INFO - [2025-10-09T23:47:52.430+0300] {override.py:1900} INFO - Created Permission View: menu access on DAG Run:dataset_consumes_unknown_never_scheduled
[2025-10-09T23:47:52.457+0300] {logging_mixin.py:190} INFO - [2025-10-09T23:47:52.457+0300] {override.py:1900} INFO - Created Permission View: can delete on DAG:dataset_consumes_1_never_scheduled
[2025-10-09T23:47:52.470+0300] {logging_mixin.py:190} INFO - [2025-10-09T23:47:52.470+0300] {override.py:1900} INFO - Created Permission View: can read on DAG:dataset_consumes_1_never_scheduled
[2025-10-09T23:47:52.483+0300] {logging_mixin.py:190} INFO - [2025-10-09T23:47:52.483+0300] {override.py:1900} INFO - Created Permission View: can edit on DAG:dataset_consumes_1_never_scheduled
[2025-10-09T23:47:52.506+0300] {logging_mixin.py:190} INFO - [2025-10-09T23:47:52.506+0300] {override.py:1900} INFO - Created Permission View: can delete on DAG Run:dataset_consumes_1_never_scheduled
[2025-10-09T23:47:52.519+0300] {logging_mixin.py:190} INFO - [2025-10-09T23:47:52.519+0300] {override.py:1900} INFO - Created Permission View: can create on DAG Run:dataset_consumes_1_never_scheduled
[2025-10-09T23:47:52.533+0300] {logging_mixin.py:190} INFO - [2025-10-09T23:47:52.532+0300] {override.py:1900} INFO - Created Permission View: can read on DAG Run:dataset_consumes_1_never_scheduled
[2025-10-09T23:47:52.546+0300] {logging_mixin.py:190} INFO - [2025-10-09T23:47:52.546+0300] {override.py:1900} INFO - Created Permission View: menu access on DAG Run:dataset_consumes_1_never_scheduled
[2025-10-09T23:47:52.573+0300] {logging_mixin.py:190} INFO - [2025-10-09T23:47:52.573+0300] {override.py:1900} INFO - Created Permission View: can delete on DAG:consume_1_or_both_2_and_3_with_dataset_expressions
[2025-10-09T23:47:52.587+0300] {logging_mixin.py:190} INFO - [2025-10-09T23:47:52.586+0300] {override.py:1900} INFO - Created Permission View: can read on DAG:consume_1_or_both_2_and_3_with_dataset_expressions
[2025-10-09T23:47:52.600+0300] {logging_mixin.py:190} INFO - [2025-10-09T23:47:52.599+0300] {override.py:1900} INFO - Created Permission View: can edit on DAG:consume_1_or_both_2_and_3_with_dataset_expressions
[2025-10-09T23:47:52.622+0300] {logging_mixin.py:190} INFO - [2025-10-09T23:47:52.621+0300] {override.py:1900} INFO - Created Permission View: can delete on DAG Run:consume_1_or_both_2_and_3_with_dataset_expressions
[2025-10-09T23:47:52.635+0300] {logging_mixin.py:190} INFO - [2025-10-09T23:47:52.634+0300] {override.py:1900} INFO - Created Permission View: can create on DAG Run:consume_1_or_both_2_and_3_with_dataset_expressions
[2025-10-09T23:47:52.647+0300] {logging_mixin.py:190} INFO - [2025-10-09T23:47:52.647+0300] {override.py:1900} INFO - Created Permission View: can read on DAG Run:consume_1_or_both_2_and_3_with_dataset_expressions
[2025-10-09T23:47:52.660+0300] {logging_mixin.py:190} INFO - [2025-10-09T23:47:52.659+0300] {override.py:1900} INFO - Created Permission View: menu access on DAG Run:consume_1_or_both_2_and_3_with_dataset_expressions
[2025-10-09T23:47:52.685+0300] {logging_mixin.py:190} INFO - [2025-10-09T23:47:52.685+0300] {override.py:1900} INFO - Created Permission View: can delete on DAG:conditional_dataset_and_time_based_timetable
[2025-10-09T23:47:52.698+0300] {logging_mixin.py:190} INFO - [2025-10-09T23:47:52.698+0300] {override.py:1900} INFO - Created Permission View: can read on DAG:conditional_dataset_and_time_based_timetable
[2025-10-09T23:47:52.711+0300] {logging_mixin.py:190} INFO - [2025-10-09T23:47:52.710+0300] {override.py:1900} INFO - Created Permission View: can edit on DAG:conditional_dataset_and_time_based_timetable
[2025-10-09T23:47:52.732+0300] {logging_mixin.py:190} INFO - [2025-10-09T23:47:52.732+0300] {override.py:1900} INFO - Created Permission View: can delete on DAG Run:conditional_dataset_and_time_based_timetable
[2025-10-09T23:47:52.745+0300] {logging_mixin.py:190} INFO - [2025-10-09T23:47:52.744+0300] {override.py:1900} INFO - Created Permission View: can create on DAG Run:conditional_dataset_and_time_based_timetable
[2025-10-09T23:47:52.758+0300] {logging_mixin.py:190} INFO - [2025-10-09T23:47:52.758+0300] {override.py:1900} INFO - Created Permission View: can read on DAG Run:conditional_dataset_and_time_based_timetable
[2025-10-09T23:47:52.771+0300] {logging_mixin.py:190} INFO - [2025-10-09T23:47:52.771+0300] {override.py:1900} INFO - Created Permission View: menu access on DAG Run:conditional_dataset_and_time_based_timetable
[2025-10-09T23:47:52.796+0300] {logging_mixin.py:190} INFO - [2025-10-09T23:47:52.796+0300] {override.py:1900} INFO - Created Permission View: can delete on DAG:dataset_produces_2
[2025-10-09T23:47:52.809+0300] {logging_mixin.py:190} INFO - [2025-10-09T23:47:52.808+0300] {override.py:1900} INFO - Created Permission View: can read on DAG:dataset_produces_2
[2025-10-09T23:47:52.821+0300] {logging_mixin.py:190} INFO - [2025-10-09T23:47:52.821+0300] {override.py:1900} INFO - Created Permission View: can edit on DAG:dataset_produces_2
[2025-10-09T23:47:52.843+0300] {logging_mixin.py:190} INFO - [2025-10-09T23:47:52.842+0300] {override.py:1900} INFO - Created Permission View: can delete on DAG Run:dataset_produces_2
[2025-10-09T23:47:52.855+0300] {logging_mixin.py:190} INFO - [2025-10-09T23:47:52.855+0300] {override.py:1900} INFO - Created Permission View: can create on DAG Run:dataset_produces_2
[2025-10-09T23:47:52.868+0300] {logging_mixin.py:190} INFO - [2025-10-09T23:47:52.868+0300] {override.py:1900} INFO - Created Permission View: can read on DAG Run:dataset_produces_2
[2025-10-09T23:47:52.883+0300] {logging_mixin.py:190} INFO - [2025-10-09T23:47:52.883+0300] {override.py:1900} INFO - Created Permission View: menu access on DAG Run:dataset_produces_2
[2025-10-09T23:47:52.909+0300] {logging_mixin.py:190} INFO - [2025-10-09T23:47:52.909+0300] {override.py:1900} INFO - Created Permission View: can delete on DAG:dataset_consumes_1
[2025-10-09T23:47:52.952+0300] {logging_mixin.py:190} INFO - [2025-10-09T23:47:52.951+0300] {override.py:1900} INFO - Created Permission View: can read on DAG:dataset_consumes_1
[2025-10-09T23:47:52.969+0300] {logging_mixin.py:190} INFO - [2025-10-09T23:47:52.969+0300] {override.py:1900} INFO - Created Permission View: can edit on DAG:dataset_consumes_1
[2025-10-09T23:47:52.991+0300] {logging_mixin.py:190} INFO - [2025-10-09T23:47:52.991+0300] {override.py:1900} INFO - Created Permission View: can delete on DAG Run:dataset_consumes_1
[2025-10-09T23:47:53.006+0300] {logging_mixin.py:190} INFO - [2025-10-09T23:47:53.006+0300] {override.py:1900} INFO - Created Permission View: can create on DAG Run:dataset_consumes_1
[2025-10-09T23:47:53.020+0300] {logging_mixin.py:190} INFO - [2025-10-09T23:47:53.020+0300] {override.py:1900} INFO - Created Permission View: can read on DAG Run:dataset_consumes_1
[2025-10-09T23:47:53.064+0300] {logging_mixin.py:190} INFO - [2025-10-09T23:47:53.064+0300] {override.py:1900} INFO - Created Permission View: menu access on DAG Run:dataset_consumes_1
[2025-10-09T23:47:53.065+0300] {logging_mixin.py:190} INFO - [2025-10-09T23:47:53.064+0300] {dag.py:3239} INFO - Sync 10 DAGs
[2025-10-09T23:47:53.079+0300] {logging_mixin.py:190} INFO - [2025-10-09T23:47:53.078+0300] {dag.py:3262} INFO - Creating ORM DAG for dataset_consumes_1
[2025-10-09T23:47:53.079+0300] {logging_mixin.py:190} INFO - [2025-10-09T23:47:53.079+0300] {dag.py:3262} INFO - Creating ORM DAG for dataset_produces_1
[2025-10-09T23:47:53.080+0300] {logging_mixin.py:190} INFO - [2025-10-09T23:47:53.080+0300] {dag.py:3262} INFO - Creating ORM DAG for consume_1_or_both_2_and_3_with_dataset_expressions
[2025-10-09T23:47:53.081+0300] {logging_mixin.py:190} INFO - [2025-10-09T23:47:53.080+0300] {dag.py:3262} INFO - Creating ORM DAG for consume_1_and_2_with_dataset_expressions
[2025-10-09T23:47:53.081+0300] {logging_mixin.py:190} INFO - [2025-10-09T23:47:53.081+0300] {dag.py:3262} INFO - Creating ORM DAG for dataset_consumes_unknown_never_scheduled
[2025-10-09T23:47:53.082+0300] {logging_mixin.py:190} INFO - [2025-10-09T23:47:53.082+0300] {dag.py:3262} INFO - Creating ORM DAG for consume_1_or_2_with_dataset_expressions
[2025-10-09T23:47:53.082+0300] {logging_mixin.py:190} INFO - [2025-10-09T23:47:53.082+0300] {dag.py:3262} INFO - Creating ORM DAG for dataset_consumes_1_never_scheduled
[2025-10-09T23:47:53.083+0300] {logging_mixin.py:190} INFO - [2025-10-09T23:47:53.083+0300] {dag.py:3262} INFO - Creating ORM DAG for dataset_produces_2
[2025-10-09T23:47:53.084+0300] {logging_mixin.py:190} INFO - [2025-10-09T23:47:53.083+0300] {dag.py:3262} INFO - Creating ORM DAG for dataset_consumes_1_and_2
[2025-10-09T23:47:53.084+0300] {logging_mixin.py:190} INFO - [2025-10-09T23:47:53.084+0300] {dag.py:3262} INFO - Creating ORM DAG for conditional_dataset_and_time_based_timetable
[2025-10-09T23:47:53.096+0300] {logging_mixin.py:190} INFO - [2025-10-09T23:47:53.095+0300] {dag.py:4180} INFO - Setting next_dagrun for conditional_dataset_and_time_based_timetable to 2025-10-08 01:00:00+00:00, run_after=2025-10-08 01:00:00+00:00
[2025-10-09T23:47:53.096+0300] {logging_mixin.py:190} INFO - [2025-10-09T23:47:53.096+0300] {dag.py:4180} INFO - Setting next_dagrun for consume_1_and_2_with_dataset_expressions to None, run_after=None
[2025-10-09T23:47:53.097+0300] {logging_mixin.py:190} INFO - [2025-10-09T23:47:53.097+0300] {dag.py:4180} INFO - Setting next_dagrun for consume_1_or_2_with_dataset_expressions to None, run_after=None
[2025-10-09T23:47:53.097+0300] {logging_mixin.py:190} INFO - [2025-10-09T23:47:53.097+0300] {dag.py:4180} INFO - Setting next_dagrun for consume_1_or_both_2_and_3_with_dataset_expressions to None, run_after=None
[2025-10-09T23:47:53.098+0300] {logging_mixin.py:190} INFO - [2025-10-09T23:47:53.098+0300] {dag.py:4180} INFO - Setting next_dagrun for dataset_consumes_1 to None, run_after=None
[2025-10-09T23:47:53.098+0300] {logging_mixin.py:190} INFO - [2025-10-09T23:47:53.098+0300] {dag.py:4180} INFO - Setting next_dagrun for dataset_consumes_1_and_2 to None, run_after=None
[2025-10-09T23:47:53.099+0300] {logging_mixin.py:190} INFO - [2025-10-09T23:47:53.099+0300] {dag.py:4180} INFO - Setting next_dagrun for dataset_consumes_1_never_scheduled to None, run_after=None
[2025-10-09T23:47:53.099+0300] {logging_mixin.py:190} INFO - [2025-10-09T23:47:53.099+0300] {dag.py:4180} INFO - Setting next_dagrun for dataset_consumes_unknown_never_scheduled to None, run_after=None
[2025-10-09T23:47:53.102+0300] {logging_mixin.py:190} INFO - [2025-10-09T23:47:53.101+0300] {dag.py:4180} INFO - Setting next_dagrun for dataset_produces_1 to 2025-10-08 00:00:00+00:00, run_after=2025-10-09 00:00:00+00:00
[2025-10-09T23:47:53.102+0300] {logging_mixin.py:190} INFO - [2025-10-09T23:47:53.102+0300] {dag.py:4180} INFO - Setting next_dagrun for dataset_produces_2 to None, run_after=None
[2025-10-09T23:47:53.140+0300] {processor.py:208} INFO - Processing /home/hsooni/cafe_sales_etl/venv/lib/python3.12/site-packages/airflow/example_dags/example_datasets.py took 1.480 seconds
[2025-10-09T23:49:25.422+0300] {processor.py:186} INFO - Started process (PID=45251) to work on /home/hsooni/cafe_sales_etl/venv/lib/python3.12/site-packages/airflow/example_dags/example_datasets.py
[2025-10-09T23:49:25.423+0300] {processor.py:914} INFO - Processing file /home/hsooni/cafe_sales_etl/venv/lib/python3.12/site-packages/airflow/example_dags/example_datasets.py for tasks to queue
[2025-10-09T23:49:25.426+0300] {logging_mixin.py:190} INFO - [2025-10-09T23:49:25.425+0300] {dagbag.py:588} INFO - Filling up the DagBag from /home/hsooni/cafe_sales_etl/venv/lib/python3.12/site-packages/airflow/example_dags/example_datasets.py
[2025-10-09T23:49:25.444+0300] {processor.py:925} INFO - DAG(s) 'dataset_consumes_unknown_never_scheduled', 'dataset_consumes_1', 'consume_1_or_2_with_dataset_expressions', 'consume_1_or_both_2_and_3_with_dataset_expressions', 'dataset_consumes_1_and_2', 'dataset_produces_2', 'dataset_consumes_1_never_scheduled', 'conditional_dataset_and_time_based_timetable', 'dataset_produces_1', 'consume_1_and_2_with_dataset_expressions' retrieved from /home/hsooni/cafe_sales_etl/venv/lib/python3.12/site-packages/airflow/example_dags/example_datasets.py
[2025-10-09T23:49:25.484+0300] {logging_mixin.py:190} INFO - [2025-10-09T23:49:25.484+0300] {dag.py:3239} INFO - Sync 10 DAGs
[2025-10-09T23:49:25.512+0300] {logging_mixin.py:190} INFO - [2025-10-09T23:49:25.511+0300] {dag.py:4180} INFO - Setting next_dagrun for conditional_dataset_and_time_based_timetable to 2025-10-08 01:00:00+00:00, run_after=2025-10-08 01:00:00+00:00
[2025-10-09T23:49:25.515+0300] {logging_mixin.py:190} INFO - [2025-10-09T23:49:25.515+0300] {dag.py:4180} INFO - Setting next_dagrun for consume_1_and_2_with_dataset_expressions to None, run_after=None
[2025-10-09T23:49:25.516+0300] {logging_mixin.py:190} INFO - [2025-10-09T23:49:25.516+0300] {dag.py:4180} INFO - Setting next_dagrun for consume_1_or_2_with_dataset_expressions to None, run_after=None
[2025-10-09T23:49:25.517+0300] {logging_mixin.py:190} INFO - [2025-10-09T23:49:25.517+0300] {dag.py:4180} INFO - Setting next_dagrun for consume_1_or_both_2_and_3_with_dataset_expressions to None, run_after=None
[2025-10-09T23:49:25.518+0300] {logging_mixin.py:190} INFO - [2025-10-09T23:49:25.518+0300] {dag.py:4180} INFO - Setting next_dagrun for dataset_consumes_1 to None, run_after=None
[2025-10-09T23:49:25.519+0300] {logging_mixin.py:190} INFO - [2025-10-09T23:49:25.519+0300] {dag.py:4180} INFO - Setting next_dagrun for dataset_consumes_1_and_2 to None, run_after=None
[2025-10-09T23:49:25.520+0300] {logging_mixin.py:190} INFO - [2025-10-09T23:49:25.520+0300] {dag.py:4180} INFO - Setting next_dagrun for dataset_consumes_1_never_scheduled to None, run_after=None
[2025-10-09T23:49:25.520+0300] {logging_mixin.py:190} INFO - [2025-10-09T23:49:25.520+0300] {dag.py:4180} INFO - Setting next_dagrun for dataset_consumes_unknown_never_scheduled to None, run_after=None
[2025-10-09T23:49:25.523+0300] {logging_mixin.py:190} INFO - [2025-10-09T23:49:25.523+0300] {dag.py:4180} INFO - Setting next_dagrun for dataset_produces_1 to 2025-10-08 00:00:00+00:00, run_after=2025-10-09 00:00:00+00:00
[2025-10-09T23:49:25.524+0300] {logging_mixin.py:190} INFO - [2025-10-09T23:49:25.524+0300] {dag.py:4180} INFO - Setting next_dagrun for dataset_produces_2 to None, run_after=None
[2025-10-09T23:49:25.565+0300] {processor.py:208} INFO - Processing /home/hsooni/cafe_sales_etl/venv/lib/python3.12/site-packages/airflow/example_dags/example_datasets.py took 0.150 seconds
[2025-10-09T23:50:26.227+0300] {processor.py:186} INFO - Started process (PID=45668) to work on /home/hsooni/cafe_sales_etl/venv/lib/python3.12/site-packages/airflow/example_dags/example_datasets.py
[2025-10-09T23:50:26.233+0300] {processor.py:914} INFO - Processing file /home/hsooni/cafe_sales_etl/venv/lib/python3.12/site-packages/airflow/example_dags/example_datasets.py for tasks to queue
[2025-10-09T23:50:26.240+0300] {logging_mixin.py:190} INFO - [2025-10-09T23:50:26.239+0300] {dagbag.py:588} INFO - Filling up the DagBag from /home/hsooni/cafe_sales_etl/venv/lib/python3.12/site-packages/airflow/example_dags/example_datasets.py
[2025-10-09T23:50:26.275+0300] {processor.py:925} INFO - DAG(s) 'dataset_consumes_unknown_never_scheduled', 'dataset_consumes_1_and_2', 'dataset_consumes_1_never_scheduled', 'dataset_consumes_1', 'dataset_produces_1', 'consume_1_and_2_with_dataset_expressions', 'consume_1_or_both_2_and_3_with_dataset_expressions', 'dataset_produces_2', 'consume_1_or_2_with_dataset_expressions', 'conditional_dataset_and_time_based_timetable' retrieved from /home/hsooni/cafe_sales_etl/venv/lib/python3.12/site-packages/airflow/example_dags/example_datasets.py
[2025-10-09T23:50:26.326+0300] {logging_mixin.py:190} INFO - [2025-10-09T23:50:26.325+0300] {dag.py:3239} INFO - Sync 10 DAGs
[2025-10-09T23:50:26.361+0300] {logging_mixin.py:190} INFO - [2025-10-09T23:50:26.361+0300] {dag.py:4180} INFO - Setting next_dagrun for conditional_dataset_and_time_based_timetable to 2025-10-08 01:00:00+00:00, run_after=2025-10-08 01:00:00+00:00
[2025-10-09T23:50:26.365+0300] {logging_mixin.py:190} INFO - [2025-10-09T23:50:26.365+0300] {dag.py:4180} INFO - Setting next_dagrun for consume_1_and_2_with_dataset_expressions to None, run_after=None
[2025-10-09T23:50:26.366+0300] {logging_mixin.py:190} INFO - [2025-10-09T23:50:26.366+0300] {dag.py:4180} INFO - Setting next_dagrun for consume_1_or_2_with_dataset_expressions to None, run_after=None
[2025-10-09T23:50:26.367+0300] {logging_mixin.py:190} INFO - [2025-10-09T23:50:26.367+0300] {dag.py:4180} INFO - Setting next_dagrun for consume_1_or_both_2_and_3_with_dataset_expressions to None, run_after=None
[2025-10-09T23:50:26.368+0300] {logging_mixin.py:190} INFO - [2025-10-09T23:50:26.368+0300] {dag.py:4180} INFO - Setting next_dagrun for dataset_consumes_1 to None, run_after=None
[2025-10-09T23:50:26.369+0300] {logging_mixin.py:190} INFO - [2025-10-09T23:50:26.368+0300] {dag.py:4180} INFO - Setting next_dagrun for dataset_consumes_1_and_2 to None, run_after=None
[2025-10-09T23:50:26.369+0300] {logging_mixin.py:190} INFO - [2025-10-09T23:50:26.369+0300] {dag.py:4180} INFO - Setting next_dagrun for dataset_consumes_1_never_scheduled to None, run_after=None
[2025-10-09T23:50:26.370+0300] {logging_mixin.py:190} INFO - [2025-10-09T23:50:26.370+0300] {dag.py:4180} INFO - Setting next_dagrun for dataset_consumes_unknown_never_scheduled to None, run_after=None
[2025-10-09T23:50:26.374+0300] {logging_mixin.py:190} INFO - [2025-10-09T23:50:26.373+0300] {dag.py:4180} INFO - Setting next_dagrun for dataset_produces_1 to 2025-10-08 00:00:00+00:00, run_after=2025-10-09 00:00:00+00:00
[2025-10-09T23:50:26.375+0300] {logging_mixin.py:190} INFO - [2025-10-09T23:50:26.375+0300] {dag.py:4180} INFO - Setting next_dagrun for dataset_produces_2 to None, run_after=None
[2025-10-09T23:50:26.409+0300] {processor.py:208} INFO - Processing /home/hsooni/cafe_sales_etl/venv/lib/python3.12/site-packages/airflow/example_dags/example_datasets.py took 0.197 seconds
[2025-10-09T23:51:22.986+0300] {processor.py:186} INFO - Started process (PID=46047) to work on /home/hsooni/cafe_sales_etl/venv/lib/python3.12/site-packages/airflow/example_dags/example_datasets.py
[2025-10-09T23:51:22.995+0300] {processor.py:914} INFO - Processing file /home/hsooni/cafe_sales_etl/venv/lib/python3.12/site-packages/airflow/example_dags/example_datasets.py for tasks to queue
[2025-10-09T23:51:23.000+0300] {logging_mixin.py:190} INFO - [2025-10-09T23:51:22.997+0300] {dagbag.py:588} INFO - Filling up the DagBag from /home/hsooni/cafe_sales_etl/venv/lib/python3.12/site-packages/airflow/example_dags/example_datasets.py
[2025-10-09T23:51:23.054+0300] {processor.py:925} INFO - DAG(s) 'dataset_consumes_1_and_2', 'consume_1_or_both_2_and_3_with_dataset_expressions', 'conditional_dataset_and_time_based_timetable', 'dataset_produces_2', 'consume_1_or_2_with_dataset_expressions', 'dataset_consumes_1_never_scheduled', 'dataset_consumes_unknown_never_scheduled', 'dataset_produces_1', 'consume_1_and_2_with_dataset_expressions', 'dataset_consumes_1' retrieved from /home/hsooni/cafe_sales_etl/venv/lib/python3.12/site-packages/airflow/example_dags/example_datasets.py
[2025-10-09T23:51:23.124+0300] {logging_mixin.py:190} INFO - [2025-10-09T23:51:23.123+0300] {dag.py:3239} INFO - Sync 10 DAGs
[2025-10-09T23:51:23.170+0300] {logging_mixin.py:190} INFO - [2025-10-09T23:51:23.170+0300] {dag.py:4180} INFO - Setting next_dagrun for conditional_dataset_and_time_based_timetable to 2025-10-08 01:00:00+00:00, run_after=2025-10-08 01:00:00+00:00
[2025-10-09T23:51:23.175+0300] {logging_mixin.py:190} INFO - [2025-10-09T23:51:23.175+0300] {dag.py:4180} INFO - Setting next_dagrun for consume_1_and_2_with_dataset_expressions to None, run_after=None
[2025-10-09T23:51:23.176+0300] {logging_mixin.py:190} INFO - [2025-10-09T23:51:23.176+0300] {dag.py:4180} INFO - Setting next_dagrun for consume_1_or_2_with_dataset_expressions to None, run_after=None
[2025-10-09T23:51:23.178+0300] {logging_mixin.py:190} INFO - [2025-10-09T23:51:23.177+0300] {dag.py:4180} INFO - Setting next_dagrun for consume_1_or_both_2_and_3_with_dataset_expressions to None, run_after=None
[2025-10-09T23:51:23.179+0300] {logging_mixin.py:190} INFO - [2025-10-09T23:51:23.178+0300] {dag.py:4180} INFO - Setting next_dagrun for dataset_consumes_1 to None, run_after=None
[2025-10-09T23:51:23.180+0300] {logging_mixin.py:190} INFO - [2025-10-09T23:51:23.180+0300] {dag.py:4180} INFO - Setting next_dagrun for dataset_consumes_1_and_2 to None, run_after=None
[2025-10-09T23:51:23.182+0300] {logging_mixin.py:190} INFO - [2025-10-09T23:51:23.182+0300] {dag.py:4180} INFO - Setting next_dagrun for dataset_consumes_1_never_scheduled to None, run_after=None
[2025-10-09T23:51:23.183+0300] {logging_mixin.py:190} INFO - [2025-10-09T23:51:23.183+0300] {dag.py:4180} INFO - Setting next_dagrun for dataset_consumes_unknown_never_scheduled to None, run_after=None
[2025-10-09T23:51:23.187+0300] {logging_mixin.py:190} INFO - [2025-10-09T23:51:23.187+0300] {dag.py:4180} INFO - Setting next_dagrun for dataset_produces_1 to 2025-10-08 00:00:00+00:00, run_after=2025-10-09 00:00:00+00:00
[2025-10-09T23:51:23.189+0300] {logging_mixin.py:190} INFO - [2025-10-09T23:51:23.189+0300] {dag.py:4180} INFO - Setting next_dagrun for dataset_produces_2 to None, run_after=None
[2025-10-09T23:51:23.244+0300] {processor.py:208} INFO - Processing /home/hsooni/cafe_sales_etl/venv/lib/python3.12/site-packages/airflow/example_dags/example_datasets.py took 0.274 seconds
[2025-10-09T23:52:21.586+0300] {processor.py:186} INFO - Started process (PID=46372) to work on /home/hsooni/cafe_sales_etl/venv/lib/python3.12/site-packages/airflow/example_dags/example_datasets.py
[2025-10-09T23:52:21.592+0300] {processor.py:914} INFO - Processing file /home/hsooni/cafe_sales_etl/venv/lib/python3.12/site-packages/airflow/example_dags/example_datasets.py for tasks to queue
[2025-10-09T23:52:21.595+0300] {logging_mixin.py:190} INFO - [2025-10-09T23:52:21.594+0300] {dagbag.py:588} INFO - Filling up the DagBag from /home/hsooni/cafe_sales_etl/venv/lib/python3.12/site-packages/airflow/example_dags/example_datasets.py
[2025-10-09T23:52:21.612+0300] {processor.py:925} INFO - DAG(s) 'dataset_consumes_unknown_never_scheduled', 'dataset_consumes_1_and_2', 'consume_1_or_2_with_dataset_expressions', 'dataset_produces_1', 'dataset_consumes_1_never_scheduled', 'dataset_produces_2', 'dataset_consumes_1', 'conditional_dataset_and_time_based_timetable', 'consume_1_and_2_with_dataset_expressions', 'consume_1_or_both_2_and_3_with_dataset_expressions' retrieved from /home/hsooni/cafe_sales_etl/venv/lib/python3.12/site-packages/airflow/example_dags/example_datasets.py
[2025-10-09T23:52:21.650+0300] {logging_mixin.py:190} INFO - [2025-10-09T23:52:21.650+0300] {dag.py:3239} INFO - Sync 10 DAGs
[2025-10-09T23:52:21.677+0300] {logging_mixin.py:190} INFO - [2025-10-09T23:52:21.676+0300] {dag.py:4180} INFO - Setting next_dagrun for conditional_dataset_and_time_based_timetable to 2025-10-08 01:00:00+00:00, run_after=2025-10-08 01:00:00+00:00
[2025-10-09T23:52:21.680+0300] {logging_mixin.py:190} INFO - [2025-10-09T23:52:21.680+0300] {dag.py:4180} INFO - Setting next_dagrun for consume_1_and_2_with_dataset_expressions to None, run_after=None
[2025-10-09T23:52:21.681+0300] {logging_mixin.py:190} INFO - [2025-10-09T23:52:21.681+0300] {dag.py:4180} INFO - Setting next_dagrun for consume_1_or_2_with_dataset_expressions to None, run_after=None
[2025-10-09T23:52:21.682+0300] {logging_mixin.py:190} INFO - [2025-10-09T23:52:21.682+0300] {dag.py:4180} INFO - Setting next_dagrun for consume_1_or_both_2_and_3_with_dataset_expressions to None, run_after=None
[2025-10-09T23:52:21.683+0300] {logging_mixin.py:190} INFO - [2025-10-09T23:52:21.683+0300] {dag.py:4180} INFO - Setting next_dagrun for dataset_consumes_1 to None, run_after=None
[2025-10-09T23:52:21.684+0300] {logging_mixin.py:190} INFO - [2025-10-09T23:52:21.684+0300] {dag.py:4180} INFO - Setting next_dagrun for dataset_consumes_1_and_2 to None, run_after=None
[2025-10-09T23:52:21.685+0300] {logging_mixin.py:190} INFO - [2025-10-09T23:52:21.684+0300] {dag.py:4180} INFO - Setting next_dagrun for dataset_consumes_1_never_scheduled to None, run_after=None
[2025-10-09T23:52:21.685+0300] {logging_mixin.py:190} INFO - [2025-10-09T23:52:21.685+0300] {dag.py:4180} INFO - Setting next_dagrun for dataset_consumes_unknown_never_scheduled to None, run_after=None
[2025-10-09T23:52:21.688+0300] {logging_mixin.py:190} INFO - [2025-10-09T23:52:21.688+0300] {dag.py:4180} INFO - Setting next_dagrun for dataset_produces_1 to 2025-10-08 00:00:00+00:00, run_after=2025-10-09 00:00:00+00:00
[2025-10-09T23:52:21.689+0300] {logging_mixin.py:190} INFO - [2025-10-09T23:52:21.689+0300] {dag.py:4180} INFO - Setting next_dagrun for dataset_produces_2 to None, run_after=None
[2025-10-09T23:52:21.728+0300] {processor.py:208} INFO - Processing /home/hsooni/cafe_sales_etl/venv/lib/python3.12/site-packages/airflow/example_dags/example_datasets.py took 0.148 seconds
[2025-10-09T23:53:16.285+0300] {processor.py:186} INFO - Started process (PID=46613) to work on /home/hsooni/cafe_sales_etl/venv/lib/python3.12/site-packages/airflow/example_dags/example_datasets.py
[2025-10-09T23:53:16.291+0300] {processor.py:914} INFO - Processing file /home/hsooni/cafe_sales_etl/venv/lib/python3.12/site-packages/airflow/example_dags/example_datasets.py for tasks to queue
[2025-10-09T23:53:16.293+0300] {logging_mixin.py:190} INFO - [2025-10-09T23:53:16.293+0300] {dagbag.py:588} INFO - Filling up the DagBag from /home/hsooni/cafe_sales_etl/venv/lib/python3.12/site-packages/airflow/example_dags/example_datasets.py
[2025-10-09T23:53:16.311+0300] {processor.py:925} INFO - DAG(s) 'dataset_consumes_unknown_never_scheduled', 'dataset_produces_1', 'dataset_consumes_1_never_scheduled', 'dataset_produces_2', 'dataset_consumes_1', 'consume_1_or_both_2_and_3_with_dataset_expressions', 'consume_1_or_2_with_dataset_expressions', 'conditional_dataset_and_time_based_timetable', 'consume_1_and_2_with_dataset_expressions', 'dataset_consumes_1_and_2' retrieved from /home/hsooni/cafe_sales_etl/venv/lib/python3.12/site-packages/airflow/example_dags/example_datasets.py
[2025-10-09T23:53:16.349+0300] {logging_mixin.py:190} INFO - [2025-10-09T23:53:16.348+0300] {dag.py:3239} INFO - Sync 10 DAGs
[2025-10-09T23:53:16.377+0300] {logging_mixin.py:190} INFO - [2025-10-09T23:53:16.377+0300] {dag.py:4180} INFO - Setting next_dagrun for conditional_dataset_and_time_based_timetable to 2025-10-08 01:00:00+00:00, run_after=2025-10-08 01:00:00+00:00
[2025-10-09T23:53:16.381+0300] {logging_mixin.py:190} INFO - [2025-10-09T23:53:16.381+0300] {dag.py:4180} INFO - Setting next_dagrun for consume_1_and_2_with_dataset_expressions to None, run_after=None
[2025-10-09T23:53:16.382+0300] {logging_mixin.py:190} INFO - [2025-10-09T23:53:16.382+0300] {dag.py:4180} INFO - Setting next_dagrun for consume_1_or_2_with_dataset_expressions to None, run_after=None
[2025-10-09T23:53:16.383+0300] {logging_mixin.py:190} INFO - [2025-10-09T23:53:16.383+0300] {dag.py:4180} INFO - Setting next_dagrun for consume_1_or_both_2_and_3_with_dataset_expressions to None, run_after=None
[2025-10-09T23:53:16.384+0300] {logging_mixin.py:190} INFO - [2025-10-09T23:53:16.384+0300] {dag.py:4180} INFO - Setting next_dagrun for dataset_consumes_1 to None, run_after=None
[2025-10-09T23:53:16.385+0300] {logging_mixin.py:190} INFO - [2025-10-09T23:53:16.385+0300] {dag.py:4180} INFO - Setting next_dagrun for dataset_consumes_1_and_2 to None, run_after=None
[2025-10-09T23:53:16.386+0300] {logging_mixin.py:190} INFO - [2025-10-09T23:53:16.386+0300] {dag.py:4180} INFO - Setting next_dagrun for dataset_consumes_1_never_scheduled to None, run_after=None
[2025-10-09T23:53:16.387+0300] {logging_mixin.py:190} INFO - [2025-10-09T23:53:16.387+0300] {dag.py:4180} INFO - Setting next_dagrun for dataset_consumes_unknown_never_scheduled to None, run_after=None
[2025-10-09T23:53:16.390+0300] {logging_mixin.py:190} INFO - [2025-10-09T23:53:16.390+0300] {dag.py:4180} INFO - Setting next_dagrun for dataset_produces_1 to 2025-10-08 00:00:00+00:00, run_after=2025-10-09 00:00:00+00:00
[2025-10-09T23:53:16.391+0300] {logging_mixin.py:190} INFO - [2025-10-09T23:53:16.391+0300] {dag.py:4180} INFO - Setting next_dagrun for dataset_produces_2 to None, run_after=None
[2025-10-09T23:53:16.433+0300] {processor.py:208} INFO - Processing /home/hsooni/cafe_sales_etl/venv/lib/python3.12/site-packages/airflow/example_dags/example_datasets.py took 0.154 seconds
[2025-10-09T23:54:11.342+0300] {processor.py:186} INFO - Started process (PID=47015) to work on /home/hsooni/cafe_sales_etl/venv/lib/python3.12/site-packages/airflow/example_dags/example_datasets.py
[2025-10-09T23:54:11.349+0300] {processor.py:914} INFO - Processing file /home/hsooni/cafe_sales_etl/venv/lib/python3.12/site-packages/airflow/example_dags/example_datasets.py for tasks to queue
[2025-10-09T23:54:11.356+0300] {logging_mixin.py:190} INFO - [2025-10-09T23:54:11.355+0300] {dagbag.py:588} INFO - Filling up the DagBag from /home/hsooni/cafe_sales_etl/venv/lib/python3.12/site-packages/airflow/example_dags/example_datasets.py
[2025-10-09T23:54:11.423+0300] {processor.py:925} INFO - DAG(s) 'dataset_produces_2', 'conditional_dataset_and_time_based_timetable', 'dataset_consumes_1_never_scheduled', 'dataset_consumes_1_and_2', 'dataset_consumes_unknown_never_scheduled', 'consume_1_and_2_with_dataset_expressions', 'dataset_produces_1', 'dataset_consumes_1', 'consume_1_or_2_with_dataset_expressions', 'consume_1_or_both_2_and_3_with_dataset_expressions' retrieved from /home/hsooni/cafe_sales_etl/venv/lib/python3.12/site-packages/airflow/example_dags/example_datasets.py
[2025-10-09T23:54:11.503+0300] {logging_mixin.py:190} INFO - [2025-10-09T23:54:11.503+0300] {dag.py:3239} INFO - Sync 10 DAGs
[2025-10-09T23:54:11.553+0300] {logging_mixin.py:190} INFO - [2025-10-09T23:54:11.553+0300] {dag.py:4180} INFO - Setting next_dagrun for conditional_dataset_and_time_based_timetable to 2025-10-08 01:00:00+00:00, run_after=2025-10-08 01:00:00+00:00
[2025-10-09T23:54:11.559+0300] {logging_mixin.py:190} INFO - [2025-10-09T23:54:11.558+0300] {dag.py:4180} INFO - Setting next_dagrun for consume_1_and_2_with_dataset_expressions to None, run_after=None
[2025-10-09T23:54:11.560+0300] {logging_mixin.py:190} INFO - [2025-10-09T23:54:11.560+0300] {dag.py:4180} INFO - Setting next_dagrun for consume_1_or_2_with_dataset_expressions to None, run_after=None
[2025-10-09T23:54:11.566+0300] {logging_mixin.py:190} INFO - [2025-10-09T23:54:11.561+0300] {dag.py:4180} INFO - Setting next_dagrun for consume_1_or_both_2_and_3_with_dataset_expressions to None, run_after=None
[2025-10-09T23:54:11.568+0300] {logging_mixin.py:190} INFO - [2025-10-09T23:54:11.567+0300] {dag.py:4180} INFO - Setting next_dagrun for dataset_consumes_1 to None, run_after=None
[2025-10-09T23:54:11.570+0300] {logging_mixin.py:190} INFO - [2025-10-09T23:54:11.569+0300] {dag.py:4180} INFO - Setting next_dagrun for dataset_consumes_1_and_2 to None, run_after=None
[2025-10-09T23:54:11.571+0300] {logging_mixin.py:190} INFO - [2025-10-09T23:54:11.571+0300] {dag.py:4180} INFO - Setting next_dagrun for dataset_consumes_1_never_scheduled to None, run_after=None
[2025-10-09T23:54:11.573+0300] {logging_mixin.py:190} INFO - [2025-10-09T23:54:11.573+0300] {dag.py:4180} INFO - Setting next_dagrun for dataset_consumes_unknown_never_scheduled to None, run_after=None
[2025-10-09T23:54:11.577+0300] {logging_mixin.py:190} INFO - [2025-10-09T23:54:11.576+0300] {dag.py:4180} INFO - Setting next_dagrun for dataset_produces_1 to 2025-10-08 00:00:00+00:00, run_after=2025-10-09 00:00:00+00:00
[2025-10-09T23:54:11.579+0300] {logging_mixin.py:190} INFO - [2025-10-09T23:54:11.579+0300] {dag.py:4180} INFO - Setting next_dagrun for dataset_produces_2 to None, run_after=None
[2025-10-09T23:54:11.721+0300] {processor.py:208} INFO - Processing /home/hsooni/cafe_sales_etl/venv/lib/python3.12/site-packages/airflow/example_dags/example_datasets.py took 0.398 seconds
[2025-10-09T23:55:11.392+0300] {processor.py:186} INFO - Started process (PID=47457) to work on /home/hsooni/cafe_sales_etl/venv/lib/python3.12/site-packages/airflow/example_dags/example_datasets.py
[2025-10-09T23:55:11.394+0300] {processor.py:914} INFO - Processing file /home/hsooni/cafe_sales_etl/venv/lib/python3.12/site-packages/airflow/example_dags/example_datasets.py for tasks to queue
[2025-10-09T23:55:11.397+0300] {logging_mixin.py:190} INFO - [2025-10-09T23:55:11.396+0300] {dagbag.py:588} INFO - Filling up the DagBag from /home/hsooni/cafe_sales_etl/venv/lib/python3.12/site-packages/airflow/example_dags/example_datasets.py
[2025-10-09T23:55:11.414+0300] {processor.py:925} INFO - DAG(s) 'consume_1_or_both_2_and_3_with_dataset_expressions', 'consume_1_or_2_with_dataset_expressions', 'dataset_produces_1', 'conditional_dataset_and_time_based_timetable', 'dataset_consumes_1_never_scheduled', 'dataset_consumes_1_and_2', 'dataset_produces_2', 'dataset_consumes_1', 'consume_1_and_2_with_dataset_expressions', 'dataset_consumes_unknown_never_scheduled' retrieved from /home/hsooni/cafe_sales_etl/venv/lib/python3.12/site-packages/airflow/example_dags/example_datasets.py
[2025-10-09T23:55:11.452+0300] {logging_mixin.py:190} INFO - [2025-10-09T23:55:11.452+0300] {dag.py:3239} INFO - Sync 10 DAGs
[2025-10-09T23:55:11.479+0300] {logging_mixin.py:190} INFO - [2025-10-09T23:55:11.478+0300] {dag.py:4180} INFO - Setting next_dagrun for conditional_dataset_and_time_based_timetable to 2025-10-08 01:00:00+00:00, run_after=2025-10-08 01:00:00+00:00
[2025-10-09T23:55:11.482+0300] {logging_mixin.py:190} INFO - [2025-10-09T23:55:11.482+0300] {dag.py:4180} INFO - Setting next_dagrun for consume_1_and_2_with_dataset_expressions to None, run_after=None
[2025-10-09T23:55:11.483+0300] {logging_mixin.py:190} INFO - [2025-10-09T23:55:11.483+0300] {dag.py:4180} INFO - Setting next_dagrun for consume_1_or_2_with_dataset_expressions to None, run_after=None
[2025-10-09T23:55:11.484+0300] {logging_mixin.py:190} INFO - [2025-10-09T23:55:11.484+0300] {dag.py:4180} INFO - Setting next_dagrun for consume_1_or_both_2_and_3_with_dataset_expressions to None, run_after=None
[2025-10-09T23:55:11.485+0300] {logging_mixin.py:190} INFO - [2025-10-09T23:55:11.485+0300] {dag.py:4180} INFO - Setting next_dagrun for dataset_consumes_1 to None, run_after=None
[2025-10-09T23:55:11.486+0300] {logging_mixin.py:190} INFO - [2025-10-09T23:55:11.486+0300] {dag.py:4180} INFO - Setting next_dagrun for dataset_consumes_1_and_2 to None, run_after=None
[2025-10-09T23:55:11.487+0300] {logging_mixin.py:190} INFO - [2025-10-09T23:55:11.486+0300] {dag.py:4180} INFO - Setting next_dagrun for dataset_consumes_1_never_scheduled to None, run_after=None
[2025-10-09T23:55:11.487+0300] {logging_mixin.py:190} INFO - [2025-10-09T23:55:11.487+0300] {dag.py:4180} INFO - Setting next_dagrun for dataset_consumes_unknown_never_scheduled to None, run_after=None
[2025-10-09T23:55:11.490+0300] {logging_mixin.py:190} INFO - [2025-10-09T23:55:11.490+0300] {dag.py:4180} INFO - Setting next_dagrun for dataset_produces_1 to 2025-10-08 00:00:00+00:00, run_after=2025-10-09 00:00:00+00:00
[2025-10-09T23:55:11.491+0300] {logging_mixin.py:190} INFO - [2025-10-09T23:55:11.491+0300] {dag.py:4180} INFO - Setting next_dagrun for dataset_produces_2 to None, run_after=None
[2025-10-09T23:55:11.531+0300] {processor.py:208} INFO - Processing /home/hsooni/cafe_sales_etl/venv/lib/python3.12/site-packages/airflow/example_dags/example_datasets.py took 0.145 seconds
