[2025-10-09T23:49:39.684+0300] {processor.py:186} INFO - Started process (PID=45449) to work on /home/hsooni/cafe_sales_etl/venv/lib/python3.12/site-packages/airflow/example_dags/example_bash_operator.py
[2025-10-09T23:49:39.685+0300] {processor.py:914} INFO - Processing file /home/hsooni/cafe_sales_etl/venv/lib/python3.12/site-packages/airflow/example_dags/example_bash_operator.py for tasks to queue
[2025-10-09T23:49:39.687+0300] {logging_mixin.py:190} INFO - [2025-10-09T23:49:39.687+0300] {dagbag.py:588} INFO - Filling up the DagBag from /home/hsooni/cafe_sales_etl/venv/lib/python3.12/site-packages/airflow/example_dags/example_bash_operator.py
[2025-10-09T23:49:39.702+0300] {processor.py:925} INFO - DAG(s) 'example_bash_operator' retrieved from /home/hsooni/cafe_sales_etl/venv/lib/python3.12/site-packages/airflow/example_dags/example_bash_operator.py
[2025-10-09T23:49:39.848+0300] {logging_mixin.py:190} INFO - [2025-10-09T23:49:39.847+0300] {override.py:1900} INFO - Created Permission View: can delete on DAG:example_bash_operator
[2025-10-09T23:49:39.868+0300] {logging_mixin.py:190} INFO - [2025-10-09T23:49:39.868+0300] {override.py:1900} INFO - Created Permission View: can read on DAG:example_bash_operator
[2025-10-09T23:49:39.887+0300] {logging_mixin.py:190} INFO - [2025-10-09T23:49:39.887+0300] {override.py:1900} INFO - Created Permission View: can edit on DAG:example_bash_operator
[2025-10-09T23:49:39.912+0300] {logging_mixin.py:190} INFO - [2025-10-09T23:49:39.912+0300] {override.py:1900} INFO - Created Permission View: can delete on DAG Run:example_bash_operator
[2025-10-09T23:49:39.928+0300] {logging_mixin.py:190} INFO - [2025-10-09T23:49:39.927+0300] {override.py:1900} INFO - Created Permission View: menu access on DAG Run:example_bash_operator
[2025-10-09T23:49:39.943+0300] {logging_mixin.py:190} INFO - [2025-10-09T23:49:39.943+0300] {override.py:1900} INFO - Created Permission View: can read on DAG Run:example_bash_operator
[2025-10-09T23:49:39.959+0300] {logging_mixin.py:190} INFO - [2025-10-09T23:49:39.958+0300] {override.py:1900} INFO - Created Permission View: can create on DAG Run:example_bash_operator
[2025-10-09T23:49:39.959+0300] {logging_mixin.py:190} INFO - [2025-10-09T23:49:39.959+0300] {dag.py:3239} INFO - Sync 1 DAGs
[2025-10-09T23:49:39.974+0300] {logging_mixin.py:190} INFO - [2025-10-09T23:49:39.974+0300] {dag.py:3262} INFO - Creating ORM DAG for example_bash_operator
[2025-10-09T23:49:39.988+0300] {logging_mixin.py:190} INFO - [2025-10-09T23:49:39.988+0300] {dag.py:4180} INFO - Setting next_dagrun for example_bash_operator to 2025-10-08 00:00:00+00:00, run_after=2025-10-09 00:00:00+00:00
[2025-10-09T23:49:40.016+0300] {processor.py:208} INFO - Processing /home/hsooni/cafe_sales_etl/venv/lib/python3.12/site-packages/airflow/example_dags/example_bash_operator.py took 0.339 seconds
[2025-10-09T23:50:37.989+0300] {processor.py:186} INFO - Started process (PID=45721) to work on /home/hsooni/cafe_sales_etl/venv/lib/python3.12/site-packages/airflow/example_dags/example_bash_operator.py
[2025-10-09T23:50:37.995+0300] {processor.py:914} INFO - Processing file /home/hsooni/cafe_sales_etl/venv/lib/python3.12/site-packages/airflow/example_dags/example_bash_operator.py for tasks to queue
[2025-10-09T23:50:37.997+0300] {logging_mixin.py:190} INFO - [2025-10-09T23:50:37.997+0300] {dagbag.py:588} INFO - Filling up the DagBag from /home/hsooni/cafe_sales_etl/venv/lib/python3.12/site-packages/airflow/example_dags/example_bash_operator.py
[2025-10-09T23:50:38.013+0300] {processor.py:925} INFO - DAG(s) 'example_bash_operator' retrieved from /home/hsooni/cafe_sales_etl/venv/lib/python3.12/site-packages/airflow/example_dags/example_bash_operator.py
[2025-10-09T23:50:38.041+0300] {logging_mixin.py:190} INFO - [2025-10-09T23:50:38.040+0300] {dag.py:3239} INFO - Sync 1 DAGs
[2025-10-09T23:50:38.066+0300] {logging_mixin.py:190} INFO - [2025-10-09T23:50:38.066+0300] {dag.py:4180} INFO - Setting next_dagrun for example_bash_operator to 2025-10-08 00:00:00+00:00, run_after=2025-10-09 00:00:00+00:00
[2025-10-09T23:50:38.098+0300] {processor.py:208} INFO - Processing /home/hsooni/cafe_sales_etl/venv/lib/python3.12/site-packages/airflow/example_dags/example_bash_operator.py took 0.115 seconds
[2025-10-09T23:51:58.680+0300] {processor.py:186} INFO - Started process (PID=46265) to work on /home/hsooni/cafe_sales_etl/venv/lib/python3.12/site-packages/airflow/example_dags/example_bash_operator.py
[2025-10-09T23:51:58.686+0300] {processor.py:914} INFO - Processing file /home/hsooni/cafe_sales_etl/venv/lib/python3.12/site-packages/airflow/example_dags/example_bash_operator.py for tasks to queue
[2025-10-09T23:51:58.688+0300] {logging_mixin.py:190} INFO - [2025-10-09T23:51:58.688+0300] {dagbag.py:588} INFO - Filling up the DagBag from /home/hsooni/cafe_sales_etl/venv/lib/python3.12/site-packages/airflow/example_dags/example_bash_operator.py
[2025-10-09T23:51:58.703+0300] {processor.py:925} INFO - DAG(s) 'example_bash_operator' retrieved from /home/hsooni/cafe_sales_etl/venv/lib/python3.12/site-packages/airflow/example_dags/example_bash_operator.py
[2025-10-09T23:51:58.730+0300] {logging_mixin.py:190} INFO - [2025-10-09T23:51:58.729+0300] {dag.py:3239} INFO - Sync 1 DAGs
[2025-10-09T23:51:58.753+0300] {logging_mixin.py:190} INFO - [2025-10-09T23:51:58.753+0300] {dag.py:4180} INFO - Setting next_dagrun for example_bash_operator to 2025-10-08 00:00:00+00:00, run_after=2025-10-09 00:00:00+00:00
[2025-10-09T23:51:58.787+0300] {processor.py:208} INFO - Processing /home/hsooni/cafe_sales_etl/venv/lib/python3.12/site-packages/airflow/example_dags/example_bash_operator.py took 0.112 seconds
[2025-10-09T23:52:55.576+0300] {processor.py:186} INFO - Started process (PID=46522) to work on /home/hsooni/cafe_sales_etl/venv/lib/python3.12/site-packages/airflow/example_dags/example_bash_operator.py
[2025-10-09T23:52:55.582+0300] {processor.py:914} INFO - Processing file /home/hsooni/cafe_sales_etl/venv/lib/python3.12/site-packages/airflow/example_dags/example_bash_operator.py for tasks to queue
[2025-10-09T23:52:55.584+0300] {logging_mixin.py:190} INFO - [2025-10-09T23:52:55.584+0300] {dagbag.py:588} INFO - Filling up the DagBag from /home/hsooni/cafe_sales_etl/venv/lib/python3.12/site-packages/airflow/example_dags/example_bash_operator.py
[2025-10-09T23:52:55.600+0300] {processor.py:925} INFO - DAG(s) 'example_bash_operator' retrieved from /home/hsooni/cafe_sales_etl/venv/lib/python3.12/site-packages/airflow/example_dags/example_bash_operator.py
[2025-10-09T23:52:55.627+0300] {logging_mixin.py:190} INFO - [2025-10-09T23:52:55.627+0300] {dag.py:3239} INFO - Sync 1 DAGs
[2025-10-09T23:52:55.654+0300] {logging_mixin.py:190} INFO - [2025-10-09T23:52:55.654+0300] {dag.py:4180} INFO - Setting next_dagrun for example_bash_operator to 2025-10-08 00:00:00+00:00, run_after=2025-10-09 00:00:00+00:00
[2025-10-09T23:52:55.687+0300] {processor.py:208} INFO - Processing /home/hsooni/cafe_sales_etl/venv/lib/python3.12/site-packages/airflow/example_dags/example_bash_operator.py took 0.118 seconds
[2025-10-09T23:54:19.215+0300] {processor.py:186} INFO - Started process (PID=47063) to work on /home/hsooni/cafe_sales_etl/venv/lib/python3.12/site-packages/airflow/example_dags/example_bash_operator.py
[2025-10-09T23:54:19.221+0300] {processor.py:914} INFO - Processing file /home/hsooni/cafe_sales_etl/venv/lib/python3.12/site-packages/airflow/example_dags/example_bash_operator.py for tasks to queue
[2025-10-09T23:54:19.230+0300] {logging_mixin.py:190} INFO - [2025-10-09T23:54:19.228+0300] {dagbag.py:588} INFO - Filling up the DagBag from /home/hsooni/cafe_sales_etl/venv/lib/python3.12/site-packages/airflow/example_dags/example_bash_operator.py
[2025-10-09T23:54:19.272+0300] {processor.py:925} INFO - DAG(s) 'example_bash_operator' retrieved from /home/hsooni/cafe_sales_etl/venv/lib/python3.12/site-packages/airflow/example_dags/example_bash_operator.py
[2025-10-09T23:54:19.321+0300] {logging_mixin.py:190} INFO - [2025-10-09T23:54:19.321+0300] {dag.py:3239} INFO - Sync 1 DAGs
[2025-10-09T23:54:19.355+0300] {logging_mixin.py:190} INFO - [2025-10-09T23:54:19.355+0300] {dag.py:4180} INFO - Setting next_dagrun for example_bash_operator to 2025-10-08 00:00:00+00:00, run_after=2025-10-09 00:00:00+00:00
[2025-10-09T23:54:19.413+0300] {processor.py:208} INFO - Processing /home/hsooni/cafe_sales_etl/venv/lib/python3.12/site-packages/airflow/example_dags/example_bash_operator.py took 0.216 seconds
[2025-10-09T23:55:17.941+0300] {processor.py:186} INFO - Started process (PID=47488) to work on /home/hsooni/cafe_sales_etl/venv/lib/python3.12/site-packages/airflow/example_dags/example_bash_operator.py
[2025-10-09T23:55:17.947+0300] {processor.py:914} INFO - Processing file /home/hsooni/cafe_sales_etl/venv/lib/python3.12/site-packages/airflow/example_dags/example_bash_operator.py for tasks to queue
[2025-10-09T23:55:17.950+0300] {logging_mixin.py:190} INFO - [2025-10-09T23:55:17.949+0300] {dagbag.py:588} INFO - Filling up the DagBag from /home/hsooni/cafe_sales_etl/venv/lib/python3.12/site-packages/airflow/example_dags/example_bash_operator.py
[2025-10-09T23:55:17.967+0300] {processor.py:925} INFO - DAG(s) 'example_bash_operator' retrieved from /home/hsooni/cafe_sales_etl/venv/lib/python3.12/site-packages/airflow/example_dags/example_bash_operator.py
[2025-10-09T23:55:17.996+0300] {logging_mixin.py:190} INFO - [2025-10-09T23:55:17.996+0300] {dag.py:3239} INFO - Sync 1 DAGs
[2025-10-09T23:55:18.019+0300] {logging_mixin.py:190} INFO - [2025-10-09T23:55:18.019+0300] {dag.py:4180} INFO - Setting next_dagrun for example_bash_operator to 2025-10-08 00:00:00+00:00, run_after=2025-10-09 00:00:00+00:00
[2025-10-09T23:55:18.049+0300] {processor.py:208} INFO - Processing /home/hsooni/cafe_sales_etl/venv/lib/python3.12/site-packages/airflow/example_dags/example_bash_operator.py took 0.115 seconds
