[2025-10-09T23:47:44.929+0300] {processor.py:186} INFO - Started process (PID=44714) to work on /home/hsooni/cafe_sales_etl/venv/lib/python3.12/site-packages/airflow/example_dags/example_inlet_event_extra.py
[2025-10-09T23:47:44.930+0300] {processor.py:914} INFO - Processing file /home/hsooni/cafe_sales_etl/venv/lib/python3.12/site-packages/airflow/example_dags/example_inlet_event_extra.py for tasks to queue
[2025-10-09T23:47:44.934+0300] {logging_mixin.py:190} INFO - [2025-10-09T23:47:44.933+0300] {dagbag.py:588} INFO - Filling up the DagBag from /home/hsooni/cafe_sales_etl/venv/lib/python3.12/site-packages/airflow/example_dags/example_inlet_event_extra.py
[2025-10-09T23:47:44.951+0300] {processor.py:925} INFO - DAG(s) 'read_dataset_event', 'read_dataset_event_from_classic' retrieved from /home/hsooni/cafe_sales_etl/venv/lib/python3.12/site-packages/airflow/example_dags/example_inlet_event_extra.py
[2025-10-09T23:47:45.094+0300] {logging_mixin.py:190} INFO - [2025-10-09T23:47:45.091+0300] {override.py:1900} INFO - Created Permission View: can delete on DAG:read_dataset_event
[2025-10-09T23:47:45.125+0300] {logging_mixin.py:190} INFO - [2025-10-09T23:47:45.125+0300] {override.py:1900} INFO - Created Permission View: can read on DAG:read_dataset_event
[2025-10-09T23:47:45.141+0300] {logging_mixin.py:190} INFO - [2025-10-09T23:47:45.140+0300] {override.py:1900} INFO - Created Permission View: can edit on DAG:read_dataset_event
[2025-10-09T23:47:45.177+0300] {logging_mixin.py:190} INFO - [2025-10-09T23:47:45.176+0300] {override.py:1900} INFO - Created Permission View: can delete on DAG Run:read_dataset_event
[2025-10-09T23:47:45.197+0300] {logging_mixin.py:190} INFO - [2025-10-09T23:47:45.196+0300] {override.py:1900} INFO - Created Permission View: can create on DAG Run:read_dataset_event
[2025-10-09T23:47:45.210+0300] {logging_mixin.py:190} INFO - [2025-10-09T23:47:45.209+0300] {override.py:1900} INFO - Created Permission View: can read on DAG Run:read_dataset_event
[2025-10-09T23:47:45.225+0300] {logging_mixin.py:190} INFO - [2025-10-09T23:47:45.224+0300] {override.py:1900} INFO - Created Permission View: menu access on DAG Run:read_dataset_event
[2025-10-09T23:47:45.260+0300] {logging_mixin.py:190} INFO - [2025-10-09T23:47:45.260+0300] {override.py:1900} INFO - Created Permission View: can delete on DAG:read_dataset_event_from_classic
[2025-10-09T23:47:45.278+0300] {logging_mixin.py:190} INFO - [2025-10-09T23:47:45.278+0300] {override.py:1900} INFO - Created Permission View: can read on DAG:read_dataset_event_from_classic
[2025-10-09T23:47:45.290+0300] {logging_mixin.py:190} INFO - [2025-10-09T23:47:45.290+0300] {override.py:1900} INFO - Created Permission View: can edit on DAG:read_dataset_event_from_classic
[2025-10-09T23:47:45.312+0300] {logging_mixin.py:190} INFO - [2025-10-09T23:47:45.312+0300] {override.py:1900} INFO - Created Permission View: can delete on DAG Run:read_dataset_event_from_classic
[2025-10-09T23:47:45.332+0300] {logging_mixin.py:190} INFO - [2025-10-09T23:47:45.332+0300] {override.py:1900} INFO - Created Permission View: can create on DAG Run:read_dataset_event_from_classic
[2025-10-09T23:47:45.347+0300] {logging_mixin.py:190} INFO - [2025-10-09T23:47:45.346+0300] {override.py:1900} INFO - Created Permission View: can read on DAG Run:read_dataset_event_from_classic
[2025-10-09T23:47:45.362+0300] {logging_mixin.py:190} INFO - [2025-10-09T23:47:45.361+0300] {override.py:1900} INFO - Created Permission View: menu access on DAG Run:read_dataset_event_from_classic
[2025-10-09T23:47:45.362+0300] {logging_mixin.py:190} INFO - [2025-10-09T23:47:45.362+0300] {dag.py:3239} INFO - Sync 2 DAGs
[2025-10-09T23:47:45.376+0300] {logging_mixin.py:190} INFO - [2025-10-09T23:47:45.376+0300] {dag.py:3262} INFO - Creating ORM DAG for read_dataset_event_from_classic
[2025-10-09T23:47:45.377+0300] {logging_mixin.py:190} INFO - [2025-10-09T23:47:45.377+0300] {dag.py:3262} INFO - Creating ORM DAG for read_dataset_event
[2025-10-09T23:47:45.391+0300] {logging_mixin.py:190} INFO - [2025-10-09T23:47:45.390+0300] {dag.py:4180} INFO - Setting next_dagrun for read_dataset_event to 2025-10-08 00:00:00+00:00, run_after=2025-10-09 00:00:00+00:00
[2025-10-09T23:47:45.393+0300] {logging_mixin.py:190} INFO - [2025-10-09T23:47:45.393+0300] {dag.py:4180} INFO - Setting next_dagrun for read_dataset_event_from_classic to 2025-10-08 00:00:00+00:00, run_after=2025-10-09 00:00:00+00:00
[2025-10-09T23:47:45.420+0300] {processor.py:208} INFO - Processing /home/hsooni/cafe_sales_etl/venv/lib/python3.12/site-packages/airflow/example_dags/example_inlet_event_extra.py took 0.497 seconds
[2025-10-09T23:49:20.343+0300] {processor.py:186} INFO - Started process (PID=45191) to work on /home/hsooni/cafe_sales_etl/venv/lib/python3.12/site-packages/airflow/example_dags/example_inlet_event_extra.py
[2025-10-09T23:49:20.349+0300] {processor.py:914} INFO - Processing file /home/hsooni/cafe_sales_etl/venv/lib/python3.12/site-packages/airflow/example_dags/example_inlet_event_extra.py for tasks to queue
[2025-10-09T23:49:20.352+0300] {logging_mixin.py:190} INFO - [2025-10-09T23:49:20.351+0300] {dagbag.py:588} INFO - Filling up the DagBag from /home/hsooni/cafe_sales_etl/venv/lib/python3.12/site-packages/airflow/example_dags/example_inlet_event_extra.py
[2025-10-09T23:49:20.370+0300] {processor.py:925} INFO - DAG(s) 'read_dataset_event_from_classic', 'read_dataset_event' retrieved from /home/hsooni/cafe_sales_etl/venv/lib/python3.12/site-packages/airflow/example_dags/example_inlet_event_extra.py
[2025-10-09T23:49:20.393+0300] {logging_mixin.py:190} INFO - [2025-10-09T23:49:20.392+0300] {dag.py:3239} INFO - Sync 2 DAGs
[2025-10-09T23:49:20.419+0300] {logging_mixin.py:190} INFO - [2025-10-09T23:49:20.419+0300] {dag.py:4180} INFO - Setting next_dagrun for read_dataset_event to 2025-10-08 00:00:00+00:00, run_after=2025-10-09 00:00:00+00:00
[2025-10-09T23:49:20.426+0300] {logging_mixin.py:190} INFO - [2025-10-09T23:49:20.426+0300] {dag.py:4180} INFO - Setting next_dagrun for read_dataset_event_from_classic to 2025-10-08 00:00:00+00:00, run_after=2025-10-09 00:00:00+00:00
[2025-10-09T23:49:20.457+0300] {processor.py:208} INFO - Processing /home/hsooni/cafe_sales_etl/venv/lib/python3.12/site-packages/airflow/example_dags/example_inlet_event_extra.py took 0.121 seconds
[2025-10-09T23:50:21.034+0300] {processor.py:186} INFO - Started process (PID=45650) to work on /home/hsooni/cafe_sales_etl/venv/lib/python3.12/site-packages/airflow/example_dags/example_inlet_event_extra.py
[2025-10-09T23:50:21.044+0300] {processor.py:914} INFO - Processing file /home/hsooni/cafe_sales_etl/venv/lib/python3.12/site-packages/airflow/example_dags/example_inlet_event_extra.py for tasks to queue
[2025-10-09T23:50:21.048+0300] {logging_mixin.py:190} INFO - [2025-10-09T23:50:21.047+0300] {dagbag.py:588} INFO - Filling up the DagBag from /home/hsooni/cafe_sales_etl/venv/lib/python3.12/site-packages/airflow/example_dags/example_inlet_event_extra.py
[2025-10-09T23:50:21.085+0300] {processor.py:925} INFO - DAG(s) 'read_dataset_event_from_classic', 'read_dataset_event' retrieved from /home/hsooni/cafe_sales_etl/venv/lib/python3.12/site-packages/airflow/example_dags/example_inlet_event_extra.py
[2025-10-09T23:50:21.110+0300] {logging_mixin.py:190} INFO - [2025-10-09T23:50:21.110+0300] {dag.py:3239} INFO - Sync 2 DAGs
[2025-10-09T23:50:21.134+0300] {logging_mixin.py:190} INFO - [2025-10-09T23:50:21.134+0300] {dag.py:4180} INFO - Setting next_dagrun for read_dataset_event to 2025-10-08 00:00:00+00:00, run_after=2025-10-09 00:00:00+00:00
[2025-10-09T23:50:21.139+0300] {logging_mixin.py:190} INFO - [2025-10-09T23:50:21.139+0300] {dag.py:4180} INFO - Setting next_dagrun for read_dataset_event_from_classic to 2025-10-08 00:00:00+00:00, run_after=2025-10-09 00:00:00+00:00
[2025-10-09T23:50:21.169+0300] {processor.py:208} INFO - Processing /home/hsooni/cafe_sales_etl/venv/lib/python3.12/site-packages/airflow/example_dags/example_inlet_event_extra.py took 0.141 seconds
[2025-10-09T23:51:18.376+0300] {processor.py:186} INFO - Started process (PID=45987) to work on /home/hsooni/cafe_sales_etl/venv/lib/python3.12/site-packages/airflow/example_dags/example_inlet_event_extra.py
[2025-10-09T23:51:18.378+0300] {processor.py:914} INFO - Processing file /home/hsooni/cafe_sales_etl/venv/lib/python3.12/site-packages/airflow/example_dags/example_inlet_event_extra.py for tasks to queue
[2025-10-09T23:51:18.381+0300] {logging_mixin.py:190} INFO - [2025-10-09T23:51:18.380+0300] {dagbag.py:588} INFO - Filling up the DagBag from /home/hsooni/cafe_sales_etl/venv/lib/python3.12/site-packages/airflow/example_dags/example_inlet_event_extra.py
[2025-10-09T23:51:18.396+0300] {processor.py:925} INFO - DAG(s) 'read_dataset_event_from_classic', 'read_dataset_event' retrieved from /home/hsooni/cafe_sales_etl/venv/lib/python3.12/site-packages/airflow/example_dags/example_inlet_event_extra.py
[2025-10-09T23:51:18.419+0300] {logging_mixin.py:190} INFO - [2025-10-09T23:51:18.417+0300] {dag.py:3239} INFO - Sync 2 DAGs
[2025-10-09T23:51:18.447+0300] {logging_mixin.py:190} INFO - [2025-10-09T23:51:18.446+0300] {dag.py:4180} INFO - Setting next_dagrun for read_dataset_event to 2025-10-08 00:00:00+00:00, run_after=2025-10-09 00:00:00+00:00
[2025-10-09T23:51:18.452+0300] {logging_mixin.py:190} INFO - [2025-10-09T23:51:18.452+0300] {dag.py:4180} INFO - Setting next_dagrun for read_dataset_event_from_classic to 2025-10-08 00:00:00+00:00, run_after=2025-10-09 00:00:00+00:00
[2025-10-09T23:51:18.479+0300] {processor.py:208} INFO - Processing /home/hsooni/cafe_sales_etl/venv/lib/python3.12/site-packages/airflow/example_dags/example_inlet_event_extra.py took 0.109 seconds
[2025-10-09T23:52:16.315+0300] {processor.py:186} INFO - Started process (PID=46355) to work on /home/hsooni/cafe_sales_etl/venv/lib/python3.12/site-packages/airflow/example_dags/example_inlet_event_extra.py
[2025-10-09T23:52:16.321+0300] {processor.py:914} INFO - Processing file /home/hsooni/cafe_sales_etl/venv/lib/python3.12/site-packages/airflow/example_dags/example_inlet_event_extra.py for tasks to queue
[2025-10-09T23:52:16.324+0300] {logging_mixin.py:190} INFO - [2025-10-09T23:52:16.323+0300] {dagbag.py:588} INFO - Filling up the DagBag from /home/hsooni/cafe_sales_etl/venv/lib/python3.12/site-packages/airflow/example_dags/example_inlet_event_extra.py
[2025-10-09T23:52:16.337+0300] {processor.py:925} INFO - DAG(s) 'read_dataset_event_from_classic', 'read_dataset_event' retrieved from /home/hsooni/cafe_sales_etl/venv/lib/python3.12/site-packages/airflow/example_dags/example_inlet_event_extra.py
[2025-10-09T23:52:16.357+0300] {logging_mixin.py:190} INFO - [2025-10-09T23:52:16.357+0300] {dag.py:3239} INFO - Sync 2 DAGs
[2025-10-09T23:52:16.383+0300] {logging_mixin.py:190} INFO - [2025-10-09T23:52:16.382+0300] {dag.py:4180} INFO - Setting next_dagrun for read_dataset_event to 2025-10-08 00:00:00+00:00, run_after=2025-10-09 00:00:00+00:00
[2025-10-09T23:52:16.388+0300] {logging_mixin.py:190} INFO - [2025-10-09T23:52:16.388+0300] {dag.py:4180} INFO - Setting next_dagrun for read_dataset_event_from_classic to 2025-10-08 00:00:00+00:00, run_after=2025-10-09 00:00:00+00:00
[2025-10-09T23:52:16.411+0300] {processor.py:208} INFO - Processing /home/hsooni/cafe_sales_etl/venv/lib/python3.12/site-packages/airflow/example_dags/example_inlet_event_extra.py took 0.101 seconds
[2025-10-09T23:53:11.242+0300] {processor.py:186} INFO - Started process (PID=46594) to work on /home/hsooni/cafe_sales_etl/venv/lib/python3.12/site-packages/airflow/example_dags/example_inlet_event_extra.py
[2025-10-09T23:53:11.248+0300] {processor.py:914} INFO - Processing file /home/hsooni/cafe_sales_etl/venv/lib/python3.12/site-packages/airflow/example_dags/example_inlet_event_extra.py for tasks to queue
[2025-10-09T23:53:11.251+0300] {logging_mixin.py:190} INFO - [2025-10-09T23:53:11.250+0300] {dagbag.py:588} INFO - Filling up the DagBag from /home/hsooni/cafe_sales_etl/venv/lib/python3.12/site-packages/airflow/example_dags/example_inlet_event_extra.py
[2025-10-09T23:53:11.264+0300] {processor.py:925} INFO - DAG(s) 'read_dataset_event_from_classic', 'read_dataset_event' retrieved from /home/hsooni/cafe_sales_etl/venv/lib/python3.12/site-packages/airflow/example_dags/example_inlet_event_extra.py
[2025-10-09T23:53:11.283+0300] {logging_mixin.py:190} INFO - [2025-10-09T23:53:11.282+0300] {dag.py:3239} INFO - Sync 2 DAGs
[2025-10-09T23:53:11.307+0300] {logging_mixin.py:190} INFO - [2025-10-09T23:53:11.307+0300] {dag.py:4180} INFO - Setting next_dagrun for read_dataset_event to 2025-10-08 00:00:00+00:00, run_after=2025-10-09 00:00:00+00:00
[2025-10-09T23:53:11.312+0300] {logging_mixin.py:190} INFO - [2025-10-09T23:53:11.312+0300] {dag.py:4180} INFO - Setting next_dagrun for read_dataset_event_from_classic to 2025-10-08 00:00:00+00:00, run_after=2025-10-09 00:00:00+00:00
[2025-10-09T23:53:11.340+0300] {processor.py:208} INFO - Processing /home/hsooni/cafe_sales_etl/venv/lib/python3.12/site-packages/airflow/example_dags/example_inlet_event_extra.py took 0.104 seconds
[2025-10-09T23:54:04.681+0300] {processor.py:186} INFO - Started process (PID=46977) to work on /home/hsooni/cafe_sales_etl/venv/lib/python3.12/site-packages/airflow/example_dags/example_inlet_event_extra.py
[2025-10-09T23:54:04.688+0300] {processor.py:914} INFO - Processing file /home/hsooni/cafe_sales_etl/venv/lib/python3.12/site-packages/airflow/example_dags/example_inlet_event_extra.py for tasks to queue
[2025-10-09T23:54:04.694+0300] {logging_mixin.py:190} INFO - [2025-10-09T23:54:04.690+0300] {dagbag.py:588} INFO - Filling up the DagBag from /home/hsooni/cafe_sales_etl/venv/lib/python3.12/site-packages/airflow/example_dags/example_inlet_event_extra.py
[2025-10-09T23:54:04.733+0300] {processor.py:925} INFO - DAG(s) 'read_dataset_event_from_classic', 'read_dataset_event' retrieved from /home/hsooni/cafe_sales_etl/venv/lib/python3.12/site-packages/airflow/example_dags/example_inlet_event_extra.py
[2025-10-09T23:54:04.782+0300] {logging_mixin.py:190} INFO - [2025-10-09T23:54:04.782+0300] {dag.py:3239} INFO - Sync 2 DAGs
[2025-10-09T23:54:04.845+0300] {logging_mixin.py:190} INFO - [2025-10-09T23:54:04.845+0300] {dag.py:4180} INFO - Setting next_dagrun for read_dataset_event to 2025-10-08 00:00:00+00:00, run_after=2025-10-09 00:00:00+00:00
[2025-10-09T23:54:04.858+0300] {logging_mixin.py:190} INFO - [2025-10-09T23:54:04.858+0300] {dag.py:4180} INFO - Setting next_dagrun for read_dataset_event_from_classic to 2025-10-08 00:00:00+00:00, run_after=2025-10-09 00:00:00+00:00
[2025-10-09T23:54:04.921+0300] {processor.py:208} INFO - Processing /home/hsooni/cafe_sales_etl/venv/lib/python3.12/site-packages/airflow/example_dags/example_inlet_event_extra.py took 0.249 seconds
[2025-10-09T23:55:06.239+0300] {processor.py:186} INFO - Started process (PID=47437) to work on /home/hsooni/cafe_sales_etl/venv/lib/python3.12/site-packages/airflow/example_dags/example_inlet_event_extra.py
[2025-10-09T23:55:06.245+0300] {processor.py:914} INFO - Processing file /home/hsooni/cafe_sales_etl/venv/lib/python3.12/site-packages/airflow/example_dags/example_inlet_event_extra.py for tasks to queue
[2025-10-09T23:55:06.248+0300] {logging_mixin.py:190} INFO - [2025-10-09T23:55:06.247+0300] {dagbag.py:588} INFO - Filling up the DagBag from /home/hsooni/cafe_sales_etl/venv/lib/python3.12/site-packages/airflow/example_dags/example_inlet_event_extra.py
[2025-10-09T23:55:06.264+0300] {processor.py:925} INFO - DAG(s) 'read_dataset_event', 'read_dataset_event_from_classic' retrieved from /home/hsooni/cafe_sales_etl/venv/lib/python3.12/site-packages/airflow/example_dags/example_inlet_event_extra.py
[2025-10-09T23:55:06.284+0300] {logging_mixin.py:190} INFO - [2025-10-09T23:55:06.284+0300] {dag.py:3239} INFO - Sync 2 DAGs
[2025-10-09T23:55:06.309+0300] {logging_mixin.py:190} INFO - [2025-10-09T23:55:06.308+0300] {dag.py:4180} INFO - Setting next_dagrun for read_dataset_event to 2025-10-08 00:00:00+00:00, run_after=2025-10-09 00:00:00+00:00
[2025-10-09T23:55:06.314+0300] {logging_mixin.py:190} INFO - [2025-10-09T23:55:06.314+0300] {dag.py:4180} INFO - Setting next_dagrun for read_dataset_event_from_classic to 2025-10-08 00:00:00+00:00, run_after=2025-10-09 00:00:00+00:00
[2025-10-09T23:55:06.342+0300] {processor.py:208} INFO - Processing /home/hsooni/cafe_sales_etl/venv/lib/python3.12/site-packages/airflow/example_dags/example_inlet_event_extra.py took 0.111 seconds
