[2025-10-09T23:47:39.576+0300] {processor.py:186} INFO - Started process (PID=44687) to work on /home/hsooni/cafe_sales_etl/venv/lib/python3.12/site-packages/airflow/example_dags/example_nested_branch_dag.py
[2025-10-09T23:47:39.577+0300] {processor.py:914} INFO - Processing file /home/hsooni/cafe_sales_etl/venv/lib/python3.12/site-packages/airflow/example_dags/example_nested_branch_dag.py for tasks to queue
[2025-10-09T23:47:39.580+0300] {logging_mixin.py:190} INFO - [2025-10-09T23:47:39.579+0300] {dagbag.py:588} INFO - Filling up the DagBag from /home/hsooni/cafe_sales_etl/venv/lib/python3.12/site-packages/airflow/example_dags/example_nested_branch_dag.py
[2025-10-09T23:47:39.593+0300] {processor.py:925} INFO - DAG(s) 'example_nested_branch_dag' retrieved from /home/hsooni/cafe_sales_etl/venv/lib/python3.12/site-packages/airflow/example_dags/example_nested_branch_dag.py
[2025-10-09T23:47:39.724+0300] {logging_mixin.py:190} INFO - [2025-10-09T23:47:39.724+0300] {override.py:1900} INFO - Created Permission View: can delete on DAG:example_nested_branch_dag
[2025-10-09T23:47:39.740+0300] {logging_mixin.py:190} INFO - [2025-10-09T23:47:39.739+0300] {override.py:1900} INFO - Created Permission View: can read on DAG:example_nested_branch_dag
[2025-10-09T23:47:39.752+0300] {logging_mixin.py:190} INFO - [2025-10-09T23:47:39.751+0300] {override.py:1900} INFO - Created Permission View: can edit on DAG:example_nested_branch_dag
[2025-10-09T23:47:39.771+0300] {logging_mixin.py:190} INFO - [2025-10-09T23:47:39.770+0300] {override.py:1900} INFO - Created Permission View: can delete on DAG Run:example_nested_branch_dag
[2025-10-09T23:47:39.783+0300] {logging_mixin.py:190} INFO - [2025-10-09T23:47:39.782+0300] {override.py:1900} INFO - Created Permission View: can create on DAG Run:example_nested_branch_dag
[2025-10-09T23:47:39.795+0300] {logging_mixin.py:190} INFO - [2025-10-09T23:47:39.794+0300] {override.py:1900} INFO - Created Permission View: can read on DAG Run:example_nested_branch_dag
[2025-10-09T23:47:39.811+0300] {logging_mixin.py:190} INFO - [2025-10-09T23:47:39.810+0300] {override.py:1900} INFO - Created Permission View: menu access on DAG Run:example_nested_branch_dag
[2025-10-09T23:47:39.811+0300] {logging_mixin.py:190} INFO - [2025-10-09T23:47:39.811+0300] {dag.py:3239} INFO - Sync 1 DAGs
[2025-10-09T23:47:39.825+0300] {logging_mixin.py:190} INFO - [2025-10-09T23:47:39.825+0300] {dag.py:3262} INFO - Creating ORM DAG for example_nested_branch_dag
[2025-10-09T23:47:39.837+0300] {logging_mixin.py:190} INFO - [2025-10-09T23:47:39.836+0300] {dag.py:4180} INFO - Setting next_dagrun for example_nested_branch_dag to 2025-10-08 00:00:00+00:00, run_after=2025-10-09 00:00:00+00:00
[2025-10-09T23:47:39.861+0300] {processor.py:208} INFO - Processing /home/hsooni/cafe_sales_etl/venv/lib/python3.12/site-packages/airflow/example_dags/example_nested_branch_dag.py took 0.290 seconds
[2025-10-09T23:49:15.285+0300] {processor.py:186} INFO - Started process (PID=45177) to work on /home/hsooni/cafe_sales_etl/venv/lib/python3.12/site-packages/airflow/example_dags/example_nested_branch_dag.py
[2025-10-09T23:49:15.286+0300] {processor.py:914} INFO - Processing file /home/hsooni/cafe_sales_etl/venv/lib/python3.12/site-packages/airflow/example_dags/example_nested_branch_dag.py for tasks to queue
[2025-10-09T23:49:15.289+0300] {logging_mixin.py:190} INFO - [2025-10-09T23:49:15.288+0300] {dagbag.py:588} INFO - Filling up the DagBag from /home/hsooni/cafe_sales_etl/venv/lib/python3.12/site-packages/airflow/example_dags/example_nested_branch_dag.py
[2025-10-09T23:49:15.302+0300] {processor.py:925} INFO - DAG(s) 'example_nested_branch_dag' retrieved from /home/hsooni/cafe_sales_etl/venv/lib/python3.12/site-packages/airflow/example_dags/example_nested_branch_dag.py
[2025-10-09T23:49:15.323+0300] {logging_mixin.py:190} INFO - [2025-10-09T23:49:15.323+0300] {dag.py:3239} INFO - Sync 1 DAGs
[2025-10-09T23:49:15.349+0300] {logging_mixin.py:190} INFO - [2025-10-09T23:49:15.349+0300] {dag.py:4180} INFO - Setting next_dagrun for example_nested_branch_dag to 2025-10-08 00:00:00+00:00, run_after=2025-10-09 00:00:00+00:00
[2025-10-09T23:49:15.384+0300] {processor.py:208} INFO - Processing /home/hsooni/cafe_sales_etl/venv/lib/python3.12/site-packages/airflow/example_dags/example_nested_branch_dag.py took 0.105 seconds
[2025-10-09T23:50:15.869+0300] {processor.py:186} INFO - Started process (PID=45638) to work on /home/hsooni/cafe_sales_etl/venv/lib/python3.12/site-packages/airflow/example_dags/example_nested_branch_dag.py
[2025-10-09T23:50:15.871+0300] {processor.py:914} INFO - Processing file /home/hsooni/cafe_sales_etl/venv/lib/python3.12/site-packages/airflow/example_dags/example_nested_branch_dag.py for tasks to queue
[2025-10-09T23:50:15.873+0300] {logging_mixin.py:190} INFO - [2025-10-09T23:50:15.873+0300] {dagbag.py:588} INFO - Filling up the DagBag from /home/hsooni/cafe_sales_etl/venv/lib/python3.12/site-packages/airflow/example_dags/example_nested_branch_dag.py
[2025-10-09T23:50:15.887+0300] {processor.py:925} INFO - DAG(s) 'example_nested_branch_dag' retrieved from /home/hsooni/cafe_sales_etl/venv/lib/python3.12/site-packages/airflow/example_dags/example_nested_branch_dag.py
[2025-10-09T23:50:15.905+0300] {logging_mixin.py:190} INFO - [2025-10-09T23:50:15.905+0300] {dag.py:3239} INFO - Sync 1 DAGs
[2025-10-09T23:50:15.929+0300] {logging_mixin.py:190} INFO - [2025-10-09T23:50:15.928+0300] {dag.py:4180} INFO - Setting next_dagrun for example_nested_branch_dag to 2025-10-08 00:00:00+00:00, run_after=2025-10-09 00:00:00+00:00
[2025-10-09T23:50:15.958+0300] {processor.py:208} INFO - Processing /home/hsooni/cafe_sales_etl/venv/lib/python3.12/site-packages/airflow/example_dags/example_nested_branch_dag.py took 0.096 seconds
[2025-10-09T23:51:12.710+0300] {processor.py:186} INFO - Started process (PID=45965) to work on /home/hsooni/cafe_sales_etl/venv/lib/python3.12/site-packages/airflow/example_dags/example_nested_branch_dag.py
[2025-10-09T23:51:12.717+0300] {processor.py:914} INFO - Processing file /home/hsooni/cafe_sales_etl/venv/lib/python3.12/site-packages/airflow/example_dags/example_nested_branch_dag.py for tasks to queue
[2025-10-09T23:51:12.720+0300] {logging_mixin.py:190} INFO - [2025-10-09T23:51:12.720+0300] {dagbag.py:588} INFO - Filling up the DagBag from /home/hsooni/cafe_sales_etl/venv/lib/python3.12/site-packages/airflow/example_dags/example_nested_branch_dag.py
[2025-10-09T23:51:12.747+0300] {processor.py:925} INFO - DAG(s) 'example_nested_branch_dag' retrieved from /home/hsooni/cafe_sales_etl/venv/lib/python3.12/site-packages/airflow/example_dags/example_nested_branch_dag.py
[2025-10-09T23:51:12.773+0300] {logging_mixin.py:190} INFO - [2025-10-09T23:51:12.773+0300] {dag.py:3239} INFO - Sync 1 DAGs
[2025-10-09T23:51:12.803+0300] {logging_mixin.py:190} INFO - [2025-10-09T23:51:12.803+0300] {dag.py:4180} INFO - Setting next_dagrun for example_nested_branch_dag to 2025-10-08 00:00:00+00:00, run_after=2025-10-09 00:00:00+00:00
[2025-10-09T23:51:12.836+0300] {processor.py:208} INFO - Processing /home/hsooni/cafe_sales_etl/venv/lib/python3.12/site-packages/airflow/example_dags/example_nested_branch_dag.py took 0.133 seconds
[2025-10-09T23:52:11.294+0300] {processor.py:186} INFO - Started process (PID=46330) to work on /home/hsooni/cafe_sales_etl/venv/lib/python3.12/site-packages/airflow/example_dags/example_nested_branch_dag.py
[2025-10-09T23:52:11.295+0300] {processor.py:914} INFO - Processing file /home/hsooni/cafe_sales_etl/venv/lib/python3.12/site-packages/airflow/example_dags/example_nested_branch_dag.py for tasks to queue
[2025-10-09T23:52:11.297+0300] {logging_mixin.py:190} INFO - [2025-10-09T23:52:11.297+0300] {dagbag.py:588} INFO - Filling up the DagBag from /home/hsooni/cafe_sales_etl/venv/lib/python3.12/site-packages/airflow/example_dags/example_nested_branch_dag.py
[2025-10-09T23:52:11.311+0300] {processor.py:925} INFO - DAG(s) 'example_nested_branch_dag' retrieved from /home/hsooni/cafe_sales_etl/venv/lib/python3.12/site-packages/airflow/example_dags/example_nested_branch_dag.py
[2025-10-09T23:52:11.330+0300] {logging_mixin.py:190} INFO - [2025-10-09T23:52:11.330+0300] {dag.py:3239} INFO - Sync 1 DAGs
[2025-10-09T23:52:11.355+0300] {logging_mixin.py:190} INFO - [2025-10-09T23:52:11.354+0300] {dag.py:4180} INFO - Setting next_dagrun for example_nested_branch_dag to 2025-10-08 00:00:00+00:00, run_after=2025-10-09 00:00:00+00:00
[2025-10-09T23:52:11.385+0300] {processor.py:208} INFO - Processing /home/hsooni/cafe_sales_etl/venv/lib/python3.12/site-packages/airflow/example_dags/example_nested_branch_dag.py took 0.096 seconds
[2025-10-09T23:53:05.987+0300] {processor.py:186} INFO - Started process (PID=46572) to work on /home/hsooni/cafe_sales_etl/venv/lib/python3.12/site-packages/airflow/example_dags/example_nested_branch_dag.py
[2025-10-09T23:53:05.993+0300] {processor.py:914} INFO - Processing file /home/hsooni/cafe_sales_etl/venv/lib/python3.12/site-packages/airflow/example_dags/example_nested_branch_dag.py for tasks to queue
[2025-10-09T23:53:05.995+0300] {logging_mixin.py:190} INFO - [2025-10-09T23:53:05.995+0300] {dagbag.py:588} INFO - Filling up the DagBag from /home/hsooni/cafe_sales_etl/venv/lib/python3.12/site-packages/airflow/example_dags/example_nested_branch_dag.py
[2025-10-09T23:53:06.009+0300] {processor.py:925} INFO - DAG(s) 'example_nested_branch_dag' retrieved from /home/hsooni/cafe_sales_etl/venv/lib/python3.12/site-packages/airflow/example_dags/example_nested_branch_dag.py
[2025-10-09T23:53:06.029+0300] {logging_mixin.py:190} INFO - [2025-10-09T23:53:06.029+0300] {dag.py:3239} INFO - Sync 1 DAGs
[2025-10-09T23:53:06.054+0300] {logging_mixin.py:190} INFO - [2025-10-09T23:53:06.054+0300] {dag.py:4180} INFO - Setting next_dagrun for example_nested_branch_dag to 2025-10-08 00:00:00+00:00, run_after=2025-10-09 00:00:00+00:00
[2025-10-09T23:53:06.081+0300] {processor.py:208} INFO - Processing /home/hsooni/cafe_sales_etl/venv/lib/python3.12/site-packages/airflow/example_dags/example_nested_branch_dag.py took 0.099 seconds
[2025-10-09T23:53:59.476+0300] {processor.py:186} INFO - Started process (PID=46931) to work on /home/hsooni/cafe_sales_etl/venv/lib/python3.12/site-packages/airflow/example_dags/example_nested_branch_dag.py
[2025-10-09T23:53:59.477+0300] {processor.py:914} INFO - Processing file /home/hsooni/cafe_sales_etl/venv/lib/python3.12/site-packages/airflow/example_dags/example_nested_branch_dag.py for tasks to queue
[2025-10-09T23:53:59.480+0300] {logging_mixin.py:190} INFO - [2025-10-09T23:53:59.479+0300] {dagbag.py:588} INFO - Filling up the DagBag from /home/hsooni/cafe_sales_etl/venv/lib/python3.12/site-packages/airflow/example_dags/example_nested_branch_dag.py
[2025-10-09T23:53:59.499+0300] {processor.py:925} INFO - DAG(s) 'example_nested_branch_dag' retrieved from /home/hsooni/cafe_sales_etl/venv/lib/python3.12/site-packages/airflow/example_dags/example_nested_branch_dag.py
[2025-10-09T23:53:59.523+0300] {logging_mixin.py:190} INFO - [2025-10-09T23:53:59.522+0300] {dag.py:3239} INFO - Sync 1 DAGs
[2025-10-09T23:53:59.551+0300] {logging_mixin.py:190} INFO - [2025-10-09T23:53:59.550+0300] {dag.py:4180} INFO - Setting next_dagrun for example_nested_branch_dag to 2025-10-08 00:00:00+00:00, run_after=2025-10-09 00:00:00+00:00
[2025-10-09T23:53:59.585+0300] {processor.py:208} INFO - Processing /home/hsooni/cafe_sales_etl/venv/lib/python3.12/site-packages/airflow/example_dags/example_nested_branch_dag.py took 0.122 seconds
[2025-10-09T23:55:00.944+0300] {processor.py:186} INFO - Started process (PID=47410) to work on /home/hsooni/cafe_sales_etl/venv/lib/python3.12/site-packages/airflow/example_dags/example_nested_branch_dag.py
[2025-10-09T23:55:00.945+0300] {processor.py:914} INFO - Processing file /home/hsooni/cafe_sales_etl/venv/lib/python3.12/site-packages/airflow/example_dags/example_nested_branch_dag.py for tasks to queue
[2025-10-09T23:55:00.947+0300] {logging_mixin.py:190} INFO - [2025-10-09T23:55:00.947+0300] {dagbag.py:588} INFO - Filling up the DagBag from /home/hsooni/cafe_sales_etl/venv/lib/python3.12/site-packages/airflow/example_dags/example_nested_branch_dag.py
[2025-10-09T23:55:00.960+0300] {processor.py:925} INFO - DAG(s) 'example_nested_branch_dag' retrieved from /home/hsooni/cafe_sales_etl/venv/lib/python3.12/site-packages/airflow/example_dags/example_nested_branch_dag.py
[2025-10-09T23:55:00.979+0300] {logging_mixin.py:190} INFO - [2025-10-09T23:55:00.979+0300] {dag.py:3239} INFO - Sync 1 DAGs
[2025-10-09T23:55:01.006+0300] {logging_mixin.py:190} INFO - [2025-10-09T23:55:01.006+0300] {dag.py:4180} INFO - Setting next_dagrun for example_nested_branch_dag to 2025-10-08 00:00:00+00:00, run_after=2025-10-09 00:00:00+00:00
[2025-10-09T23:55:01.049+0300] {processor.py:208} INFO - Processing /home/hsooni/cafe_sales_etl/venv/lib/python3.12/site-packages/airflow/example_dags/example_nested_branch_dag.py took 0.111 seconds
