[2025-10-09T23:47:24.644+0300] {processor.py:186} INFO - Started process (PID=44615) to work on /home/hsooni/cafe_sales_etl/venv/lib/python3.12/site-packages/airflow/example_dags/example_short_circuit_operator.py
[2025-10-09T23:47:24.645+0300] {processor.py:914} INFO - Processing file /home/hsooni/cafe_sales_etl/venv/lib/python3.12/site-packages/airflow/example_dags/example_short_circuit_operator.py for tasks to queue
[2025-10-09T23:47:24.648+0300] {logging_mixin.py:190} INFO - [2025-10-09T23:47:24.648+0300] {dagbag.py:588} INFO - Filling up the DagBag from /home/hsooni/cafe_sales_etl/venv/lib/python3.12/site-packages/airflow/example_dags/example_short_circuit_operator.py
[2025-10-09T23:47:24.659+0300] {processor.py:925} INFO - DAG(s) 'example_short_circuit_operator' retrieved from /home/hsooni/cafe_sales_etl/venv/lib/python3.12/site-packages/airflow/example_dags/example_short_circuit_operator.py
[2025-10-09T23:47:24.800+0300] {logging_mixin.py:190} INFO - [2025-10-09T23:47:24.800+0300] {override.py:1900} INFO - Created Permission View: can delete on DAG:example_short_circuit_operator
[2025-10-09T23:47:24.818+0300] {logging_mixin.py:190} INFO - [2025-10-09T23:47:24.817+0300] {override.py:1900} INFO - Created Permission View: can read on DAG:example_short_circuit_operator
[2025-10-09T23:47:24.834+0300] {logging_mixin.py:190} INFO - [2025-10-09T23:47:24.834+0300] {override.py:1900} INFO - Created Permission View: can edit on DAG:example_short_circuit_operator
[2025-10-09T23:47:24.859+0300] {logging_mixin.py:190} INFO - [2025-10-09T23:47:24.858+0300] {override.py:1900} INFO - Created Permission View: can delete on DAG Run:example_short_circuit_operator
[2025-10-09T23:47:24.883+0300] {logging_mixin.py:190} INFO - [2025-10-09T23:47:24.883+0300] {override.py:1900} INFO - Created Permission View: can create on DAG Run:example_short_circuit_operator
[2025-10-09T23:47:24.896+0300] {logging_mixin.py:190} INFO - [2025-10-09T23:47:24.896+0300] {override.py:1900} INFO - Created Permission View: can read on DAG Run:example_short_circuit_operator
[2025-10-09T23:47:24.909+0300] {logging_mixin.py:190} INFO - [2025-10-09T23:47:24.909+0300] {override.py:1900} INFO - Created Permission View: menu access on DAG Run:example_short_circuit_operator
[2025-10-09T23:47:24.910+0300] {logging_mixin.py:190} INFO - [2025-10-09T23:47:24.910+0300] {dag.py:3239} INFO - Sync 1 DAGs
[2025-10-09T23:47:24.924+0300] {logging_mixin.py:190} INFO - [2025-10-09T23:47:24.924+0300] {dag.py:3262} INFO - Creating ORM DAG for example_short_circuit_operator
[2025-10-09T23:47:24.925+0300] {logging_mixin.py:190} INFO - [2025-10-09T23:47:24.925+0300] {dag.py:4180} INFO - Setting next_dagrun for example_short_circuit_operator to None, run_after=None
[2025-10-09T23:47:24.948+0300] {processor.py:208} INFO - Processing /home/hsooni/cafe_sales_etl/venv/lib/python3.12/site-packages/airflow/example_dags/example_short_circuit_operator.py took 0.312 seconds
[2025-10-09T23:49:02.231+0300] {processor.py:186} INFO - Started process (PID=45156) to work on /home/hsooni/cafe_sales_etl/venv/lib/python3.12/site-packages/airflow/example_dags/example_short_circuit_operator.py
[2025-10-09T23:49:02.237+0300] {processor.py:914} INFO - Processing file /home/hsooni/cafe_sales_etl/venv/lib/python3.12/site-packages/airflow/example_dags/example_short_circuit_operator.py for tasks to queue
[2025-10-09T23:49:02.240+0300] {logging_mixin.py:190} INFO - [2025-10-09T23:49:02.239+0300] {dagbag.py:588} INFO - Filling up the DagBag from /home/hsooni/cafe_sales_etl/venv/lib/python3.12/site-packages/airflow/example_dags/example_short_circuit_operator.py
[2025-10-09T23:49:02.250+0300] {processor.py:925} INFO - DAG(s) 'example_short_circuit_operator' retrieved from /home/hsooni/cafe_sales_etl/venv/lib/python3.12/site-packages/airflow/example_dags/example_short_circuit_operator.py
[2025-10-09T23:49:02.272+0300] {logging_mixin.py:190} INFO - [2025-10-09T23:49:02.272+0300] {dag.py:3239} INFO - Sync 1 DAGs
[2025-10-09T23:49:02.287+0300] {logging_mixin.py:190} INFO - [2025-10-09T23:49:02.287+0300] {dag.py:4180} INFO - Setting next_dagrun for example_short_circuit_operator to None, run_after=None
[2025-10-09T23:49:02.318+0300] {processor.py:208} INFO - Processing /home/hsooni/cafe_sales_etl/venv/lib/python3.12/site-packages/airflow/example_dags/example_short_circuit_operator.py took 0.093 seconds
[2025-10-09T23:50:02.681+0300] {processor.py:186} INFO - Started process (PID=45596) to work on /home/hsooni/cafe_sales_etl/venv/lib/python3.12/site-packages/airflow/example_dags/example_short_circuit_operator.py
[2025-10-09T23:50:02.687+0300] {processor.py:914} INFO - Processing file /home/hsooni/cafe_sales_etl/venv/lib/python3.12/site-packages/airflow/example_dags/example_short_circuit_operator.py for tasks to queue
[2025-10-09T23:50:02.690+0300] {logging_mixin.py:190} INFO - [2025-10-09T23:50:02.689+0300] {dagbag.py:588} INFO - Filling up the DagBag from /home/hsooni/cafe_sales_etl/venv/lib/python3.12/site-packages/airflow/example_dags/example_short_circuit_operator.py
[2025-10-09T23:50:02.700+0300] {processor.py:925} INFO - DAG(s) 'example_short_circuit_operator' retrieved from /home/hsooni/cafe_sales_etl/venv/lib/python3.12/site-packages/airflow/example_dags/example_short_circuit_operator.py
[2025-10-09T23:50:02.721+0300] {logging_mixin.py:190} INFO - [2025-10-09T23:50:02.721+0300] {dag.py:3239} INFO - Sync 1 DAGs
[2025-10-09T23:50:02.735+0300] {logging_mixin.py:190} INFO - [2025-10-09T23:50:02.735+0300] {dag.py:4180} INFO - Setting next_dagrun for example_short_circuit_operator to None, run_after=None
[2025-10-09T23:50:02.761+0300] {processor.py:208} INFO - Processing /home/hsooni/cafe_sales_etl/venv/lib/python3.12/site-packages/airflow/example_dags/example_short_circuit_operator.py took 0.086 seconds
[2025-10-09T23:50:58.810+0300] {processor.py:186} INFO - Started process (PID=45855) to work on /home/hsooni/cafe_sales_etl/venv/lib/python3.12/site-packages/airflow/example_dags/example_short_circuit_operator.py
[2025-10-09T23:50:58.811+0300] {processor.py:914} INFO - Processing file /home/hsooni/cafe_sales_etl/venv/lib/python3.12/site-packages/airflow/example_dags/example_short_circuit_operator.py for tasks to queue
[2025-10-09T23:50:58.814+0300] {logging_mixin.py:190} INFO - [2025-10-09T23:50:58.813+0300] {dagbag.py:588} INFO - Filling up the DagBag from /home/hsooni/cafe_sales_etl/venv/lib/python3.12/site-packages/airflow/example_dags/example_short_circuit_operator.py
[2025-10-09T23:50:58.825+0300] {processor.py:925} INFO - DAG(s) 'example_short_circuit_operator' retrieved from /home/hsooni/cafe_sales_etl/venv/lib/python3.12/site-packages/airflow/example_dags/example_short_circuit_operator.py
[2025-10-09T23:50:58.849+0300] {logging_mixin.py:190} INFO - [2025-10-09T23:50:58.848+0300] {dag.py:3239} INFO - Sync 1 DAGs
[2025-10-09T23:50:58.865+0300] {logging_mixin.py:190} INFO - [2025-10-09T23:50:58.864+0300] {dag.py:4180} INFO - Setting next_dagrun for example_short_circuit_operator to None, run_after=None
[2025-10-09T23:50:58.891+0300] {processor.py:208} INFO - Processing /home/hsooni/cafe_sales_etl/venv/lib/python3.12/site-packages/airflow/example_dags/example_short_circuit_operator.py took 0.088 seconds
[2025-10-09T23:51:53.530+0300] {processor.py:186} INFO - Started process (PID=46247) to work on /home/hsooni/cafe_sales_etl/venv/lib/python3.12/site-packages/airflow/example_dags/example_short_circuit_operator.py
[2025-10-09T23:51:53.536+0300] {processor.py:914} INFO - Processing file /home/hsooni/cafe_sales_etl/venv/lib/python3.12/site-packages/airflow/example_dags/example_short_circuit_operator.py for tasks to queue
[2025-10-09T23:51:53.538+0300] {logging_mixin.py:190} INFO - [2025-10-09T23:51:53.538+0300] {dagbag.py:588} INFO - Filling up the DagBag from /home/hsooni/cafe_sales_etl/venv/lib/python3.12/site-packages/airflow/example_dags/example_short_circuit_operator.py
[2025-10-09T23:51:53.547+0300] {processor.py:925} INFO - DAG(s) 'example_short_circuit_operator' retrieved from /home/hsooni/cafe_sales_etl/venv/lib/python3.12/site-packages/airflow/example_dags/example_short_circuit_operator.py
[2025-10-09T23:51:53.568+0300] {logging_mixin.py:190} INFO - [2025-10-09T23:51:53.568+0300] {dag.py:3239} INFO - Sync 1 DAGs
[2025-10-09T23:51:53.583+0300] {logging_mixin.py:190} INFO - [2025-10-09T23:51:53.583+0300] {dag.py:4180} INFO - Setting next_dagrun for example_short_circuit_operator to None, run_after=None
[2025-10-09T23:51:53.607+0300] {processor.py:208} INFO - Processing /home/hsooni/cafe_sales_etl/venv/lib/python3.12/site-packages/airflow/example_dags/example_short_circuit_operator.py took 0.083 seconds
[2025-10-09T23:52:47.569+0300] {processor.py:186} INFO - Started process (PID=46492) to work on /home/hsooni/cafe_sales_etl/venv/lib/python3.12/site-packages/airflow/example_dags/example_short_circuit_operator.py
[2025-10-09T23:52:47.576+0300] {processor.py:914} INFO - Processing file /home/hsooni/cafe_sales_etl/venv/lib/python3.12/site-packages/airflow/example_dags/example_short_circuit_operator.py for tasks to queue
[2025-10-09T23:52:47.578+0300] {logging_mixin.py:190} INFO - [2025-10-09T23:52:47.578+0300] {dagbag.py:588} INFO - Filling up the DagBag from /home/hsooni/cafe_sales_etl/venv/lib/python3.12/site-packages/airflow/example_dags/example_short_circuit_operator.py
[2025-10-09T23:52:47.589+0300] {processor.py:925} INFO - DAG(s) 'example_short_circuit_operator' retrieved from /home/hsooni/cafe_sales_etl/venv/lib/python3.12/site-packages/airflow/example_dags/example_short_circuit_operator.py
[2025-10-09T23:52:47.612+0300] {logging_mixin.py:190} INFO - [2025-10-09T23:52:47.611+0300] {dag.py:3239} INFO - Sync 1 DAGs
[2025-10-09T23:52:47.631+0300] {logging_mixin.py:190} INFO - [2025-10-09T23:52:47.631+0300] {dag.py:4180} INFO - Setting next_dagrun for example_short_circuit_operator to None, run_after=None
[2025-10-09T23:52:47.690+0300] {processor.py:208} INFO - Processing /home/hsooni/cafe_sales_etl/venv/lib/python3.12/site-packages/airflow/example_dags/example_short_circuit_operator.py took 0.127 seconds
[2025-10-09T23:53:41.242+0300] {processor.py:186} INFO - Started process (PID=46724) to work on /home/hsooni/cafe_sales_etl/venv/lib/python3.12/site-packages/airflow/example_dags/example_short_circuit_operator.py
[2025-10-09T23:53:41.248+0300] {processor.py:914} INFO - Processing file /home/hsooni/cafe_sales_etl/venv/lib/python3.12/site-packages/airflow/example_dags/example_short_circuit_operator.py for tasks to queue
[2025-10-09T23:53:41.251+0300] {logging_mixin.py:190} INFO - [2025-10-09T23:53:41.250+0300] {dagbag.py:588} INFO - Filling up the DagBag from /home/hsooni/cafe_sales_etl/venv/lib/python3.12/site-packages/airflow/example_dags/example_short_circuit_operator.py
[2025-10-09T23:53:41.263+0300] {processor.py:925} INFO - DAG(s) 'example_short_circuit_operator' retrieved from /home/hsooni/cafe_sales_etl/venv/lib/python3.12/site-packages/airflow/example_dags/example_short_circuit_operator.py
[2025-10-09T23:53:41.288+0300] {logging_mixin.py:190} INFO - [2025-10-09T23:53:41.287+0300] {dag.py:3239} INFO - Sync 1 DAGs
[2025-10-09T23:53:41.305+0300] {logging_mixin.py:190} INFO - [2025-10-09T23:53:41.305+0300] {dag.py:4180} INFO - Setting next_dagrun for example_short_circuit_operator to None, run_after=None
[2025-10-09T23:53:41.342+0300] {processor.py:208} INFO - Processing /home/hsooni/cafe_sales_etl/venv/lib/python3.12/site-packages/airflow/example_dags/example_short_circuit_operator.py took 0.108 seconds
[2025-10-09T23:54:40.586+0300] {processor.py:186} INFO - Started process (PID=47260) to work on /home/hsooni/cafe_sales_etl/venv/lib/python3.12/site-packages/airflow/example_dags/example_short_circuit_operator.py
[2025-10-09T23:54:40.592+0300] {processor.py:914} INFO - Processing file /home/hsooni/cafe_sales_etl/venv/lib/python3.12/site-packages/airflow/example_dags/example_short_circuit_operator.py for tasks to queue
[2025-10-09T23:54:40.594+0300] {logging_mixin.py:190} INFO - [2025-10-09T23:54:40.594+0300] {dagbag.py:588} INFO - Filling up the DagBag from /home/hsooni/cafe_sales_etl/venv/lib/python3.12/site-packages/airflow/example_dags/example_short_circuit_operator.py
[2025-10-09T23:54:40.606+0300] {processor.py:925} INFO - DAG(s) 'example_short_circuit_operator' retrieved from /home/hsooni/cafe_sales_etl/venv/lib/python3.12/site-packages/airflow/example_dags/example_short_circuit_operator.py
[2025-10-09T23:54:40.629+0300] {logging_mixin.py:190} INFO - [2025-10-09T23:54:40.629+0300] {dag.py:3239} INFO - Sync 1 DAGs
[2025-10-09T23:54:40.643+0300] {logging_mixin.py:190} INFO - [2025-10-09T23:54:40.643+0300] {dag.py:4180} INFO - Setting next_dagrun for example_short_circuit_operator to None, run_after=None
[2025-10-09T23:54:40.674+0300] {processor.py:208} INFO - Processing /home/hsooni/cafe_sales_etl/venv/lib/python3.12/site-packages/airflow/example_dags/example_short_circuit_operator.py took 0.096 seconds
[2025-10-09T23:55:38.434+0300] {processor.py:186} INFO - Started process (PID=47638) to work on /home/hsooni/cafe_sales_etl/venv/lib/python3.12/site-packages/airflow/example_dags/example_short_circuit_operator.py
[2025-10-09T23:55:38.440+0300] {processor.py:914} INFO - Processing file /home/hsooni/cafe_sales_etl/venv/lib/python3.12/site-packages/airflow/example_dags/example_short_circuit_operator.py for tasks to queue
[2025-10-09T23:55:38.443+0300] {logging_mixin.py:190} INFO - [2025-10-09T23:55:38.442+0300] {dagbag.py:588} INFO - Filling up the DagBag from /home/hsooni/cafe_sales_etl/venv/lib/python3.12/site-packages/airflow/example_dags/example_short_circuit_operator.py
[2025-10-09T23:55:38.454+0300] {processor.py:925} INFO - DAG(s) 'example_short_circuit_operator' retrieved from /home/hsooni/cafe_sales_etl/venv/lib/python3.12/site-packages/airflow/example_dags/example_short_circuit_operator.py
[2025-10-09T23:55:38.478+0300] {logging_mixin.py:190} INFO - [2025-10-09T23:55:38.477+0300] {dag.py:3239} INFO - Sync 1 DAGs
[2025-10-09T23:55:38.494+0300] {logging_mixin.py:190} INFO - [2025-10-09T23:55:38.493+0300] {dag.py:4180} INFO - Setting next_dagrun for example_short_circuit_operator to None, run_after=None
[2025-10-09T23:55:38.528+0300] {processor.py:208} INFO - Processing /home/hsooni/cafe_sales_etl/venv/lib/python3.12/site-packages/airflow/example_dags/example_short_circuit_operator.py took 0.102 seconds
