[2025-10-09T23:47:12.447+0300] {processor.py:186} INFO - Started process (PID=44523) to work on /home/hsooni/cafe_sales_etl/venv/lib/python3.12/site-packages/airflow/example_dags/example_workday_timetable.py
[2025-10-09T23:47:12.448+0300] {processor.py:914} INFO - Processing file /home/hsooni/cafe_sales_etl/venv/lib/python3.12/site-packages/airflow/example_dags/example_workday_timetable.py for tasks to queue
[2025-10-09T23:47:12.451+0300] {logging_mixin.py:190} INFO - [2025-10-09T23:47:12.451+0300] {dagbag.py:588} INFO - Filling up the DagBag from /home/hsooni/cafe_sales_etl/venv/lib/python3.12/site-packages/airflow/example_dags/example_workday_timetable.py
[2025-10-09T23:47:12.458+0300] {processor.py:925} INFO - DAG(s) 'example_workday_timetable' retrieved from /home/hsooni/cafe_sales_etl/venv/lib/python3.12/site-packages/airflow/example_dags/example_workday_timetable.py
[2025-10-09T23:47:12.595+0300] {logging_mixin.py:190} INFO - [2025-10-09T23:47:12.594+0300] {override.py:1900} INFO - Created Permission View: can delete on DAG:example_workday_timetable
[2025-10-09T23:47:12.611+0300] {logging_mixin.py:190} INFO - [2025-10-09T23:47:12.611+0300] {override.py:1900} INFO - Created Permission View: can read on DAG:example_workday_timetable
[2025-10-09T23:47:12.623+0300] {logging_mixin.py:190} INFO - [2025-10-09T23:47:12.623+0300] {override.py:1900} INFO - Created Permission View: can edit on DAG:example_workday_timetable
[2025-10-09T23:47:12.645+0300] {logging_mixin.py:190} INFO - [2025-10-09T23:47:12.644+0300] {override.py:1900} INFO - Created Permission View: can delete on DAG Run:example_workday_timetable
[2025-10-09T23:47:12.657+0300] {logging_mixin.py:190} INFO - [2025-10-09T23:47:12.657+0300] {override.py:1900} INFO - Created Permission View: can create on DAG Run:example_workday_timetable
[2025-10-09T23:47:12.669+0300] {logging_mixin.py:190} INFO - [2025-10-09T23:47:12.669+0300] {override.py:1900} INFO - Created Permission View: can read on DAG Run:example_workday_timetable
[2025-10-09T23:47:12.712+0300] {logging_mixin.py:190} INFO - [2025-10-09T23:47:12.712+0300] {override.py:1900} INFO - Created Permission View: menu access on DAG Run:example_workday_timetable
[2025-10-09T23:47:12.713+0300] {logging_mixin.py:190} INFO - [2025-10-09T23:47:12.713+0300] {dag.py:3239} INFO - Sync 1 DAGs
[2025-10-09T23:47:12.725+0300] {logging_mixin.py:190} INFO - [2025-10-09T23:47:12.725+0300] {dag.py:3262} INFO - Creating ORM DAG for example_workday_timetable
[2025-10-09T23:47:12.775+0300] {logging_mixin.py:190} INFO - [2025-10-09T23:47:12.775+0300] {dag.py:4180} INFO - Setting next_dagrun for example_workday_timetable to 2021-01-04 00:00:00+00:00, run_after=2021-01-05 00:00:00+00:00
[2025-10-09T23:47:12.803+0300] {processor.py:208} INFO - Processing /home/hsooni/cafe_sales_etl/venv/lib/python3.12/site-packages/airflow/example_dags/example_workday_timetable.py took 0.362 seconds
[2025-10-09T23:48:52.978+0300] {processor.py:186} INFO - Started process (PID=45093) to work on /home/hsooni/cafe_sales_etl/venv/lib/python3.12/site-packages/airflow/example_dags/example_workday_timetable.py
[2025-10-09T23:48:52.979+0300] {processor.py:914} INFO - Processing file /home/hsooni/cafe_sales_etl/venv/lib/python3.12/site-packages/airflow/example_dags/example_workday_timetable.py for tasks to queue
[2025-10-09T23:48:52.985+0300] {logging_mixin.py:190} INFO - [2025-10-09T23:48:52.984+0300] {dagbag.py:588} INFO - Filling up the DagBag from /home/hsooni/cafe_sales_etl/venv/lib/python3.12/site-packages/airflow/example_dags/example_workday_timetable.py
[2025-10-09T23:48:52.991+0300] {processor.py:925} INFO - DAG(s) 'example_workday_timetable' retrieved from /home/hsooni/cafe_sales_etl/venv/lib/python3.12/site-packages/airflow/example_dags/example_workday_timetable.py
[2025-10-09T23:48:53.013+0300] {logging_mixin.py:190} INFO - [2025-10-09T23:48:53.013+0300] {dag.py:3239} INFO - Sync 1 DAGs
[2025-10-09T23:48:53.077+0300] {logging_mixin.py:190} INFO - [2025-10-09T23:48:53.076+0300] {dag.py:4180} INFO - Setting next_dagrun for example_workday_timetable to 2021-01-04 00:00:00+00:00, run_after=2021-01-05 00:00:00+00:00
[2025-10-09T23:48:53.106+0300] {processor.py:208} INFO - Processing /home/hsooni/cafe_sales_etl/venv/lib/python3.12/site-packages/airflow/example_dags/example_workday_timetable.py took 0.135 seconds
[2025-10-09T23:49:53.569+0300] {processor.py:186} INFO - Started process (PID=45557) to work on /home/hsooni/cafe_sales_etl/venv/lib/python3.12/site-packages/airflow/example_dags/example_workday_timetable.py
[2025-10-09T23:49:53.576+0300] {processor.py:914} INFO - Processing file /home/hsooni/cafe_sales_etl/venv/lib/python3.12/site-packages/airflow/example_dags/example_workday_timetable.py for tasks to queue
[2025-10-09T23:49:53.583+0300] {logging_mixin.py:190} INFO - [2025-10-09T23:49:53.583+0300] {dagbag.py:588} INFO - Filling up the DagBag from /home/hsooni/cafe_sales_etl/venv/lib/python3.12/site-packages/airflow/example_dags/example_workday_timetable.py
[2025-10-09T23:49:53.592+0300] {processor.py:925} INFO - DAG(s) 'example_workday_timetable' retrieved from /home/hsooni/cafe_sales_etl/venv/lib/python3.12/site-packages/airflow/example_dags/example_workday_timetable.py
[2025-10-09T23:49:53.617+0300] {logging_mixin.py:190} INFO - [2025-10-09T23:49:53.617+0300] {dag.py:3239} INFO - Sync 1 DAGs
[2025-10-09T23:49:53.699+0300] {logging_mixin.py:190} INFO - [2025-10-09T23:49:53.698+0300] {dag.py:4180} INFO - Setting next_dagrun for example_workday_timetable to 2021-01-04 00:00:00+00:00, run_after=2021-01-05 00:00:00+00:00
[2025-10-09T23:49:53.734+0300] {processor.py:208} INFO - Processing /home/hsooni/cafe_sales_etl/venv/lib/python3.12/site-packages/airflow/example_dags/example_workday_timetable.py took 0.172 seconds
[2025-10-09T23:50:49.411+0300] {processor.py:186} INFO - Started process (PID=45789) to work on /home/hsooni/cafe_sales_etl/venv/lib/python3.12/site-packages/airflow/example_dags/example_workday_timetable.py
[2025-10-09T23:50:49.417+0300] {processor.py:914} INFO - Processing file /home/hsooni/cafe_sales_etl/venv/lib/python3.12/site-packages/airflow/example_dags/example_workday_timetable.py for tasks to queue
[2025-10-09T23:50:49.420+0300] {logging_mixin.py:190} INFO - [2025-10-09T23:50:49.420+0300] {dagbag.py:588} INFO - Filling up the DagBag from /home/hsooni/cafe_sales_etl/venv/lib/python3.12/site-packages/airflow/example_dags/example_workday_timetable.py
[2025-10-09T23:50:49.426+0300] {processor.py:925} INFO - DAG(s) 'example_workday_timetable' retrieved from /home/hsooni/cafe_sales_etl/venv/lib/python3.12/site-packages/airflow/example_dags/example_workday_timetable.py
[2025-10-09T23:50:49.443+0300] {logging_mixin.py:190} INFO - [2025-10-09T23:50:49.443+0300] {dag.py:3239} INFO - Sync 1 DAGs
[2025-10-09T23:50:49.517+0300] {logging_mixin.py:190} INFO - [2025-10-09T23:50:49.517+0300] {dag.py:4180} INFO - Setting next_dagrun for example_workday_timetable to 2021-01-04 00:00:00+00:00, run_after=2021-01-05 00:00:00+00:00
[2025-10-09T23:50:49.548+0300] {processor.py:208} INFO - Processing /home/hsooni/cafe_sales_etl/venv/lib/python3.12/site-packages/airflow/example_dags/example_workday_timetable.py took 0.143 seconds
[2025-10-09T23:51:43.479+0300] {processor.py:186} INFO - Started process (PID=46199) to work on /home/hsooni/cafe_sales_etl/venv/lib/python3.12/site-packages/airflow/example_dags/example_workday_timetable.py
[2025-10-09T23:51:43.485+0300] {processor.py:914} INFO - Processing file /home/hsooni/cafe_sales_etl/venv/lib/python3.12/site-packages/airflow/example_dags/example_workday_timetable.py for tasks to queue
[2025-10-09T23:51:43.488+0300] {logging_mixin.py:190} INFO - [2025-10-09T23:51:43.487+0300] {dagbag.py:588} INFO - Filling up the DagBag from /home/hsooni/cafe_sales_etl/venv/lib/python3.12/site-packages/airflow/example_dags/example_workday_timetable.py
[2025-10-09T23:51:43.494+0300] {processor.py:925} INFO - DAG(s) 'example_workday_timetable' retrieved from /home/hsooni/cafe_sales_etl/venv/lib/python3.12/site-packages/airflow/example_dags/example_workday_timetable.py
[2025-10-09T23:51:43.511+0300] {logging_mixin.py:190} INFO - [2025-10-09T23:51:43.510+0300] {dag.py:3239} INFO - Sync 1 DAGs
[2025-10-09T23:51:43.580+0300] {logging_mixin.py:190} INFO - [2025-10-09T23:51:43.579+0300] {dag.py:4180} INFO - Setting next_dagrun for example_workday_timetable to 2021-01-04 00:00:00+00:00, run_after=2021-01-05 00:00:00+00:00
[2025-10-09T23:51:43.608+0300] {processor.py:208} INFO - Processing /home/hsooni/cafe_sales_etl/venv/lib/python3.12/site-packages/airflow/example_dags/example_workday_timetable.py took 0.135 seconds
[2025-10-09T23:52:40.007+0300] {processor.py:186} INFO - Started process (PID=46455) to work on /home/hsooni/cafe_sales_etl/venv/lib/python3.12/site-packages/airflow/example_dags/example_workday_timetable.py
[2025-10-09T23:52:40.013+0300] {processor.py:914} INFO - Processing file /home/hsooni/cafe_sales_etl/venv/lib/python3.12/site-packages/airflow/example_dags/example_workday_timetable.py for tasks to queue
[2025-10-09T23:52:40.016+0300] {logging_mixin.py:190} INFO - [2025-10-09T23:52:40.015+0300] {dagbag.py:588} INFO - Filling up the DagBag from /home/hsooni/cafe_sales_etl/venv/lib/python3.12/site-packages/airflow/example_dags/example_workday_timetable.py
[2025-10-09T23:52:40.022+0300] {processor.py:925} INFO - DAG(s) 'example_workday_timetable' retrieved from /home/hsooni/cafe_sales_etl/venv/lib/python3.12/site-packages/airflow/example_dags/example_workday_timetable.py
[2025-10-09T23:52:40.038+0300] {logging_mixin.py:190} INFO - [2025-10-09T23:52:40.038+0300] {dag.py:3239} INFO - Sync 1 DAGs
[2025-10-09T23:52:40.104+0300] {logging_mixin.py:190} INFO - [2025-10-09T23:52:40.103+0300] {dag.py:4180} INFO - Setting next_dagrun for example_workday_timetable to 2021-01-04 00:00:00+00:00, run_after=2021-01-05 00:00:00+00:00
[2025-10-09T23:52:40.133+0300] {processor.py:208} INFO - Processing /home/hsooni/cafe_sales_etl/venv/lib/python3.12/site-packages/airflow/example_dags/example_workday_timetable.py took 0.132 seconds
[2025-10-09T23:53:31.909+0300] {processor.py:186} INFO - Started process (PID=46691) to work on /home/hsooni/cafe_sales_etl/venv/lib/python3.12/site-packages/airflow/example_dags/example_workday_timetable.py
[2025-10-09T23:53:31.915+0300] {processor.py:914} INFO - Processing file /home/hsooni/cafe_sales_etl/venv/lib/python3.12/site-packages/airflow/example_dags/example_workday_timetable.py for tasks to queue
[2025-10-09T23:53:31.918+0300] {logging_mixin.py:190} INFO - [2025-10-09T23:53:31.917+0300] {dagbag.py:588} INFO - Filling up the DagBag from /home/hsooni/cafe_sales_etl/venv/lib/python3.12/site-packages/airflow/example_dags/example_workday_timetable.py
[2025-10-09T23:53:31.924+0300] {processor.py:925} INFO - DAG(s) 'example_workday_timetable' retrieved from /home/hsooni/cafe_sales_etl/venv/lib/python3.12/site-packages/airflow/example_dags/example_workday_timetable.py
[2025-10-09T23:53:31.943+0300] {logging_mixin.py:190} INFO - [2025-10-09T23:53:31.943+0300] {dag.py:3239} INFO - Sync 1 DAGs
[2025-10-09T23:53:32.013+0300] {logging_mixin.py:190} INFO - [2025-10-09T23:53:32.012+0300] {dag.py:4180} INFO - Setting next_dagrun for example_workday_timetable to 2021-01-04 00:00:00+00:00, run_after=2021-01-05 00:00:00+00:00
[2025-10-09T23:53:32.043+0300] {processor.py:208} INFO - Processing /home/hsooni/cafe_sales_etl/venv/lib/python3.12/site-packages/airflow/example_dags/example_workday_timetable.py took 0.140 seconds
[2025-10-09T23:54:31.570+0300] {processor.py:186} INFO - Started process (PID=47193) to work on /home/hsooni/cafe_sales_etl/venv/lib/python3.12/site-packages/airflow/example_dags/example_workday_timetable.py
[2025-10-09T23:54:31.578+0300] {processor.py:914} INFO - Processing file /home/hsooni/cafe_sales_etl/venv/lib/python3.12/site-packages/airflow/example_dags/example_workday_timetable.py for tasks to queue
[2025-10-09T23:54:31.585+0300] {logging_mixin.py:190} INFO - [2025-10-09T23:54:31.580+0300] {dagbag.py:588} INFO - Filling up the DagBag from /home/hsooni/cafe_sales_etl/venv/lib/python3.12/site-packages/airflow/example_dags/example_workday_timetable.py
[2025-10-09T23:54:31.597+0300] {processor.py:925} INFO - DAG(s) 'example_workday_timetable' retrieved from /home/hsooni/cafe_sales_etl/venv/lib/python3.12/site-packages/airflow/example_dags/example_workday_timetable.py
[2025-10-09T23:54:31.614+0300] {logging_mixin.py:190} INFO - [2025-10-09T23:54:31.614+0300] {dag.py:3239} INFO - Sync 1 DAGs
[2025-10-09T23:54:31.694+0300] {logging_mixin.py:190} INFO - [2025-10-09T23:54:31.694+0300] {dag.py:4180} INFO - Setting next_dagrun for example_workday_timetable to 2021-01-04 00:00:00+00:00, run_after=2021-01-05 00:00:00+00:00
[2025-10-09T23:54:31.727+0300] {processor.py:208} INFO - Processing /home/hsooni/cafe_sales_etl/venv/lib/python3.12/site-packages/airflow/example_dags/example_workday_timetable.py took 0.164 seconds
[2025-10-09T23:55:29.441+0300] {processor.py:186} INFO - Started process (PID=47548) to work on /home/hsooni/cafe_sales_etl/venv/lib/python3.12/site-packages/airflow/example_dags/example_workday_timetable.py
[2025-10-09T23:55:29.447+0300] {processor.py:914} INFO - Processing file /home/hsooni/cafe_sales_etl/venv/lib/python3.12/site-packages/airflow/example_dags/example_workday_timetable.py for tasks to queue
[2025-10-09T23:55:29.450+0300] {logging_mixin.py:190} INFO - [2025-10-09T23:55:29.449+0300] {dagbag.py:588} INFO - Filling up the DagBag from /home/hsooni/cafe_sales_etl/venv/lib/python3.12/site-packages/airflow/example_dags/example_workday_timetable.py
[2025-10-09T23:55:29.458+0300] {processor.py:925} INFO - DAG(s) 'example_workday_timetable' retrieved from /home/hsooni/cafe_sales_etl/venv/lib/python3.12/site-packages/airflow/example_dags/example_workday_timetable.py
[2025-10-09T23:55:29.476+0300] {logging_mixin.py:190} INFO - [2025-10-09T23:55:29.476+0300] {dag.py:3239} INFO - Sync 1 DAGs
[2025-10-09T23:55:29.540+0300] {logging_mixin.py:190} INFO - [2025-10-09T23:55:29.540+0300] {dag.py:4180} INFO - Setting next_dagrun for example_workday_timetable to 2021-01-04 00:00:00+00:00, run_after=2021-01-05 00:00:00+00:00
[2025-10-09T23:55:29.569+0300] {processor.py:208} INFO - Processing /home/hsooni/cafe_sales_etl/venv/lib/python3.12/site-packages/airflow/example_dags/example_workday_timetable.py took 0.136 seconds
