[2025-10-09T23:49:27.120+0300] {processor.py:186} INFO - Started process (PID=45261) to work on /home/hsooni/cafe_sales_etl/venv/lib/python3.12/site-packages/airflow/example_dags/example_dataset_alias.py
[2025-10-09T23:49:27.120+0300] {processor.py:914} INFO - Processing file /home/hsooni/cafe_sales_etl/venv/lib/python3.12/site-packages/airflow/example_dags/example_dataset_alias.py for tasks to queue
[2025-10-09T23:49:27.122+0300] {logging_mixin.py:190} INFO - [2025-10-09T23:49:27.122+0300] {dagbag.py:588} INFO - Filling up the DagBag from /home/hsooni/cafe_sales_etl/venv/lib/python3.12/site-packages/airflow/example_dags/example_dataset_alias.py
[2025-10-09T23:49:27.142+0300] {processor.py:925} INFO - DAG(s) 'dataset_s3_bucket_consumer', 'dataset_s3_bucket_producer', 'dataset_alias_example_alias_consumer', 'dataset_alias_example_alias_producer' retrieved from /home/hsooni/cafe_sales_etl/venv/lib/python3.12/site-packages/airflow/example_dags/example_dataset_alias.py
[2025-10-09T23:49:27.263+0300] {logging_mixin.py:190} INFO - [2025-10-09T23:49:27.263+0300] {override.py:1900} INFO - Created Permission View: can delete on DAG:dataset_s3_bucket_consumer
[2025-10-09T23:49:27.280+0300] {logging_mixin.py:190} INFO - [2025-10-09T23:49:27.279+0300] {override.py:1900} INFO - Created Permission View: can read on DAG:dataset_s3_bucket_consumer
[2025-10-09T23:49:27.294+0300] {logging_mixin.py:190} INFO - [2025-10-09T23:49:27.294+0300] {override.py:1900} INFO - Created Permission View: can edit on DAG:dataset_s3_bucket_consumer
[2025-10-09T23:49:27.315+0300] {logging_mixin.py:190} INFO - [2025-10-09T23:49:27.314+0300] {override.py:1900} INFO - Created Permission View: can delete on DAG Run:dataset_s3_bucket_consumer
[2025-10-09T23:49:27.329+0300] {logging_mixin.py:190} INFO - [2025-10-09T23:49:27.329+0300] {override.py:1900} INFO - Created Permission View: menu access on DAG Run:dataset_s3_bucket_consumer
[2025-10-09T23:49:27.341+0300] {logging_mixin.py:190} INFO - [2025-10-09T23:49:27.341+0300] {override.py:1900} INFO - Created Permission View: can read on DAG Run:dataset_s3_bucket_consumer
[2025-10-09T23:49:27.353+0300] {logging_mixin.py:190} INFO - [2025-10-09T23:49:27.353+0300] {override.py:1900} INFO - Created Permission View: can create on DAG Run:dataset_s3_bucket_consumer
[2025-10-09T23:49:27.378+0300] {logging_mixin.py:190} INFO - [2025-10-09T23:49:27.377+0300] {override.py:1900} INFO - Created Permission View: can delete on DAG:dataset_s3_bucket_producer
[2025-10-09T23:49:27.390+0300] {logging_mixin.py:190} INFO - [2025-10-09T23:49:27.390+0300] {override.py:1900} INFO - Created Permission View: can read on DAG:dataset_s3_bucket_producer
[2025-10-09T23:49:27.403+0300] {logging_mixin.py:190} INFO - [2025-10-09T23:49:27.403+0300] {override.py:1900} INFO - Created Permission View: can edit on DAG:dataset_s3_bucket_producer
[2025-10-09T23:49:27.425+0300] {logging_mixin.py:190} INFO - [2025-10-09T23:49:27.425+0300] {override.py:1900} INFO - Created Permission View: can delete on DAG Run:dataset_s3_bucket_producer
[2025-10-09T23:49:27.437+0300] {logging_mixin.py:190} INFO - [2025-10-09T23:49:27.437+0300] {override.py:1900} INFO - Created Permission View: menu access on DAG Run:dataset_s3_bucket_producer
[2025-10-09T23:49:27.449+0300] {logging_mixin.py:190} INFO - [2025-10-09T23:49:27.448+0300] {override.py:1900} INFO - Created Permission View: can read on DAG Run:dataset_s3_bucket_producer
[2025-10-09T23:49:27.464+0300] {logging_mixin.py:190} INFO - [2025-10-09T23:49:27.463+0300] {override.py:1900} INFO - Created Permission View: can create on DAG Run:dataset_s3_bucket_producer
[2025-10-09T23:49:27.494+0300] {logging_mixin.py:190} INFO - [2025-10-09T23:49:27.494+0300] {override.py:1900} INFO - Created Permission View: can delete on DAG:dataset_alias_example_alias_consumer
[2025-10-09T23:49:27.506+0300] {logging_mixin.py:190} INFO - [2025-10-09T23:49:27.506+0300] {override.py:1900} INFO - Created Permission View: can read on DAG:dataset_alias_example_alias_consumer
[2025-10-09T23:49:27.518+0300] {logging_mixin.py:190} INFO - [2025-10-09T23:49:27.518+0300] {override.py:1900} INFO - Created Permission View: can edit on DAG:dataset_alias_example_alias_consumer
[2025-10-09T23:49:27.538+0300] {logging_mixin.py:190} INFO - [2025-10-09T23:49:27.538+0300] {override.py:1900} INFO - Created Permission View: can delete on DAG Run:dataset_alias_example_alias_consumer
[2025-10-09T23:49:27.550+0300] {logging_mixin.py:190} INFO - [2025-10-09T23:49:27.550+0300] {override.py:1900} INFO - Created Permission View: menu access on DAG Run:dataset_alias_example_alias_consumer
[2025-10-09T23:49:27.564+0300] {logging_mixin.py:190} INFO - [2025-10-09T23:49:27.564+0300] {override.py:1900} INFO - Created Permission View: can read on DAG Run:dataset_alias_example_alias_consumer
[2025-10-09T23:49:27.576+0300] {logging_mixin.py:190} INFO - [2025-10-09T23:49:27.576+0300] {override.py:1900} INFO - Created Permission View: can create on DAG Run:dataset_alias_example_alias_consumer
[2025-10-09T23:49:27.602+0300] {logging_mixin.py:190} INFO - [2025-10-09T23:49:27.602+0300] {override.py:1900} INFO - Created Permission View: can delete on DAG:dataset_alias_example_alias_producer
[2025-10-09T23:49:27.614+0300] {logging_mixin.py:190} INFO - [2025-10-09T23:49:27.614+0300] {override.py:1900} INFO - Created Permission View: can read on DAG:dataset_alias_example_alias_producer
[2025-10-09T23:49:27.626+0300] {logging_mixin.py:190} INFO - [2025-10-09T23:49:27.626+0300] {override.py:1900} INFO - Created Permission View: can edit on DAG:dataset_alias_example_alias_producer
[2025-10-09T23:49:27.646+0300] {logging_mixin.py:190} INFO - [2025-10-09T23:49:27.646+0300] {override.py:1900} INFO - Created Permission View: can delete on DAG Run:dataset_alias_example_alias_producer
[2025-10-09T23:49:27.658+0300] {logging_mixin.py:190} INFO - [2025-10-09T23:49:27.658+0300] {override.py:1900} INFO - Created Permission View: menu access on DAG Run:dataset_alias_example_alias_producer
[2025-10-09T23:49:27.670+0300] {logging_mixin.py:190} INFO - [2025-10-09T23:49:27.670+0300] {override.py:1900} INFO - Created Permission View: can read on DAG Run:dataset_alias_example_alias_producer
[2025-10-09T23:49:27.689+0300] {logging_mixin.py:190} INFO - [2025-10-09T23:49:27.689+0300] {override.py:1900} INFO - Created Permission View: can create on DAG Run:dataset_alias_example_alias_producer
[2025-10-09T23:49:27.690+0300] {logging_mixin.py:190} INFO - [2025-10-09T23:49:27.690+0300] {dag.py:3239} INFO - Sync 4 DAGs
[2025-10-09T23:49:27.709+0300] {logging_mixin.py:190} INFO - [2025-10-09T23:49:27.709+0300] {dag.py:3262} INFO - Creating ORM DAG for dataset_s3_bucket_consumer
[2025-10-09T23:49:27.710+0300] {logging_mixin.py:190} INFO - [2025-10-09T23:49:27.710+0300] {dag.py:3262} INFO - Creating ORM DAG for dataset_alias_example_alias_consumer
[2025-10-09T23:49:27.711+0300] {logging_mixin.py:190} INFO - [2025-10-09T23:49:27.711+0300] {dag.py:3262} INFO - Creating ORM DAG for dataset_s3_bucket_producer
[2025-10-09T23:49:27.711+0300] {logging_mixin.py:190} INFO - [2025-10-09T23:49:27.711+0300] {dag.py:3262} INFO - Creating ORM DAG for dataset_alias_example_alias_producer
[2025-10-09T23:49:27.721+0300] {logging_mixin.py:190} INFO - [2025-10-09T23:49:27.721+0300] {dag.py:4180} INFO - Setting next_dagrun for dataset_alias_example_alias_consumer to None, run_after=None
[2025-10-09T23:49:27.722+0300] {logging_mixin.py:190} INFO - [2025-10-09T23:49:27.722+0300] {dag.py:4180} INFO - Setting next_dagrun for dataset_alias_example_alias_producer to None, run_after=None
[2025-10-09T23:49:27.723+0300] {logging_mixin.py:190} INFO - [2025-10-09T23:49:27.723+0300] {dag.py:4180} INFO - Setting next_dagrun for dataset_s3_bucket_consumer to None, run_after=None
[2025-10-09T23:49:27.723+0300] {logging_mixin.py:190} INFO - [2025-10-09T23:49:27.723+0300] {dag.py:4180} INFO - Setting next_dagrun for dataset_s3_bucket_producer to None, run_after=None
[2025-10-09T23:49:27.761+0300] {processor.py:208} INFO - Processing /home/hsooni/cafe_sales_etl/venv/lib/python3.12/site-packages/airflow/example_dags/example_dataset_alias.py took 0.647 seconds
[2025-10-09T23:50:28.285+0300] {processor.py:186} INFO - Started process (PID=45682) to work on /home/hsooni/cafe_sales_etl/venv/lib/python3.12/site-packages/airflow/example_dags/example_dataset_alias.py
[2025-10-09T23:50:28.291+0300] {processor.py:914} INFO - Processing file /home/hsooni/cafe_sales_etl/venv/lib/python3.12/site-packages/airflow/example_dags/example_dataset_alias.py for tasks to queue
[2025-10-09T23:50:28.294+0300] {logging_mixin.py:190} INFO - [2025-10-09T23:50:28.293+0300] {dagbag.py:588} INFO - Filling up the DagBag from /home/hsooni/cafe_sales_etl/venv/lib/python3.12/site-packages/airflow/example_dags/example_dataset_alias.py
[2025-10-09T23:50:28.320+0300] {processor.py:925} INFO - DAG(s) 'dataset_alias_example_alias_consumer', 'dataset_alias_example_alias_producer', 'dataset_s3_bucket_producer', 'dataset_s3_bucket_consumer' retrieved from /home/hsooni/cafe_sales_etl/venv/lib/python3.12/site-packages/airflow/example_dags/example_dataset_alias.py
[2025-10-09T23:50:28.343+0300] {logging_mixin.py:190} INFO - [2025-10-09T23:50:28.343+0300] {dag.py:3239} INFO - Sync 4 DAGs
[2025-10-09T23:50:28.367+0300] {logging_mixin.py:190} INFO - [2025-10-09T23:50:28.367+0300] {dag.py:4180} INFO - Setting next_dagrun for dataset_alias_example_alias_consumer to None, run_after=None
[2025-10-09T23:50:28.370+0300] {logging_mixin.py:190} INFO - [2025-10-09T23:50:28.370+0300] {dag.py:4180} INFO - Setting next_dagrun for dataset_alias_example_alias_producer to None, run_after=None
[2025-10-09T23:50:28.371+0300] {logging_mixin.py:190} INFO - [2025-10-09T23:50:28.371+0300] {dag.py:4180} INFO - Setting next_dagrun for dataset_s3_bucket_consumer to None, run_after=None
[2025-10-09T23:50:28.372+0300] {logging_mixin.py:190} INFO - [2025-10-09T23:50:28.372+0300] {dag.py:4180} INFO - Setting next_dagrun for dataset_s3_bucket_producer to None, run_after=None
[2025-10-09T23:50:28.408+0300] {processor.py:208} INFO - Processing /home/hsooni/cafe_sales_etl/venv/lib/python3.12/site-packages/airflow/example_dags/example_dataset_alias.py took 0.129 seconds
[2025-10-09T23:51:25.595+0300] {processor.py:186} INFO - Started process (PID=46063) to work on /home/hsooni/cafe_sales_etl/venv/lib/python3.12/site-packages/airflow/example_dags/example_dataset_alias.py
[2025-10-09T23:51:25.601+0300] {processor.py:914} INFO - Processing file /home/hsooni/cafe_sales_etl/venv/lib/python3.12/site-packages/airflow/example_dags/example_dataset_alias.py for tasks to queue
[2025-10-09T23:51:25.607+0300] {logging_mixin.py:190} INFO - [2025-10-09T23:51:25.606+0300] {dagbag.py:588} INFO - Filling up the DagBag from /home/hsooni/cafe_sales_etl/venv/lib/python3.12/site-packages/airflow/example_dags/example_dataset_alias.py
[2025-10-09T23:51:25.642+0300] {processor.py:925} INFO - DAG(s) 'dataset_alias_example_alias_consumer', 'dataset_s3_bucket_producer', 'dataset_s3_bucket_consumer', 'dataset_alias_example_alias_producer' retrieved from /home/hsooni/cafe_sales_etl/venv/lib/python3.12/site-packages/airflow/example_dags/example_dataset_alias.py
[2025-10-09T23:51:25.686+0300] {logging_mixin.py:190} INFO - [2025-10-09T23:51:25.685+0300] {dag.py:3239} INFO - Sync 4 DAGs
[2025-10-09T23:51:25.717+0300] {logging_mixin.py:190} INFO - [2025-10-09T23:51:25.717+0300] {dag.py:4180} INFO - Setting next_dagrun for dataset_alias_example_alias_consumer to None, run_after=None
[2025-10-09T23:51:25.720+0300] {logging_mixin.py:190} INFO - [2025-10-09T23:51:25.720+0300] {dag.py:4180} INFO - Setting next_dagrun for dataset_alias_example_alias_producer to None, run_after=None
[2025-10-09T23:51:25.722+0300] {logging_mixin.py:190} INFO - [2025-10-09T23:51:25.721+0300] {dag.py:4180} INFO - Setting next_dagrun for dataset_s3_bucket_consumer to None, run_after=None
[2025-10-09T23:51:25.723+0300] {logging_mixin.py:190} INFO - [2025-10-09T23:51:25.722+0300] {dag.py:4180} INFO - Setting next_dagrun for dataset_s3_bucket_producer to None, run_after=None
[2025-10-09T23:51:25.762+0300] {processor.py:208} INFO - Processing /home/hsooni/cafe_sales_etl/venv/lib/python3.12/site-packages/airflow/example_dags/example_dataset_alias.py took 0.175 seconds
[2025-10-09T23:52:24.073+0300] {processor.py:186} INFO - Started process (PID=46384) to work on /home/hsooni/cafe_sales_etl/venv/lib/python3.12/site-packages/airflow/example_dags/example_dataset_alias.py
[2025-10-09T23:52:24.074+0300] {processor.py:914} INFO - Processing file /home/hsooni/cafe_sales_etl/venv/lib/python3.12/site-packages/airflow/example_dags/example_dataset_alias.py for tasks to queue
[2025-10-09T23:52:24.076+0300] {logging_mixin.py:190} INFO - [2025-10-09T23:52:24.076+0300] {dagbag.py:588} INFO - Filling up the DagBag from /home/hsooni/cafe_sales_etl/venv/lib/python3.12/site-packages/airflow/example_dags/example_dataset_alias.py
[2025-10-09T23:52:24.101+0300] {processor.py:925} INFO - DAG(s) 'dataset_s3_bucket_consumer', 'dataset_s3_bucket_producer', 'dataset_alias_example_alias_consumer', 'dataset_alias_example_alias_producer' retrieved from /home/hsooni/cafe_sales_etl/venv/lib/python3.12/site-packages/airflow/example_dags/example_dataset_alias.py
[2025-10-09T23:52:24.124+0300] {logging_mixin.py:190} INFO - [2025-10-09T23:52:24.123+0300] {dag.py:3239} INFO - Sync 4 DAGs
[2025-10-09T23:52:24.146+0300] {logging_mixin.py:190} INFO - [2025-10-09T23:52:24.146+0300] {dag.py:4180} INFO - Setting next_dagrun for dataset_alias_example_alias_consumer to None, run_after=None
[2025-10-09T23:52:24.148+0300] {logging_mixin.py:190} INFO - [2025-10-09T23:52:24.148+0300] {dag.py:4180} INFO - Setting next_dagrun for dataset_alias_example_alias_producer to None, run_after=None
[2025-10-09T23:52:24.149+0300] {logging_mixin.py:190} INFO - [2025-10-09T23:52:24.149+0300] {dag.py:4180} INFO - Setting next_dagrun for dataset_s3_bucket_consumer to None, run_after=None
[2025-10-09T23:52:24.150+0300] {logging_mixin.py:190} INFO - [2025-10-09T23:52:24.150+0300] {dag.py:4180} INFO - Setting next_dagrun for dataset_s3_bucket_producer to None, run_after=None
[2025-10-09T23:52:24.184+0300] {processor.py:208} INFO - Processing /home/hsooni/cafe_sales_etl/venv/lib/python3.12/site-packages/airflow/example_dags/example_dataset_alias.py took 0.117 seconds
[2025-10-09T23:53:18.782+0300] {processor.py:186} INFO - Started process (PID=46619) to work on /home/hsooni/cafe_sales_etl/venv/lib/python3.12/site-packages/airflow/example_dags/example_dataset_alias.py
[2025-10-09T23:53:18.788+0300] {processor.py:914} INFO - Processing file /home/hsooni/cafe_sales_etl/venv/lib/python3.12/site-packages/airflow/example_dags/example_dataset_alias.py for tasks to queue
[2025-10-09T23:53:18.791+0300] {logging_mixin.py:190} INFO - [2025-10-09T23:53:18.790+0300] {dagbag.py:588} INFO - Filling up the DagBag from /home/hsooni/cafe_sales_etl/venv/lib/python3.12/site-packages/airflow/example_dags/example_dataset_alias.py
[2025-10-09T23:53:18.816+0300] {processor.py:925} INFO - DAG(s) 'dataset_alias_example_alias_producer', 'dataset_alias_example_alias_consumer', 'dataset_s3_bucket_consumer', 'dataset_s3_bucket_producer' retrieved from /home/hsooni/cafe_sales_etl/venv/lib/python3.12/site-packages/airflow/example_dags/example_dataset_alias.py
[2025-10-09T23:53:18.838+0300] {logging_mixin.py:190} INFO - [2025-10-09T23:53:18.838+0300] {dag.py:3239} INFO - Sync 4 DAGs
[2025-10-09T23:53:18.862+0300] {logging_mixin.py:190} INFO - [2025-10-09T23:53:18.861+0300] {dag.py:4180} INFO - Setting next_dagrun for dataset_alias_example_alias_consumer to None, run_after=None
[2025-10-09T23:53:18.864+0300] {logging_mixin.py:190} INFO - [2025-10-09T23:53:18.864+0300] {dag.py:4180} INFO - Setting next_dagrun for dataset_alias_example_alias_producer to None, run_after=None
[2025-10-09T23:53:18.865+0300] {logging_mixin.py:190} INFO - [2025-10-09T23:53:18.865+0300] {dag.py:4180} INFO - Setting next_dagrun for dataset_s3_bucket_consumer to None, run_after=None
[2025-10-09T23:53:18.866+0300] {logging_mixin.py:190} INFO - [2025-10-09T23:53:18.866+0300] {dag.py:4180} INFO - Setting next_dagrun for dataset_s3_bucket_producer to None, run_after=None
[2025-10-09T23:53:18.898+0300] {processor.py:208} INFO - Processing /home/hsooni/cafe_sales_etl/venv/lib/python3.12/site-packages/airflow/example_dags/example_dataset_alias.py took 0.122 seconds
[2025-10-09T23:54:13.904+0300] {processor.py:186} INFO - Started process (PID=47027) to work on /home/hsooni/cafe_sales_etl/venv/lib/python3.12/site-packages/airflow/example_dags/example_dataset_alias.py
[2025-10-09T23:54:13.910+0300] {processor.py:914} INFO - Processing file /home/hsooni/cafe_sales_etl/venv/lib/python3.12/site-packages/airflow/example_dags/example_dataset_alias.py for tasks to queue
[2025-10-09T23:54:13.914+0300] {logging_mixin.py:190} INFO - [2025-10-09T23:54:13.913+0300] {dagbag.py:588} INFO - Filling up the DagBag from /home/hsooni/cafe_sales_etl/venv/lib/python3.12/site-packages/airflow/example_dags/example_dataset_alias.py
[2025-10-09T23:54:13.947+0300] {processor.py:925} INFO - DAG(s) 'dataset_alias_example_alias_producer', 'dataset_s3_bucket_consumer', 'dataset_s3_bucket_producer', 'dataset_alias_example_alias_consumer' retrieved from /home/hsooni/cafe_sales_etl/venv/lib/python3.12/site-packages/airflow/example_dags/example_dataset_alias.py
[2025-10-09T23:54:13.977+0300] {logging_mixin.py:190} INFO - [2025-10-09T23:54:13.977+0300] {dag.py:3239} INFO - Sync 4 DAGs
[2025-10-09T23:54:14.003+0300] {logging_mixin.py:190} INFO - [2025-10-09T23:54:14.002+0300] {dag.py:4180} INFO - Setting next_dagrun for dataset_alias_example_alias_consumer to None, run_after=None
[2025-10-09T23:54:14.005+0300] {logging_mixin.py:190} INFO - [2025-10-09T23:54:14.005+0300] {dag.py:4180} INFO - Setting next_dagrun for dataset_alias_example_alias_producer to None, run_after=None
[2025-10-09T23:54:14.007+0300] {logging_mixin.py:190} INFO - [2025-10-09T23:54:14.007+0300] {dag.py:4180} INFO - Setting next_dagrun for dataset_s3_bucket_consumer to None, run_after=None
[2025-10-09T23:54:14.008+0300] {logging_mixin.py:190} INFO - [2025-10-09T23:54:14.008+0300] {dag.py:4180} INFO - Setting next_dagrun for dataset_s3_bucket_producer to None, run_after=None
[2025-10-09T23:54:14.054+0300] {processor.py:208} INFO - Processing /home/hsooni/cafe_sales_etl/venv/lib/python3.12/site-packages/airflow/example_dags/example_dataset_alias.py took 0.173 seconds
[2025-10-09T23:55:13.923+0300] {processor.py:186} INFO - Started process (PID=47466) to work on /home/hsooni/cafe_sales_etl/venv/lib/python3.12/site-packages/airflow/example_dags/example_dataset_alias.py
[2025-10-09T23:55:13.929+0300] {processor.py:914} INFO - Processing file /home/hsooni/cafe_sales_etl/venv/lib/python3.12/site-packages/airflow/example_dags/example_dataset_alias.py for tasks to queue
[2025-10-09T23:55:13.931+0300] {logging_mixin.py:190} INFO - [2025-10-09T23:55:13.931+0300] {dagbag.py:588} INFO - Filling up the DagBag from /home/hsooni/cafe_sales_etl/venv/lib/python3.12/site-packages/airflow/example_dags/example_dataset_alias.py
[2025-10-09T23:55:13.957+0300] {processor.py:925} INFO - DAG(s) 'dataset_s3_bucket_producer', 'dataset_alias_example_alias_producer', 'dataset_alias_example_alias_consumer', 'dataset_s3_bucket_consumer' retrieved from /home/hsooni/cafe_sales_etl/venv/lib/python3.12/site-packages/airflow/example_dags/example_dataset_alias.py
[2025-10-09T23:55:13.981+0300] {logging_mixin.py:190} INFO - [2025-10-09T23:55:13.981+0300] {dag.py:3239} INFO - Sync 4 DAGs
[2025-10-09T23:55:14.005+0300] {logging_mixin.py:190} INFO - [2025-10-09T23:55:14.005+0300] {dag.py:4180} INFO - Setting next_dagrun for dataset_alias_example_alias_consumer to None, run_after=None
[2025-10-09T23:55:14.007+0300] {logging_mixin.py:190} INFO - [2025-10-09T23:55:14.007+0300] {dag.py:4180} INFO - Setting next_dagrun for dataset_alias_example_alias_producer to None, run_after=None
[2025-10-09T23:55:14.009+0300] {logging_mixin.py:190} INFO - [2025-10-09T23:55:14.008+0300] {dag.py:4180} INFO - Setting next_dagrun for dataset_s3_bucket_consumer to None, run_after=None
[2025-10-09T23:55:14.009+0300] {logging_mixin.py:190} INFO - [2025-10-09T23:55:14.009+0300] {dag.py:4180} INFO - Setting next_dagrun for dataset_s3_bucket_producer to None, run_after=None
[2025-10-09T23:55:14.044+0300] {processor.py:208} INFO - Processing /home/hsooni/cafe_sales_etl/venv/lib/python3.12/site-packages/airflow/example_dags/example_dataset_alias.py took 0.129 seconds
