[2025-10-09T23:47:48.922+0300] {processor.py:186} INFO - Started process (PID=44730) to work on /home/hsooni/cafe_sales_etl/venv/lib/python3.12/site-packages/airflow/example_dags/example_dynamic_task_mapping.py
[2025-10-09T23:47:48.923+0300] {processor.py:914} INFO - Processing file /home/hsooni/cafe_sales_etl/venv/lib/python3.12/site-packages/airflow/example_dags/example_dynamic_task_mapping.py for tasks to queue
[2025-10-09T23:47:48.925+0300] {logging_mixin.py:190} INFO - [2025-10-09T23:47:48.925+0300] {dagbag.py:588} INFO - Filling up the DagBag from /home/hsooni/cafe_sales_etl/venv/lib/python3.12/site-packages/airflow/example_dags/example_dynamic_task_mapping.py
[2025-10-09T23:47:48.934+0300] {processor.py:925} INFO - DAG(s) 'example_dynamic_task_mapping' retrieved from /home/hsooni/cafe_sales_etl/venv/lib/python3.12/site-packages/airflow/example_dags/example_dynamic_task_mapping.py
[2025-10-09T23:47:49.081+0300] {logging_mixin.py:190} INFO - [2025-10-09T23:47:49.080+0300] {override.py:1900} INFO - Created Permission View: can delete on DAG:example_dynamic_task_mapping
[2025-10-09T23:47:49.097+0300] {logging_mixin.py:190} INFO - [2025-10-09T23:47:49.097+0300] {override.py:1900} INFO - Created Permission View: can read on DAG:example_dynamic_task_mapping
[2025-10-09T23:47:49.111+0300] {logging_mixin.py:190} INFO - [2025-10-09T23:47:49.111+0300] {override.py:1900} INFO - Created Permission View: can edit on DAG:example_dynamic_task_mapping
[2025-10-09T23:47:49.133+0300] {logging_mixin.py:190} INFO - [2025-10-09T23:47:49.133+0300] {override.py:1900} INFO - Created Permission View: can delete on DAG Run:example_dynamic_task_mapping
[2025-10-09T23:47:49.146+0300] {logging_mixin.py:190} INFO - [2025-10-09T23:47:49.146+0300] {override.py:1900} INFO - Created Permission View: can create on DAG Run:example_dynamic_task_mapping
[2025-10-09T23:47:49.160+0300] {logging_mixin.py:190} INFO - [2025-10-09T23:47:49.159+0300] {override.py:1900} INFO - Created Permission View: can read on DAG Run:example_dynamic_task_mapping
[2025-10-09T23:47:49.173+0300] {logging_mixin.py:190} INFO - [2025-10-09T23:47:49.172+0300] {override.py:1900} INFO - Created Permission View: menu access on DAG Run:example_dynamic_task_mapping
[2025-10-09T23:47:49.173+0300] {logging_mixin.py:190} INFO - [2025-10-09T23:47:49.173+0300] {dag.py:3239} INFO - Sync 1 DAGs
[2025-10-09T23:47:49.187+0300] {logging_mixin.py:190} INFO - [2025-10-09T23:47:49.187+0300] {dag.py:3262} INFO - Creating ORM DAG for example_dynamic_task_mapping
[2025-10-09T23:47:49.188+0300] {logging_mixin.py:190} INFO - [2025-10-09T23:47:49.188+0300] {dag.py:4180} INFO - Setting next_dagrun for example_dynamic_task_mapping to None, run_after=None
[2025-10-09T23:47:49.213+0300] {processor.py:208} INFO - Processing /home/hsooni/cafe_sales_etl/venv/lib/python3.12/site-packages/airflow/example_dags/example_dynamic_task_mapping.py took 0.297 seconds
[2025-10-09T23:49:23.114+0300] {processor.py:186} INFO - Started process (PID=45211) to work on /home/hsooni/cafe_sales_etl/venv/lib/python3.12/site-packages/airflow/example_dags/example_dynamic_task_mapping.py
[2025-10-09T23:49:23.115+0300] {processor.py:914} INFO - Processing file /home/hsooni/cafe_sales_etl/venv/lib/python3.12/site-packages/airflow/example_dags/example_dynamic_task_mapping.py for tasks to queue
[2025-10-09T23:49:23.118+0300] {logging_mixin.py:190} INFO - [2025-10-09T23:49:23.117+0300] {dagbag.py:588} INFO - Filling up the DagBag from /home/hsooni/cafe_sales_etl/venv/lib/python3.12/site-packages/airflow/example_dags/example_dynamic_task_mapping.py
[2025-10-09T23:49:23.129+0300] {processor.py:925} INFO - DAG(s) 'example_dynamic_task_mapping' retrieved from /home/hsooni/cafe_sales_etl/venv/lib/python3.12/site-packages/airflow/example_dags/example_dynamic_task_mapping.py
[2025-10-09T23:49:23.147+0300] {logging_mixin.py:190} INFO - [2025-10-09T23:49:23.147+0300] {dag.py:3239} INFO - Sync 1 DAGs
[2025-10-09T23:49:23.163+0300] {logging_mixin.py:190} INFO - [2025-10-09T23:49:23.162+0300] {dag.py:4180} INFO - Setting next_dagrun for example_dynamic_task_mapping to None, run_after=None
[2025-10-09T23:49:23.191+0300] {processor.py:208} INFO - Processing /home/hsooni/cafe_sales_etl/venv/lib/python3.12/site-packages/airflow/example_dags/example_dynamic_task_mapping.py took 0.085 seconds
[2025-10-09T23:50:24.138+0300] {processor.py:186} INFO - Started process (PID=45661) to work on /home/hsooni/cafe_sales_etl/venv/lib/python3.12/site-packages/airflow/example_dags/example_dynamic_task_mapping.py
[2025-10-09T23:50:24.144+0300] {processor.py:914} INFO - Processing file /home/hsooni/cafe_sales_etl/venv/lib/python3.12/site-packages/airflow/example_dags/example_dynamic_task_mapping.py for tasks to queue
[2025-10-09T23:50:24.147+0300] {logging_mixin.py:190} INFO - [2025-10-09T23:50:24.146+0300] {dagbag.py:588} INFO - Filling up the DagBag from /home/hsooni/cafe_sales_etl/venv/lib/python3.12/site-packages/airflow/example_dags/example_dynamic_task_mapping.py
[2025-10-09T23:50:24.156+0300] {processor.py:925} INFO - DAG(s) 'example_dynamic_task_mapping' retrieved from /home/hsooni/cafe_sales_etl/venv/lib/python3.12/site-packages/airflow/example_dags/example_dynamic_task_mapping.py
[2025-10-09T23:50:24.173+0300] {logging_mixin.py:190} INFO - [2025-10-09T23:50:24.172+0300] {dag.py:3239} INFO - Sync 1 DAGs
[2025-10-09T23:50:24.187+0300] {logging_mixin.py:190} INFO - [2025-10-09T23:50:24.187+0300] {dag.py:4180} INFO - Setting next_dagrun for example_dynamic_task_mapping to None, run_after=None
[2025-10-09T23:50:24.211+0300] {processor.py:208} INFO - Processing /home/hsooni/cafe_sales_etl/venv/lib/python3.12/site-packages/airflow/example_dags/example_dynamic_task_mapping.py took 0.081 seconds
[2025-10-09T23:51:22.057+0300] {processor.py:186} INFO - Started process (PID=46041) to work on /home/hsooni/cafe_sales_etl/venv/lib/python3.12/site-packages/airflow/example_dags/example_dynamic_task_mapping.py
[2025-10-09T23:51:22.063+0300] {processor.py:914} INFO - Processing file /home/hsooni/cafe_sales_etl/venv/lib/python3.12/site-packages/airflow/example_dags/example_dynamic_task_mapping.py for tasks to queue
[2025-10-09T23:51:22.067+0300] {logging_mixin.py:190} INFO - [2025-10-09T23:51:22.066+0300] {dagbag.py:588} INFO - Filling up the DagBag from /home/hsooni/cafe_sales_etl/venv/lib/python3.12/site-packages/airflow/example_dags/example_dynamic_task_mapping.py
[2025-10-09T23:51:22.077+0300] {processor.py:925} INFO - DAG(s) 'example_dynamic_task_mapping' retrieved from /home/hsooni/cafe_sales_etl/venv/lib/python3.12/site-packages/airflow/example_dags/example_dynamic_task_mapping.py
[2025-10-09T23:51:22.101+0300] {logging_mixin.py:190} INFO - [2025-10-09T23:51:22.101+0300] {dag.py:3239} INFO - Sync 1 DAGs
[2025-10-09T23:51:22.135+0300] {logging_mixin.py:190} INFO - [2025-10-09T23:51:22.133+0300] {dag.py:4180} INFO - Setting next_dagrun for example_dynamic_task_mapping to None, run_after=None
[2025-10-09T23:51:22.190+0300] {processor.py:208} INFO - Processing /home/hsooni/cafe_sales_etl/venv/lib/python3.12/site-packages/airflow/example_dags/example_dynamic_task_mapping.py took 0.144 seconds
[2025-10-09T23:52:19.204+0300] {processor.py:186} INFO - Started process (PID=46370) to work on /home/hsooni/cafe_sales_etl/venv/lib/python3.12/site-packages/airflow/example_dags/example_dynamic_task_mapping.py
[2025-10-09T23:52:19.210+0300] {processor.py:914} INFO - Processing file /home/hsooni/cafe_sales_etl/venv/lib/python3.12/site-packages/airflow/example_dags/example_dynamic_task_mapping.py for tasks to queue
[2025-10-09T23:52:19.213+0300] {logging_mixin.py:190} INFO - [2025-10-09T23:52:19.212+0300] {dagbag.py:588} INFO - Filling up the DagBag from /home/hsooni/cafe_sales_etl/venv/lib/python3.12/site-packages/airflow/example_dags/example_dynamic_task_mapping.py
[2025-10-09T23:52:19.223+0300] {processor.py:925} INFO - DAG(s) 'example_dynamic_task_mapping' retrieved from /home/hsooni/cafe_sales_etl/venv/lib/python3.12/site-packages/airflow/example_dags/example_dynamic_task_mapping.py
[2025-10-09T23:52:19.243+0300] {logging_mixin.py:190} INFO - [2025-10-09T23:52:19.243+0300] {dag.py:3239} INFO - Sync 1 DAGs
[2025-10-09T23:52:19.260+0300] {logging_mixin.py:190} INFO - [2025-10-09T23:52:19.260+0300] {dag.py:4180} INFO - Setting next_dagrun for example_dynamic_task_mapping to None, run_after=None
[2025-10-09T23:52:19.310+0300] {processor.py:208} INFO - Processing /home/hsooni/cafe_sales_etl/venv/lib/python3.12/site-packages/airflow/example_dags/example_dynamic_task_mapping.py took 0.122 seconds
[2025-10-09T23:53:14.155+0300] {processor.py:186} INFO - Started process (PID=46607) to work on /home/hsooni/cafe_sales_etl/venv/lib/python3.12/site-packages/airflow/example_dags/example_dynamic_task_mapping.py
[2025-10-09T23:53:14.161+0300] {processor.py:914} INFO - Processing file /home/hsooni/cafe_sales_etl/venv/lib/python3.12/site-packages/airflow/example_dags/example_dynamic_task_mapping.py for tasks to queue
[2025-10-09T23:53:14.164+0300] {logging_mixin.py:190} INFO - [2025-10-09T23:53:14.164+0300] {dagbag.py:588} INFO - Filling up the DagBag from /home/hsooni/cafe_sales_etl/venv/lib/python3.12/site-packages/airflow/example_dags/example_dynamic_task_mapping.py
[2025-10-09T23:53:14.175+0300] {processor.py:925} INFO - DAG(s) 'example_dynamic_task_mapping' retrieved from /home/hsooni/cafe_sales_etl/venv/lib/python3.12/site-packages/airflow/example_dags/example_dynamic_task_mapping.py
[2025-10-09T23:53:14.194+0300] {logging_mixin.py:190} INFO - [2025-10-09T23:53:14.194+0300] {dag.py:3239} INFO - Sync 1 DAGs
[2025-10-09T23:53:14.212+0300] {logging_mixin.py:190} INFO - [2025-10-09T23:53:14.212+0300] {dag.py:4180} INFO - Setting next_dagrun for example_dynamic_task_mapping to None, run_after=None
[2025-10-09T23:53:14.275+0300] {processor.py:208} INFO - Processing /home/hsooni/cafe_sales_etl/venv/lib/python3.12/site-packages/airflow/example_dags/example_dynamic_task_mapping.py took 0.126 seconds
[2025-10-09T23:54:08.602+0300] {processor.py:186} INFO - Started process (PID=46985) to work on /home/hsooni/cafe_sales_etl/venv/lib/python3.12/site-packages/airflow/example_dags/example_dynamic_task_mapping.py
[2025-10-09T23:54:08.608+0300] {processor.py:914} INFO - Processing file /home/hsooni/cafe_sales_etl/venv/lib/python3.12/site-packages/airflow/example_dags/example_dynamic_task_mapping.py for tasks to queue
[2025-10-09T23:54:08.611+0300] {logging_mixin.py:190} INFO - [2025-10-09T23:54:08.611+0300] {dagbag.py:588} INFO - Filling up the DagBag from /home/hsooni/cafe_sales_etl/venv/lib/python3.12/site-packages/airflow/example_dags/example_dynamic_task_mapping.py
[2025-10-09T23:54:08.627+0300] {processor.py:925} INFO - DAG(s) 'example_dynamic_task_mapping' retrieved from /home/hsooni/cafe_sales_etl/venv/lib/python3.12/site-packages/airflow/example_dags/example_dynamic_task_mapping.py
[2025-10-09T23:54:08.661+0300] {logging_mixin.py:190} INFO - [2025-10-09T23:54:08.661+0300] {dag.py:3239} INFO - Sync 1 DAGs
[2025-10-09T23:54:08.691+0300] {logging_mixin.py:190} INFO - [2025-10-09T23:54:08.691+0300] {dag.py:4180} INFO - Setting next_dagrun for example_dynamic_task_mapping to None, run_after=None
[2025-10-09T23:54:08.746+0300] {processor.py:208} INFO - Processing /home/hsooni/cafe_sales_etl/venv/lib/python3.12/site-packages/airflow/example_dags/example_dynamic_task_mapping.py took 0.178 seconds
[2025-10-09T23:55:09.086+0300] {processor.py:186} INFO - Started process (PID=47445) to work on /home/hsooni/cafe_sales_etl/venv/lib/python3.12/site-packages/airflow/example_dags/example_dynamic_task_mapping.py
[2025-10-09T23:55:09.093+0300] {processor.py:914} INFO - Processing file /home/hsooni/cafe_sales_etl/venv/lib/python3.12/site-packages/airflow/example_dags/example_dynamic_task_mapping.py for tasks to queue
[2025-10-09T23:55:09.095+0300] {logging_mixin.py:190} INFO - [2025-10-09T23:55:09.095+0300] {dagbag.py:588} INFO - Filling up the DagBag from /home/hsooni/cafe_sales_etl/venv/lib/python3.12/site-packages/airflow/example_dags/example_dynamic_task_mapping.py
[2025-10-09T23:55:09.104+0300] {processor.py:925} INFO - DAG(s) 'example_dynamic_task_mapping' retrieved from /home/hsooni/cafe_sales_etl/venv/lib/python3.12/site-packages/airflow/example_dags/example_dynamic_task_mapping.py
[2025-10-09T23:55:09.121+0300] {logging_mixin.py:190} INFO - [2025-10-09T23:55:09.121+0300] {dag.py:3239} INFO - Sync 1 DAGs
[2025-10-09T23:55:09.135+0300] {logging_mixin.py:190} INFO - [2025-10-09T23:55:09.135+0300] {dag.py:4180} INFO - Setting next_dagrun for example_dynamic_task_mapping to None, run_after=None
[2025-10-09T23:55:09.160+0300] {processor.py:208} INFO - Processing /home/hsooni/cafe_sales_etl/venv/lib/python3.12/site-packages/airflow/example_dags/example_dynamic_task_mapping.py took 0.081 seconds
