[2025-10-09T23:47:27.923+0300] {processor.py:186} INFO - Started process (PID=44631) to work on /home/hsooni/cafe_sales_etl/venv/lib/python3.12/site-packages/airflow/example_dags/example_setup_teardown.py
[2025-10-09T23:47:27.924+0300] {processor.py:914} INFO - Processing file /home/hsooni/cafe_sales_etl/venv/lib/python3.12/site-packages/airflow/example_dags/example_setup_teardown.py for tasks to queue
[2025-10-09T23:47:27.926+0300] {logging_mixin.py:190} INFO - [2025-10-09T23:47:27.926+0300] {dagbag.py:588} INFO - Filling up the DagBag from /home/hsooni/cafe_sales_etl/venv/lib/python3.12/site-packages/airflow/example_dags/example_setup_teardown.py
[2025-10-09T23:47:27.936+0300] {processor.py:925} INFO - DAG(s) 'example_setup_teardown' retrieved from /home/hsooni/cafe_sales_etl/venv/lib/python3.12/site-packages/airflow/example_dags/example_setup_teardown.py
[2025-10-09T23:47:28.061+0300] {logging_mixin.py:190} INFO - [2025-10-09T23:47:28.061+0300] {override.py:1900} INFO - Created Permission View: can delete on DAG:example_setup_teardown
[2025-10-09T23:47:28.077+0300] {logging_mixin.py:190} INFO - [2025-10-09T23:47:28.076+0300] {override.py:1900} INFO - Created Permission View: can read on DAG:example_setup_teardown
[2025-10-09T23:47:28.090+0300] {logging_mixin.py:190} INFO - [2025-10-09T23:47:28.089+0300] {override.py:1900} INFO - Created Permission View: can edit on DAG:example_setup_teardown
[2025-10-09T23:47:28.111+0300] {logging_mixin.py:190} INFO - [2025-10-09T23:47:28.111+0300] {override.py:1900} INFO - Created Permission View: can delete on DAG Run:example_setup_teardown
[2025-10-09T23:47:28.124+0300] {logging_mixin.py:190} INFO - [2025-10-09T23:47:28.123+0300] {override.py:1900} INFO - Created Permission View: can create on DAG Run:example_setup_teardown
[2025-10-09T23:47:28.137+0300] {logging_mixin.py:190} INFO - [2025-10-09T23:47:28.137+0300] {override.py:1900} INFO - Created Permission View: can read on DAG Run:example_setup_teardown
[2025-10-09T23:47:28.150+0300] {logging_mixin.py:190} INFO - [2025-10-09T23:47:28.150+0300] {override.py:1900} INFO - Created Permission View: menu access on DAG Run:example_setup_teardown
[2025-10-09T23:47:28.151+0300] {logging_mixin.py:190} INFO - [2025-10-09T23:47:28.151+0300] {dag.py:3239} INFO - Sync 1 DAGs
[2025-10-09T23:47:28.166+0300] {logging_mixin.py:190} INFO - [2025-10-09T23:47:28.166+0300] {dag.py:3262} INFO - Creating ORM DAG for example_setup_teardown
[2025-10-09T23:47:28.167+0300] {logging_mixin.py:190} INFO - [2025-10-09T23:47:28.166+0300] {dag.py:4180} INFO - Setting next_dagrun for example_setup_teardown to None, run_after=None
[2025-10-09T23:47:28.193+0300] {processor.py:208} INFO - Processing /home/hsooni/cafe_sales_etl/venv/lib/python3.12/site-packages/airflow/example_dags/example_setup_teardown.py took 0.277 seconds
[2025-10-09T23:49:05.811+0300] {processor.py:186} INFO - Started process (PID=45159) to work on /home/hsooni/cafe_sales_etl/venv/lib/python3.12/site-packages/airflow/example_dags/example_setup_teardown.py
[2025-10-09T23:49:05.817+0300] {processor.py:914} INFO - Processing file /home/hsooni/cafe_sales_etl/venv/lib/python3.12/site-packages/airflow/example_dags/example_setup_teardown.py for tasks to queue
[2025-10-09T23:49:05.820+0300] {logging_mixin.py:190} INFO - [2025-10-09T23:49:05.819+0300] {dagbag.py:588} INFO - Filling up the DagBag from /home/hsooni/cafe_sales_etl/venv/lib/python3.12/site-packages/airflow/example_dags/example_setup_teardown.py
[2025-10-09T23:49:05.829+0300] {processor.py:925} INFO - DAG(s) 'example_setup_teardown' retrieved from /home/hsooni/cafe_sales_etl/venv/lib/python3.12/site-packages/airflow/example_dags/example_setup_teardown.py
[2025-10-09T23:49:05.849+0300] {logging_mixin.py:190} INFO - [2025-10-09T23:49:05.848+0300] {dag.py:3239} INFO - Sync 1 DAGs
[2025-10-09T23:49:05.863+0300] {logging_mixin.py:190} INFO - [2025-10-09T23:49:05.862+0300] {dag.py:4180} INFO - Setting next_dagrun for example_setup_teardown to None, run_after=None
[2025-10-09T23:49:05.888+0300] {processor.py:208} INFO - Processing /home/hsooni/cafe_sales_etl/venv/lib/python3.12/site-packages/airflow/example_dags/example_setup_teardown.py took 0.084 seconds
[2025-10-09T23:50:05.457+0300] {processor.py:186} INFO - Started process (PID=45603) to work on /home/hsooni/cafe_sales_etl/venv/lib/python3.12/site-packages/airflow/example_dags/example_setup_teardown.py
[2025-10-09T23:50:05.463+0300] {processor.py:914} INFO - Processing file /home/hsooni/cafe_sales_etl/venv/lib/python3.12/site-packages/airflow/example_dags/example_setup_teardown.py for tasks to queue
[2025-10-09T23:50:05.467+0300] {logging_mixin.py:190} INFO - [2025-10-09T23:50:05.465+0300] {dagbag.py:588} INFO - Filling up the DagBag from /home/hsooni/cafe_sales_etl/venv/lib/python3.12/site-packages/airflow/example_dags/example_setup_teardown.py
[2025-10-09T23:50:05.477+0300] {processor.py:925} INFO - DAG(s) 'example_setup_teardown' retrieved from /home/hsooni/cafe_sales_etl/venv/lib/python3.12/site-packages/airflow/example_dags/example_setup_teardown.py
[2025-10-09T23:50:05.497+0300] {logging_mixin.py:190} INFO - [2025-10-09T23:50:05.496+0300] {dag.py:3239} INFO - Sync 1 DAGs
[2025-10-09T23:50:05.511+0300] {logging_mixin.py:190} INFO - [2025-10-09T23:50:05.511+0300] {dag.py:4180} INFO - Setting next_dagrun for example_setup_teardown to None, run_after=None
[2025-10-09T23:50:05.536+0300] {processor.py:208} INFO - Processing /home/hsooni/cafe_sales_etl/venv/lib/python3.12/site-packages/airflow/example_dags/example_setup_teardown.py took 0.085 seconds
[2025-10-09T23:51:01.567+0300] {processor.py:186} INFO - Started process (PID=45862) to work on /home/hsooni/cafe_sales_etl/venv/lib/python3.12/site-packages/airflow/example_dags/example_setup_teardown.py
[2025-10-09T23:51:01.573+0300] {processor.py:914} INFO - Processing file /home/hsooni/cafe_sales_etl/venv/lib/python3.12/site-packages/airflow/example_dags/example_setup_teardown.py for tasks to queue
[2025-10-09T23:51:01.575+0300] {logging_mixin.py:190} INFO - [2025-10-09T23:51:01.575+0300] {dagbag.py:588} INFO - Filling up the DagBag from /home/hsooni/cafe_sales_etl/venv/lib/python3.12/site-packages/airflow/example_dags/example_setup_teardown.py
[2025-10-09T23:51:01.584+0300] {processor.py:925} INFO - DAG(s) 'example_setup_teardown' retrieved from /home/hsooni/cafe_sales_etl/venv/lib/python3.12/site-packages/airflow/example_dags/example_setup_teardown.py
[2025-10-09T23:51:01.602+0300] {logging_mixin.py:190} INFO - [2025-10-09T23:51:01.601+0300] {dag.py:3239} INFO - Sync 1 DAGs
[2025-10-09T23:51:01.616+0300] {logging_mixin.py:190} INFO - [2025-10-09T23:51:01.615+0300] {dag.py:4180} INFO - Setting next_dagrun for example_setup_teardown to None, run_after=None
[2025-10-09T23:51:01.641+0300] {processor.py:208} INFO - Processing /home/hsooni/cafe_sales_etl/venv/lib/python3.12/site-packages/airflow/example_dags/example_setup_teardown.py took 0.081 seconds
[2025-10-09T23:51:56.004+0300] {processor.py:186} INFO - Started process (PID=46250) to work on /home/hsooni/cafe_sales_etl/venv/lib/python3.12/site-packages/airflow/example_dags/example_setup_teardown.py
[2025-10-09T23:51:56.010+0300] {processor.py:914} INFO - Processing file /home/hsooni/cafe_sales_etl/venv/lib/python3.12/site-packages/airflow/example_dags/example_setup_teardown.py for tasks to queue
[2025-10-09T23:51:56.012+0300] {logging_mixin.py:190} INFO - [2025-10-09T23:51:56.012+0300] {dagbag.py:588} INFO - Filling up the DagBag from /home/hsooni/cafe_sales_etl/venv/lib/python3.12/site-packages/airflow/example_dags/example_setup_teardown.py
[2025-10-09T23:51:56.021+0300] {processor.py:925} INFO - DAG(s) 'example_setup_teardown' retrieved from /home/hsooni/cafe_sales_etl/venv/lib/python3.12/site-packages/airflow/example_dags/example_setup_teardown.py
[2025-10-09T23:51:56.039+0300] {logging_mixin.py:190} INFO - [2025-10-09T23:51:56.039+0300] {dag.py:3239} INFO - Sync 1 DAGs
[2025-10-09T23:51:56.055+0300] {logging_mixin.py:190} INFO - [2025-10-09T23:51:56.054+0300] {dag.py:4180} INFO - Setting next_dagrun for example_setup_teardown to None, run_after=None
[2025-10-09T23:51:56.082+0300] {processor.py:208} INFO - Processing /home/hsooni/cafe_sales_etl/venv/lib/python3.12/site-packages/airflow/example_dags/example_setup_teardown.py took 0.084 seconds
[2025-10-09T23:52:50.425+0300] {processor.py:186} INFO - Started process (PID=46508) to work on /home/hsooni/cafe_sales_etl/venv/lib/python3.12/site-packages/airflow/example_dags/example_setup_teardown.py
[2025-10-09T23:52:50.426+0300] {processor.py:914} INFO - Processing file /home/hsooni/cafe_sales_etl/venv/lib/python3.12/site-packages/airflow/example_dags/example_setup_teardown.py for tasks to queue
[2025-10-09T23:52:50.429+0300] {logging_mixin.py:190} INFO - [2025-10-09T23:52:50.428+0300] {dagbag.py:588} INFO - Filling up the DagBag from /home/hsooni/cafe_sales_etl/venv/lib/python3.12/site-packages/airflow/example_dags/example_setup_teardown.py
[2025-10-09T23:52:50.439+0300] {processor.py:925} INFO - DAG(s) 'example_setup_teardown' retrieved from /home/hsooni/cafe_sales_etl/venv/lib/python3.12/site-packages/airflow/example_dags/example_setup_teardown.py
[2025-10-09T23:52:50.457+0300] {logging_mixin.py:190} INFO - [2025-10-09T23:52:50.456+0300] {dag.py:3239} INFO - Sync 1 DAGs
[2025-10-09T23:52:50.471+0300] {logging_mixin.py:190} INFO - [2025-10-09T23:52:50.471+0300] {dag.py:4180} INFO - Setting next_dagrun for example_setup_teardown to None, run_after=None
[2025-10-09T23:52:50.496+0300] {processor.py:208} INFO - Processing /home/hsooni/cafe_sales_etl/venv/lib/python3.12/site-packages/airflow/example_dags/example_setup_teardown.py took 0.077 seconds
[2025-10-09T23:53:44.669+0300] {processor.py:186} INFO - Started process (PID=46787) to work on /home/hsooni/cafe_sales_etl/venv/lib/python3.12/site-packages/airflow/example_dags/example_setup_teardown.py
[2025-10-09T23:53:44.676+0300] {processor.py:914} INFO - Processing file /home/hsooni/cafe_sales_etl/venv/lib/python3.12/site-packages/airflow/example_dags/example_setup_teardown.py for tasks to queue
[2025-10-09T23:53:44.678+0300] {logging_mixin.py:190} INFO - [2025-10-09T23:53:44.678+0300] {dagbag.py:588} INFO - Filling up the DagBag from /home/hsooni/cafe_sales_etl/venv/lib/python3.12/site-packages/airflow/example_dags/example_setup_teardown.py
[2025-10-09T23:53:44.688+0300] {processor.py:925} INFO - DAG(s) 'example_setup_teardown' retrieved from /home/hsooni/cafe_sales_etl/venv/lib/python3.12/site-packages/airflow/example_dags/example_setup_teardown.py
[2025-10-09T23:53:44.707+0300] {logging_mixin.py:190} INFO - [2025-10-09T23:53:44.707+0300] {dag.py:3239} INFO - Sync 1 DAGs
[2025-10-09T23:53:44.722+0300] {logging_mixin.py:190} INFO - [2025-10-09T23:53:44.721+0300] {dag.py:4180} INFO - Setting next_dagrun for example_setup_teardown to None, run_after=None
[2025-10-09T23:53:44.748+0300] {processor.py:208} INFO - Processing /home/hsooni/cafe_sales_etl/venv/lib/python3.12/site-packages/airflow/example_dags/example_setup_teardown.py took 0.085 seconds
[2025-10-09T23:54:44.075+0300] {processor.py:186} INFO - Started process (PID=47266) to work on /home/hsooni/cafe_sales_etl/venv/lib/python3.12/site-packages/airflow/example_dags/example_setup_teardown.py
[2025-10-09T23:54:44.081+0300] {processor.py:914} INFO - Processing file /home/hsooni/cafe_sales_etl/venv/lib/python3.12/site-packages/airflow/example_dags/example_setup_teardown.py for tasks to queue
[2025-10-09T23:54:44.084+0300] {logging_mixin.py:190} INFO - [2025-10-09T23:54:44.084+0300] {dagbag.py:588} INFO - Filling up the DagBag from /home/hsooni/cafe_sales_etl/venv/lib/python3.12/site-packages/airflow/example_dags/example_setup_teardown.py
[2025-10-09T23:54:44.095+0300] {processor.py:925} INFO - DAG(s) 'example_setup_teardown' retrieved from /home/hsooni/cafe_sales_etl/venv/lib/python3.12/site-packages/airflow/example_dags/example_setup_teardown.py
[2025-10-09T23:54:44.114+0300] {logging_mixin.py:190} INFO - [2025-10-09T23:54:44.113+0300] {dag.py:3239} INFO - Sync 1 DAGs
[2025-10-09T23:54:44.131+0300] {logging_mixin.py:190} INFO - [2025-10-09T23:54:44.130+0300] {dag.py:4180} INFO - Setting next_dagrun for example_setup_teardown to None, run_after=None
[2025-10-09T23:54:44.189+0300] {processor.py:208} INFO - Processing /home/hsooni/cafe_sales_etl/venv/lib/python3.12/site-packages/airflow/example_dags/example_setup_teardown.py took 0.121 seconds
