[2025-10-09T23:47:17.808+0300] {processor.py:186} INFO - Started process (PID=44568) to work on /home/hsooni/cafe_sales_etl/venv/lib/python3.12/site-packages/airflow/example_dags/example_task_group_decorator.py
[2025-10-09T23:47:17.809+0300] {processor.py:914} INFO - Processing file /home/hsooni/cafe_sales_etl/venv/lib/python3.12/site-packages/airflow/example_dags/example_task_group_decorator.py for tasks to queue
[2025-10-09T23:47:17.816+0300] {logging_mixin.py:190} INFO - [2025-10-09T23:47:17.815+0300] {dagbag.py:588} INFO - Filling up the DagBag from /home/hsooni/cafe_sales_etl/venv/lib/python3.12/site-packages/airflow/example_dags/example_task_group_decorator.py
[2025-10-09T23:47:17.835+0300] {processor.py:925} INFO - DAG(s) 'example_task_group_decorator' retrieved from /home/hsooni/cafe_sales_etl/venv/lib/python3.12/site-packages/airflow/example_dags/example_task_group_decorator.py
[2025-10-09T23:47:17.971+0300] {logging_mixin.py:190} INFO - [2025-10-09T23:47:17.971+0300] {override.py:1900} INFO - Created Permission View: can delete on DAG:example_task_group_decorator
[2025-10-09T23:47:17.988+0300] {logging_mixin.py:190} INFO - [2025-10-09T23:47:17.987+0300] {override.py:1900} INFO - Created Permission View: can read on DAG:example_task_group_decorator
[2025-10-09T23:47:18.000+0300] {logging_mixin.py:190} INFO - [2025-10-09T23:47:18.000+0300] {override.py:1900} INFO - Created Permission View: can edit on DAG:example_task_group_decorator
[2025-10-09T23:47:18.022+0300] {logging_mixin.py:190} INFO - [2025-10-09T23:47:18.021+0300] {override.py:1900} INFO - Created Permission View: can delete on DAG Run:example_task_group_decorator
[2025-10-09T23:47:18.035+0300] {logging_mixin.py:190} INFO - [2025-10-09T23:47:18.035+0300] {override.py:1900} INFO - Created Permission View: can create on DAG Run:example_task_group_decorator
[2025-10-09T23:47:18.049+0300] {logging_mixin.py:190} INFO - [2025-10-09T23:47:18.049+0300] {override.py:1900} INFO - Created Permission View: can read on DAG Run:example_task_group_decorator
[2025-10-09T23:47:18.062+0300] {logging_mixin.py:190} INFO - [2025-10-09T23:47:18.062+0300] {override.py:1900} INFO - Created Permission View: menu access on DAG Run:example_task_group_decorator
[2025-10-09T23:47:18.062+0300] {logging_mixin.py:190} INFO - [2025-10-09T23:47:18.062+0300] {dag.py:3239} INFO - Sync 1 DAGs
[2025-10-09T23:47:18.075+0300] {logging_mixin.py:190} INFO - [2025-10-09T23:47:18.075+0300] {dag.py:3262} INFO - Creating ORM DAG for example_task_group_decorator
[2025-10-09T23:47:18.076+0300] {logging_mixin.py:190} INFO - [2025-10-09T23:47:18.075+0300] {dag.py:4180} INFO - Setting next_dagrun for example_task_group_decorator to None, run_after=None
[2025-10-09T23:47:18.098+0300] {processor.py:208} INFO - Processing /home/hsooni/cafe_sales_etl/venv/lib/python3.12/site-packages/airflow/example_dags/example_task_group_decorator.py took 0.297 seconds
[2025-10-09T23:48:56.978+0300] {processor.py:186} INFO - Started process (PID=45147) to work on /home/hsooni/cafe_sales_etl/venv/lib/python3.12/site-packages/airflow/example_dags/example_task_group_decorator.py
[2025-10-09T23:48:56.984+0300] {processor.py:914} INFO - Processing file /home/hsooni/cafe_sales_etl/venv/lib/python3.12/site-packages/airflow/example_dags/example_task_group_decorator.py for tasks to queue
[2025-10-09T23:48:56.988+0300] {logging_mixin.py:190} INFO - [2025-10-09T23:48:56.987+0300] {dagbag.py:588} INFO - Filling up the DagBag from /home/hsooni/cafe_sales_etl/venv/lib/python3.12/site-packages/airflow/example_dags/example_task_group_decorator.py
[2025-10-09T23:48:57.010+0300] {processor.py:925} INFO - DAG(s) 'example_task_group_decorator' retrieved from /home/hsooni/cafe_sales_etl/venv/lib/python3.12/site-packages/airflow/example_dags/example_task_group_decorator.py
[2025-10-09T23:48:57.036+0300] {logging_mixin.py:190} INFO - [2025-10-09T23:48:57.036+0300] {dag.py:3239} INFO - Sync 1 DAGs
[2025-10-09T23:48:57.050+0300] {logging_mixin.py:190} INFO - [2025-10-09T23:48:57.050+0300] {dag.py:4180} INFO - Setting next_dagrun for example_task_group_decorator to None, run_after=None
[2025-10-09T23:48:57.081+0300] {processor.py:208} INFO - Processing /home/hsooni/cafe_sales_etl/venv/lib/python3.12/site-packages/airflow/example_dags/example_task_group_decorator.py took 0.108 seconds
[2025-10-09T23:49:56.654+0300] {processor.py:186} INFO - Started process (PID=45581) to work on /home/hsooni/cafe_sales_etl/venv/lib/python3.12/site-packages/airflow/example_dags/example_task_group_decorator.py
[2025-10-09T23:49:56.661+0300] {processor.py:914} INFO - Processing file /home/hsooni/cafe_sales_etl/venv/lib/python3.12/site-packages/airflow/example_dags/example_task_group_decorator.py for tasks to queue
[2025-10-09T23:49:56.663+0300] {logging_mixin.py:190} INFO - [2025-10-09T23:49:56.663+0300] {dagbag.py:588} INFO - Filling up the DagBag from /home/hsooni/cafe_sales_etl/venv/lib/python3.12/site-packages/airflow/example_dags/example_task_group_decorator.py
[2025-10-09T23:49:56.685+0300] {processor.py:925} INFO - DAG(s) 'example_task_group_decorator' retrieved from /home/hsooni/cafe_sales_etl/venv/lib/python3.12/site-packages/airflow/example_dags/example_task_group_decorator.py
[2025-10-09T23:49:56.710+0300] {logging_mixin.py:190} INFO - [2025-10-09T23:49:56.710+0300] {dag.py:3239} INFO - Sync 1 DAGs
[2025-10-09T23:49:56.724+0300] {logging_mixin.py:190} INFO - [2025-10-09T23:49:56.723+0300] {dag.py:4180} INFO - Setting next_dagrun for example_task_group_decorator to None, run_after=None
[2025-10-09T23:49:56.767+0300] {processor.py:208} INFO - Processing /home/hsooni/cafe_sales_etl/venv/lib/python3.12/site-packages/airflow/example_dags/example_task_group_decorator.py took 0.120 seconds
[2025-10-09T23:50:53.454+0300] {processor.py:186} INFO - Started process (PID=45814) to work on /home/hsooni/cafe_sales_etl/venv/lib/python3.12/site-packages/airflow/example_dags/example_task_group_decorator.py
[2025-10-09T23:50:53.460+0300] {processor.py:914} INFO - Processing file /home/hsooni/cafe_sales_etl/venv/lib/python3.12/site-packages/airflow/example_dags/example_task_group_decorator.py for tasks to queue
[2025-10-09T23:50:53.463+0300] {logging_mixin.py:190} INFO - [2025-10-09T23:50:53.463+0300] {dagbag.py:588} INFO - Filling up the DagBag from /home/hsooni/cafe_sales_etl/venv/lib/python3.12/site-packages/airflow/example_dags/example_task_group_decorator.py
[2025-10-09T23:50:53.482+0300] {processor.py:925} INFO - DAG(s) 'example_task_group_decorator' retrieved from /home/hsooni/cafe_sales_etl/venv/lib/python3.12/site-packages/airflow/example_dags/example_task_group_decorator.py
[2025-10-09T23:50:53.506+0300] {logging_mixin.py:190} INFO - [2025-10-09T23:50:53.506+0300] {dag.py:3239} INFO - Sync 1 DAGs
[2025-10-09T23:50:53.520+0300] {logging_mixin.py:190} INFO - [2025-10-09T23:50:53.520+0300] {dag.py:4180} INFO - Setting next_dagrun for example_task_group_decorator to None, run_after=None
[2025-10-09T23:50:53.550+0300] {processor.py:208} INFO - Processing /home/hsooni/cafe_sales_etl/venv/lib/python3.12/site-packages/airflow/example_dags/example_task_group_decorator.py took 0.103 seconds
[2025-10-09T23:51:48.276+0300] {processor.py:186} INFO - Started process (PID=46228) to work on /home/hsooni/cafe_sales_etl/venv/lib/python3.12/site-packages/airflow/example_dags/example_task_group_decorator.py
[2025-10-09T23:51:48.282+0300] {processor.py:914} INFO - Processing file /home/hsooni/cafe_sales_etl/venv/lib/python3.12/site-packages/airflow/example_dags/example_task_group_decorator.py for tasks to queue
[2025-10-09T23:51:48.284+0300] {logging_mixin.py:190} INFO - [2025-10-09T23:51:48.284+0300] {dagbag.py:588} INFO - Filling up the DagBag from /home/hsooni/cafe_sales_etl/venv/lib/python3.12/site-packages/airflow/example_dags/example_task_group_decorator.py
[2025-10-09T23:51:48.302+0300] {processor.py:925} INFO - DAG(s) 'example_task_group_decorator' retrieved from /home/hsooni/cafe_sales_etl/venv/lib/python3.12/site-packages/airflow/example_dags/example_task_group_decorator.py
[2025-10-09T23:51:48.326+0300] {logging_mixin.py:190} INFO - [2025-10-09T23:51:48.326+0300] {dag.py:3239} INFO - Sync 1 DAGs
[2025-10-09T23:51:48.340+0300] {logging_mixin.py:190} INFO - [2025-10-09T23:51:48.340+0300] {dag.py:4180} INFO - Setting next_dagrun for example_task_group_decorator to None, run_after=None
[2025-10-09T23:51:48.369+0300] {processor.py:208} INFO - Processing /home/hsooni/cafe_sales_etl/venv/lib/python3.12/site-packages/airflow/example_dags/example_task_group_decorator.py took 0.099 seconds
[2025-10-09T23:52:43.366+0300] {processor.py:186} INFO - Started process (PID=46479) to work on /home/hsooni/cafe_sales_etl/venv/lib/python3.12/site-packages/airflow/example_dags/example_task_group_decorator.py
[2025-10-09T23:52:43.373+0300] {processor.py:914} INFO - Processing file /home/hsooni/cafe_sales_etl/venv/lib/python3.12/site-packages/airflow/example_dags/example_task_group_decorator.py for tasks to queue
[2025-10-09T23:52:43.379+0300] {logging_mixin.py:190} INFO - [2025-10-09T23:52:43.375+0300] {dagbag.py:588} INFO - Filling up the DagBag from /home/hsooni/cafe_sales_etl/venv/lib/python3.12/site-packages/airflow/example_dags/example_task_group_decorator.py
[2025-10-09T23:52:43.421+0300] {processor.py:925} INFO - DAG(s) 'example_task_group_decorator' retrieved from /home/hsooni/cafe_sales_etl/venv/lib/python3.12/site-packages/airflow/example_dags/example_task_group_decorator.py
[2025-10-09T23:52:43.448+0300] {logging_mixin.py:190} INFO - [2025-10-09T23:52:43.447+0300] {dag.py:3239} INFO - Sync 1 DAGs
[2025-10-09T23:52:43.463+0300] {logging_mixin.py:190} INFO - [2025-10-09T23:52:43.463+0300] {dag.py:4180} INFO - Setting next_dagrun for example_task_group_decorator to None, run_after=None
[2025-10-09T23:52:43.495+0300] {processor.py:208} INFO - Processing /home/hsooni/cafe_sales_etl/venv/lib/python3.12/site-packages/airflow/example_dags/example_task_group_decorator.py took 0.136 seconds
[2025-10-09T23:53:36.569+0300] {processor.py:186} INFO - Started process (PID=46719) to work on /home/hsooni/cafe_sales_etl/venv/lib/python3.12/site-packages/airflow/example_dags/example_task_group_decorator.py
[2025-10-09T23:53:36.575+0300] {processor.py:914} INFO - Processing file /home/hsooni/cafe_sales_etl/venv/lib/python3.12/site-packages/airflow/example_dags/example_task_group_decorator.py for tasks to queue
[2025-10-09T23:53:36.578+0300] {logging_mixin.py:190} INFO - [2025-10-09T23:53:36.578+0300] {dagbag.py:588} INFO - Filling up the DagBag from /home/hsooni/cafe_sales_etl/venv/lib/python3.12/site-packages/airflow/example_dags/example_task_group_decorator.py
[2025-10-09T23:53:36.598+0300] {processor.py:925} INFO - DAG(s) 'example_task_group_decorator' retrieved from /home/hsooni/cafe_sales_etl/venv/lib/python3.12/site-packages/airflow/example_dags/example_task_group_decorator.py
[2025-10-09T23:53:36.624+0300] {logging_mixin.py:190} INFO - [2025-10-09T23:53:36.624+0300] {dag.py:3239} INFO - Sync 1 DAGs
[2025-10-09T23:53:36.641+0300] {logging_mixin.py:190} INFO - [2025-10-09T23:53:36.641+0300] {dag.py:4180} INFO - Setting next_dagrun for example_task_group_decorator to None, run_after=None
[2025-10-09T23:53:36.676+0300] {processor.py:208} INFO - Processing /home/hsooni/cafe_sales_etl/venv/lib/python3.12/site-packages/airflow/example_dags/example_task_group_decorator.py took 0.113 seconds
[2025-10-09T23:54:36.058+0300] {processor.py:186} INFO - Started process (PID=47241) to work on /home/hsooni/cafe_sales_etl/venv/lib/python3.12/site-packages/airflow/example_dags/example_task_group_decorator.py
[2025-10-09T23:54:36.064+0300] {processor.py:914} INFO - Processing file /home/hsooni/cafe_sales_etl/venv/lib/python3.12/site-packages/airflow/example_dags/example_task_group_decorator.py for tasks to queue
[2025-10-09T23:54:36.067+0300] {logging_mixin.py:190} INFO - [2025-10-09T23:54:36.066+0300] {dagbag.py:588} INFO - Filling up the DagBag from /home/hsooni/cafe_sales_etl/venv/lib/python3.12/site-packages/airflow/example_dags/example_task_group_decorator.py
[2025-10-09T23:54:36.086+0300] {processor.py:925} INFO - DAG(s) 'example_task_group_decorator' retrieved from /home/hsooni/cafe_sales_etl/venv/lib/python3.12/site-packages/airflow/example_dags/example_task_group_decorator.py
[2025-10-09T23:54:36.112+0300] {logging_mixin.py:190} INFO - [2025-10-09T23:54:36.112+0300] {dag.py:3239} INFO - Sync 1 DAGs
[2025-10-09T23:54:36.127+0300] {logging_mixin.py:190} INFO - [2025-10-09T23:54:36.127+0300] {dag.py:4180} INFO - Setting next_dagrun for example_task_group_decorator to None, run_after=None
[2025-10-09T23:54:36.161+0300] {processor.py:208} INFO - Processing /home/hsooni/cafe_sales_etl/venv/lib/python3.12/site-packages/airflow/example_dags/example_task_group_decorator.py took 0.109 seconds
[2025-10-09T23:55:33.545+0300] {processor.py:186} INFO - Started process (PID=47597) to work on /home/hsooni/cafe_sales_etl/venv/lib/python3.12/site-packages/airflow/example_dags/example_task_group_decorator.py
[2025-10-09T23:55:33.551+0300] {processor.py:914} INFO - Processing file /home/hsooni/cafe_sales_etl/venv/lib/python3.12/site-packages/airflow/example_dags/example_task_group_decorator.py for tasks to queue
[2025-10-09T23:55:33.555+0300] {logging_mixin.py:190} INFO - [2025-10-09T23:55:33.554+0300] {dagbag.py:588} INFO - Filling up the DagBag from /home/hsooni/cafe_sales_etl/venv/lib/python3.12/site-packages/airflow/example_dags/example_task_group_decorator.py
[2025-10-09T23:55:33.573+0300] {processor.py:925} INFO - DAG(s) 'example_task_group_decorator' retrieved from /home/hsooni/cafe_sales_etl/venv/lib/python3.12/site-packages/airflow/example_dags/example_task_group_decorator.py
[2025-10-09T23:55:33.598+0300] {logging_mixin.py:190} INFO - [2025-10-09T23:55:33.597+0300] {dag.py:3239} INFO - Sync 1 DAGs
[2025-10-09T23:55:33.613+0300] {logging_mixin.py:190} INFO - [2025-10-09T23:55:33.612+0300] {dag.py:4180} INFO - Setting next_dagrun for example_task_group_decorator to None, run_after=None
[2025-10-09T23:55:33.643+0300] {processor.py:208} INFO - Processing /home/hsooni/cafe_sales_etl/venv/lib/python3.12/site-packages/airflow/example_dags/example_task_group_decorator.py took 0.105 seconds
