[2025-10-09T23:47:27.551+0300] {processor.py:186} INFO - Started process (PID=44626) to work on /home/hsooni/cafe_sales_etl/venv/lib/python3.12/site-packages/airflow/example_dags/example_setup_teardown_taskflow.py
[2025-10-09T23:47:27.551+0300] {processor.py:914} INFO - Processing file /home/hsooni/cafe_sales_etl/venv/lib/python3.12/site-packages/airflow/example_dags/example_setup_teardown_taskflow.py for tasks to queue
[2025-10-09T23:47:27.554+0300] {logging_mixin.py:190} INFO - [2025-10-09T23:47:27.553+0300] {dagbag.py:588} INFO - Filling up the DagBag from /home/hsooni/cafe_sales_etl/venv/lib/python3.12/site-packages/airflow/example_dags/example_setup_teardown_taskflow.py
[2025-10-09T23:47:27.566+0300] {processor.py:925} INFO - DAG(s) 'example_setup_teardown_taskflow' retrieved from /home/hsooni/cafe_sales_etl/venv/lib/python3.12/site-packages/airflow/example_dags/example_setup_teardown_taskflow.py
[2025-10-09T23:47:27.705+0300] {logging_mixin.py:190} INFO - [2025-10-09T23:47:27.705+0300] {override.py:1900} INFO - Created Permission View: can delete on DAG:example_setup_teardown_taskflow
[2025-10-09T23:47:27.724+0300] {logging_mixin.py:190} INFO - [2025-10-09T23:47:27.723+0300] {override.py:1900} INFO - Created Permission View: can read on DAG:example_setup_teardown_taskflow
[2025-10-09T23:47:27.738+0300] {logging_mixin.py:190} INFO - [2025-10-09T23:47:27.738+0300] {override.py:1900} INFO - Created Permission View: can edit on DAG:example_setup_teardown_taskflow
[2025-10-09T23:47:27.762+0300] {logging_mixin.py:190} INFO - [2025-10-09T23:47:27.761+0300] {override.py:1900} INFO - Created Permission View: can delete on DAG Run:example_setup_teardown_taskflow
[2025-10-09T23:47:27.775+0300] {logging_mixin.py:190} INFO - [2025-10-09T23:47:27.774+0300] {override.py:1900} INFO - Created Permission View: can create on DAG Run:example_setup_teardown_taskflow
[2025-10-09T23:47:27.788+0300] {logging_mixin.py:190} INFO - [2025-10-09T23:47:27.787+0300] {override.py:1900} INFO - Created Permission View: can read on DAG Run:example_setup_teardown_taskflow
[2025-10-09T23:47:27.801+0300] {logging_mixin.py:190} INFO - [2025-10-09T23:47:27.800+0300] {override.py:1900} INFO - Created Permission View: menu access on DAG Run:example_setup_teardown_taskflow
[2025-10-09T23:47:27.801+0300] {logging_mixin.py:190} INFO - [2025-10-09T23:47:27.801+0300] {dag.py:3239} INFO - Sync 1 DAGs
[2025-10-09T23:47:27.814+0300] {logging_mixin.py:190} INFO - [2025-10-09T23:47:27.814+0300] {dag.py:3262} INFO - Creating ORM DAG for example_setup_teardown_taskflow
[2025-10-09T23:47:27.815+0300] {logging_mixin.py:190} INFO - [2025-10-09T23:47:27.815+0300] {dag.py:4180} INFO - Setting next_dagrun for example_setup_teardown_taskflow to None, run_after=None
[2025-10-09T23:47:27.838+0300] {processor.py:208} INFO - Processing /home/hsooni/cafe_sales_etl/venv/lib/python3.12/site-packages/airflow/example_dags/example_setup_teardown_taskflow.py took 0.294 seconds
[2025-10-09T23:49:04.645+0300] {processor.py:186} INFO - Started process (PID=45158) to work on /home/hsooni/cafe_sales_etl/venv/lib/python3.12/site-packages/airflow/example_dags/example_setup_teardown_taskflow.py
[2025-10-09T23:49:04.651+0300] {processor.py:914} INFO - Processing file /home/hsooni/cafe_sales_etl/venv/lib/python3.12/site-packages/airflow/example_dags/example_setup_teardown_taskflow.py for tasks to queue
[2025-10-09T23:49:04.654+0300] {logging_mixin.py:190} INFO - [2025-10-09T23:49:04.653+0300] {dagbag.py:588} INFO - Filling up the DagBag from /home/hsooni/cafe_sales_etl/venv/lib/python3.12/site-packages/airflow/example_dags/example_setup_teardown_taskflow.py
[2025-10-09T23:49:04.667+0300] {processor.py:925} INFO - DAG(s) 'example_setup_teardown_taskflow' retrieved from /home/hsooni/cafe_sales_etl/venv/lib/python3.12/site-packages/airflow/example_dags/example_setup_teardown_taskflow.py
[2025-10-09T23:49:04.689+0300] {logging_mixin.py:190} INFO - [2025-10-09T23:49:04.689+0300] {dag.py:3239} INFO - Sync 1 DAGs
[2025-10-09T23:49:04.703+0300] {logging_mixin.py:190} INFO - [2025-10-09T23:49:04.702+0300] {dag.py:4180} INFO - Setting next_dagrun for example_setup_teardown_taskflow to None, run_after=None
[2025-10-09T23:49:04.732+0300] {processor.py:208} INFO - Processing /home/hsooni/cafe_sales_etl/venv/lib/python3.12/site-packages/airflow/example_dags/example_setup_teardown_taskflow.py took 0.095 seconds
[2025-10-09T23:50:04.294+0300] {processor.py:186} INFO - Started process (PID=45602) to work on /home/hsooni/cafe_sales_etl/venv/lib/python3.12/site-packages/airflow/example_dags/example_setup_teardown_taskflow.py
[2025-10-09T23:50:04.300+0300] {processor.py:914} INFO - Processing file /home/hsooni/cafe_sales_etl/venv/lib/python3.12/site-packages/airflow/example_dags/example_setup_teardown_taskflow.py for tasks to queue
[2025-10-09T23:50:04.303+0300] {logging_mixin.py:190} INFO - [2025-10-09T23:50:04.302+0300] {dagbag.py:588} INFO - Filling up the DagBag from /home/hsooni/cafe_sales_etl/venv/lib/python3.12/site-packages/airflow/example_dags/example_setup_teardown_taskflow.py
[2025-10-09T23:50:04.315+0300] {processor.py:925} INFO - DAG(s) 'example_setup_teardown_taskflow' retrieved from /home/hsooni/cafe_sales_etl/venv/lib/python3.12/site-packages/airflow/example_dags/example_setup_teardown_taskflow.py
[2025-10-09T23:50:04.335+0300] {logging_mixin.py:190} INFO - [2025-10-09T23:50:04.335+0300] {dag.py:3239} INFO - Sync 1 DAGs
[2025-10-09T23:50:04.350+0300] {logging_mixin.py:190} INFO - [2025-10-09T23:50:04.349+0300] {dag.py:4180} INFO - Setting next_dagrun for example_setup_teardown_taskflow to None, run_after=None
[2025-10-09T23:50:04.381+0300] {processor.py:208} INFO - Processing /home/hsooni/cafe_sales_etl/venv/lib/python3.12/site-packages/airflow/example_dags/example_setup_teardown_taskflow.py took 0.093 seconds
[2025-10-09T23:51:01.230+0300] {processor.py:186} INFO - Started process (PID=45861) to work on /home/hsooni/cafe_sales_etl/venv/lib/python3.12/site-packages/airflow/example_dags/example_setup_teardown_taskflow.py
[2025-10-09T23:51:01.236+0300] {processor.py:914} INFO - Processing file /home/hsooni/cafe_sales_etl/venv/lib/python3.12/site-packages/airflow/example_dags/example_setup_teardown_taskflow.py for tasks to queue
[2025-10-09T23:51:01.239+0300] {logging_mixin.py:190} INFO - [2025-10-09T23:51:01.238+0300] {dagbag.py:588} INFO - Filling up the DagBag from /home/hsooni/cafe_sales_etl/venv/lib/python3.12/site-packages/airflow/example_dags/example_setup_teardown_taskflow.py
[2025-10-09T23:51:01.253+0300] {processor.py:925} INFO - DAG(s) 'example_setup_teardown_taskflow' retrieved from /home/hsooni/cafe_sales_etl/venv/lib/python3.12/site-packages/airflow/example_dags/example_setup_teardown_taskflow.py
[2025-10-09T23:51:01.274+0300] {logging_mixin.py:190} INFO - [2025-10-09T23:51:01.274+0300] {dag.py:3239} INFO - Sync 1 DAGs
[2025-10-09T23:51:01.290+0300] {logging_mixin.py:190} INFO - [2025-10-09T23:51:01.289+0300] {dag.py:4180} INFO - Setting next_dagrun for example_setup_teardown_taskflow to None, run_after=None
[2025-10-09T23:51:01.320+0300] {processor.py:208} INFO - Processing /home/hsooni/cafe_sales_etl/venv/lib/python3.12/site-packages/airflow/example_dags/example_setup_teardown_taskflow.py took 0.098 seconds
[2025-10-09T23:51:54.860+0300] {processor.py:186} INFO - Started process (PID=46249) to work on /home/hsooni/cafe_sales_etl/venv/lib/python3.12/site-packages/airflow/example_dags/example_setup_teardown_taskflow.py
[2025-10-09T23:51:54.866+0300] {processor.py:914} INFO - Processing file /home/hsooni/cafe_sales_etl/venv/lib/python3.12/site-packages/airflow/example_dags/example_setup_teardown_taskflow.py for tasks to queue
[2025-10-09T23:51:54.868+0300] {logging_mixin.py:190} INFO - [2025-10-09T23:51:54.868+0300] {dagbag.py:588} INFO - Filling up the DagBag from /home/hsooni/cafe_sales_etl/venv/lib/python3.12/site-packages/airflow/example_dags/example_setup_teardown_taskflow.py
[2025-10-09T23:51:54.880+0300] {processor.py:925} INFO - DAG(s) 'example_setup_teardown_taskflow' retrieved from /home/hsooni/cafe_sales_etl/venv/lib/python3.12/site-packages/airflow/example_dags/example_setup_teardown_taskflow.py
[2025-10-09T23:51:54.901+0300] {logging_mixin.py:190} INFO - [2025-10-09T23:51:54.901+0300] {dag.py:3239} INFO - Sync 1 DAGs
[2025-10-09T23:51:54.916+0300] {logging_mixin.py:190} INFO - [2025-10-09T23:51:54.916+0300] {dag.py:4180} INFO - Setting next_dagrun for example_setup_teardown_taskflow to None, run_after=None
[2025-10-09T23:51:54.947+0300] {processor.py:208} INFO - Processing /home/hsooni/cafe_sales_etl/venv/lib/python3.12/site-packages/airflow/example_dags/example_setup_teardown_taskflow.py took 0.093 seconds
[2025-10-09T23:52:49.947+0300] {processor.py:186} INFO - Started process (PID=46507) to work on /home/hsooni/cafe_sales_etl/venv/lib/python3.12/site-packages/airflow/example_dags/example_setup_teardown_taskflow.py
[2025-10-09T23:52:49.953+0300] {processor.py:914} INFO - Processing file /home/hsooni/cafe_sales_etl/venv/lib/python3.12/site-packages/airflow/example_dags/example_setup_teardown_taskflow.py for tasks to queue
[2025-10-09T23:52:49.956+0300] {logging_mixin.py:190} INFO - [2025-10-09T23:52:49.955+0300] {dagbag.py:588} INFO - Filling up the DagBag from /home/hsooni/cafe_sales_etl/venv/lib/python3.12/site-packages/airflow/example_dags/example_setup_teardown_taskflow.py
[2025-10-09T23:52:49.967+0300] {processor.py:925} INFO - DAG(s) 'example_setup_teardown_taskflow' retrieved from /home/hsooni/cafe_sales_etl/venv/lib/python3.12/site-packages/airflow/example_dags/example_setup_teardown_taskflow.py
[2025-10-09T23:52:49.987+0300] {logging_mixin.py:190} INFO - [2025-10-09T23:52:49.986+0300] {dag.py:3239} INFO - Sync 1 DAGs
[2025-10-09T23:52:50.001+0300] {logging_mixin.py:190} INFO - [2025-10-09T23:52:50.001+0300] {dag.py:4180} INFO - Setting next_dagrun for example_setup_teardown_taskflow to None, run_after=None
[2025-10-09T23:52:50.025+0300] {processor.py:208} INFO - Processing /home/hsooni/cafe_sales_etl/venv/lib/python3.12/site-packages/airflow/example_dags/example_setup_teardown_taskflow.py took 0.084 seconds
[2025-10-09T23:53:43.605+0300] {processor.py:186} INFO - Started process (PID=46781) to work on /home/hsooni/cafe_sales_etl/venv/lib/python3.12/site-packages/airflow/example_dags/example_setup_teardown_taskflow.py
[2025-10-09T23:53:43.611+0300] {processor.py:914} INFO - Processing file /home/hsooni/cafe_sales_etl/venv/lib/python3.12/site-packages/airflow/example_dags/example_setup_teardown_taskflow.py for tasks to queue
[2025-10-09T23:53:43.613+0300] {logging_mixin.py:190} INFO - [2025-10-09T23:53:43.613+0300] {dagbag.py:588} INFO - Filling up the DagBag from /home/hsooni/cafe_sales_etl/venv/lib/python3.12/site-packages/airflow/example_dags/example_setup_teardown_taskflow.py
[2025-10-09T23:53:43.626+0300] {processor.py:925} INFO - DAG(s) 'example_setup_teardown_taskflow' retrieved from /home/hsooni/cafe_sales_etl/venv/lib/python3.12/site-packages/airflow/example_dags/example_setup_teardown_taskflow.py
[2025-10-09T23:53:43.648+0300] {logging_mixin.py:190} INFO - [2025-10-09T23:53:43.647+0300] {dag.py:3239} INFO - Sync 1 DAGs
[2025-10-09T23:53:43.664+0300] {logging_mixin.py:190} INFO - [2025-10-09T23:53:43.664+0300] {dag.py:4180} INFO - Setting next_dagrun for example_setup_teardown_taskflow to None, run_after=None
[2025-10-09T23:53:43.697+0300] {processor.py:208} INFO - Processing /home/hsooni/cafe_sales_etl/venv/lib/python3.12/site-packages/airflow/example_dags/example_setup_teardown_taskflow.py took 0.099 seconds
[2025-10-09T23:54:42.832+0300] {processor.py:186} INFO - Started process (PID=47263) to work on /home/hsooni/cafe_sales_etl/venv/lib/python3.12/site-packages/airflow/example_dags/example_setup_teardown_taskflow.py
[2025-10-09T23:54:42.838+0300] {processor.py:914} INFO - Processing file /home/hsooni/cafe_sales_etl/venv/lib/python3.12/site-packages/airflow/example_dags/example_setup_teardown_taskflow.py for tasks to queue
[2025-10-09T23:54:42.840+0300] {logging_mixin.py:190} INFO - [2025-10-09T23:54:42.840+0300] {dagbag.py:588} INFO - Filling up the DagBag from /home/hsooni/cafe_sales_etl/venv/lib/python3.12/site-packages/airflow/example_dags/example_setup_teardown_taskflow.py
[2025-10-09T23:54:42.855+0300] {processor.py:925} INFO - DAG(s) 'example_setup_teardown_taskflow' retrieved from /home/hsooni/cafe_sales_etl/venv/lib/python3.12/site-packages/airflow/example_dags/example_setup_teardown_taskflow.py
[2025-10-09T23:54:42.876+0300] {logging_mixin.py:190} INFO - [2025-10-09T23:54:42.876+0300] {dag.py:3239} INFO - Sync 1 DAGs
[2025-10-09T23:54:42.891+0300] {logging_mixin.py:190} INFO - [2025-10-09T23:54:42.891+0300] {dag.py:4180} INFO - Setting next_dagrun for example_setup_teardown_taskflow to None, run_after=None
[2025-10-09T23:54:42.923+0300] {processor.py:208} INFO - Processing /home/hsooni/cafe_sales_etl/venv/lib/python3.12/site-packages/airflow/example_dags/example_setup_teardown_taskflow.py took 0.099 seconds
[2025-10-09T23:55:40.937+0300] {processor.py:186} INFO - Started process (PID=47652) to work on /home/hsooni/cafe_sales_etl/venv/lib/python3.12/site-packages/airflow/example_dags/example_setup_teardown_taskflow.py
[2025-10-09T23:55:40.939+0300] {processor.py:914} INFO - Processing file /home/hsooni/cafe_sales_etl/venv/lib/python3.12/site-packages/airflow/example_dags/example_setup_teardown_taskflow.py for tasks to queue
[2025-10-09T23:55:40.941+0300] {logging_mixin.py:190} INFO - [2025-10-09T23:55:40.941+0300] {dagbag.py:588} INFO - Filling up the DagBag from /home/hsooni/cafe_sales_etl/venv/lib/python3.12/site-packages/airflow/example_dags/example_setup_teardown_taskflow.py
[2025-10-09T23:55:40.953+0300] {processor.py:925} INFO - DAG(s) 'example_setup_teardown_taskflow' retrieved from /home/hsooni/cafe_sales_etl/venv/lib/python3.12/site-packages/airflow/example_dags/example_setup_teardown_taskflow.py
[2025-10-09T23:55:40.974+0300] {logging_mixin.py:190} INFO - [2025-10-09T23:55:40.974+0300] {dag.py:3239} INFO - Sync 1 DAGs
[2025-10-09T23:55:40.989+0300] {logging_mixin.py:190} INFO - [2025-10-09T23:55:40.989+0300] {dag.py:4180} INFO - Setting next_dagrun for example_setup_teardown_taskflow to None, run_after=None
[2025-10-09T23:55:41.025+0300] {processor.py:208} INFO - Processing /home/hsooni/cafe_sales_etl/venv/lib/python3.12/site-packages/airflow/example_dags/example_setup_teardown_taskflow.py took 0.095 seconds
