[2025-10-09T23:47:31.557+0300] {processor.py:186} INFO - Started process (PID=44647) to work on /home/hsooni/cafe_sales_etl/venv/lib/python3.12/site-packages/airflow/example_dags/example_python_operator.py
[2025-10-09T23:47:31.558+0300] {processor.py:914} INFO - Processing file /home/hsooni/cafe_sales_etl/venv/lib/python3.12/site-packages/airflow/example_dags/example_python_operator.py for tasks to queue
[2025-10-09T23:47:31.560+0300] {logging_mixin.py:190} INFO - [2025-10-09T23:47:31.560+0300] {dagbag.py:588} INFO - Filling up the DagBag from /home/hsooni/cafe_sales_etl/venv/lib/python3.12/site-packages/airflow/example_dags/example_python_operator.py
[2025-10-09T23:47:31.567+0300] {logging_mixin.py:190} INFO - [2025-10-09T23:47:31.567+0300] {example_python_operator.py:93} WARNING - The virtalenv_python example task requires virtualenv, please install it.
[2025-10-09T23:47:31.570+0300] {processor.py:925} INFO - DAG(s) 'example_python_operator' retrieved from /home/hsooni/cafe_sales_etl/venv/lib/python3.12/site-packages/airflow/example_dags/example_python_operator.py
[2025-10-09T23:47:31.709+0300] {logging_mixin.py:190} INFO - [2025-10-09T23:47:31.709+0300] {override.py:1900} INFO - Created Permission View: can delete on DAG:example_python_operator
[2025-10-09T23:47:31.727+0300] {logging_mixin.py:190} INFO - [2025-10-09T23:47:31.726+0300] {override.py:1900} INFO - Created Permission View: can read on DAG:example_python_operator
[2025-10-09T23:47:31.740+0300] {logging_mixin.py:190} INFO - [2025-10-09T23:47:31.740+0300] {override.py:1900} INFO - Created Permission View: can edit on DAG:example_python_operator
[2025-10-09T23:47:31.763+0300] {logging_mixin.py:190} INFO - [2025-10-09T23:47:31.762+0300] {override.py:1900} INFO - Created Permission View: can delete on DAG Run:example_python_operator
[2025-10-09T23:47:31.776+0300] {logging_mixin.py:190} INFO - [2025-10-09T23:47:31.775+0300] {override.py:1900} INFO - Created Permission View: can create on DAG Run:example_python_operator
[2025-10-09T23:47:31.790+0300] {logging_mixin.py:190} INFO - [2025-10-09T23:47:31.789+0300] {override.py:1900} INFO - Created Permission View: can read on DAG Run:example_python_operator
[2025-10-09T23:47:31.804+0300] {logging_mixin.py:190} INFO - [2025-10-09T23:47:31.803+0300] {override.py:1900} INFO - Created Permission View: menu access on DAG Run:example_python_operator
[2025-10-09T23:47:31.804+0300] {logging_mixin.py:190} INFO - [2025-10-09T23:47:31.804+0300] {dag.py:3239} INFO - Sync 1 DAGs
[2025-10-09T23:47:31.819+0300] {logging_mixin.py:190} INFO - [2025-10-09T23:47:31.818+0300] {dag.py:3262} INFO - Creating ORM DAG for example_python_operator
[2025-10-09T23:47:31.819+0300] {logging_mixin.py:190} INFO - [2025-10-09T23:47:31.819+0300] {dag.py:4180} INFO - Setting next_dagrun for example_python_operator to None, run_after=None
[2025-10-09T23:47:31.845+0300] {processor.py:208} INFO - Processing /home/hsooni/cafe_sales_etl/venv/lib/python3.12/site-packages/airflow/example_dags/example_python_operator.py took 0.294 seconds
[2025-10-09T23:49:08.654+0300] {processor.py:186} INFO - Started process (PID=45162) to work on /home/hsooni/cafe_sales_etl/venv/lib/python3.12/site-packages/airflow/example_dags/example_python_operator.py
[2025-10-09T23:49:08.660+0300] {processor.py:914} INFO - Processing file /home/hsooni/cafe_sales_etl/venv/lib/python3.12/site-packages/airflow/example_dags/example_python_operator.py for tasks to queue
[2025-10-09T23:49:08.663+0300] {logging_mixin.py:190} INFO - [2025-10-09T23:49:08.663+0300] {dagbag.py:588} INFO - Filling up the DagBag from /home/hsooni/cafe_sales_etl/venv/lib/python3.12/site-packages/airflow/example_dags/example_python_operator.py
[2025-10-09T23:49:08.671+0300] {logging_mixin.py:190} INFO - [2025-10-09T23:49:08.670+0300] {example_python_operator.py:93} WARNING - The virtalenv_python example task requires virtualenv, please install it.
[2025-10-09T23:49:08.673+0300] {processor.py:925} INFO - DAG(s) 'example_python_operator' retrieved from /home/hsooni/cafe_sales_etl/venv/lib/python3.12/site-packages/airflow/example_dags/example_python_operator.py
[2025-10-09T23:49:08.695+0300] {logging_mixin.py:190} INFO - [2025-10-09T23:49:08.694+0300] {dag.py:3239} INFO - Sync 1 DAGs
[2025-10-09T23:49:08.709+0300] {logging_mixin.py:190} INFO - [2025-10-09T23:49:08.709+0300] {dag.py:4180} INFO - Setting next_dagrun for example_python_operator to None, run_after=None
[2025-10-09T23:49:08.741+0300] {processor.py:208} INFO - Processing /home/hsooni/cafe_sales_etl/venv/lib/python3.12/site-packages/airflow/example_dags/example_python_operator.py took 0.092 seconds
[2025-10-09T23:50:08.939+0300] {processor.py:186} INFO - Started process (PID=45610) to work on /home/hsooni/cafe_sales_etl/venv/lib/python3.12/site-packages/airflow/example_dags/example_python_operator.py
[2025-10-09T23:50:08.945+0300] {processor.py:914} INFO - Processing file /home/hsooni/cafe_sales_etl/venv/lib/python3.12/site-packages/airflow/example_dags/example_python_operator.py for tasks to queue
[2025-10-09T23:50:08.948+0300] {logging_mixin.py:190} INFO - [2025-10-09T23:50:08.947+0300] {dagbag.py:588} INFO - Filling up the DagBag from /home/hsooni/cafe_sales_etl/venv/lib/python3.12/site-packages/airflow/example_dags/example_python_operator.py
[2025-10-09T23:50:08.957+0300] {logging_mixin.py:190} INFO - [2025-10-09T23:50:08.956+0300] {example_python_operator.py:93} WARNING - The virtalenv_python example task requires virtualenv, please install it.
[2025-10-09T23:50:08.960+0300] {processor.py:925} INFO - DAG(s) 'example_python_operator' retrieved from /home/hsooni/cafe_sales_etl/venv/lib/python3.12/site-packages/airflow/example_dags/example_python_operator.py
[2025-10-09T23:50:08.981+0300] {logging_mixin.py:190} INFO - [2025-10-09T23:50:08.981+0300] {dag.py:3239} INFO - Sync 1 DAGs
[2025-10-09T23:50:08.995+0300] {logging_mixin.py:190} INFO - [2025-10-09T23:50:08.995+0300] {dag.py:4180} INFO - Setting next_dagrun for example_python_operator to None, run_after=None
[2025-10-09T23:50:09.028+0300] {processor.py:208} INFO - Processing /home/hsooni/cafe_sales_etl/venv/lib/python3.12/site-packages/airflow/example_dags/example_python_operator.py took 0.097 seconds
[2025-10-09T23:51:04.878+0300] {processor.py:186} INFO - Started process (PID=45895) to work on /home/hsooni/cafe_sales_etl/venv/lib/python3.12/site-packages/airflow/example_dags/example_python_operator.py
[2025-10-09T23:51:04.884+0300] {processor.py:914} INFO - Processing file /home/hsooni/cafe_sales_etl/venv/lib/python3.12/site-packages/airflow/example_dags/example_python_operator.py for tasks to queue
[2025-10-09T23:51:04.887+0300] {logging_mixin.py:190} INFO - [2025-10-09T23:51:04.887+0300] {dagbag.py:588} INFO - Filling up the DagBag from /home/hsooni/cafe_sales_etl/venv/lib/python3.12/site-packages/airflow/example_dags/example_python_operator.py
[2025-10-09T23:51:04.896+0300] {logging_mixin.py:190} INFO - [2025-10-09T23:51:04.896+0300] {example_python_operator.py:93} WARNING - The virtalenv_python example task requires virtualenv, please install it.
[2025-10-09T23:51:04.900+0300] {processor.py:925} INFO - DAG(s) 'example_python_operator' retrieved from /home/hsooni/cafe_sales_etl/venv/lib/python3.12/site-packages/airflow/example_dags/example_python_operator.py
[2025-10-09T23:51:04.925+0300] {logging_mixin.py:190} INFO - [2025-10-09T23:51:04.925+0300] {dag.py:3239} INFO - Sync 1 DAGs
[2025-10-09T23:51:04.943+0300] {logging_mixin.py:190} INFO - [2025-10-09T23:51:04.942+0300] {dag.py:4180} INFO - Setting next_dagrun for example_python_operator to None, run_after=None
[2025-10-09T23:51:04.980+0300] {processor.py:208} INFO - Processing /home/hsooni/cafe_sales_etl/venv/lib/python3.12/site-packages/airflow/example_dags/example_python_operator.py took 0.110 seconds
[2025-10-09T23:52:03.861+0300] {processor.py:186} INFO - Started process (PID=46283) to work on /home/hsooni/cafe_sales_etl/venv/lib/python3.12/site-packages/airflow/example_dags/example_python_operator.py
[2025-10-09T23:52:03.867+0300] {processor.py:914} INFO - Processing file /home/hsooni/cafe_sales_etl/venv/lib/python3.12/site-packages/airflow/example_dags/example_python_operator.py for tasks to queue
[2025-10-09T23:52:03.869+0300] {logging_mixin.py:190} INFO - [2025-10-09T23:52:03.869+0300] {dagbag.py:588} INFO - Filling up the DagBag from /home/hsooni/cafe_sales_etl/venv/lib/python3.12/site-packages/airflow/example_dags/example_python_operator.py
[2025-10-09T23:52:03.878+0300] {logging_mixin.py:190} INFO - [2025-10-09T23:52:03.878+0300] {example_python_operator.py:93} WARNING - The virtalenv_python example task requires virtualenv, please install it.
[2025-10-09T23:52:03.881+0300] {processor.py:925} INFO - DAG(s) 'example_python_operator' retrieved from /home/hsooni/cafe_sales_etl/venv/lib/python3.12/site-packages/airflow/example_dags/example_python_operator.py
[2025-10-09T23:52:03.905+0300] {logging_mixin.py:190} INFO - [2025-10-09T23:52:03.904+0300] {dag.py:3239} INFO - Sync 1 DAGs
[2025-10-09T23:52:03.921+0300] {logging_mixin.py:190} INFO - [2025-10-09T23:52:03.920+0300] {dag.py:4180} INFO - Setting next_dagrun for example_python_operator to None, run_after=None
[2025-10-09T23:52:03.947+0300] {processor.py:208} INFO - Processing /home/hsooni/cafe_sales_etl/venv/lib/python3.12/site-packages/airflow/example_dags/example_python_operator.py took 0.093 seconds
[2025-10-09T23:53:00.155+0300] {processor.py:186} INFO - Started process (PID=46542) to work on /home/hsooni/cafe_sales_etl/venv/lib/python3.12/site-packages/airflow/example_dags/example_python_operator.py
[2025-10-09T23:53:00.161+0300] {processor.py:914} INFO - Processing file /home/hsooni/cafe_sales_etl/venv/lib/python3.12/site-packages/airflow/example_dags/example_python_operator.py for tasks to queue
[2025-10-09T23:53:00.163+0300] {logging_mixin.py:190} INFO - [2025-10-09T23:53:00.163+0300] {dagbag.py:588} INFO - Filling up the DagBag from /home/hsooni/cafe_sales_etl/venv/lib/python3.12/site-packages/airflow/example_dags/example_python_operator.py
[2025-10-09T23:53:00.170+0300] {logging_mixin.py:190} INFO - [2025-10-09T23:53:00.170+0300] {example_python_operator.py:93} WARNING - The virtalenv_python example task requires virtualenv, please install it.
[2025-10-09T23:53:00.173+0300] {processor.py:925} INFO - DAG(s) 'example_python_operator' retrieved from /home/hsooni/cafe_sales_etl/venv/lib/python3.12/site-packages/airflow/example_dags/example_python_operator.py
[2025-10-09T23:53:00.193+0300] {logging_mixin.py:190} INFO - [2025-10-09T23:53:00.193+0300] {dag.py:3239} INFO - Sync 1 DAGs
[2025-10-09T23:53:00.208+0300] {logging_mixin.py:190} INFO - [2025-10-09T23:53:00.208+0300] {dag.py:4180} INFO - Setting next_dagrun for example_python_operator to None, run_after=None
[2025-10-09T23:53:00.233+0300] {processor.py:208} INFO - Processing /home/hsooni/cafe_sales_etl/venv/lib/python3.12/site-packages/airflow/example_dags/example_python_operator.py took 0.084 seconds
[2025-10-09T23:53:52.793+0300] {processor.py:186} INFO - Started process (PID=46877) to work on /home/hsooni/cafe_sales_etl/venv/lib/python3.12/site-packages/airflow/example_dags/example_python_operator.py
[2025-10-09T23:53:52.799+0300] {processor.py:914} INFO - Processing file /home/hsooni/cafe_sales_etl/venv/lib/python3.12/site-packages/airflow/example_dags/example_python_operator.py for tasks to queue
[2025-10-09T23:53:52.801+0300] {logging_mixin.py:190} INFO - [2025-10-09T23:53:52.801+0300] {dagbag.py:588} INFO - Filling up the DagBag from /home/hsooni/cafe_sales_etl/venv/lib/python3.12/site-packages/airflow/example_dags/example_python_operator.py
[2025-10-09T23:53:52.809+0300] {logging_mixin.py:190} INFO - [2025-10-09T23:53:52.809+0300] {example_python_operator.py:93} WARNING - The virtalenv_python example task requires virtualenv, please install it.
[2025-10-09T23:53:52.812+0300] {processor.py:925} INFO - DAG(s) 'example_python_operator' retrieved from /home/hsooni/cafe_sales_etl/venv/lib/python3.12/site-packages/airflow/example_dags/example_python_operator.py
[2025-10-09T23:53:52.834+0300] {logging_mixin.py:190} INFO - [2025-10-09T23:53:52.834+0300] {dag.py:3239} INFO - Sync 1 DAGs
[2025-10-09T23:53:52.851+0300] {logging_mixin.py:190} INFO - [2025-10-09T23:53:52.851+0300] {dag.py:4180} INFO - Setting next_dagrun for example_python_operator to None, run_after=None
[2025-10-09T23:53:52.885+0300] {processor.py:208} INFO - Processing /home/hsooni/cafe_sales_etl/venv/lib/python3.12/site-packages/airflow/example_dags/example_python_operator.py took 0.099 seconds
[2025-10-09T23:54:55.155+0300] {processor.py:186} INFO - Started process (PID=47376) to work on /home/hsooni/cafe_sales_etl/venv/lib/python3.12/site-packages/airflow/example_dags/example_python_operator.py
[2025-10-09T23:54:55.156+0300] {processor.py:914} INFO - Processing file /home/hsooni/cafe_sales_etl/venv/lib/python3.12/site-packages/airflow/example_dags/example_python_operator.py for tasks to queue
[2025-10-09T23:54:55.159+0300] {logging_mixin.py:190} INFO - [2025-10-09T23:54:55.158+0300] {dagbag.py:588} INFO - Filling up the DagBag from /home/hsooni/cafe_sales_etl/venv/lib/python3.12/site-packages/airflow/example_dags/example_python_operator.py
[2025-10-09T23:54:55.166+0300] {logging_mixin.py:190} INFO - [2025-10-09T23:54:55.166+0300] {example_python_operator.py:93} WARNING - The virtalenv_python example task requires virtualenv, please install it.
[2025-10-09T23:54:55.169+0300] {processor.py:925} INFO - DAG(s) 'example_python_operator' retrieved from /home/hsooni/cafe_sales_etl/venv/lib/python3.12/site-packages/airflow/example_dags/example_python_operator.py
[2025-10-09T23:54:55.189+0300] {logging_mixin.py:190} INFO - [2025-10-09T23:54:55.189+0300] {dag.py:3239} INFO - Sync 1 DAGs
[2025-10-09T23:54:55.204+0300] {logging_mixin.py:190} INFO - [2025-10-09T23:54:55.204+0300] {dag.py:4180} INFO - Setting next_dagrun for example_python_operator to None, run_after=None
[2025-10-09T23:54:55.235+0300] {processor.py:208} INFO - Processing /home/hsooni/cafe_sales_etl/venv/lib/python3.12/site-packages/airflow/example_dags/example_python_operator.py took 0.087 seconds
