[2025-10-09T23:47:10.150+0300] {processor.py:186} INFO - Started process (PID=44505) to work on /home/hsooni/cafe_sales_etl/venv/lib/python3.12/site-packages/airflow/example_dags/example_xcomargs.py
[2025-10-09T23:47:10.151+0300] {processor.py:914} INFO - Processing file /home/hsooni/cafe_sales_etl/venv/lib/python3.12/site-packages/airflow/example_dags/example_xcomargs.py for tasks to queue
[2025-10-09T23:47:10.153+0300] {logging_mixin.py:190} INFO - [2025-10-09T23:47:10.153+0300] {dagbag.py:588} INFO - Filling up the DagBag from /home/hsooni/cafe_sales_etl/venv/lib/python3.12/site-packages/airflow/example_dags/example_xcomargs.py
[2025-10-09T23:47:10.167+0300] {processor.py:925} INFO - DAG(s) 'example_xcom_args', 'example_xcom_args_with_operators' retrieved from /home/hsooni/cafe_sales_etl/venv/lib/python3.12/site-packages/airflow/example_dags/example_xcomargs.py
[2025-10-09T23:47:10.317+0300] {logging_mixin.py:190} INFO - [2025-10-09T23:47:10.316+0300] {override.py:1900} INFO - Created Permission View: can delete on DAG:example_xcom_args
[2025-10-09T23:47:10.332+0300] {logging_mixin.py:190} INFO - [2025-10-09T23:47:10.331+0300] {override.py:1900} INFO - Created Permission View: can read on DAG:example_xcom_args
[2025-10-09T23:47:10.343+0300] {logging_mixin.py:190} INFO - [2025-10-09T23:47:10.343+0300] {override.py:1900} INFO - Created Permission View: can edit on DAG:example_xcom_args
[2025-10-09T23:47:10.363+0300] {logging_mixin.py:190} INFO - [2025-10-09T23:47:10.363+0300] {override.py:1900} INFO - Created Permission View: can delete on DAG Run:example_xcom_args
[2025-10-09T23:47:10.374+0300] {logging_mixin.py:190} INFO - [2025-10-09T23:47:10.374+0300] {override.py:1900} INFO - Created Permission View: can create on DAG Run:example_xcom_args
[2025-10-09T23:47:10.386+0300] {logging_mixin.py:190} INFO - [2025-10-09T23:47:10.385+0300] {override.py:1900} INFO - Created Permission View: can read on DAG Run:example_xcom_args
[2025-10-09T23:47:10.400+0300] {logging_mixin.py:190} INFO - [2025-10-09T23:47:10.399+0300] {override.py:1900} INFO - Created Permission View: menu access on DAG Run:example_xcom_args
[2025-10-09T23:47:10.427+0300] {logging_mixin.py:190} INFO - [2025-10-09T23:47:10.426+0300] {override.py:1900} INFO - Created Permission View: can delete on DAG:example_xcom_args_with_operators
[2025-10-09T23:47:10.438+0300] {logging_mixin.py:190} INFO - [2025-10-09T23:47:10.438+0300] {override.py:1900} INFO - Created Permission View: can read on DAG:example_xcom_args_with_operators
[2025-10-09T23:47:10.449+0300] {logging_mixin.py:190} INFO - [2025-10-09T23:47:10.448+0300] {override.py:1900} INFO - Created Permission View: can edit on DAG:example_xcom_args_with_operators
[2025-10-09T23:47:10.467+0300] {logging_mixin.py:190} INFO - [2025-10-09T23:47:10.467+0300] {override.py:1900} INFO - Created Permission View: can delete on DAG Run:example_xcom_args_with_operators
[2025-10-09T23:47:10.478+0300] {logging_mixin.py:190} INFO - [2025-10-09T23:47:10.478+0300] {override.py:1900} INFO - Created Permission View: can create on DAG Run:example_xcom_args_with_operators
[2025-10-09T23:47:10.490+0300] {logging_mixin.py:190} INFO - [2025-10-09T23:47:10.489+0300] {override.py:1900} INFO - Created Permission View: can read on DAG Run:example_xcom_args_with_operators
[2025-10-09T23:47:10.500+0300] {logging_mixin.py:190} INFO - [2025-10-09T23:47:10.500+0300] {override.py:1900} INFO - Created Permission View: menu access on DAG Run:example_xcom_args_with_operators
[2025-10-09T23:47:10.501+0300] {logging_mixin.py:190} INFO - [2025-10-09T23:47:10.501+0300] {dag.py:3239} INFO - Sync 2 DAGs
[2025-10-09T23:47:10.513+0300] {logging_mixin.py:190} INFO - [2025-10-09T23:47:10.513+0300] {dag.py:3262} INFO - Creating ORM DAG for example_xcom_args_with_operators
[2025-10-09T23:47:10.514+0300] {logging_mixin.py:190} INFO - [2025-10-09T23:47:10.514+0300] {dag.py:3262} INFO - Creating ORM DAG for example_xcom_args
[2025-10-09T23:47:10.514+0300] {logging_mixin.py:190} INFO - [2025-10-09T23:47:10.514+0300] {dag.py:4180} INFO - Setting next_dagrun for example_xcom_args to None, run_after=None
[2025-10-09T23:47:10.515+0300] {logging_mixin.py:190} INFO - [2025-10-09T23:47:10.515+0300] {dag.py:4180} INFO - Setting next_dagrun for example_xcom_args_with_operators to None, run_after=None
[2025-10-09T23:47:10.536+0300] {processor.py:208} INFO - Processing /home/hsooni/cafe_sales_etl/venv/lib/python3.12/site-packages/airflow/example_dags/example_xcomargs.py took 0.393 seconds
[2025-10-09T23:48:50.473+0300] {processor.py:186} INFO - Started process (PID=45079) to work on /home/hsooni/cafe_sales_etl/venv/lib/python3.12/site-packages/airflow/example_dags/example_xcomargs.py
[2025-10-09T23:48:50.479+0300] {processor.py:914} INFO - Processing file /home/hsooni/cafe_sales_etl/venv/lib/python3.12/site-packages/airflow/example_dags/example_xcomargs.py for tasks to queue
[2025-10-09T23:48:50.482+0300] {logging_mixin.py:190} INFO - [2025-10-09T23:48:50.482+0300] {dagbag.py:588} INFO - Filling up the DagBag from /home/hsooni/cafe_sales_etl/venv/lib/python3.12/site-packages/airflow/example_dags/example_xcomargs.py
[2025-10-09T23:48:50.500+0300] {processor.py:925} INFO - DAG(s) 'example_xcom_args_with_operators', 'example_xcom_args' retrieved from /home/hsooni/cafe_sales_etl/venv/lib/python3.12/site-packages/airflow/example_dags/example_xcomargs.py
[2025-10-09T23:48:50.530+0300] {logging_mixin.py:190} INFO - [2025-10-09T23:48:50.530+0300] {dag.py:3239} INFO - Sync 2 DAGs
[2025-10-09T23:48:50.546+0300] {logging_mixin.py:190} INFO - [2025-10-09T23:48:50.546+0300] {dag.py:4180} INFO - Setting next_dagrun for example_xcom_args to None, run_after=None
[2025-10-09T23:48:50.551+0300] {logging_mixin.py:190} INFO - [2025-10-09T23:48:50.551+0300] {dag.py:4180} INFO - Setting next_dagrun for example_xcom_args_with_operators to None, run_after=None
[2025-10-09T23:48:50.582+0300] {processor.py:208} INFO - Processing /home/hsooni/cafe_sales_etl/venv/lib/python3.12/site-packages/airflow/example_dags/example_xcomargs.py took 0.115 seconds
[2025-10-09T23:49:51.168+0300] {processor.py:186} INFO - Started process (PID=45543) to work on /home/hsooni/cafe_sales_etl/venv/lib/python3.12/site-packages/airflow/example_dags/example_xcomargs.py
[2025-10-09T23:49:51.174+0300] {processor.py:914} INFO - Processing file /home/hsooni/cafe_sales_etl/venv/lib/python3.12/site-packages/airflow/example_dags/example_xcomargs.py for tasks to queue
[2025-10-09T23:49:51.177+0300] {logging_mixin.py:190} INFO - [2025-10-09T23:49:51.177+0300] {dagbag.py:588} INFO - Filling up the DagBag from /home/hsooni/cafe_sales_etl/venv/lib/python3.12/site-packages/airflow/example_dags/example_xcomargs.py
[2025-10-09T23:49:51.192+0300] {processor.py:925} INFO - DAG(s) 'example_xcom_args', 'example_xcom_args_with_operators' retrieved from /home/hsooni/cafe_sales_etl/venv/lib/python3.12/site-packages/airflow/example_dags/example_xcomargs.py
[2025-10-09T23:49:51.214+0300] {logging_mixin.py:190} INFO - [2025-10-09T23:49:51.213+0300] {dag.py:3239} INFO - Sync 2 DAGs
[2025-10-09T23:49:51.228+0300] {logging_mixin.py:190} INFO - [2025-10-09T23:49:51.228+0300] {dag.py:4180} INFO - Setting next_dagrun for example_xcom_args to None, run_after=None
[2025-10-09T23:49:51.231+0300] {logging_mixin.py:190} INFO - [2025-10-09T23:49:51.231+0300] {dag.py:4180} INFO - Setting next_dagrun for example_xcom_args_with_operators to None, run_after=None
[2025-10-09T23:49:51.260+0300] {processor.py:208} INFO - Processing /home/hsooni/cafe_sales_etl/venv/lib/python3.12/site-packages/airflow/example_dags/example_xcomargs.py took 0.099 seconds
[2025-10-09T23:50:47.031+0300] {processor.py:186} INFO - Started process (PID=45782) to work on /home/hsooni/cafe_sales_etl/venv/lib/python3.12/site-packages/airflow/example_dags/example_xcomargs.py
[2025-10-09T23:50:47.032+0300] {processor.py:914} INFO - Processing file /home/hsooni/cafe_sales_etl/venv/lib/python3.12/site-packages/airflow/example_dags/example_xcomargs.py for tasks to queue
[2025-10-09T23:50:47.034+0300] {logging_mixin.py:190} INFO - [2025-10-09T23:50:47.034+0300] {dagbag.py:588} INFO - Filling up the DagBag from /home/hsooni/cafe_sales_etl/venv/lib/python3.12/site-packages/airflow/example_dags/example_xcomargs.py
[2025-10-09T23:50:47.047+0300] {processor.py:925} INFO - DAG(s) 'example_xcom_args_with_operators', 'example_xcom_args' retrieved from /home/hsooni/cafe_sales_etl/venv/lib/python3.12/site-packages/airflow/example_dags/example_xcomargs.py
[2025-10-09T23:50:47.069+0300] {logging_mixin.py:190} INFO - [2025-10-09T23:50:47.069+0300] {dag.py:3239} INFO - Sync 2 DAGs
[2025-10-09T23:50:47.085+0300] {logging_mixin.py:190} INFO - [2025-10-09T23:50:47.085+0300] {dag.py:4180} INFO - Setting next_dagrun for example_xcom_args to None, run_after=None
[2025-10-09T23:50:47.089+0300] {logging_mixin.py:190} INFO - [2025-10-09T23:50:47.089+0300] {dag.py:4180} INFO - Setting next_dagrun for example_xcom_args_with_operators to None, run_after=None
[2025-10-09T23:50:47.113+0300] {processor.py:208} INFO - Processing /home/hsooni/cafe_sales_etl/venv/lib/python3.12/site-packages/airflow/example_dags/example_xcomargs.py took 0.089 seconds
[2025-10-09T23:51:42.099+0300] {processor.py:186} INFO - Started process (PID=46187) to work on /home/hsooni/cafe_sales_etl/venv/lib/python3.12/site-packages/airflow/example_dags/example_xcomargs.py
[2025-10-09T23:51:42.105+0300] {processor.py:914} INFO - Processing file /home/hsooni/cafe_sales_etl/venv/lib/python3.12/site-packages/airflow/example_dags/example_xcomargs.py for tasks to queue
[2025-10-09T23:51:42.109+0300] {logging_mixin.py:190} INFO - [2025-10-09T23:51:42.109+0300] {dagbag.py:588} INFO - Filling up the DagBag from /home/hsooni/cafe_sales_etl/venv/lib/python3.12/site-packages/airflow/example_dags/example_xcomargs.py
[2025-10-09T23:51:42.138+0300] {processor.py:925} INFO - DAG(s) 'example_xcom_args', 'example_xcom_args_with_operators' retrieved from /home/hsooni/cafe_sales_etl/venv/lib/python3.12/site-packages/airflow/example_dags/example_xcomargs.py
[2025-10-09T23:51:42.185+0300] {logging_mixin.py:190} INFO - [2025-10-09T23:51:42.185+0300] {dag.py:3239} INFO - Sync 2 DAGs
[2025-10-09T23:51:42.221+0300] {logging_mixin.py:190} INFO - [2025-10-09T23:51:42.220+0300] {dag.py:4180} INFO - Setting next_dagrun for example_xcom_args to None, run_after=None
[2025-10-09T23:51:42.232+0300] {logging_mixin.py:190} INFO - [2025-10-09T23:51:42.228+0300] {dag.py:4180} INFO - Setting next_dagrun for example_xcom_args_with_operators to None, run_after=None
[2025-10-09T23:51:42.300+0300] {processor.py:208} INFO - Processing /home/hsooni/cafe_sales_etl/venv/lib/python3.12/site-packages/airflow/example_dags/example_xcomargs.py took 0.215 seconds
[2025-10-09T23:52:38.286+0300] {processor.py:186} INFO - Started process (PID=46445) to work on /home/hsooni/cafe_sales_etl/venv/lib/python3.12/site-packages/airflow/example_dags/example_xcomargs.py
[2025-10-09T23:52:38.292+0300] {processor.py:914} INFO - Processing file /home/hsooni/cafe_sales_etl/venv/lib/python3.12/site-packages/airflow/example_dags/example_xcomargs.py for tasks to queue
[2025-10-09T23:52:38.294+0300] {logging_mixin.py:190} INFO - [2025-10-09T23:52:38.294+0300] {dagbag.py:588} INFO - Filling up the DagBag from /home/hsooni/cafe_sales_etl/venv/lib/python3.12/site-packages/airflow/example_dags/example_xcomargs.py
[2025-10-09T23:52:38.306+0300] {processor.py:925} INFO - DAG(s) 'example_xcom_args_with_operators', 'example_xcom_args' retrieved from /home/hsooni/cafe_sales_etl/venv/lib/python3.12/site-packages/airflow/example_dags/example_xcomargs.py
[2025-10-09T23:52:38.327+0300] {logging_mixin.py:190} INFO - [2025-10-09T23:52:38.326+0300] {dag.py:3239} INFO - Sync 2 DAGs
[2025-10-09T23:52:38.341+0300] {logging_mixin.py:190} INFO - [2025-10-09T23:52:38.341+0300] {dag.py:4180} INFO - Setting next_dagrun for example_xcom_args to None, run_after=None
[2025-10-09T23:52:38.345+0300] {logging_mixin.py:190} INFO - [2025-10-09T23:52:38.345+0300] {dag.py:4180} INFO - Setting next_dagrun for example_xcom_args_with_operators to None, run_after=None
[2025-10-09T23:52:38.372+0300] {processor.py:208} INFO - Processing /home/hsooni/cafe_sales_etl/venv/lib/python3.12/site-packages/airflow/example_dags/example_xcomargs.py took 0.092 seconds
[2025-10-09T23:53:29.426+0300] {processor.py:186} INFO - Started process (PID=46676) to work on /home/hsooni/cafe_sales_etl/venv/lib/python3.12/site-packages/airflow/example_dags/example_xcomargs.py
[2025-10-09T23:53:29.431+0300] {processor.py:914} INFO - Processing file /home/hsooni/cafe_sales_etl/venv/lib/python3.12/site-packages/airflow/example_dags/example_xcomargs.py for tasks to queue
[2025-10-09T23:53:29.434+0300] {logging_mixin.py:190} INFO - [2025-10-09T23:53:29.433+0300] {dagbag.py:588} INFO - Filling up the DagBag from /home/hsooni/cafe_sales_etl/venv/lib/python3.12/site-packages/airflow/example_dags/example_xcomargs.py
[2025-10-09T23:53:29.447+0300] {processor.py:925} INFO - DAG(s) 'example_xcom_args_with_operators', 'example_xcom_args' retrieved from /home/hsooni/cafe_sales_etl/venv/lib/python3.12/site-packages/airflow/example_dags/example_xcomargs.py
[2025-10-09T23:53:29.473+0300] {logging_mixin.py:190} INFO - [2025-10-09T23:53:29.473+0300] {dag.py:3239} INFO - Sync 2 DAGs
[2025-10-09T23:53:29.490+0300] {logging_mixin.py:190} INFO - [2025-10-09T23:53:29.490+0300] {dag.py:4180} INFO - Setting next_dagrun for example_xcom_args to None, run_after=None
[2025-10-09T23:53:29.494+0300] {logging_mixin.py:190} INFO - [2025-10-09T23:53:29.494+0300] {dag.py:4180} INFO - Setting next_dagrun for example_xcom_args_with_operators to None, run_after=None
[2025-10-09T23:53:29.524+0300] {processor.py:208} INFO - Processing /home/hsooni/cafe_sales_etl/venv/lib/python3.12/site-packages/airflow/example_dags/example_xcomargs.py took 0.104 seconds
[2025-10-09T23:54:29.747+0300] {processor.py:186} INFO - Started process (PID=47182) to work on /home/hsooni/cafe_sales_etl/venv/lib/python3.12/site-packages/airflow/example_dags/example_xcomargs.py
[2025-10-09T23:54:29.753+0300] {processor.py:914} INFO - Processing file /home/hsooni/cafe_sales_etl/venv/lib/python3.12/site-packages/airflow/example_dags/example_xcomargs.py for tasks to queue
[2025-10-09T23:54:29.755+0300] {logging_mixin.py:190} INFO - [2025-10-09T23:54:29.755+0300] {dagbag.py:588} INFO - Filling up the DagBag from /home/hsooni/cafe_sales_etl/venv/lib/python3.12/site-packages/airflow/example_dags/example_xcomargs.py
[2025-10-09T23:54:29.767+0300] {processor.py:925} INFO - DAG(s) 'example_xcom_args', 'example_xcom_args_with_operators' retrieved from /home/hsooni/cafe_sales_etl/venv/lib/python3.12/site-packages/airflow/example_dags/example_xcomargs.py
[2025-10-09T23:54:29.787+0300] {logging_mixin.py:190} INFO - [2025-10-09T23:54:29.787+0300] {dag.py:3239} INFO - Sync 2 DAGs
[2025-10-09T23:54:29.802+0300] {logging_mixin.py:190} INFO - [2025-10-09T23:54:29.802+0300] {dag.py:4180} INFO - Setting next_dagrun for example_xcom_args to None, run_after=None
[2025-10-09T23:54:29.806+0300] {logging_mixin.py:190} INFO - [2025-10-09T23:54:29.805+0300] {dag.py:4180} INFO - Setting next_dagrun for example_xcom_args_with_operators to None, run_after=None
[2025-10-09T23:54:29.828+0300] {processor.py:208} INFO - Processing /home/hsooni/cafe_sales_etl/venv/lib/python3.12/site-packages/airflow/example_dags/example_xcomargs.py took 0.088 seconds
[2025-10-09T23:55:27.111+0300] {processor.py:186} INFO - Started process (PID=47534) to work on /home/hsooni/cafe_sales_etl/venv/lib/python3.12/site-packages/airflow/example_dags/example_xcomargs.py
[2025-10-09T23:55:27.117+0300] {processor.py:914} INFO - Processing file /home/hsooni/cafe_sales_etl/venv/lib/python3.12/site-packages/airflow/example_dags/example_xcomargs.py for tasks to queue
[2025-10-09T23:55:27.120+0300] {logging_mixin.py:190} INFO - [2025-10-09T23:55:27.119+0300] {dagbag.py:588} INFO - Filling up the DagBag from /home/hsooni/cafe_sales_etl/venv/lib/python3.12/site-packages/airflow/example_dags/example_xcomargs.py
[2025-10-09T23:55:27.134+0300] {processor.py:925} INFO - DAG(s) 'example_xcom_args', 'example_xcom_args_with_operators' retrieved from /home/hsooni/cafe_sales_etl/venv/lib/python3.12/site-packages/airflow/example_dags/example_xcomargs.py
[2025-10-09T23:55:27.157+0300] {logging_mixin.py:190} INFO - [2025-10-09T23:55:27.156+0300] {dag.py:3239} INFO - Sync 2 DAGs
[2025-10-09T23:55:27.171+0300] {logging_mixin.py:190} INFO - [2025-10-09T23:55:27.171+0300] {dag.py:4180} INFO - Setting next_dagrun for example_xcom_args to None, run_after=None
[2025-10-09T23:55:27.175+0300] {logging_mixin.py:190} INFO - [2025-10-09T23:55:27.174+0300] {dag.py:4180} INFO - Setting next_dagrun for example_xcom_args_with_operators to None, run_after=None
[2025-10-09T23:55:27.201+0300] {processor.py:208} INFO - Processing /home/hsooni/cafe_sales_etl/venv/lib/python3.12/site-packages/airflow/example_dags/example_xcomargs.py took 0.098 seconds
