[2025-10-09T23:47:13.917+0300] {processor.py:186} INFO - Started process (PID=44528) to work on /home/hsooni/cafe_sales_etl/venv/lib/python3.12/site-packages/airflow/example_dags/example_trigger_target_dag.py
[2025-10-09T23:47:13.918+0300] {processor.py:914} INFO - Processing file /home/hsooni/cafe_sales_etl/venv/lib/python3.12/site-packages/airflow/example_dags/example_trigger_target_dag.py for tasks to queue
[2025-10-09T23:47:13.921+0300] {logging_mixin.py:190} INFO - [2025-10-09T23:47:13.920+0300] {dagbag.py:588} INFO - Filling up the DagBag from /home/hsooni/cafe_sales_etl/venv/lib/python3.12/site-packages/airflow/example_dags/example_trigger_target_dag.py
[2025-10-09T23:47:13.931+0300] {processor.py:925} INFO - DAG(s) 'example_trigger_target_dag' retrieved from /home/hsooni/cafe_sales_etl/venv/lib/python3.12/site-packages/airflow/example_dags/example_trigger_target_dag.py
[2025-10-09T23:47:14.073+0300] {logging_mixin.py:190} INFO - [2025-10-09T23:47:14.072+0300] {override.py:1900} INFO - Created Permission View: can delete on DAG:example_trigger_target_dag
[2025-10-09T23:47:14.091+0300] {logging_mixin.py:190} INFO - [2025-10-09T23:47:14.091+0300] {override.py:1900} INFO - Created Permission View: can read on DAG:example_trigger_target_dag
[2025-10-09T23:47:14.104+0300] {logging_mixin.py:190} INFO - [2025-10-09T23:47:14.104+0300] {override.py:1900} INFO - Created Permission View: can edit on DAG:example_trigger_target_dag
[2025-10-09T23:47:14.127+0300] {logging_mixin.py:190} INFO - [2025-10-09T23:47:14.126+0300] {override.py:1900} INFO - Created Permission View: can delete on DAG Run:example_trigger_target_dag
[2025-10-09T23:47:14.139+0300] {logging_mixin.py:190} INFO - [2025-10-09T23:47:14.139+0300] {override.py:1900} INFO - Created Permission View: can create on DAG Run:example_trigger_target_dag
[2025-10-09T23:47:14.152+0300] {logging_mixin.py:190} INFO - [2025-10-09T23:47:14.152+0300] {override.py:1900} INFO - Created Permission View: can read on DAG Run:example_trigger_target_dag
[2025-10-09T23:47:14.165+0300] {logging_mixin.py:190} INFO - [2025-10-09T23:47:14.165+0300] {override.py:1900} INFO - Created Permission View: menu access on DAG Run:example_trigger_target_dag
[2025-10-09T23:47:14.166+0300] {logging_mixin.py:190} INFO - [2025-10-09T23:47:14.166+0300] {dag.py:3239} INFO - Sync 1 DAGs
[2025-10-09T23:47:14.183+0300] {logging_mixin.py:190} INFO - [2025-10-09T23:47:14.182+0300] {dag.py:3262} INFO - Creating ORM DAG for example_trigger_target_dag
[2025-10-09T23:47:14.183+0300] {logging_mixin.py:190} INFO - [2025-10-09T23:47:14.183+0300] {dag.py:4180} INFO - Setting next_dagrun for example_trigger_target_dag to None, run_after=None
[2025-10-09T23:47:14.220+0300] {processor.py:208} INFO - Processing /home/hsooni/cafe_sales_etl/venv/lib/python3.12/site-packages/airflow/example_dags/example_trigger_target_dag.py took 0.311 seconds
[2025-10-09T23:48:54.226+0300] {processor.py:186} INFO - Started process (PID=45102) to work on /home/hsooni/cafe_sales_etl/venv/lib/python3.12/site-packages/airflow/example_dags/example_trigger_target_dag.py
[2025-10-09T23:48:54.232+0300] {processor.py:914} INFO - Processing file /home/hsooni/cafe_sales_etl/venv/lib/python3.12/site-packages/airflow/example_dags/example_trigger_target_dag.py for tasks to queue
[2025-10-09T23:48:54.240+0300] {logging_mixin.py:190} INFO - [2025-10-09T23:48:54.239+0300] {dagbag.py:588} INFO - Filling up the DagBag from /home/hsooni/cafe_sales_etl/venv/lib/python3.12/site-packages/airflow/example_dags/example_trigger_target_dag.py
[2025-10-09T23:48:54.250+0300] {processor.py:925} INFO - DAG(s) 'example_trigger_target_dag' retrieved from /home/hsooni/cafe_sales_etl/venv/lib/python3.12/site-packages/airflow/example_dags/example_trigger_target_dag.py
[2025-10-09T23:48:54.275+0300] {logging_mixin.py:190} INFO - [2025-10-09T23:48:54.274+0300] {dag.py:3239} INFO - Sync 1 DAGs
[2025-10-09T23:48:54.300+0300] {logging_mixin.py:190} INFO - [2025-10-09T23:48:54.300+0300] {dag.py:4180} INFO - Setting next_dagrun for example_trigger_target_dag to None, run_after=None
[2025-10-09T23:48:54.338+0300] {processor.py:208} INFO - Processing /home/hsooni/cafe_sales_etl/venv/lib/python3.12/site-packages/airflow/example_dags/example_trigger_target_dag.py took 0.117 seconds
[2025-10-09T23:49:54.019+0300] {processor.py:186} INFO - Started process (PID=45562) to work on /home/hsooni/cafe_sales_etl/venv/lib/python3.12/site-packages/airflow/example_dags/example_trigger_target_dag.py
[2025-10-09T23:49:54.025+0300] {processor.py:914} INFO - Processing file /home/hsooni/cafe_sales_etl/venv/lib/python3.12/site-packages/airflow/example_dags/example_trigger_target_dag.py for tasks to queue
[2025-10-09T23:49:54.028+0300] {logging_mixin.py:190} INFO - [2025-10-09T23:49:54.027+0300] {dagbag.py:588} INFO - Filling up the DagBag from /home/hsooni/cafe_sales_etl/venv/lib/python3.12/site-packages/airflow/example_dags/example_trigger_target_dag.py
[2025-10-09T23:49:54.036+0300] {processor.py:925} INFO - DAG(s) 'example_trigger_target_dag' retrieved from /home/hsooni/cafe_sales_etl/venv/lib/python3.12/site-packages/airflow/example_dags/example_trigger_target_dag.py
[2025-10-09T23:49:54.053+0300] {logging_mixin.py:190} INFO - [2025-10-09T23:49:54.053+0300] {dag.py:3239} INFO - Sync 1 DAGs
[2025-10-09T23:49:54.068+0300] {logging_mixin.py:190} INFO - [2025-10-09T23:49:54.068+0300] {dag.py:4180} INFO - Setting next_dagrun for example_trigger_target_dag to None, run_after=None
[2025-10-09T23:49:54.093+0300] {processor.py:208} INFO - Processing /home/hsooni/cafe_sales_etl/venv/lib/python3.12/site-packages/airflow/example_dags/example_trigger_target_dag.py took 0.080 seconds
[2025-10-09T23:50:50.654+0300] {processor.py:186} INFO - Started process (PID=45794) to work on /home/hsooni/cafe_sales_etl/venv/lib/python3.12/site-packages/airflow/example_dags/example_trigger_target_dag.py
[2025-10-09T23:50:50.660+0300] {processor.py:914} INFO - Processing file /home/hsooni/cafe_sales_etl/venv/lib/python3.12/site-packages/airflow/example_dags/example_trigger_target_dag.py for tasks to queue
[2025-10-09T23:50:50.663+0300] {logging_mixin.py:190} INFO - [2025-10-09T23:50:50.663+0300] {dagbag.py:588} INFO - Filling up the DagBag from /home/hsooni/cafe_sales_etl/venv/lib/python3.12/site-packages/airflow/example_dags/example_trigger_target_dag.py
[2025-10-09T23:50:50.672+0300] {processor.py:925} INFO - DAG(s) 'example_trigger_target_dag' retrieved from /home/hsooni/cafe_sales_etl/venv/lib/python3.12/site-packages/airflow/example_dags/example_trigger_target_dag.py
[2025-10-09T23:50:50.690+0300] {logging_mixin.py:190} INFO - [2025-10-09T23:50:50.690+0300] {dag.py:3239} INFO - Sync 1 DAGs
[2025-10-09T23:50:50.708+0300] {logging_mixin.py:190} INFO - [2025-10-09T23:50:50.708+0300] {dag.py:4180} INFO - Setting next_dagrun for example_trigger_target_dag to None, run_after=None
[2025-10-09T23:50:50.740+0300] {processor.py:208} INFO - Processing /home/hsooni/cafe_sales_etl/venv/lib/python3.12/site-packages/airflow/example_dags/example_trigger_target_dag.py took 0.092 seconds
[2025-10-09T23:51:44.719+0300] {processor.py:186} INFO - Started process (PID=46208) to work on /home/hsooni/cafe_sales_etl/venv/lib/python3.12/site-packages/airflow/example_dags/example_trigger_target_dag.py
[2025-10-09T23:51:44.725+0300] {processor.py:914} INFO - Processing file /home/hsooni/cafe_sales_etl/venv/lib/python3.12/site-packages/airflow/example_dags/example_trigger_target_dag.py for tasks to queue
[2025-10-09T23:51:44.728+0300] {logging_mixin.py:190} INFO - [2025-10-09T23:51:44.728+0300] {dagbag.py:588} INFO - Filling up the DagBag from /home/hsooni/cafe_sales_etl/venv/lib/python3.12/site-packages/airflow/example_dags/example_trigger_target_dag.py
[2025-10-09T23:51:44.736+0300] {processor.py:925} INFO - DAG(s) 'example_trigger_target_dag' retrieved from /home/hsooni/cafe_sales_etl/venv/lib/python3.12/site-packages/airflow/example_dags/example_trigger_target_dag.py
[2025-10-09T23:51:44.753+0300] {logging_mixin.py:190} INFO - [2025-10-09T23:51:44.753+0300] {dag.py:3239} INFO - Sync 1 DAGs
[2025-10-09T23:51:44.768+0300] {logging_mixin.py:190} INFO - [2025-10-09T23:51:44.768+0300] {dag.py:4180} INFO - Setting next_dagrun for example_trigger_target_dag to None, run_after=None
[2025-10-09T23:51:44.794+0300] {processor.py:208} INFO - Processing /home/hsooni/cafe_sales_etl/venv/lib/python3.12/site-packages/airflow/example_dags/example_trigger_target_dag.py took 0.080 seconds
[2025-10-09T23:52:40.434+0300] {processor.py:186} INFO - Started process (PID=46460) to work on /home/hsooni/cafe_sales_etl/venv/lib/python3.12/site-packages/airflow/example_dags/example_trigger_target_dag.py
[2025-10-09T23:52:40.440+0300] {processor.py:914} INFO - Processing file /home/hsooni/cafe_sales_etl/venv/lib/python3.12/site-packages/airflow/example_dags/example_trigger_target_dag.py for tasks to queue
[2025-10-09T23:52:40.442+0300] {logging_mixin.py:190} INFO - [2025-10-09T23:52:40.442+0300] {dagbag.py:588} INFO - Filling up the DagBag from /home/hsooni/cafe_sales_etl/venv/lib/python3.12/site-packages/airflow/example_dags/example_trigger_target_dag.py
[2025-10-09T23:52:40.451+0300] {processor.py:925} INFO - DAG(s) 'example_trigger_target_dag' retrieved from /home/hsooni/cafe_sales_etl/venv/lib/python3.12/site-packages/airflow/example_dags/example_trigger_target_dag.py
[2025-10-09T23:52:40.467+0300] {logging_mixin.py:190} INFO - [2025-10-09T23:52:40.467+0300] {dag.py:3239} INFO - Sync 1 DAGs
[2025-10-09T23:52:40.482+0300] {logging_mixin.py:190} INFO - [2025-10-09T23:52:40.481+0300] {dag.py:4180} INFO - Setting next_dagrun for example_trigger_target_dag to None, run_after=None
[2025-10-09T23:52:40.507+0300] {processor.py:208} INFO - Processing /home/hsooni/cafe_sales_etl/venv/lib/python3.12/site-packages/airflow/example_dags/example_trigger_target_dag.py took 0.080 seconds
[2025-10-09T23:53:33.164+0300] {processor.py:186} INFO - Started process (PID=46696) to work on /home/hsooni/cafe_sales_etl/venv/lib/python3.12/site-packages/airflow/example_dags/example_trigger_target_dag.py
[2025-10-09T23:53:33.169+0300] {processor.py:914} INFO - Processing file /home/hsooni/cafe_sales_etl/venv/lib/python3.12/site-packages/airflow/example_dags/example_trigger_target_dag.py for tasks to queue
[2025-10-09T23:53:33.172+0300] {logging_mixin.py:190} INFO - [2025-10-09T23:53:33.172+0300] {dagbag.py:588} INFO - Filling up the DagBag from /home/hsooni/cafe_sales_etl/venv/lib/python3.12/site-packages/airflow/example_dags/example_trigger_target_dag.py
[2025-10-09T23:53:33.181+0300] {processor.py:925} INFO - DAG(s) 'example_trigger_target_dag' retrieved from /home/hsooni/cafe_sales_etl/venv/lib/python3.12/site-packages/airflow/example_dags/example_trigger_target_dag.py
[2025-10-09T23:53:33.198+0300] {logging_mixin.py:190} INFO - [2025-10-09T23:53:33.197+0300] {dag.py:3239} INFO - Sync 1 DAGs
[2025-10-09T23:53:33.215+0300] {logging_mixin.py:190} INFO - [2025-10-09T23:53:33.214+0300] {dag.py:4180} INFO - Setting next_dagrun for example_trigger_target_dag to None, run_after=None
[2025-10-09T23:53:33.262+0300] {processor.py:208} INFO - Processing /home/hsooni/cafe_sales_etl/venv/lib/python3.12/site-packages/airflow/example_dags/example_trigger_target_dag.py took 0.105 seconds
[2025-10-09T23:54:32.814+0300] {processor.py:186} INFO - Started process (PID=47226) to work on /home/hsooni/cafe_sales_etl/venv/lib/python3.12/site-packages/airflow/example_dags/example_trigger_target_dag.py
[2025-10-09T23:54:32.821+0300] {processor.py:914} INFO - Processing file /home/hsooni/cafe_sales_etl/venv/lib/python3.12/site-packages/airflow/example_dags/example_trigger_target_dag.py for tasks to queue
[2025-10-09T23:54:32.823+0300] {logging_mixin.py:190} INFO - [2025-10-09T23:54:32.823+0300] {dagbag.py:588} INFO - Filling up the DagBag from /home/hsooni/cafe_sales_etl/venv/lib/python3.12/site-packages/airflow/example_dags/example_trigger_target_dag.py
[2025-10-09T23:54:32.832+0300] {processor.py:925} INFO - DAG(s) 'example_trigger_target_dag' retrieved from /home/hsooni/cafe_sales_etl/venv/lib/python3.12/site-packages/airflow/example_dags/example_trigger_target_dag.py
[2025-10-09T23:54:32.851+0300] {logging_mixin.py:190} INFO - [2025-10-09T23:54:32.850+0300] {dag.py:3239} INFO - Sync 1 DAGs
[2025-10-09T23:54:32.866+0300] {logging_mixin.py:190} INFO - [2025-10-09T23:54:32.865+0300] {dag.py:4180} INFO - Setting next_dagrun for example_trigger_target_dag to None, run_after=None
[2025-10-09T23:54:32.891+0300] {processor.py:208} INFO - Processing /home/hsooni/cafe_sales_etl/venv/lib/python3.12/site-packages/airflow/example_dags/example_trigger_target_dag.py took 0.083 seconds
[2025-10-09T23:55:30.688+0300] {processor.py:186} INFO - Started process (PID=47557) to work on /home/hsooni/cafe_sales_etl/venv/lib/python3.12/site-packages/airflow/example_dags/example_trigger_target_dag.py
[2025-10-09T23:55:30.695+0300] {processor.py:914} INFO - Processing file /home/hsooni/cafe_sales_etl/venv/lib/python3.12/site-packages/airflow/example_dags/example_trigger_target_dag.py for tasks to queue
[2025-10-09T23:55:30.698+0300] {logging_mixin.py:190} INFO - [2025-10-09T23:55:30.697+0300] {dagbag.py:588} INFO - Filling up the DagBag from /home/hsooni/cafe_sales_etl/venv/lib/python3.12/site-packages/airflow/example_dags/example_trigger_target_dag.py
[2025-10-09T23:55:30.708+0300] {processor.py:925} INFO - DAG(s) 'example_trigger_target_dag' retrieved from /home/hsooni/cafe_sales_etl/venv/lib/python3.12/site-packages/airflow/example_dags/example_trigger_target_dag.py
[2025-10-09T23:55:30.727+0300] {logging_mixin.py:190} INFO - [2025-10-09T23:55:30.727+0300] {dag.py:3239} INFO - Sync 1 DAGs
[2025-10-09T23:55:30.742+0300] {logging_mixin.py:190} INFO - [2025-10-09T23:55:30.742+0300] {dag.py:4180} INFO - Setting next_dagrun for example_trigger_target_dag to None, run_after=None
[2025-10-09T23:55:30.774+0300] {processor.py:208} INFO - Processing /home/hsooni/cafe_sales_etl/venv/lib/python3.12/site-packages/airflow/example_dags/example_trigger_target_dag.py took 0.093 seconds
