[2025-10-09T23:47:38.270+0300] {processor.py:186} INFO - Started process (PID=44682) to work on /home/hsooni/cafe_sales_etl/venv/lib/python3.12/site-packages/airflow/example_dags/example_outlet_event_extra.py
[2025-10-09T23:47:38.271+0300] {processor.py:914} INFO - Processing file /home/hsooni/cafe_sales_etl/venv/lib/python3.12/site-packages/airflow/example_dags/example_outlet_event_extra.py for tasks to queue
[2025-10-09T23:47:38.273+0300] {logging_mixin.py:190} INFO - [2025-10-09T23:47:38.273+0300] {dagbag.py:588} INFO - Filling up the DagBag from /home/hsooni/cafe_sales_etl/venv/lib/python3.12/site-packages/airflow/example_dags/example_outlet_event_extra.py
[2025-10-09T23:47:38.290+0300] {processor.py:925} INFO - DAG(s) 'dataset_with_extra_by_yield', 'dataset_with_extra_by_context', 'dataset_with_extra_from_classic_operator' retrieved from /home/hsooni/cafe_sales_etl/venv/lib/python3.12/site-packages/airflow/example_dags/example_outlet_event_extra.py
[2025-10-09T23:47:38.426+0300] {logging_mixin.py:190} INFO - [2025-10-09T23:47:38.425+0300] {override.py:1900} INFO - Created Permission View: can delete on DAG:dataset_with_extra_by_yield
[2025-10-09T23:47:38.443+0300] {logging_mixin.py:190} INFO - [2025-10-09T23:47:38.443+0300] {override.py:1900} INFO - Created Permission View: can read on DAG:dataset_with_extra_by_yield
[2025-10-09T23:47:38.458+0300] {logging_mixin.py:190} INFO - [2025-10-09T23:47:38.458+0300] {override.py:1900} INFO - Created Permission View: can edit on DAG:dataset_with_extra_by_yield
[2025-10-09T23:47:38.481+0300] {logging_mixin.py:190} INFO - [2025-10-09T23:47:38.480+0300] {override.py:1900} INFO - Created Permission View: can delete on DAG Run:dataset_with_extra_by_yield
[2025-10-09T23:47:38.494+0300] {logging_mixin.py:190} INFO - [2025-10-09T23:47:38.493+0300] {override.py:1900} INFO - Created Permission View: can create on DAG Run:dataset_with_extra_by_yield
[2025-10-09T23:47:38.507+0300] {logging_mixin.py:190} INFO - [2025-10-09T23:47:38.506+0300] {override.py:1900} INFO - Created Permission View: can read on DAG Run:dataset_with_extra_by_yield
[2025-10-09T23:47:38.520+0300] {logging_mixin.py:190} INFO - [2025-10-09T23:47:38.520+0300] {override.py:1900} INFO - Created Permission View: menu access on DAG Run:dataset_with_extra_by_yield
[2025-10-09T23:47:38.547+0300] {logging_mixin.py:190} INFO - [2025-10-09T23:47:38.546+0300] {override.py:1900} INFO - Created Permission View: can delete on DAG:dataset_with_extra_by_context
[2025-10-09T23:47:38.560+0300] {logging_mixin.py:190} INFO - [2025-10-09T23:47:38.560+0300] {override.py:1900} INFO - Created Permission View: can read on DAG:dataset_with_extra_by_context
[2025-10-09T23:47:38.575+0300] {logging_mixin.py:190} INFO - [2025-10-09T23:47:38.574+0300] {override.py:1900} INFO - Created Permission View: can edit on DAG:dataset_with_extra_by_context
[2025-10-09T23:47:38.599+0300] {logging_mixin.py:190} INFO - [2025-10-09T23:47:38.598+0300] {override.py:1900} INFO - Created Permission View: can delete on DAG Run:dataset_with_extra_by_context
[2025-10-09T23:47:38.611+0300] {logging_mixin.py:190} INFO - [2025-10-09T23:47:38.611+0300] {override.py:1900} INFO - Created Permission View: can create on DAG Run:dataset_with_extra_by_context
[2025-10-09T23:47:38.625+0300] {logging_mixin.py:190} INFO - [2025-10-09T23:47:38.624+0300] {override.py:1900} INFO - Created Permission View: can read on DAG Run:dataset_with_extra_by_context
[2025-10-09T23:47:38.640+0300] {logging_mixin.py:190} INFO - [2025-10-09T23:47:38.640+0300] {override.py:1900} INFO - Created Permission View: menu access on DAG Run:dataset_with_extra_by_context
[2025-10-09T23:47:38.714+0300] {logging_mixin.py:190} INFO - [2025-10-09T23:47:38.714+0300] {override.py:1900} INFO - Created Permission View: can delete on DAG:dataset_with_extra_from_classic_operator
[2025-10-09T23:47:38.725+0300] {logging_mixin.py:190} INFO - [2025-10-09T23:47:38.725+0300] {override.py:1900} INFO - Created Permission View: can read on DAG:dataset_with_extra_from_classic_operator
[2025-10-09T23:47:38.737+0300] {logging_mixin.py:190} INFO - [2025-10-09T23:47:38.737+0300] {override.py:1900} INFO - Created Permission View: can edit on DAG:dataset_with_extra_from_classic_operator
[2025-10-09T23:47:38.756+0300] {logging_mixin.py:190} INFO - [2025-10-09T23:47:38.755+0300] {override.py:1900} INFO - Created Permission View: can delete on DAG Run:dataset_with_extra_from_classic_operator
[2025-10-09T23:47:38.767+0300] {logging_mixin.py:190} INFO - [2025-10-09T23:47:38.767+0300] {override.py:1900} INFO - Created Permission View: can create on DAG Run:dataset_with_extra_from_classic_operator
[2025-10-09T23:47:38.779+0300] {logging_mixin.py:190} INFO - [2025-10-09T23:47:38.778+0300] {override.py:1900} INFO - Created Permission View: can read on DAG Run:dataset_with_extra_from_classic_operator
[2025-10-09T23:47:38.790+0300] {logging_mixin.py:190} INFO - [2025-10-09T23:47:38.790+0300] {override.py:1900} INFO - Created Permission View: menu access on DAG Run:dataset_with_extra_from_classic_operator
[2025-10-09T23:47:38.791+0300] {logging_mixin.py:190} INFO - [2025-10-09T23:47:38.791+0300] {dag.py:3239} INFO - Sync 3 DAGs
[2025-10-09T23:47:38.805+0300] {logging_mixin.py:190} INFO - [2025-10-09T23:47:38.805+0300] {dag.py:3262} INFO - Creating ORM DAG for dataset_with_extra_by_context
[2025-10-09T23:47:38.806+0300] {logging_mixin.py:190} INFO - [2025-10-09T23:47:38.806+0300] {dag.py:3262} INFO - Creating ORM DAG for dataset_with_extra_from_classic_operator
[2025-10-09T23:47:38.807+0300] {logging_mixin.py:190} INFO - [2025-10-09T23:47:38.806+0300] {dag.py:3262} INFO - Creating ORM DAG for dataset_with_extra_by_yield
[2025-10-09T23:47:38.821+0300] {logging_mixin.py:190} INFO - [2025-10-09T23:47:38.821+0300] {dag.py:4180} INFO - Setting next_dagrun for dataset_with_extra_by_context to 2025-10-08 00:00:00+00:00, run_after=2025-10-09 00:00:00+00:00
[2025-10-09T23:47:38.823+0300] {logging_mixin.py:190} INFO - [2025-10-09T23:47:38.823+0300] {dag.py:4180} INFO - Setting next_dagrun for dataset_with_extra_by_yield to 2025-10-08 00:00:00+00:00, run_after=2025-10-09 00:00:00+00:00
[2025-10-09T23:47:38.826+0300] {logging_mixin.py:190} INFO - [2025-10-09T23:47:38.826+0300] {dag.py:4180} INFO - Setting next_dagrun for dataset_with_extra_from_classic_operator to 2025-10-08 00:00:00+00:00, run_after=2025-10-09 00:00:00+00:00
[2025-10-09T23:47:38.855+0300] {processor.py:208} INFO - Processing /home/hsooni/cafe_sales_etl/venv/lib/python3.12/site-packages/airflow/example_dags/example_outlet_event_extra.py took 0.591 seconds
[2025-10-09T23:49:14.042+0300] {processor.py:186} INFO - Started process (PID=45172) to work on /home/hsooni/cafe_sales_etl/venv/lib/python3.12/site-packages/airflow/example_dags/example_outlet_event_extra.py
[2025-10-09T23:49:14.048+0300] {processor.py:914} INFO - Processing file /home/hsooni/cafe_sales_etl/venv/lib/python3.12/site-packages/airflow/example_dags/example_outlet_event_extra.py for tasks to queue
[2025-10-09T23:49:14.051+0300] {logging_mixin.py:190} INFO - [2025-10-09T23:49:14.050+0300] {dagbag.py:588} INFO - Filling up the DagBag from /home/hsooni/cafe_sales_etl/venv/lib/python3.12/site-packages/airflow/example_dags/example_outlet_event_extra.py
[2025-10-09T23:49:14.068+0300] {processor.py:925} INFO - DAG(s) 'dataset_with_extra_from_classic_operator', 'dataset_with_extra_by_yield', 'dataset_with_extra_by_context' retrieved from /home/hsooni/cafe_sales_etl/venv/lib/python3.12/site-packages/airflow/example_dags/example_outlet_event_extra.py
[2025-10-09T23:49:14.094+0300] {logging_mixin.py:190} INFO - [2025-10-09T23:49:14.093+0300] {dag.py:3239} INFO - Sync 3 DAGs
[2025-10-09T23:49:14.120+0300] {logging_mixin.py:190} INFO - [2025-10-09T23:49:14.120+0300] {dag.py:4180} INFO - Setting next_dagrun for dataset_with_extra_by_context to 2025-10-08 00:00:00+00:00, run_after=2025-10-09 00:00:00+00:00
[2025-10-09T23:49:14.126+0300] {logging_mixin.py:190} INFO - [2025-10-09T23:49:14.126+0300] {dag.py:4180} INFO - Setting next_dagrun for dataset_with_extra_by_yield to 2025-10-08 00:00:00+00:00, run_after=2025-10-09 00:00:00+00:00
[2025-10-09T23:49:14.131+0300] {logging_mixin.py:190} INFO - [2025-10-09T23:49:14.130+0300] {dag.py:4180} INFO - Setting next_dagrun for dataset_with_extra_from_classic_operator to 2025-10-08 00:00:00+00:00, run_after=2025-10-09 00:00:00+00:00
[2025-10-09T23:49:14.164+0300] {processor.py:208} INFO - Processing /home/hsooni/cafe_sales_etl/venv/lib/python3.12/site-packages/airflow/example_dags/example_outlet_event_extra.py took 0.130 seconds
[2025-10-09T23:50:14.605+0300] {processor.py:186} INFO - Started process (PID=45632) to work on /home/hsooni/cafe_sales_etl/venv/lib/python3.12/site-packages/airflow/example_dags/example_outlet_event_extra.py
[2025-10-09T23:50:14.611+0300] {processor.py:914} INFO - Processing file /home/hsooni/cafe_sales_etl/venv/lib/python3.12/site-packages/airflow/example_dags/example_outlet_event_extra.py for tasks to queue
[2025-10-09T23:50:14.614+0300] {logging_mixin.py:190} INFO - [2025-10-09T23:50:14.614+0300] {dagbag.py:588} INFO - Filling up the DagBag from /home/hsooni/cafe_sales_etl/venv/lib/python3.12/site-packages/airflow/example_dags/example_outlet_event_extra.py
[2025-10-09T23:50:14.631+0300] {processor.py:925} INFO - DAG(s) 'dataset_with_extra_by_yield', 'dataset_with_extra_from_classic_operator', 'dataset_with_extra_by_context' retrieved from /home/hsooni/cafe_sales_etl/venv/lib/python3.12/site-packages/airflow/example_dags/example_outlet_event_extra.py
[2025-10-09T23:50:14.656+0300] {logging_mixin.py:190} INFO - [2025-10-09T23:50:14.655+0300] {dag.py:3239} INFO - Sync 3 DAGs
[2025-10-09T23:50:14.683+0300] {logging_mixin.py:190} INFO - [2025-10-09T23:50:14.682+0300] {dag.py:4180} INFO - Setting next_dagrun for dataset_with_extra_by_context to 2025-10-08 00:00:00+00:00, run_after=2025-10-09 00:00:00+00:00
[2025-10-09T23:50:14.689+0300] {logging_mixin.py:190} INFO - [2025-10-09T23:50:14.688+0300] {dag.py:4180} INFO - Setting next_dagrun for dataset_with_extra_by_yield to 2025-10-08 00:00:00+00:00, run_after=2025-10-09 00:00:00+00:00
[2025-10-09T23:50:14.692+0300] {logging_mixin.py:190} INFO - [2025-10-09T23:50:14.691+0300] {dag.py:4180} INFO - Setting next_dagrun for dataset_with_extra_from_classic_operator to 2025-10-08 00:00:00+00:00, run_after=2025-10-09 00:00:00+00:00
[2025-10-09T23:50:14.720+0300] {processor.py:208} INFO - Processing /home/hsooni/cafe_sales_etl/venv/lib/python3.12/site-packages/airflow/example_dags/example_outlet_event_extra.py took 0.121 seconds
[2025-10-09T23:51:11.925+0300] {processor.py:186} INFO - Started process (PID=45960) to work on /home/hsooni/cafe_sales_etl/venv/lib/python3.12/site-packages/airflow/example_dags/example_outlet_event_extra.py
[2025-10-09T23:51:11.931+0300] {processor.py:914} INFO - Processing file /home/hsooni/cafe_sales_etl/venv/lib/python3.12/site-packages/airflow/example_dags/example_outlet_event_extra.py for tasks to queue
[2025-10-09T23:51:11.934+0300] {logging_mixin.py:190} INFO - [2025-10-09T23:51:11.933+0300] {dagbag.py:588} INFO - Filling up the DagBag from /home/hsooni/cafe_sales_etl/venv/lib/python3.12/site-packages/airflow/example_dags/example_outlet_event_extra.py
[2025-10-09T23:51:11.951+0300] {processor.py:925} INFO - DAG(s) 'dataset_with_extra_by_yield', 'dataset_with_extra_from_classic_operator', 'dataset_with_extra_by_context' retrieved from /home/hsooni/cafe_sales_etl/venv/lib/python3.12/site-packages/airflow/example_dags/example_outlet_event_extra.py
[2025-10-09T23:51:11.977+0300] {logging_mixin.py:190} INFO - [2025-10-09T23:51:11.976+0300] {dag.py:3239} INFO - Sync 3 DAGs
[2025-10-09T23:51:12.005+0300] {logging_mixin.py:190} INFO - [2025-10-09T23:51:12.004+0300] {dag.py:4180} INFO - Setting next_dagrun for dataset_with_extra_by_context to 2025-10-08 00:00:00+00:00, run_after=2025-10-09 00:00:00+00:00
[2025-10-09T23:51:12.011+0300] {logging_mixin.py:190} INFO - [2025-10-09T23:51:12.010+0300] {dag.py:4180} INFO - Setting next_dagrun for dataset_with_extra_by_yield to 2025-10-08 00:00:00+00:00, run_after=2025-10-09 00:00:00+00:00
[2025-10-09T23:51:12.014+0300] {logging_mixin.py:190} INFO - [2025-10-09T23:51:12.014+0300] {dag.py:4180} INFO - Setting next_dagrun for dataset_with_extra_from_classic_operator to 2025-10-08 00:00:00+00:00, run_after=2025-10-09 00:00:00+00:00
[2025-10-09T23:51:12.068+0300] {processor.py:208} INFO - Processing /home/hsooni/cafe_sales_etl/venv/lib/python3.12/site-packages/airflow/example_dags/example_outlet_event_extra.py took 0.149 seconds
[2025-10-09T23:52:10.029+0300] {processor.py:186} INFO - Started process (PID=46324) to work on /home/hsooni/cafe_sales_etl/venv/lib/python3.12/site-packages/airflow/example_dags/example_outlet_event_extra.py
[2025-10-09T23:52:10.030+0300] {processor.py:914} INFO - Processing file /home/hsooni/cafe_sales_etl/venv/lib/python3.12/site-packages/airflow/example_dags/example_outlet_event_extra.py for tasks to queue
[2025-10-09T23:52:10.032+0300] {logging_mixin.py:190} INFO - [2025-10-09T23:52:10.032+0300] {dagbag.py:588} INFO - Filling up the DagBag from /home/hsooni/cafe_sales_etl/venv/lib/python3.12/site-packages/airflow/example_dags/example_outlet_event_extra.py
[2025-10-09T23:52:10.050+0300] {processor.py:925} INFO - DAG(s) 'dataset_with_extra_from_classic_operator', 'dataset_with_extra_by_context', 'dataset_with_extra_by_yield' retrieved from /home/hsooni/cafe_sales_etl/venv/lib/python3.12/site-packages/airflow/example_dags/example_outlet_event_extra.py
[2025-10-09T23:52:10.075+0300] {logging_mixin.py:190} INFO - [2025-10-09T23:52:10.075+0300] {dag.py:3239} INFO - Sync 3 DAGs
[2025-10-09T23:52:10.108+0300] {logging_mixin.py:190} INFO - [2025-10-09T23:52:10.107+0300] {dag.py:4180} INFO - Setting next_dagrun for dataset_with_extra_by_context to 2025-10-08 00:00:00+00:00, run_after=2025-10-09 00:00:00+00:00
[2025-10-09T23:52:10.114+0300] {logging_mixin.py:190} INFO - [2025-10-09T23:52:10.114+0300] {dag.py:4180} INFO - Setting next_dagrun for dataset_with_extra_by_yield to 2025-10-08 00:00:00+00:00, run_after=2025-10-09 00:00:00+00:00
[2025-10-09T23:52:10.117+0300] {logging_mixin.py:190} INFO - [2025-10-09T23:52:10.117+0300] {dag.py:4180} INFO - Setting next_dagrun for dataset_with_extra_from_classic_operator to 2025-10-08 00:00:00+00:00, run_after=2025-10-09 00:00:00+00:00
[2025-10-09T23:52:10.159+0300] {processor.py:208} INFO - Processing /home/hsooni/cafe_sales_etl/venv/lib/python3.12/site-packages/airflow/example_dags/example_outlet_event_extra.py took 0.136 seconds
[2025-10-09T23:53:04.900+0300] {processor.py:186} INFO - Started process (PID=46567) to work on /home/hsooni/cafe_sales_etl/venv/lib/python3.12/site-packages/airflow/example_dags/example_outlet_event_extra.py
[2025-10-09T23:53:04.906+0300] {processor.py:914} INFO - Processing file /home/hsooni/cafe_sales_etl/venv/lib/python3.12/site-packages/airflow/example_dags/example_outlet_event_extra.py for tasks to queue
[2025-10-09T23:53:04.908+0300] {logging_mixin.py:190} INFO - [2025-10-09T23:53:04.908+0300] {dagbag.py:588} INFO - Filling up the DagBag from /home/hsooni/cafe_sales_etl/venv/lib/python3.12/site-packages/airflow/example_dags/example_outlet_event_extra.py
[2025-10-09T23:53:04.924+0300] {processor.py:925} INFO - DAG(s) 'dataset_with_extra_by_context', 'dataset_with_extra_from_classic_operator', 'dataset_with_extra_by_yield' retrieved from /home/hsooni/cafe_sales_etl/venv/lib/python3.12/site-packages/airflow/example_dags/example_outlet_event_extra.py
[2025-10-09T23:53:04.946+0300] {logging_mixin.py:190} INFO - [2025-10-09T23:53:04.946+0300] {dag.py:3239} INFO - Sync 3 DAGs
[2025-10-09T23:53:04.972+0300] {logging_mixin.py:190} INFO - [2025-10-09T23:53:04.972+0300] {dag.py:4180} INFO - Setting next_dagrun for dataset_with_extra_by_context to 2025-10-08 00:00:00+00:00, run_after=2025-10-09 00:00:00+00:00
[2025-10-09T23:53:04.978+0300] {logging_mixin.py:190} INFO - [2025-10-09T23:53:04.978+0300] {dag.py:4180} INFO - Setting next_dagrun for dataset_with_extra_by_yield to 2025-10-08 00:00:00+00:00, run_after=2025-10-09 00:00:00+00:00
[2025-10-09T23:53:04.981+0300] {logging_mixin.py:190} INFO - [2025-10-09T23:53:04.981+0300] {dag.py:4180} INFO - Setting next_dagrun for dataset_with_extra_from_classic_operator to 2025-10-08 00:00:00+00:00, run_after=2025-10-09 00:00:00+00:00
[2025-10-09T23:53:05.009+0300] {processor.py:208} INFO - Processing /home/hsooni/cafe_sales_etl/venv/lib/python3.12/site-packages/airflow/example_dags/example_outlet_event_extra.py took 0.114 seconds
[2025-10-09T23:53:58.104+0300] {processor.py:186} INFO - Started process (PID=46926) to work on /home/hsooni/cafe_sales_etl/venv/lib/python3.12/site-packages/airflow/example_dags/example_outlet_event_extra.py
[2025-10-09T23:53:58.111+0300] {processor.py:914} INFO - Processing file /home/hsooni/cafe_sales_etl/venv/lib/python3.12/site-packages/airflow/example_dags/example_outlet_event_extra.py for tasks to queue
[2025-10-09T23:53:58.116+0300] {logging_mixin.py:190} INFO - [2025-10-09T23:53:58.113+0300] {dagbag.py:588} INFO - Filling up the DagBag from /home/hsooni/cafe_sales_etl/venv/lib/python3.12/site-packages/airflow/example_dags/example_outlet_event_extra.py
[2025-10-09T23:53:58.156+0300] {processor.py:925} INFO - DAG(s) 'dataset_with_extra_by_context', 'dataset_with_extra_by_yield', 'dataset_with_extra_from_classic_operator' retrieved from /home/hsooni/cafe_sales_etl/venv/lib/python3.12/site-packages/airflow/example_dags/example_outlet_event_extra.py
[2025-10-09T23:53:58.208+0300] {logging_mixin.py:190} INFO - [2025-10-09T23:53:58.207+0300] {dag.py:3239} INFO - Sync 3 DAGs
[2025-10-09T23:53:58.238+0300] {logging_mixin.py:190} INFO - [2025-10-09T23:53:58.238+0300] {dag.py:4180} INFO - Setting next_dagrun for dataset_with_extra_by_context to 2025-10-08 00:00:00+00:00, run_after=2025-10-09 00:00:00+00:00
[2025-10-09T23:53:58.245+0300] {logging_mixin.py:190} INFO - [2025-10-09T23:53:58.245+0300] {dag.py:4180} INFO - Setting next_dagrun for dataset_with_extra_by_yield to 2025-10-08 00:00:00+00:00, run_after=2025-10-09 00:00:00+00:00
[2025-10-09T23:53:58.248+0300] {logging_mixin.py:190} INFO - [2025-10-09T23:53:58.248+0300] {dag.py:4180} INFO - Setting next_dagrun for dataset_with_extra_from_classic_operator to 2025-10-08 00:00:00+00:00, run_after=2025-10-09 00:00:00+00:00
[2025-10-09T23:53:58.303+0300] {processor.py:208} INFO - Processing /home/hsooni/cafe_sales_etl/venv/lib/python3.12/site-packages/airflow/example_dags/example_outlet_event_extra.py took 0.214 seconds
[2025-10-09T23:55:00.162+0300] {processor.py:186} INFO - Started process (PID=47405) to work on /home/hsooni/cafe_sales_etl/venv/lib/python3.12/site-packages/airflow/example_dags/example_outlet_event_extra.py
[2025-10-09T23:55:00.163+0300] {processor.py:914} INFO - Processing file /home/hsooni/cafe_sales_etl/venv/lib/python3.12/site-packages/airflow/example_dags/example_outlet_event_extra.py for tasks to queue
[2025-10-09T23:55:00.166+0300] {logging_mixin.py:190} INFO - [2025-10-09T23:55:00.165+0300] {dagbag.py:588} INFO - Filling up the DagBag from /home/hsooni/cafe_sales_etl/venv/lib/python3.12/site-packages/airflow/example_dags/example_outlet_event_extra.py
[2025-10-09T23:55:00.183+0300] {processor.py:925} INFO - DAG(s) 'dataset_with_extra_by_context', 'dataset_with_extra_from_classic_operator', 'dataset_with_extra_by_yield' retrieved from /home/hsooni/cafe_sales_etl/venv/lib/python3.12/site-packages/airflow/example_dags/example_outlet_event_extra.py
[2025-10-09T23:55:00.211+0300] {logging_mixin.py:190} INFO - [2025-10-09T23:55:00.210+0300] {dag.py:3239} INFO - Sync 3 DAGs
[2025-10-09T23:55:00.237+0300] {logging_mixin.py:190} INFO - [2025-10-09T23:55:00.237+0300] {dag.py:4180} INFO - Setting next_dagrun for dataset_with_extra_by_context to 2025-10-08 00:00:00+00:00, run_after=2025-10-09 00:00:00+00:00
[2025-10-09T23:55:00.243+0300] {logging_mixin.py:190} INFO - [2025-10-09T23:55:00.243+0300] {dag.py:4180} INFO - Setting next_dagrun for dataset_with_extra_by_yield to 2025-10-08 00:00:00+00:00, run_after=2025-10-09 00:00:00+00:00
[2025-10-09T23:55:00.246+0300] {logging_mixin.py:190} INFO - [2025-10-09T23:55:00.246+0300] {dag.py:4180} INFO - Setting next_dagrun for dataset_with_extra_from_classic_operator to 2025-10-08 00:00:00+00:00, run_after=2025-10-09 00:00:00+00:00
[2025-10-09T23:55:00.275+0300] {processor.py:208} INFO - Processing /home/hsooni/cafe_sales_etl/venv/lib/python3.12/site-packages/airflow/example_dags/example_outlet_event_extra.py took 0.121 seconds
