[2025-10-09T23:49:38.017+0300] {processor.py:186} INFO - Started process (PID=45412) to work on /home/hsooni/cafe_sales_etl/venv/lib/python3.12/site-packages/airflow/example_dags/example_branch_datetime_operator.py
[2025-10-09T23:49:38.018+0300] {processor.py:914} INFO - Processing file /home/hsooni/cafe_sales_etl/venv/lib/python3.12/site-packages/airflow/example_dags/example_branch_datetime_operator.py for tasks to queue
[2025-10-09T23:49:38.024+0300] {logging_mixin.py:190} INFO - [2025-10-09T23:49:38.024+0300] {dagbag.py:588} INFO - Filling up the DagBag from /home/hsooni/cafe_sales_etl/venv/lib/python3.12/site-packages/airflow/example_dags/example_branch_datetime_operator.py
[2025-10-09T23:49:38.039+0300] {processor.py:925} INFO - DAG(s) 'example_branch_datetime_operator_2', 'example_branch_datetime_operator', 'example_branch_datetime_operator_3' retrieved from /home/hsooni/cafe_sales_etl/venv/lib/python3.12/site-packages/airflow/example_dags/example_branch_datetime_operator.py
[2025-10-09T23:49:38.167+0300] {logging_mixin.py:190} INFO - [2025-10-09T23:49:38.167+0300] {override.py:1900} INFO - Created Permission View: can delete on DAG:example_branch_datetime_operator_2
[2025-10-09T23:49:38.184+0300] {logging_mixin.py:190} INFO - [2025-10-09T23:49:38.184+0300] {override.py:1900} INFO - Created Permission View: can read on DAG:example_branch_datetime_operator_2
[2025-10-09T23:49:38.198+0300] {logging_mixin.py:190} INFO - [2025-10-09T23:49:38.197+0300] {override.py:1900} INFO - Created Permission View: can edit on DAG:example_branch_datetime_operator_2
[2025-10-09T23:49:38.220+0300] {logging_mixin.py:190} INFO - [2025-10-09T23:49:38.220+0300] {override.py:1900} INFO - Created Permission View: can delete on DAG Run:example_branch_datetime_operator_2
[2025-10-09T23:49:38.235+0300] {logging_mixin.py:190} INFO - [2025-10-09T23:49:38.235+0300] {override.py:1900} INFO - Created Permission View: menu access on DAG Run:example_branch_datetime_operator_2
[2025-10-09T23:49:38.250+0300] {logging_mixin.py:190} INFO - [2025-10-09T23:49:38.249+0300] {override.py:1900} INFO - Created Permission View: can read on DAG Run:example_branch_datetime_operator_2
[2025-10-09T23:49:38.262+0300] {logging_mixin.py:190} INFO - [2025-10-09T23:49:38.262+0300] {override.py:1900} INFO - Created Permission View: can create on DAG Run:example_branch_datetime_operator_2
[2025-10-09T23:49:38.290+0300] {logging_mixin.py:190} INFO - [2025-10-09T23:49:38.289+0300] {override.py:1900} INFO - Created Permission View: can delete on DAG:example_branch_datetime_operator
[2025-10-09T23:49:38.303+0300] {logging_mixin.py:190} INFO - [2025-10-09T23:49:38.302+0300] {override.py:1900} INFO - Created Permission View: can read on DAG:example_branch_datetime_operator
[2025-10-09T23:49:38.317+0300] {logging_mixin.py:190} INFO - [2025-10-09T23:49:38.317+0300] {override.py:1900} INFO - Created Permission View: can edit on DAG:example_branch_datetime_operator
[2025-10-09T23:49:38.342+0300] {logging_mixin.py:190} INFO - [2025-10-09T23:49:38.342+0300] {override.py:1900} INFO - Created Permission View: can delete on DAG Run:example_branch_datetime_operator
[2025-10-09T23:49:38.358+0300] {logging_mixin.py:190} INFO - [2025-10-09T23:49:38.358+0300] {override.py:1900} INFO - Created Permission View: menu access on DAG Run:example_branch_datetime_operator
[2025-10-09T23:49:38.372+0300] {logging_mixin.py:190} INFO - [2025-10-09T23:49:38.372+0300] {override.py:1900} INFO - Created Permission View: can read on DAG Run:example_branch_datetime_operator
[2025-10-09T23:49:38.385+0300] {logging_mixin.py:190} INFO - [2025-10-09T23:49:38.385+0300] {override.py:1900} INFO - Created Permission View: can create on DAG Run:example_branch_datetime_operator
[2025-10-09T23:49:38.412+0300] {logging_mixin.py:190} INFO - [2025-10-09T23:49:38.412+0300] {override.py:1900} INFO - Created Permission View: can delete on DAG:example_branch_datetime_operator_3
[2025-10-09T23:49:38.425+0300] {logging_mixin.py:190} INFO - [2025-10-09T23:49:38.425+0300] {override.py:1900} INFO - Created Permission View: can read on DAG:example_branch_datetime_operator_3
[2025-10-09T23:49:38.437+0300] {logging_mixin.py:190} INFO - [2025-10-09T23:49:38.437+0300] {override.py:1900} INFO - Created Permission View: can edit on DAG:example_branch_datetime_operator_3
[2025-10-09T23:49:38.459+0300] {logging_mixin.py:190} INFO - [2025-10-09T23:49:38.459+0300] {override.py:1900} INFO - Created Permission View: can delete on DAG Run:example_branch_datetime_operator_3
[2025-10-09T23:49:38.473+0300] {logging_mixin.py:190} INFO - [2025-10-09T23:49:38.473+0300] {override.py:1900} INFO - Created Permission View: menu access on DAG Run:example_branch_datetime_operator_3
[2025-10-09T23:49:38.487+0300] {logging_mixin.py:190} INFO - [2025-10-09T23:49:38.487+0300] {override.py:1900} INFO - Created Permission View: can read on DAG Run:example_branch_datetime_operator_3
[2025-10-09T23:49:38.501+0300] {logging_mixin.py:190} INFO - [2025-10-09T23:49:38.500+0300] {override.py:1900} INFO - Created Permission View: can create on DAG Run:example_branch_datetime_operator_3
[2025-10-09T23:49:38.501+0300] {logging_mixin.py:190} INFO - [2025-10-09T23:49:38.501+0300] {dag.py:3239} INFO - Sync 3 DAGs
[2025-10-09T23:49:38.521+0300] {logging_mixin.py:190} INFO - [2025-10-09T23:49:38.521+0300] {dag.py:3262} INFO - Creating ORM DAG for example_branch_datetime_operator
[2025-10-09T23:49:38.522+0300] {logging_mixin.py:190} INFO - [2025-10-09T23:49:38.521+0300] {dag.py:3262} INFO - Creating ORM DAG for example_branch_datetime_operator_2
[2025-10-09T23:49:38.522+0300] {logging_mixin.py:190} INFO - [2025-10-09T23:49:38.522+0300] {dag.py:3262} INFO - Creating ORM DAG for example_branch_datetime_operator_3
[2025-10-09T23:49:38.534+0300] {logging_mixin.py:190} INFO - [2025-10-09T23:49:38.534+0300] {dag.py:4180} INFO - Setting next_dagrun for example_branch_datetime_operator to 2025-10-08 00:00:00+00:00, run_after=2025-10-09 00:00:00+00:00
[2025-10-09T23:49:38.536+0300] {logging_mixin.py:190} INFO - [2025-10-09T23:49:38.536+0300] {dag.py:4180} INFO - Setting next_dagrun for example_branch_datetime_operator_2 to 2025-10-08 00:00:00+00:00, run_after=2025-10-09 00:00:00+00:00
[2025-10-09T23:49:38.539+0300] {logging_mixin.py:190} INFO - [2025-10-09T23:49:38.539+0300] {dag.py:4180} INFO - Setting next_dagrun for example_branch_datetime_operator_3 to 2025-10-08 00:00:00+00:00, run_after=2025-10-09 00:00:00+00:00
[2025-10-09T23:49:38.564+0300] {processor.py:208} INFO - Processing /home/hsooni/cafe_sales_etl/venv/lib/python3.12/site-packages/airflow/example_dags/example_branch_datetime_operator.py took 0.553 seconds
[2025-10-09T23:50:36.719+0300] {processor.py:186} INFO - Started process (PID=45712) to work on /home/hsooni/cafe_sales_etl/venv/lib/python3.12/site-packages/airflow/example_dags/example_branch_datetime_operator.py
[2025-10-09T23:50:36.725+0300] {processor.py:914} INFO - Processing file /home/hsooni/cafe_sales_etl/venv/lib/python3.12/site-packages/airflow/example_dags/example_branch_datetime_operator.py for tasks to queue
[2025-10-09T23:50:36.728+0300] {logging_mixin.py:190} INFO - [2025-10-09T23:50:36.727+0300] {dagbag.py:588} INFO - Filling up the DagBag from /home/hsooni/cafe_sales_etl/venv/lib/python3.12/site-packages/airflow/example_dags/example_branch_datetime_operator.py
[2025-10-09T23:50:36.742+0300] {processor.py:925} INFO - DAG(s) 'example_branch_datetime_operator', 'example_branch_datetime_operator_2', 'example_branch_datetime_operator_3' retrieved from /home/hsooni/cafe_sales_etl/venv/lib/python3.12/site-packages/airflow/example_dags/example_branch_datetime_operator.py
[2025-10-09T23:50:36.768+0300] {logging_mixin.py:190} INFO - [2025-10-09T23:50:36.768+0300] {dag.py:3239} INFO - Sync 3 DAGs
[2025-10-09T23:50:36.801+0300] {logging_mixin.py:190} INFO - [2025-10-09T23:50:36.800+0300] {dag.py:4180} INFO - Setting next_dagrun for example_branch_datetime_operator to 2025-10-08 00:00:00+00:00, run_after=2025-10-09 00:00:00+00:00
[2025-10-09T23:50:36.807+0300] {logging_mixin.py:190} INFO - [2025-10-09T23:50:36.806+0300] {dag.py:4180} INFO - Setting next_dagrun for example_branch_datetime_operator_2 to 2025-10-08 00:00:00+00:00, run_after=2025-10-09 00:00:00+00:00
[2025-10-09T23:50:36.810+0300] {logging_mixin.py:190} INFO - [2025-10-09T23:50:36.809+0300] {dag.py:4180} INFO - Setting next_dagrun for example_branch_datetime_operator_3 to 2025-10-08 00:00:00+00:00, run_after=2025-10-09 00:00:00+00:00
[2025-10-09T23:50:36.839+0300] {processor.py:208} INFO - Processing /home/hsooni/cafe_sales_etl/venv/lib/python3.12/site-packages/airflow/example_dags/example_branch_datetime_operator.py took 0.126 seconds
[2025-10-09T23:51:58.376+0300] {processor.py:186} INFO - Started process (PID=46260) to work on /home/hsooni/cafe_sales_etl/venv/lib/python3.12/site-packages/airflow/example_dags/example_branch_datetime_operator.py
[2025-10-09T23:51:58.382+0300] {processor.py:914} INFO - Processing file /home/hsooni/cafe_sales_etl/venv/lib/python3.12/site-packages/airflow/example_dags/example_branch_datetime_operator.py for tasks to queue
[2025-10-09T23:51:58.384+0300] {logging_mixin.py:190} INFO - [2025-10-09T23:51:58.384+0300] {dagbag.py:588} INFO - Filling up the DagBag from /home/hsooni/cafe_sales_etl/venv/lib/python3.12/site-packages/airflow/example_dags/example_branch_datetime_operator.py
[2025-10-09T23:51:58.398+0300] {processor.py:925} INFO - DAG(s) 'example_branch_datetime_operator_2', 'example_branch_datetime_operator', 'example_branch_datetime_operator_3' retrieved from /home/hsooni/cafe_sales_etl/venv/lib/python3.12/site-packages/airflow/example_dags/example_branch_datetime_operator.py
[2025-10-09T23:51:58.421+0300] {logging_mixin.py:190} INFO - [2025-10-09T23:51:58.421+0300] {dag.py:3239} INFO - Sync 3 DAGs
[2025-10-09T23:51:58.446+0300] {logging_mixin.py:190} INFO - [2025-10-09T23:51:58.446+0300] {dag.py:4180} INFO - Setting next_dagrun for example_branch_datetime_operator to 2025-10-08 00:00:00+00:00, run_after=2025-10-09 00:00:00+00:00
[2025-10-09T23:51:58.451+0300] {logging_mixin.py:190} INFO - [2025-10-09T23:51:58.451+0300] {dag.py:4180} INFO - Setting next_dagrun for example_branch_datetime_operator_2 to 2025-10-08 00:00:00+00:00, run_after=2025-10-09 00:00:00+00:00
[2025-10-09T23:51:58.454+0300] {logging_mixin.py:190} INFO - [2025-10-09T23:51:58.454+0300] {dag.py:4180} INFO - Setting next_dagrun for example_branch_datetime_operator_3 to 2025-10-08 00:00:00+00:00, run_after=2025-10-09 00:00:00+00:00
[2025-10-09T23:51:58.482+0300] {processor.py:208} INFO - Processing /home/hsooni/cafe_sales_etl/venv/lib/python3.12/site-packages/airflow/example_dags/example_branch_datetime_operator.py took 0.111 seconds
[2025-10-09T23:52:54.652+0300] {processor.py:186} INFO - Started process (PID=46521) to work on /home/hsooni/cafe_sales_etl/venv/lib/python3.12/site-packages/airflow/example_dags/example_branch_datetime_operator.py
[2025-10-09T23:52:54.658+0300] {processor.py:914} INFO - Processing file /home/hsooni/cafe_sales_etl/venv/lib/python3.12/site-packages/airflow/example_dags/example_branch_datetime_operator.py for tasks to queue
[2025-10-09T23:52:54.661+0300] {logging_mixin.py:190} INFO - [2025-10-09T23:52:54.660+0300] {dagbag.py:588} INFO - Filling up the DagBag from /home/hsooni/cafe_sales_etl/venv/lib/python3.12/site-packages/airflow/example_dags/example_branch_datetime_operator.py
[2025-10-09T23:52:54.675+0300] {processor.py:925} INFO - DAG(s) 'example_branch_datetime_operator', 'example_branch_datetime_operator_2', 'example_branch_datetime_operator_3' retrieved from /home/hsooni/cafe_sales_etl/venv/lib/python3.12/site-packages/airflow/example_dags/example_branch_datetime_operator.py
[2025-10-09T23:52:54.699+0300] {logging_mixin.py:190} INFO - [2025-10-09T23:52:54.699+0300] {dag.py:3239} INFO - Sync 3 DAGs
[2025-10-09T23:52:54.727+0300] {logging_mixin.py:190} INFO - [2025-10-09T23:52:54.727+0300] {dag.py:4180} INFO - Setting next_dagrun for example_branch_datetime_operator to 2025-10-08 00:00:00+00:00, run_after=2025-10-09 00:00:00+00:00
[2025-10-09T23:52:54.733+0300] {logging_mixin.py:190} INFO - [2025-10-09T23:52:54.733+0300] {dag.py:4180} INFO - Setting next_dagrun for example_branch_datetime_operator_2 to 2025-10-08 00:00:00+00:00, run_after=2025-10-09 00:00:00+00:00
[2025-10-09T23:52:54.736+0300] {logging_mixin.py:190} INFO - [2025-10-09T23:52:54.736+0300] {dag.py:4180} INFO - Setting next_dagrun for example_branch_datetime_operator_3 to 2025-10-08 00:00:00+00:00, run_after=2025-10-09 00:00:00+00:00
[2025-10-09T23:52:54.763+0300] {processor.py:208} INFO - Processing /home/hsooni/cafe_sales_etl/venv/lib/python3.12/site-packages/airflow/example_dags/example_branch_datetime_operator.py took 0.118 seconds
[2025-10-09T23:54:17.723+0300] {processor.py:186} INFO - Started process (PID=47035) to work on /home/hsooni/cafe_sales_etl/venv/lib/python3.12/site-packages/airflow/example_dags/example_branch_datetime_operator.py
[2025-10-09T23:54:17.732+0300] {processor.py:914} INFO - Processing file /home/hsooni/cafe_sales_etl/venv/lib/python3.12/site-packages/airflow/example_dags/example_branch_datetime_operator.py for tasks to queue
[2025-10-09T23:54:17.741+0300] {logging_mixin.py:190} INFO - [2025-10-09T23:54:17.737+0300] {dagbag.py:588} INFO - Filling up the DagBag from /home/hsooni/cafe_sales_etl/venv/lib/python3.12/site-packages/airflow/example_dags/example_branch_datetime_operator.py
[2025-10-09T23:54:17.780+0300] {processor.py:925} INFO - DAG(s) 'example_branch_datetime_operator_2', 'example_branch_datetime_operator_3', 'example_branch_datetime_operator' retrieved from /home/hsooni/cafe_sales_etl/venv/lib/python3.12/site-packages/airflow/example_dags/example_branch_datetime_operator.py
[2025-10-09T23:54:17.852+0300] {logging_mixin.py:190} INFO - [2025-10-09T23:54:17.852+0300] {dag.py:3239} INFO - Sync 3 DAGs
[2025-10-09T23:54:17.966+0300] {logging_mixin.py:190} INFO - [2025-10-09T23:54:17.962+0300] {dag.py:4180} INFO - Setting next_dagrun for example_branch_datetime_operator to 2025-10-08 00:00:00+00:00, run_after=2025-10-09 00:00:00+00:00
[2025-10-09T23:54:17.983+0300] {logging_mixin.py:190} INFO - [2025-10-09T23:54:17.982+0300] {dag.py:4180} INFO - Setting next_dagrun for example_branch_datetime_operator_2 to 2025-10-08 00:00:00+00:00, run_after=2025-10-09 00:00:00+00:00
[2025-10-09T23:54:17.987+0300] {logging_mixin.py:190} INFO - [2025-10-09T23:54:17.987+0300] {dag.py:4180} INFO - Setting next_dagrun for example_branch_datetime_operator_3 to 2025-10-08 00:00:00+00:00, run_after=2025-10-09 00:00:00+00:00
[2025-10-09T23:54:18.028+0300] {processor.py:208} INFO - Processing /home/hsooni/cafe_sales_etl/venv/lib/python3.12/site-packages/airflow/example_dags/example_branch_datetime_operator.py took 0.313 seconds
[2025-10-09T23:55:16.676+0300] {processor.py:186} INFO - Started process (PID=47483) to work on /home/hsooni/cafe_sales_etl/venv/lib/python3.12/site-packages/airflow/example_dags/example_branch_datetime_operator.py
[2025-10-09T23:55:16.682+0300] {processor.py:914} INFO - Processing file /home/hsooni/cafe_sales_etl/venv/lib/python3.12/site-packages/airflow/example_dags/example_branch_datetime_operator.py for tasks to queue
[2025-10-09T23:55:16.685+0300] {logging_mixin.py:190} INFO - [2025-10-09T23:55:16.685+0300] {dagbag.py:588} INFO - Filling up the DagBag from /home/hsooni/cafe_sales_etl/venv/lib/python3.12/site-packages/airflow/example_dags/example_branch_datetime_operator.py
[2025-10-09T23:55:16.699+0300] {processor.py:925} INFO - DAG(s) 'example_branch_datetime_operator_2', 'example_branch_datetime_operator_3', 'example_branch_datetime_operator' retrieved from /home/hsooni/cafe_sales_etl/venv/lib/python3.12/site-packages/airflow/example_dags/example_branch_datetime_operator.py
[2025-10-09T23:55:16.724+0300] {logging_mixin.py:190} INFO - [2025-10-09T23:55:16.724+0300] {dag.py:3239} INFO - Sync 3 DAGs
[2025-10-09T23:55:16.748+0300] {logging_mixin.py:190} INFO - [2025-10-09T23:55:16.748+0300] {dag.py:4180} INFO - Setting next_dagrun for example_branch_datetime_operator to 2025-10-08 00:00:00+00:00, run_after=2025-10-09 00:00:00+00:00
[2025-10-09T23:55:16.754+0300] {logging_mixin.py:190} INFO - [2025-10-09T23:55:16.754+0300] {dag.py:4180} INFO - Setting next_dagrun for example_branch_datetime_operator_2 to 2025-10-08 00:00:00+00:00, run_after=2025-10-09 00:00:00+00:00
[2025-10-09T23:55:16.757+0300] {logging_mixin.py:190} INFO - [2025-10-09T23:55:16.757+0300] {dag.py:4180} INFO - Setting next_dagrun for example_branch_datetime_operator_3 to 2025-10-08 00:00:00+00:00, run_after=2025-10-09 00:00:00+00:00
[2025-10-09T23:55:16.784+0300] {processor.py:208} INFO - Processing /home/hsooni/cafe_sales_etl/venv/lib/python3.12/site-packages/airflow/example_dags/example_branch_datetime_operator.py took 0.113 seconds
