[2025-10-09T23:47:11.593+0300] {processor.py:186} INFO - Started process (PID=44518) to work on /home/hsooni/cafe_sales_etl/venv/lib/python3.12/site-packages/airflow/example_dags/example_xcom.py
[2025-10-09T23:47:11.594+0300] {processor.py:914} INFO - Processing file /home/hsooni/cafe_sales_etl/venv/lib/python3.12/site-packages/airflow/example_dags/example_xcom.py for tasks to queue
[2025-10-09T23:47:11.596+0300] {logging_mixin.py:190} INFO - [2025-10-09T23:47:11.596+0300] {dagbag.py:588} INFO - Filling up the DagBag from /home/hsooni/cafe_sales_etl/venv/lib/python3.12/site-packages/airflow/example_dags/example_xcom.py
[2025-10-09T23:47:11.608+0300] {processor.py:925} INFO - DAG(s) 'example_xcom' retrieved from /home/hsooni/cafe_sales_etl/venv/lib/python3.12/site-packages/airflow/example_dags/example_xcom.py
[2025-10-09T23:47:11.744+0300] {logging_mixin.py:190} INFO - [2025-10-09T23:47:11.743+0300] {override.py:1900} INFO - Created Permission View: can delete on DAG:example_xcom
[2025-10-09T23:47:11.760+0300] {logging_mixin.py:190} INFO - [2025-10-09T23:47:11.760+0300] {override.py:1900} INFO - Created Permission View: can read on DAG:example_xcom
[2025-10-09T23:47:11.774+0300] {logging_mixin.py:190} INFO - [2025-10-09T23:47:11.773+0300] {override.py:1900} INFO - Created Permission View: can edit on DAG:example_xcom
[2025-10-09T23:47:11.797+0300] {logging_mixin.py:190} INFO - [2025-10-09T23:47:11.796+0300] {override.py:1900} INFO - Created Permission View: can delete on DAG Run:example_xcom
[2025-10-09T23:47:11.809+0300] {logging_mixin.py:190} INFO - [2025-10-09T23:47:11.809+0300] {override.py:1900} INFO - Created Permission View: can create on DAG Run:example_xcom
[2025-10-09T23:47:11.822+0300] {logging_mixin.py:190} INFO - [2025-10-09T23:47:11.821+0300] {override.py:1900} INFO - Created Permission View: can read on DAG Run:example_xcom
[2025-10-09T23:47:11.834+0300] {logging_mixin.py:190} INFO - [2025-10-09T23:47:11.833+0300] {override.py:1900} INFO - Created Permission View: menu access on DAG Run:example_xcom
[2025-10-09T23:47:11.834+0300] {logging_mixin.py:190} INFO - [2025-10-09T23:47:11.834+0300] {dag.py:3239} INFO - Sync 1 DAGs
[2025-10-09T23:47:11.847+0300] {logging_mixin.py:190} INFO - [2025-10-09T23:47:11.846+0300] {dag.py:3262} INFO - Creating ORM DAG for example_xcom
[2025-10-09T23:47:11.855+0300] {logging_mixin.py:190} INFO - [2025-10-09T23:47:11.855+0300] {dag.py:4180} INFO - Setting next_dagrun for example_xcom to 2021-01-01 00:00:00+00:00, run_after=2021-01-01 00:00:00+00:00
[2025-10-09T23:47:11.876+0300] {processor.py:208} INFO - Processing /home/hsooni/cafe_sales_etl/venv/lib/python3.12/site-packages/airflow/example_dags/example_xcom.py took 0.290 seconds
[2025-10-09T23:48:51.727+0300] {processor.py:186} INFO - Started process (PID=45088) to work on /home/hsooni/cafe_sales_etl/venv/lib/python3.12/site-packages/airflow/example_dags/example_xcom.py
[2025-10-09T23:48:51.734+0300] {processor.py:914} INFO - Processing file /home/hsooni/cafe_sales_etl/venv/lib/python3.12/site-packages/airflow/example_dags/example_xcom.py for tasks to queue
[2025-10-09T23:48:51.736+0300] {logging_mixin.py:190} INFO - [2025-10-09T23:48:51.736+0300] {dagbag.py:588} INFO - Filling up the DagBag from /home/hsooni/cafe_sales_etl/venv/lib/python3.12/site-packages/airflow/example_dags/example_xcom.py
[2025-10-09T23:48:51.753+0300] {processor.py:925} INFO - DAG(s) 'example_xcom' retrieved from /home/hsooni/cafe_sales_etl/venv/lib/python3.12/site-packages/airflow/example_dags/example_xcom.py
[2025-10-09T23:48:51.781+0300] {logging_mixin.py:190} INFO - [2025-10-09T23:48:51.781+0300] {dag.py:3239} INFO - Sync 1 DAGs
[2025-10-09T23:48:51.804+0300] {logging_mixin.py:190} INFO - [2025-10-09T23:48:51.804+0300] {dag.py:4180} INFO - Setting next_dagrun for example_xcom to 2021-01-01 00:00:00+00:00, run_after=2021-01-01 00:00:00+00:00
[2025-10-09T23:48:51.839+0300] {processor.py:208} INFO - Processing /home/hsooni/cafe_sales_etl/venv/lib/python3.12/site-packages/airflow/example_dags/example_xcom.py took 0.119 seconds
[2025-10-09T23:49:52.420+0300] {processor.py:186} INFO - Started process (PID=45548) to work on /home/hsooni/cafe_sales_etl/venv/lib/python3.12/site-packages/airflow/example_dags/example_xcom.py
[2025-10-09T23:49:52.426+0300] {processor.py:914} INFO - Processing file /home/hsooni/cafe_sales_etl/venv/lib/python3.12/site-packages/airflow/example_dags/example_xcom.py for tasks to queue
[2025-10-09T23:49:52.429+0300] {logging_mixin.py:190} INFO - [2025-10-09T23:49:52.429+0300] {dagbag.py:588} INFO - Filling up the DagBag from /home/hsooni/cafe_sales_etl/venv/lib/python3.12/site-packages/airflow/example_dags/example_xcom.py
[2025-10-09T23:49:52.440+0300] {processor.py:925} INFO - DAG(s) 'example_xcom' retrieved from /home/hsooni/cafe_sales_etl/venv/lib/python3.12/site-packages/airflow/example_dags/example_xcom.py
[2025-10-09T23:49:52.458+0300] {logging_mixin.py:190} INFO - [2025-10-09T23:49:52.458+0300] {dag.py:3239} INFO - Sync 1 DAGs
[2025-10-09T23:49:52.480+0300] {logging_mixin.py:190} INFO - [2025-10-09T23:49:52.480+0300] {dag.py:4180} INFO - Setting next_dagrun for example_xcom to 2021-01-01 00:00:00+00:00, run_after=2021-01-01 00:00:00+00:00
[2025-10-09T23:49:52.509+0300] {processor.py:208} INFO - Processing /home/hsooni/cafe_sales_etl/venv/lib/python3.12/site-packages/airflow/example_dags/example_xcom.py took 0.095 seconds
[2025-10-09T23:50:48.171+0300] {processor.py:186} INFO - Started process (PID=45787) to work on /home/hsooni/cafe_sales_etl/venv/lib/python3.12/site-packages/airflow/example_dags/example_xcom.py
[2025-10-09T23:50:48.177+0300] {processor.py:914} INFO - Processing file /home/hsooni/cafe_sales_etl/venv/lib/python3.12/site-packages/airflow/example_dags/example_xcom.py for tasks to queue
[2025-10-09T23:50:48.179+0300] {logging_mixin.py:190} INFO - [2025-10-09T23:50:48.179+0300] {dagbag.py:588} INFO - Filling up the DagBag from /home/hsooni/cafe_sales_etl/venv/lib/python3.12/site-packages/airflow/example_dags/example_xcom.py
[2025-10-09T23:50:48.190+0300] {processor.py:925} INFO - DAG(s) 'example_xcom' retrieved from /home/hsooni/cafe_sales_etl/venv/lib/python3.12/site-packages/airflow/example_dags/example_xcom.py
[2025-10-09T23:50:48.209+0300] {logging_mixin.py:190} INFO - [2025-10-09T23:50:48.208+0300] {dag.py:3239} INFO - Sync 1 DAGs
[2025-10-09T23:50:48.232+0300] {logging_mixin.py:190} INFO - [2025-10-09T23:50:48.232+0300] {dag.py:4180} INFO - Setting next_dagrun for example_xcom to 2021-01-01 00:00:00+00:00, run_after=2021-01-01 00:00:00+00:00
[2025-10-09T23:50:48.263+0300] {processor.py:208} INFO - Processing /home/hsooni/cafe_sales_etl/venv/lib/python3.12/site-packages/airflow/example_dags/example_xcom.py took 0.098 seconds
[2025-10-09T23:51:43.097+0300] {processor.py:186} INFO - Started process (PID=46197) to work on /home/hsooni/cafe_sales_etl/venv/lib/python3.12/site-packages/airflow/example_dags/example_xcom.py
[2025-10-09T23:51:43.100+0300] {processor.py:914} INFO - Processing file /home/hsooni/cafe_sales_etl/venv/lib/python3.12/site-packages/airflow/example_dags/example_xcom.py for tasks to queue
[2025-10-09T23:51:43.105+0300] {logging_mixin.py:190} INFO - [2025-10-09T23:51:43.105+0300] {dagbag.py:588} INFO - Filling up the DagBag from /home/hsooni/cafe_sales_etl/venv/lib/python3.12/site-packages/airflow/example_dags/example_xcom.py
[2025-10-09T23:51:43.126+0300] {processor.py:925} INFO - DAG(s) 'example_xcom' retrieved from /home/hsooni/cafe_sales_etl/venv/lib/python3.12/site-packages/airflow/example_dags/example_xcom.py
[2025-10-09T23:51:43.153+0300] {logging_mixin.py:190} INFO - [2025-10-09T23:51:43.152+0300] {dag.py:3239} INFO - Sync 1 DAGs
[2025-10-09T23:51:43.181+0300] {logging_mixin.py:190} INFO - [2025-10-09T23:51:43.181+0300] {dag.py:4180} INFO - Setting next_dagrun for example_xcom to 2021-01-01 00:00:00+00:00, run_after=2021-01-01 00:00:00+00:00
[2025-10-09T23:51:43.238+0300] {processor.py:208} INFO - Processing /home/hsooni/cafe_sales_etl/venv/lib/python3.12/site-packages/airflow/example_dags/example_xcom.py took 0.156 seconds
[2025-10-09T23:52:39.426+0300] {processor.py:186} INFO - Started process (PID=46450) to work on /home/hsooni/cafe_sales_etl/venv/lib/python3.12/site-packages/airflow/example_dags/example_xcom.py
[2025-10-09T23:52:39.427+0300] {processor.py:914} INFO - Processing file /home/hsooni/cafe_sales_etl/venv/lib/python3.12/site-packages/airflow/example_dags/example_xcom.py for tasks to queue
[2025-10-09T23:52:39.430+0300] {logging_mixin.py:190} INFO - [2025-10-09T23:52:39.429+0300] {dagbag.py:588} INFO - Filling up the DagBag from /home/hsooni/cafe_sales_etl/venv/lib/python3.12/site-packages/airflow/example_dags/example_xcom.py
[2025-10-09T23:52:39.441+0300] {processor.py:925} INFO - DAG(s) 'example_xcom' retrieved from /home/hsooni/cafe_sales_etl/venv/lib/python3.12/site-packages/airflow/example_dags/example_xcom.py
[2025-10-09T23:52:39.461+0300] {logging_mixin.py:190} INFO - [2025-10-09T23:52:39.461+0300] {dag.py:3239} INFO - Sync 1 DAGs
[2025-10-09T23:52:39.487+0300] {logging_mixin.py:190} INFO - [2025-10-09T23:52:39.487+0300] {dag.py:4180} INFO - Setting next_dagrun for example_xcom to 2021-01-01 00:00:00+00:00, run_after=2021-01-01 00:00:00+00:00
[2025-10-09T23:52:39.515+0300] {processor.py:208} INFO - Processing /home/hsooni/cafe_sales_etl/venv/lib/python3.12/site-packages/airflow/example_dags/example_xcom.py took 0.095 seconds
[2025-10-09T23:53:30.670+0300] {processor.py:186} INFO - Started process (PID=46685) to work on /home/hsooni/cafe_sales_etl/venv/lib/python3.12/site-packages/airflow/example_dags/example_xcom.py
[2025-10-09T23:53:30.677+0300] {processor.py:914} INFO - Processing file /home/hsooni/cafe_sales_etl/venv/lib/python3.12/site-packages/airflow/example_dags/example_xcom.py for tasks to queue
[2025-10-09T23:53:30.680+0300] {logging_mixin.py:190} INFO - [2025-10-09T23:53:30.680+0300] {dagbag.py:588} INFO - Filling up the DagBag from /home/hsooni/cafe_sales_etl/venv/lib/python3.12/site-packages/airflow/example_dags/example_xcom.py
[2025-10-09T23:53:30.693+0300] {processor.py:925} INFO - DAG(s) 'example_xcom' retrieved from /home/hsooni/cafe_sales_etl/venv/lib/python3.12/site-packages/airflow/example_dags/example_xcom.py
[2025-10-09T23:53:30.713+0300] {logging_mixin.py:190} INFO - [2025-10-09T23:53:30.713+0300] {dag.py:3239} INFO - Sync 1 DAGs
[2025-10-09T23:53:30.737+0300] {logging_mixin.py:190} INFO - [2025-10-09T23:53:30.737+0300] {dag.py:4180} INFO - Setting next_dagrun for example_xcom to 2021-01-01 00:00:00+00:00, run_after=2021-01-01 00:00:00+00:00
[2025-10-09T23:53:30.765+0300] {processor.py:208} INFO - Processing /home/hsooni/cafe_sales_etl/venv/lib/python3.12/site-packages/airflow/example_dags/example_xcom.py took 0.103 seconds
[2025-10-09T23:54:30.421+0300] {processor.py:186} INFO - Started process (PID=47187) to work on /home/hsooni/cafe_sales_etl/venv/lib/python3.12/site-packages/airflow/example_dags/example_xcom.py
[2025-10-09T23:54:30.427+0300] {processor.py:914} INFO - Processing file /home/hsooni/cafe_sales_etl/venv/lib/python3.12/site-packages/airflow/example_dags/example_xcom.py for tasks to queue
[2025-10-09T23:54:30.429+0300] {logging_mixin.py:190} INFO - [2025-10-09T23:54:30.429+0300] {dagbag.py:588} INFO - Filling up the DagBag from /home/hsooni/cafe_sales_etl/venv/lib/python3.12/site-packages/airflow/example_dags/example_xcom.py
[2025-10-09T23:54:30.440+0300] {processor.py:925} INFO - DAG(s) 'example_xcom' retrieved from /home/hsooni/cafe_sales_etl/venv/lib/python3.12/site-packages/airflow/example_dags/example_xcom.py
[2025-10-09T23:54:30.458+0300] {logging_mixin.py:190} INFO - [2025-10-09T23:54:30.458+0300] {dag.py:3239} INFO - Sync 1 DAGs
[2025-10-09T23:54:30.481+0300] {logging_mixin.py:190} INFO - [2025-10-09T23:54:30.480+0300] {dag.py:4180} INFO - Setting next_dagrun for example_xcom to 2021-01-01 00:00:00+00:00, run_after=2021-01-01 00:00:00+00:00
[2025-10-09T23:54:30.510+0300] {processor.py:208} INFO - Processing /home/hsooni/cafe_sales_etl/venv/lib/python3.12/site-packages/airflow/example_dags/example_xcom.py took 0.096 seconds
[2025-10-09T23:55:28.192+0300] {processor.py:186} INFO - Started process (PID=47543) to work on /home/hsooni/cafe_sales_etl/venv/lib/python3.12/site-packages/airflow/example_dags/example_xcom.py
[2025-10-09T23:55:28.198+0300] {processor.py:914} INFO - Processing file /home/hsooni/cafe_sales_etl/venv/lib/python3.12/site-packages/airflow/example_dags/example_xcom.py for tasks to queue
[2025-10-09T23:55:28.201+0300] {logging_mixin.py:190} INFO - [2025-10-09T23:55:28.201+0300] {dagbag.py:588} INFO - Filling up the DagBag from /home/hsooni/cafe_sales_etl/venv/lib/python3.12/site-packages/airflow/example_dags/example_xcom.py
[2025-10-09T23:55:28.215+0300] {processor.py:925} INFO - DAG(s) 'example_xcom' retrieved from /home/hsooni/cafe_sales_etl/venv/lib/python3.12/site-packages/airflow/example_dags/example_xcom.py
[2025-10-09T23:55:28.235+0300] {logging_mixin.py:190} INFO - [2025-10-09T23:55:28.235+0300] {dag.py:3239} INFO - Sync 1 DAGs
[2025-10-09T23:55:28.257+0300] {logging_mixin.py:190} INFO - [2025-10-09T23:55:28.257+0300] {dag.py:4180} INFO - Setting next_dagrun for example_xcom to 2021-01-01 00:00:00+00:00, run_after=2021-01-01 00:00:00+00:00
[2025-10-09T23:55:28.285+0300] {processor.py:208} INFO - Processing /home/hsooni/cafe_sales_etl/venv/lib/python3.12/site-packages/airflow/example_dags/example_xcom.py took 0.104 seconds
