[2025-10-09T23:47:50.279+0300] {processor.py:186} INFO - Started process (PID=44735) to work on /home/hsooni/cafe_sales_etl/venv/lib/python3.12/site-packages/airflow/example_dags/example_display_name.py
[2025-10-09T23:47:50.279+0300] {processor.py:914} INFO - Processing file /home/hsooni/cafe_sales_etl/venv/lib/python3.12/site-packages/airflow/example_dags/example_display_name.py for tasks to queue
[2025-10-09T23:47:50.282+0300] {logging_mixin.py:190} INFO - [2025-10-09T23:47:50.282+0300] {dagbag.py:588} INFO - Filling up the DagBag from /home/hsooni/cafe_sales_etl/venv/lib/python3.12/site-packages/airflow/example_dags/example_display_name.py
[2025-10-09T23:47:50.290+0300] {processor.py:925} INFO - DAG(s) 'example_display_name' retrieved from /home/hsooni/cafe_sales_etl/venv/lib/python3.12/site-packages/airflow/example_dags/example_display_name.py
[2025-10-09T23:47:50.418+0300] {logging_mixin.py:190} INFO - [2025-10-09T23:47:50.417+0300] {override.py:1900} INFO - Created Permission View: can delete on DAG:example_display_name
[2025-10-09T23:47:50.434+0300] {logging_mixin.py:190} INFO - [2025-10-09T23:47:50.434+0300] {override.py:1900} INFO - Created Permission View: can read on DAG:example_display_name
[2025-10-09T23:47:50.448+0300] {logging_mixin.py:190} INFO - [2025-10-09T23:47:50.447+0300] {override.py:1900} INFO - Created Permission View: can edit on DAG:example_display_name
[2025-10-09T23:47:50.472+0300] {logging_mixin.py:190} INFO - [2025-10-09T23:47:50.472+0300] {override.py:1900} INFO - Created Permission View: can delete on DAG Run:example_display_name
[2025-10-09T23:47:50.486+0300] {logging_mixin.py:190} INFO - [2025-10-09T23:47:50.486+0300] {override.py:1900} INFO - Created Permission View: can create on DAG Run:example_display_name
[2025-10-09T23:47:50.500+0300] {logging_mixin.py:190} INFO - [2025-10-09T23:47:50.500+0300] {override.py:1900} INFO - Created Permission View: can read on DAG Run:example_display_name
[2025-10-09T23:47:50.515+0300] {logging_mixin.py:190} INFO - [2025-10-09T23:47:50.514+0300] {override.py:1900} INFO - Created Permission View: menu access on DAG Run:example_display_name
[2025-10-09T23:47:50.515+0300] {logging_mixin.py:190} INFO - [2025-10-09T23:47:50.515+0300] {dag.py:3239} INFO - Sync 1 DAGs
[2025-10-09T23:47:50.528+0300] {logging_mixin.py:190} INFO - [2025-10-09T23:47:50.528+0300] {dag.py:3262} INFO - Creating ORM DAG for example_display_name
[2025-10-09T23:47:50.529+0300] {logging_mixin.py:190} INFO - [2025-10-09T23:47:50.529+0300] {dag.py:4180} INFO - Setting next_dagrun for example_display_name to None, run_after=None
[2025-10-09T23:47:50.553+0300] {processor.py:208} INFO - Processing /home/hsooni/cafe_sales_etl/venv/lib/python3.12/site-packages/airflow/example_dags/example_display_name.py took 0.280 seconds
[2025-10-09T23:49:24.261+0300] {processor.py:186} INFO - Started process (PID=45225) to work on /home/hsooni/cafe_sales_etl/venv/lib/python3.12/site-packages/airflow/example_dags/example_display_name.py
[2025-10-09T23:49:24.267+0300] {processor.py:914} INFO - Processing file /home/hsooni/cafe_sales_etl/venv/lib/python3.12/site-packages/airflow/example_dags/example_display_name.py for tasks to queue
[2025-10-09T23:49:24.271+0300] {logging_mixin.py:190} INFO - [2025-10-09T23:49:24.270+0300] {dagbag.py:588} INFO - Filling up the DagBag from /home/hsooni/cafe_sales_etl/venv/lib/python3.12/site-packages/airflow/example_dags/example_display_name.py
[2025-10-09T23:49:24.280+0300] {processor.py:925} INFO - DAG(s) 'example_display_name' retrieved from /home/hsooni/cafe_sales_etl/venv/lib/python3.12/site-packages/airflow/example_dags/example_display_name.py
[2025-10-09T23:49:24.298+0300] {logging_mixin.py:190} INFO - [2025-10-09T23:49:24.298+0300] {dag.py:3239} INFO - Sync 1 DAGs
[2025-10-09T23:49:24.313+0300] {logging_mixin.py:190} INFO - [2025-10-09T23:49:24.313+0300] {dag.py:4180} INFO - Setting next_dagrun for example_display_name to None, run_after=None
[2025-10-09T23:49:24.340+0300] {processor.py:208} INFO - Processing /home/hsooni/cafe_sales_etl/venv/lib/python3.12/site-packages/airflow/example_dags/example_display_name.py took 0.086 seconds
[2025-10-09T23:50:25.022+0300] {processor.py:186} INFO - Started process (PID=45663) to work on /home/hsooni/cafe_sales_etl/venv/lib/python3.12/site-packages/airflow/example_dags/example_display_name.py
[2025-10-09T23:50:25.028+0300] {processor.py:914} INFO - Processing file /home/hsooni/cafe_sales_etl/venv/lib/python3.12/site-packages/airflow/example_dags/example_display_name.py for tasks to queue
[2025-10-09T23:50:25.030+0300] {logging_mixin.py:190} INFO - [2025-10-09T23:50:25.030+0300] {dagbag.py:588} INFO - Filling up the DagBag from /home/hsooni/cafe_sales_etl/venv/lib/python3.12/site-packages/airflow/example_dags/example_display_name.py
[2025-10-09T23:50:25.039+0300] {processor.py:925} INFO - DAG(s) 'example_display_name' retrieved from /home/hsooni/cafe_sales_etl/venv/lib/python3.12/site-packages/airflow/example_dags/example_display_name.py
[2025-10-09T23:50:25.056+0300] {logging_mixin.py:190} INFO - [2025-10-09T23:50:25.055+0300] {dag.py:3239} INFO - Sync 1 DAGs
[2025-10-09T23:50:25.070+0300] {logging_mixin.py:190} INFO - [2025-10-09T23:50:25.069+0300] {dag.py:4180} INFO - Setting next_dagrun for example_display_name to None, run_after=None
[2025-10-09T23:50:25.094+0300] {processor.py:208} INFO - Processing /home/hsooni/cafe_sales_etl/venv/lib/python3.12/site-packages/airflow/example_dags/example_display_name.py took 0.079 seconds
[2025-10-09T23:51:22.387+0300] {processor.py:186} INFO - Started process (PID=46046) to work on /home/hsooni/cafe_sales_etl/venv/lib/python3.12/site-packages/airflow/example_dags/example_display_name.py
[2025-10-09T23:51:22.393+0300] {processor.py:914} INFO - Processing file /home/hsooni/cafe_sales_etl/venv/lib/python3.12/site-packages/airflow/example_dags/example_display_name.py for tasks to queue
[2025-10-09T23:51:22.396+0300] {logging_mixin.py:190} INFO - [2025-10-09T23:51:22.396+0300] {dagbag.py:588} INFO - Filling up the DagBag from /home/hsooni/cafe_sales_etl/venv/lib/python3.12/site-packages/airflow/example_dags/example_display_name.py
[2025-10-09T23:51:22.407+0300] {processor.py:925} INFO - DAG(s) 'example_display_name' retrieved from /home/hsooni/cafe_sales_etl/venv/lib/python3.12/site-packages/airflow/example_dags/example_display_name.py
[2025-10-09T23:51:22.428+0300] {logging_mixin.py:190} INFO - [2025-10-09T23:51:22.428+0300] {dag.py:3239} INFO - Sync 1 DAGs
[2025-10-09T23:51:22.446+0300] {logging_mixin.py:190} INFO - [2025-10-09T23:51:22.445+0300] {dag.py:4180} INFO - Setting next_dagrun for example_display_name to None, run_after=None
[2025-10-09T23:51:22.482+0300] {processor.py:208} INFO - Processing /home/hsooni/cafe_sales_etl/venv/lib/python3.12/site-packages/airflow/example_dags/example_display_name.py took 0.104 seconds
[2025-10-09T23:52:20.447+0300] {processor.py:186} INFO - Started process (PID=46371) to work on /home/hsooni/cafe_sales_etl/venv/lib/python3.12/site-packages/airflow/example_dags/example_display_name.py
[2025-10-09T23:52:20.453+0300] {processor.py:914} INFO - Processing file /home/hsooni/cafe_sales_etl/venv/lib/python3.12/site-packages/airflow/example_dags/example_display_name.py for tasks to queue
[2025-10-09T23:52:20.455+0300] {logging_mixin.py:190} INFO - [2025-10-09T23:52:20.454+0300] {dagbag.py:588} INFO - Filling up the DagBag from /home/hsooni/cafe_sales_etl/venv/lib/python3.12/site-packages/airflow/example_dags/example_display_name.py
[2025-10-09T23:52:20.463+0300] {processor.py:925} INFO - DAG(s) 'example_display_name' retrieved from /home/hsooni/cafe_sales_etl/venv/lib/python3.12/site-packages/airflow/example_dags/example_display_name.py
[2025-10-09T23:52:20.479+0300] {logging_mixin.py:190} INFO - [2025-10-09T23:52:20.479+0300] {dag.py:3239} INFO - Sync 1 DAGs
[2025-10-09T23:52:20.494+0300] {logging_mixin.py:190} INFO - [2025-10-09T23:52:20.494+0300] {dag.py:4180} INFO - Setting next_dagrun for example_display_name to None, run_after=None
[2025-10-09T23:52:20.519+0300] {processor.py:208} INFO - Processing /home/hsooni/cafe_sales_etl/venv/lib/python3.12/site-packages/airflow/example_dags/example_display_name.py took 0.079 seconds
[2025-10-09T23:53:15.142+0300] {processor.py:186} INFO - Started process (PID=46612) to work on /home/hsooni/cafe_sales_etl/venv/lib/python3.12/site-packages/airflow/example_dags/example_display_name.py
[2025-10-09T23:53:15.148+0300] {processor.py:914} INFO - Processing file /home/hsooni/cafe_sales_etl/venv/lib/python3.12/site-packages/airflow/example_dags/example_display_name.py for tasks to queue
[2025-10-09T23:53:15.151+0300] {logging_mixin.py:190} INFO - [2025-10-09T23:53:15.150+0300] {dagbag.py:588} INFO - Filling up the DagBag from /home/hsooni/cafe_sales_etl/venv/lib/python3.12/site-packages/airflow/example_dags/example_display_name.py
[2025-10-09T23:53:15.160+0300] {processor.py:925} INFO - DAG(s) 'example_display_name' retrieved from /home/hsooni/cafe_sales_etl/venv/lib/python3.12/site-packages/airflow/example_dags/example_display_name.py
[2025-10-09T23:53:15.177+0300] {logging_mixin.py:190} INFO - [2025-10-09T23:53:15.176+0300] {dag.py:3239} INFO - Sync 1 DAGs
[2025-10-09T23:53:15.191+0300] {logging_mixin.py:190} INFO - [2025-10-09T23:53:15.191+0300] {dag.py:4180} INFO - Setting next_dagrun for example_display_name to None, run_after=None
[2025-10-09T23:53:15.217+0300] {processor.py:208} INFO - Processing /home/hsooni/cafe_sales_etl/venv/lib/python3.12/site-packages/airflow/example_dags/example_display_name.py took 0.082 seconds
[2025-10-09T23:54:09.930+0300] {processor.py:186} INFO - Started process (PID=47013) to work on /home/hsooni/cafe_sales_etl/venv/lib/python3.12/site-packages/airflow/example_dags/example_display_name.py
[2025-10-09T23:54:09.940+0300] {processor.py:914} INFO - Processing file /home/hsooni/cafe_sales_etl/venv/lib/python3.12/site-packages/airflow/example_dags/example_display_name.py for tasks to queue
[2025-10-09T23:54:09.946+0300] {logging_mixin.py:190} INFO - [2025-10-09T23:54:09.945+0300] {dagbag.py:588} INFO - Filling up the DagBag from /home/hsooni/cafe_sales_etl/venv/lib/python3.12/site-packages/airflow/example_dags/example_display_name.py
[2025-10-09T23:54:09.969+0300] {processor.py:925} INFO - DAG(s) 'example_display_name' retrieved from /home/hsooni/cafe_sales_etl/venv/lib/python3.12/site-packages/airflow/example_dags/example_display_name.py
[2025-10-09T23:54:10.028+0300] {logging_mixin.py:190} INFO - [2025-10-09T23:54:10.028+0300] {dag.py:3239} INFO - Sync 1 DAGs
[2025-10-09T23:54:10.087+0300] {logging_mixin.py:190} INFO - [2025-10-09T23:54:10.086+0300] {dag.py:4180} INFO - Setting next_dagrun for example_display_name to None, run_after=None
[2025-10-09T23:54:10.162+0300] {processor.py:208} INFO - Processing /home/hsooni/cafe_sales_etl/venv/lib/python3.12/site-packages/airflow/example_dags/example_display_name.py took 0.248 seconds
[2025-10-09T23:55:10.237+0300] {processor.py:186} INFO - Started process (PID=47450) to work on /home/hsooni/cafe_sales_etl/venv/lib/python3.12/site-packages/airflow/example_dags/example_display_name.py
[2025-10-09T23:55:10.238+0300] {processor.py:914} INFO - Processing file /home/hsooni/cafe_sales_etl/venv/lib/python3.12/site-packages/airflow/example_dags/example_display_name.py for tasks to queue
[2025-10-09T23:55:10.241+0300] {logging_mixin.py:190} INFO - [2025-10-09T23:55:10.240+0300] {dagbag.py:588} INFO - Filling up the DagBag from /home/hsooni/cafe_sales_etl/venv/lib/python3.12/site-packages/airflow/example_dags/example_display_name.py
[2025-10-09T23:55:10.250+0300] {processor.py:925} INFO - DAG(s) 'example_display_name' retrieved from /home/hsooni/cafe_sales_etl/venv/lib/python3.12/site-packages/airflow/example_dags/example_display_name.py
[2025-10-09T23:55:10.267+0300] {logging_mixin.py:190} INFO - [2025-10-09T23:55:10.267+0300] {dag.py:3239} INFO - Sync 1 DAGs
[2025-10-09T23:55:10.283+0300] {logging_mixin.py:190} INFO - [2025-10-09T23:55:10.282+0300] {dag.py:4180} INFO - Setting next_dagrun for example_display_name to None, run_after=None
[2025-10-09T23:55:10.308+0300] {processor.py:208} INFO - Processing /home/hsooni/cafe_sales_etl/venv/lib/python3.12/site-packages/airflow/example_dags/example_display_name.py took 0.077 seconds
