[2025-10-09T23:49:32.889+0300] {processor.py:186} INFO - Started process (PID=45327) to work on /home/hsooni/cafe_sales_etl/venv/lib/python3.12/site-packages/airflow/example_dags/example_branch_operator_decorator.py
[2025-10-09T23:49:32.890+0300] {processor.py:914} INFO - Processing file /home/hsooni/cafe_sales_etl/venv/lib/python3.12/site-packages/airflow/example_dags/example_branch_operator_decorator.py for tasks to queue
[2025-10-09T23:49:32.893+0300] {logging_mixin.py:190} INFO - [2025-10-09T23:49:32.892+0300] {dagbag.py:588} INFO - Filling up the DagBag from /home/hsooni/cafe_sales_etl/venv/lib/python3.12/site-packages/airflow/example_dags/example_branch_operator_decorator.py
[2025-10-09T23:49:32.896+0300] {processor.py:927} WARNING - No viable dags retrieved from /home/hsooni/cafe_sales_etl/venv/lib/python3.12/site-packages/airflow/example_dags/example_branch_operator_decorator.py
[2025-10-09T23:49:32.908+0300] {processor.py:208} INFO - Processing /home/hsooni/cafe_sales_etl/venv/lib/python3.12/site-packages/airflow/example_dags/example_branch_operator_decorator.py took 0.026 seconds
[2025-10-09T23:50:31.993+0300] {processor.py:186} INFO - Started process (PID=45703) to work on /home/hsooni/cafe_sales_etl/venv/lib/python3.12/site-packages/airflow/example_dags/example_branch_operator_decorator.py
[2025-10-09T23:50:31.994+0300] {processor.py:914} INFO - Processing file /home/hsooni/cafe_sales_etl/venv/lib/python3.12/site-packages/airflow/example_dags/example_branch_operator_decorator.py for tasks to queue
[2025-10-09T23:50:31.997+0300] {logging_mixin.py:190} INFO - [2025-10-09T23:50:31.997+0300] {dagbag.py:588} INFO - Filling up the DagBag from /home/hsooni/cafe_sales_etl/venv/lib/python3.12/site-packages/airflow/example_dags/example_branch_operator_decorator.py
[2025-10-09T23:50:32.000+0300] {processor.py:927} WARNING - No viable dags retrieved from /home/hsooni/cafe_sales_etl/venv/lib/python3.12/site-packages/airflow/example_dags/example_branch_operator_decorator.py
[2025-10-09T23:50:32.011+0300] {processor.py:208} INFO - Processing /home/hsooni/cafe_sales_etl/venv/lib/python3.12/site-packages/airflow/example_dags/example_branch_operator_decorator.py took 0.025 seconds
[2025-10-09T23:51:29.209+0300] {processor.py:186} INFO - Started process (PID=46103) to work on /home/hsooni/cafe_sales_etl/venv/lib/python3.12/site-packages/airflow/example_dags/example_branch_operator_decorator.py
[2025-10-09T23:51:29.215+0300] {processor.py:914} INFO - Processing file /home/hsooni/cafe_sales_etl/venv/lib/python3.12/site-packages/airflow/example_dags/example_branch_operator_decorator.py for tasks to queue
[2025-10-09T23:51:29.218+0300] {logging_mixin.py:190} INFO - [2025-10-09T23:51:29.218+0300] {dagbag.py:588} INFO - Filling up the DagBag from /home/hsooni/cafe_sales_etl/venv/lib/python3.12/site-packages/airflow/example_dags/example_branch_operator_decorator.py
[2025-10-09T23:51:29.222+0300] {processor.py:927} WARNING - No viable dags retrieved from /home/hsooni/cafe_sales_etl/venv/lib/python3.12/site-packages/airflow/example_dags/example_branch_operator_decorator.py
[2025-10-09T23:51:29.235+0300] {processor.py:208} INFO - Processing /home/hsooni/cafe_sales_etl/venv/lib/python3.12/site-packages/airflow/example_dags/example_branch_operator_decorator.py took 0.033 seconds
[2025-10-09T23:52:28.208+0300] {processor.py:186} INFO - Started process (PID=46402) to work on /home/hsooni/cafe_sales_etl/venv/lib/python3.12/site-packages/airflow/example_dags/example_branch_operator_decorator.py
[2025-10-09T23:52:28.214+0300] {processor.py:914} INFO - Processing file /home/hsooni/cafe_sales_etl/venv/lib/python3.12/site-packages/airflow/example_dags/example_branch_operator_decorator.py for tasks to queue
[2025-10-09T23:52:28.216+0300] {logging_mixin.py:190} INFO - [2025-10-09T23:52:28.216+0300] {dagbag.py:588} INFO - Filling up the DagBag from /home/hsooni/cafe_sales_etl/venv/lib/python3.12/site-packages/airflow/example_dags/example_branch_operator_decorator.py
[2025-10-09T23:52:28.219+0300] {processor.py:927} WARNING - No viable dags retrieved from /home/hsooni/cafe_sales_etl/venv/lib/python3.12/site-packages/airflow/example_dags/example_branch_operator_decorator.py
[2025-10-09T23:52:28.229+0300] {processor.py:208} INFO - Processing /home/hsooni/cafe_sales_etl/venv/lib/python3.12/site-packages/airflow/example_dags/example_branch_operator_decorator.py took 0.027 seconds
[2025-10-09T23:53:47.607+0300] {processor.py:186} INFO - Started process (PID=46830) to work on /home/hsooni/cafe_sales_etl/venv/lib/python3.12/site-packages/airflow/example_dags/example_branch_operator_decorator.py
[2025-10-09T23:53:47.613+0300] {processor.py:914} INFO - Processing file /home/hsooni/cafe_sales_etl/venv/lib/python3.12/site-packages/airflow/example_dags/example_branch_operator_decorator.py for tasks to queue
[2025-10-09T23:53:47.616+0300] {logging_mixin.py:190} INFO - [2025-10-09T23:53:47.615+0300] {dagbag.py:588} INFO - Filling up the DagBag from /home/hsooni/cafe_sales_etl/venv/lib/python3.12/site-packages/airflow/example_dags/example_branch_operator_decorator.py
[2025-10-09T23:53:47.621+0300] {processor.py:927} WARNING - No viable dags retrieved from /home/hsooni/cafe_sales_etl/venv/lib/python3.12/site-packages/airflow/example_dags/example_branch_operator_decorator.py
[2025-10-09T23:53:47.637+0300] {processor.py:208} INFO - Processing /home/hsooni/cafe_sales_etl/venv/lib/python3.12/site-packages/airflow/example_dags/example_branch_operator_decorator.py took 0.037 seconds
[2025-10-09T23:54:48.646+0300] {processor.py:186} INFO - Started process (PID=47317) to work on /home/hsooni/cafe_sales_etl/venv/lib/python3.12/site-packages/airflow/example_dags/example_branch_operator_decorator.py
[2025-10-09T23:54:48.647+0300] {processor.py:914} INFO - Processing file /home/hsooni/cafe_sales_etl/venv/lib/python3.12/site-packages/airflow/example_dags/example_branch_operator_decorator.py for tasks to queue
[2025-10-09T23:54:48.650+0300] {logging_mixin.py:190} INFO - [2025-10-09T23:54:48.649+0300] {dagbag.py:588} INFO - Filling up the DagBag from /home/hsooni/cafe_sales_etl/venv/lib/python3.12/site-packages/airflow/example_dags/example_branch_operator_decorator.py
[2025-10-09T23:54:48.652+0300] {processor.py:927} WARNING - No viable dags retrieved from /home/hsooni/cafe_sales_etl/venv/lib/python3.12/site-packages/airflow/example_dags/example_branch_operator_decorator.py
[2025-10-09T23:54:48.665+0300] {processor.py:208} INFO - Processing /home/hsooni/cafe_sales_etl/venv/lib/python3.12/site-packages/airflow/example_dags/example_branch_operator_decorator.py took 0.026 seconds
