[2025-10-09T23:49:25.751+0300] {processor.py:186} INFO - Started process (PID=45252) to work on /home/hsooni/cafe_sales_etl/venv/lib/python3.12/site-packages/airflow/example_dags/example_dataset_alias_with_no_taskflow.py
[2025-10-09T23:49:25.752+0300] {processor.py:914} INFO - Processing file /home/hsooni/cafe_sales_etl/venv/lib/python3.12/site-packages/airflow/example_dags/example_dataset_alias_with_no_taskflow.py for tasks to queue
[2025-10-09T23:49:25.754+0300] {logging_mixin.py:190} INFO - [2025-10-09T23:49:25.753+0300] {dagbag.py:588} INFO - Filling up the DagBag from /home/hsooni/cafe_sales_etl/venv/lib/python3.12/site-packages/airflow/example_dags/example_dataset_alias_with_no_taskflow.py
[2025-10-09T23:49:25.778+0300] {processor.py:925} INFO - DAG(s) 'dataset_alias_example_alias_producer_with_no_taskflow', 'dataset_s3_bucket_producer_with_no_taskflow', 'dataset_s3_bucket_consumer_with_no_taskflow', 'dataset_alias_example_alias_consumer_with_no_taskflow' retrieved from /home/hsooni/cafe_sales_etl/venv/lib/python3.12/site-packages/airflow/example_dags/example_dataset_alias_with_no_taskflow.py
[2025-10-09T23:49:25.902+0300] {logging_mixin.py:190} INFO - [2025-10-09T23:49:25.901+0300] {override.py:1900} INFO - Created Permission View: can delete on DAG:dataset_alias_example_alias_producer_with_no_taskflow
[2025-10-09T23:49:25.916+0300] {logging_mixin.py:190} INFO - [2025-10-09T23:49:25.916+0300] {override.py:1900} INFO - Created Permission View: can read on DAG:dataset_alias_example_alias_producer_with_no_taskflow
[2025-10-09T23:49:25.929+0300] {logging_mixin.py:190} INFO - [2025-10-09T23:49:25.928+0300] {override.py:1900} INFO - Created Permission View: can edit on DAG:dataset_alias_example_alias_producer_with_no_taskflow
[2025-10-09T23:49:25.951+0300] {logging_mixin.py:190} INFO - [2025-10-09T23:49:25.950+0300] {override.py:1900} INFO - Created Permission View: can delete on DAG Run:dataset_alias_example_alias_producer_with_no_taskflow
[2025-10-09T23:49:25.963+0300] {logging_mixin.py:190} INFO - [2025-10-09T23:49:25.963+0300] {override.py:1900} INFO - Created Permission View: menu access on DAG Run:dataset_alias_example_alias_producer_with_no_taskflow
[2025-10-09T23:49:25.977+0300] {logging_mixin.py:190} INFO - [2025-10-09T23:49:25.977+0300] {override.py:1900} INFO - Created Permission View: can read on DAG Run:dataset_alias_example_alias_producer_with_no_taskflow
[2025-10-09T23:49:25.989+0300] {logging_mixin.py:190} INFO - [2025-10-09T23:49:25.988+0300] {override.py:1900} INFO - Created Permission View: can create on DAG Run:dataset_alias_example_alias_producer_with_no_taskflow
[2025-10-09T23:49:26.014+0300] {logging_mixin.py:190} INFO - [2025-10-09T23:49:26.014+0300] {override.py:1900} INFO - Created Permission View: can delete on DAG:dataset_s3_bucket_producer_with_no_taskflow
[2025-10-09T23:49:26.026+0300] {logging_mixin.py:190} INFO - [2025-10-09T23:49:26.026+0300] {override.py:1900} INFO - Created Permission View: can read on DAG:dataset_s3_bucket_producer_with_no_taskflow
[2025-10-09T23:49:26.038+0300] {logging_mixin.py:190} INFO - [2025-10-09T23:49:26.038+0300] {override.py:1900} INFO - Created Permission View: can edit on DAG:dataset_s3_bucket_producer_with_no_taskflow
[2025-10-09T23:49:26.058+0300] {logging_mixin.py:190} INFO - [2025-10-09T23:49:26.057+0300] {override.py:1900} INFO - Created Permission View: can delete on DAG Run:dataset_s3_bucket_producer_with_no_taskflow
[2025-10-09T23:49:26.069+0300] {logging_mixin.py:190} INFO - [2025-10-09T23:49:26.069+0300] {override.py:1900} INFO - Created Permission View: menu access on DAG Run:dataset_s3_bucket_producer_with_no_taskflow
[2025-10-09T23:49:26.081+0300] {logging_mixin.py:190} INFO - [2025-10-09T23:49:26.081+0300] {override.py:1900} INFO - Created Permission View: can read on DAG Run:dataset_s3_bucket_producer_with_no_taskflow
[2025-10-09T23:49:26.093+0300] {logging_mixin.py:190} INFO - [2025-10-09T23:49:26.093+0300] {override.py:1900} INFO - Created Permission View: can create on DAG Run:dataset_s3_bucket_producer_with_no_taskflow
[2025-10-09T23:49:26.119+0300] {logging_mixin.py:190} INFO - [2025-10-09T23:49:26.119+0300] {override.py:1900} INFO - Created Permission View: can delete on DAG:dataset_s3_bucket_consumer_with_no_taskflow
[2025-10-09T23:49:26.132+0300] {logging_mixin.py:190} INFO - [2025-10-09T23:49:26.131+0300] {override.py:1900} INFO - Created Permission View: can read on DAG:dataset_s3_bucket_consumer_with_no_taskflow
[2025-10-09T23:49:26.143+0300] {logging_mixin.py:190} INFO - [2025-10-09T23:49:26.143+0300] {override.py:1900} INFO - Created Permission View: can edit on DAG:dataset_s3_bucket_consumer_with_no_taskflow
[2025-10-09T23:49:26.164+0300] {logging_mixin.py:190} INFO - [2025-10-09T23:49:26.163+0300] {override.py:1900} INFO - Created Permission View: can delete on DAG Run:dataset_s3_bucket_consumer_with_no_taskflow
[2025-10-09T23:49:26.176+0300] {logging_mixin.py:190} INFO - [2025-10-09T23:49:26.175+0300] {override.py:1900} INFO - Created Permission View: menu access on DAG Run:dataset_s3_bucket_consumer_with_no_taskflow
[2025-10-09T23:49:26.188+0300] {logging_mixin.py:190} INFO - [2025-10-09T23:49:26.187+0300] {override.py:1900} INFO - Created Permission View: can read on DAG Run:dataset_s3_bucket_consumer_with_no_taskflow
[2025-10-09T23:49:26.200+0300] {logging_mixin.py:190} INFO - [2025-10-09T23:49:26.200+0300] {override.py:1900} INFO - Created Permission View: can create on DAG Run:dataset_s3_bucket_consumer_with_no_taskflow
[2025-10-09T23:49:26.226+0300] {logging_mixin.py:190} INFO - [2025-10-09T23:49:26.225+0300] {override.py:1900} INFO - Created Permission View: can delete on DAG:dataset_alias_example_alias_consumer_with_no_taskflow
[2025-10-09T23:49:26.239+0300] {logging_mixin.py:190} INFO - [2025-10-09T23:49:26.238+0300] {override.py:1900} INFO - Created Permission View: can read on DAG:dataset_alias_example_alias_consumer_with_no_taskflow
[2025-10-09T23:49:26.252+0300] {logging_mixin.py:190} INFO - [2025-10-09T23:49:26.252+0300] {override.py:1900} INFO - Created Permission View: can edit on DAG:dataset_alias_example_alias_consumer_with_no_taskflow
[2025-10-09T23:49:26.272+0300] {logging_mixin.py:190} INFO - [2025-10-09T23:49:26.271+0300] {override.py:1900} INFO - Created Permission View: can delete on DAG Run:dataset_alias_example_alias_consumer_with_no_taskflow
[2025-10-09T23:49:26.285+0300] {logging_mixin.py:190} INFO - [2025-10-09T23:49:26.285+0300] {override.py:1900} INFO - Created Permission View: menu access on DAG Run:dataset_alias_example_alias_consumer_with_no_taskflow
[2025-10-09T23:49:26.299+0300] {logging_mixin.py:190} INFO - [2025-10-09T23:49:26.298+0300] {override.py:1900} INFO - Created Permission View: can read on DAG Run:dataset_alias_example_alias_consumer_with_no_taskflow
[2025-10-09T23:49:26.311+0300] {logging_mixin.py:190} INFO - [2025-10-09T23:49:26.310+0300] {override.py:1900} INFO - Created Permission View: can create on DAG Run:dataset_alias_example_alias_consumer_with_no_taskflow
[2025-10-09T23:49:26.311+0300] {logging_mixin.py:190} INFO - [2025-10-09T23:49:26.311+0300] {dag.py:3239} INFO - Sync 4 DAGs
[2025-10-09T23:49:26.326+0300] {logging_mixin.py:190} INFO - [2025-10-09T23:49:26.325+0300] {dag.py:3262} INFO - Creating ORM DAG for dataset_s3_bucket_producer_with_no_taskflow
[2025-10-09T23:49:26.327+0300] {logging_mixin.py:190} INFO - [2025-10-09T23:49:26.326+0300] {dag.py:3262} INFO - Creating ORM DAG for dataset_s3_bucket_consumer_with_no_taskflow
[2025-10-09T23:49:26.328+0300] {logging_mixin.py:190} INFO - [2025-10-09T23:49:26.327+0300] {dag.py:3262} INFO - Creating ORM DAG for dataset_alias_example_alias_producer_with_no_taskflow
[2025-10-09T23:49:26.328+0300] {logging_mixin.py:190} INFO - [2025-10-09T23:49:26.328+0300] {dag.py:3262} INFO - Creating ORM DAG for dataset_alias_example_alias_consumer_with_no_taskflow
[2025-10-09T23:49:26.338+0300] {logging_mixin.py:190} INFO - [2025-10-09T23:49:26.338+0300] {dag.py:4180} INFO - Setting next_dagrun for dataset_alias_example_alias_consumer_with_no_taskflow to None, run_after=None
[2025-10-09T23:49:26.339+0300] {logging_mixin.py:190} INFO - [2025-10-09T23:49:26.339+0300] {dag.py:4180} INFO - Setting next_dagrun for dataset_alias_example_alias_producer_with_no_taskflow to None, run_after=None
[2025-10-09T23:49:26.340+0300] {logging_mixin.py:190} INFO - [2025-10-09T23:49:26.340+0300] {dag.py:4180} INFO - Setting next_dagrun for dataset_s3_bucket_consumer_with_no_taskflow to None, run_after=None
[2025-10-09T23:49:26.340+0300] {logging_mixin.py:190} INFO - [2025-10-09T23:49:26.340+0300] {dag.py:4180} INFO - Setting next_dagrun for dataset_s3_bucket_producer_with_no_taskflow to None, run_after=None
[2025-10-09T23:49:26.383+0300] {processor.py:208} INFO - Processing /home/hsooni/cafe_sales_etl/venv/lib/python3.12/site-packages/airflow/example_dags/example_dataset_alias_with_no_taskflow.py took 0.640 seconds
[2025-10-09T23:50:27.039+0300] {processor.py:186} INFO - Started process (PID=45673) to work on /home/hsooni/cafe_sales_etl/venv/lib/python3.12/site-packages/airflow/example_dags/example_dataset_alias_with_no_taskflow.py
[2025-10-09T23:50:27.045+0300] {processor.py:914} INFO - Processing file /home/hsooni/cafe_sales_etl/venv/lib/python3.12/site-packages/airflow/example_dags/example_dataset_alias_with_no_taskflow.py for tasks to queue
[2025-10-09T23:50:27.047+0300] {logging_mixin.py:190} INFO - [2025-10-09T23:50:27.047+0300] {dagbag.py:588} INFO - Filling up the DagBag from /home/hsooni/cafe_sales_etl/venv/lib/python3.12/site-packages/airflow/example_dags/example_dataset_alias_with_no_taskflow.py
[2025-10-09T23:50:27.071+0300] {processor.py:925} INFO - DAG(s) 'dataset_alias_example_alias_consumer_with_no_taskflow', 'dataset_s3_bucket_producer_with_no_taskflow', 'dataset_alias_example_alias_producer_with_no_taskflow', 'dataset_s3_bucket_consumer_with_no_taskflow' retrieved from /home/hsooni/cafe_sales_etl/venv/lib/python3.12/site-packages/airflow/example_dags/example_dataset_alias_with_no_taskflow.py
[2025-10-09T23:50:27.096+0300] {logging_mixin.py:190} INFO - [2025-10-09T23:50:27.096+0300] {dag.py:3239} INFO - Sync 4 DAGs
[2025-10-09T23:50:27.120+0300] {logging_mixin.py:190} INFO - [2025-10-09T23:50:27.120+0300] {dag.py:4180} INFO - Setting next_dagrun for dataset_alias_example_alias_consumer_with_no_taskflow to None, run_after=None
[2025-10-09T23:50:27.123+0300] {logging_mixin.py:190} INFO - [2025-10-09T23:50:27.122+0300] {dag.py:4180} INFO - Setting next_dagrun for dataset_alias_example_alias_producer_with_no_taskflow to None, run_after=None
[2025-10-09T23:50:27.123+0300] {logging_mixin.py:190} INFO - [2025-10-09T23:50:27.123+0300] {dag.py:4180} INFO - Setting next_dagrun for dataset_s3_bucket_consumer_with_no_taskflow to None, run_after=None
[2025-10-09T23:50:27.124+0300] {logging_mixin.py:190} INFO - [2025-10-09T23:50:27.124+0300] {dag.py:4180} INFO - Setting next_dagrun for dataset_s3_bucket_producer_with_no_taskflow to None, run_after=None
[2025-10-09T23:50:27.157+0300] {processor.py:208} INFO - Processing /home/hsooni/cafe_sales_etl/venv/lib/python3.12/site-packages/airflow/example_dags/example_dataset_alias_with_no_taskflow.py took 0.124 seconds
[2025-10-09T23:51:24.329+0300] {processor.py:186} INFO - Started process (PID=46056) to work on /home/hsooni/cafe_sales_etl/venv/lib/python3.12/site-packages/airflow/example_dags/example_dataset_alias_with_no_taskflow.py
[2025-10-09T23:51:24.336+0300] {processor.py:914} INFO - Processing file /home/hsooni/cafe_sales_etl/venv/lib/python3.12/site-packages/airflow/example_dags/example_dataset_alias_with_no_taskflow.py for tasks to queue
[2025-10-09T23:51:24.339+0300] {logging_mixin.py:190} INFO - [2025-10-09T23:51:24.338+0300] {dagbag.py:588} INFO - Filling up the DagBag from /home/hsooni/cafe_sales_etl/venv/lib/python3.12/site-packages/airflow/example_dags/example_dataset_alias_with_no_taskflow.py
[2025-10-09T23:51:24.378+0300] {processor.py:925} INFO - DAG(s) 'dataset_s3_bucket_producer_with_no_taskflow', 'dataset_alias_example_alias_producer_with_no_taskflow', 'dataset_s3_bucket_consumer_with_no_taskflow', 'dataset_alias_example_alias_consumer_with_no_taskflow' retrieved from /home/hsooni/cafe_sales_etl/venv/lib/python3.12/site-packages/airflow/example_dags/example_dataset_alias_with_no_taskflow.py
[2025-10-09T23:51:24.408+0300] {logging_mixin.py:190} INFO - [2025-10-09T23:51:24.408+0300] {dag.py:3239} INFO - Sync 4 DAGs
[2025-10-09T23:51:24.438+0300] {logging_mixin.py:190} INFO - [2025-10-09T23:51:24.438+0300] {dag.py:4180} INFO - Setting next_dagrun for dataset_alias_example_alias_consumer_with_no_taskflow to None, run_after=None
[2025-10-09T23:51:24.442+0300] {logging_mixin.py:190} INFO - [2025-10-09T23:51:24.441+0300] {dag.py:4180} INFO - Setting next_dagrun for dataset_alias_example_alias_producer_with_no_taskflow to None, run_after=None
[2025-10-09T23:51:24.443+0300] {logging_mixin.py:190} INFO - [2025-10-09T23:51:24.443+0300] {dag.py:4180} INFO - Setting next_dagrun for dataset_s3_bucket_consumer_with_no_taskflow to None, run_after=None
[2025-10-09T23:51:24.444+0300] {logging_mixin.py:190} INFO - [2025-10-09T23:51:24.444+0300] {dag.py:4180} INFO - Setting next_dagrun for dataset_s3_bucket_producer_with_no_taskflow to None, run_after=None
[2025-10-09T23:51:24.485+0300] {processor.py:208} INFO - Processing /home/hsooni/cafe_sales_etl/venv/lib/python3.12/site-packages/airflow/example_dags/example_dataset_alias_with_no_taskflow.py took 0.164 seconds
[2025-10-09T23:52:22.824+0300] {processor.py:186} INFO - Started process (PID=46377) to work on /home/hsooni/cafe_sales_etl/venv/lib/python3.12/site-packages/airflow/example_dags/example_dataset_alias_with_no_taskflow.py
[2025-10-09T23:52:22.830+0300] {processor.py:914} INFO - Processing file /home/hsooni/cafe_sales_etl/venv/lib/python3.12/site-packages/airflow/example_dags/example_dataset_alias_with_no_taskflow.py for tasks to queue
[2025-10-09T23:52:22.832+0300] {logging_mixin.py:190} INFO - [2025-10-09T23:52:22.832+0300] {dagbag.py:588} INFO - Filling up the DagBag from /home/hsooni/cafe_sales_etl/venv/lib/python3.12/site-packages/airflow/example_dags/example_dataset_alias_with_no_taskflow.py
[2025-10-09T23:52:22.856+0300] {processor.py:925} INFO - DAG(s) 'dataset_s3_bucket_producer_with_no_taskflow', 'dataset_alias_example_alias_consumer_with_no_taskflow', 'dataset_s3_bucket_consumer_with_no_taskflow', 'dataset_alias_example_alias_producer_with_no_taskflow' retrieved from /home/hsooni/cafe_sales_etl/venv/lib/python3.12/site-packages/airflow/example_dags/example_dataset_alias_with_no_taskflow.py
[2025-10-09T23:52:22.882+0300] {logging_mixin.py:190} INFO - [2025-10-09T23:52:22.881+0300] {dag.py:3239} INFO - Sync 4 DAGs
[2025-10-09T23:52:22.907+0300] {logging_mixin.py:190} INFO - [2025-10-09T23:52:22.906+0300] {dag.py:4180} INFO - Setting next_dagrun for dataset_alias_example_alias_consumer_with_no_taskflow to None, run_after=None
[2025-10-09T23:52:22.909+0300] {logging_mixin.py:190} INFO - [2025-10-09T23:52:22.909+0300] {dag.py:4180} INFO - Setting next_dagrun for dataset_alias_example_alias_producer_with_no_taskflow to None, run_after=None
[2025-10-09T23:52:22.911+0300] {logging_mixin.py:190} INFO - [2025-10-09T23:52:22.910+0300] {dag.py:4180} INFO - Setting next_dagrun for dataset_s3_bucket_consumer_with_no_taskflow to None, run_after=None
[2025-10-09T23:52:22.912+0300] {logging_mixin.py:190} INFO - [2025-10-09T23:52:22.912+0300] {dag.py:4180} INFO - Setting next_dagrun for dataset_s3_bucket_producer_with_no_taskflow to None, run_after=None
[2025-10-09T23:52:22.964+0300] {processor.py:208} INFO - Processing /home/hsooni/cafe_sales_etl/venv/lib/python3.12/site-packages/airflow/example_dags/example_dataset_alias_with_no_taskflow.py took 0.145 seconds
[2025-10-09T23:53:17.542+0300] {processor.py:186} INFO - Started process (PID=46618) to work on /home/hsooni/cafe_sales_etl/venv/lib/python3.12/site-packages/airflow/example_dags/example_dataset_alias_with_no_taskflow.py
[2025-10-09T23:53:17.548+0300] {processor.py:914} INFO - Processing file /home/hsooni/cafe_sales_etl/venv/lib/python3.12/site-packages/airflow/example_dags/example_dataset_alias_with_no_taskflow.py for tasks to queue
[2025-10-09T23:53:17.551+0300] {logging_mixin.py:190} INFO - [2025-10-09T23:53:17.550+0300] {dagbag.py:588} INFO - Filling up the DagBag from /home/hsooni/cafe_sales_etl/venv/lib/python3.12/site-packages/airflow/example_dags/example_dataset_alias_with_no_taskflow.py
[2025-10-09T23:53:17.574+0300] {processor.py:925} INFO - DAG(s) 'dataset_alias_example_alias_producer_with_no_taskflow', 'dataset_s3_bucket_consumer_with_no_taskflow', 'dataset_alias_example_alias_consumer_with_no_taskflow', 'dataset_s3_bucket_producer_with_no_taskflow' retrieved from /home/hsooni/cafe_sales_etl/venv/lib/python3.12/site-packages/airflow/example_dags/example_dataset_alias_with_no_taskflow.py
[2025-10-09T23:53:17.597+0300] {logging_mixin.py:190} INFO - [2025-10-09T23:53:17.596+0300] {dag.py:3239} INFO - Sync 4 DAGs
[2025-10-09T23:53:17.620+0300] {logging_mixin.py:190} INFO - [2025-10-09T23:53:17.619+0300] {dag.py:4180} INFO - Setting next_dagrun for dataset_alias_example_alias_consumer_with_no_taskflow to None, run_after=None
[2025-10-09T23:53:17.622+0300] {logging_mixin.py:190} INFO - [2025-10-09T23:53:17.622+0300] {dag.py:4180} INFO - Setting next_dagrun for dataset_alias_example_alias_producer_with_no_taskflow to None, run_after=None
[2025-10-09T23:53:17.623+0300] {logging_mixin.py:190} INFO - [2025-10-09T23:53:17.623+0300] {dag.py:4180} INFO - Setting next_dagrun for dataset_s3_bucket_consumer_with_no_taskflow to None, run_after=None
[2025-10-09T23:53:17.624+0300] {logging_mixin.py:190} INFO - [2025-10-09T23:53:17.623+0300] {dag.py:4180} INFO - Setting next_dagrun for dataset_s3_bucket_producer_with_no_taskflow to None, run_after=None
[2025-10-09T23:53:17.655+0300] {processor.py:208} INFO - Processing /home/hsooni/cafe_sales_etl/venv/lib/python3.12/site-packages/airflow/example_dags/example_dataset_alias_with_no_taskflow.py took 0.119 seconds
[2025-10-09T23:54:12.842+0300] {processor.py:186} INFO - Started process (PID=47020) to work on /home/hsooni/cafe_sales_etl/venv/lib/python3.12/site-packages/airflow/example_dags/example_dataset_alias_with_no_taskflow.py
[2025-10-09T23:54:12.848+0300] {processor.py:914} INFO - Processing file /home/hsooni/cafe_sales_etl/venv/lib/python3.12/site-packages/airflow/example_dags/example_dataset_alias_with_no_taskflow.py for tasks to queue
[2025-10-09T23:54:12.854+0300] {logging_mixin.py:190} INFO - [2025-10-09T23:54:12.854+0300] {dagbag.py:588} INFO - Filling up the DagBag from /home/hsooni/cafe_sales_etl/venv/lib/python3.12/site-packages/airflow/example_dags/example_dataset_alias_with_no_taskflow.py
[2025-10-09T23:54:12.942+0300] {processor.py:925} INFO - DAG(s) 'dataset_s3_bucket_consumer_with_no_taskflow', 'dataset_alias_example_alias_consumer_with_no_taskflow', 'dataset_alias_example_alias_producer_with_no_taskflow', 'dataset_s3_bucket_producer_with_no_taskflow' retrieved from /home/hsooni/cafe_sales_etl/venv/lib/python3.12/site-packages/airflow/example_dags/example_dataset_alias_with_no_taskflow.py
[2025-10-09T23:54:13.013+0300] {logging_mixin.py:190} INFO - [2025-10-09T23:54:13.013+0300] {dag.py:3239} INFO - Sync 4 DAGs
[2025-10-09T23:54:13.063+0300] {logging_mixin.py:190} INFO - [2025-10-09T23:54:13.062+0300] {dag.py:4180} INFO - Setting next_dagrun for dataset_alias_example_alias_consumer_with_no_taskflow to None, run_after=None
[2025-10-09T23:54:13.067+0300] {logging_mixin.py:190} INFO - [2025-10-09T23:54:13.066+0300] {dag.py:4180} INFO - Setting next_dagrun for dataset_alias_example_alias_producer_with_no_taskflow to None, run_after=None
[2025-10-09T23:54:13.069+0300] {logging_mixin.py:190} INFO - [2025-10-09T23:54:13.068+0300] {dag.py:4180} INFO - Setting next_dagrun for dataset_s3_bucket_consumer_with_no_taskflow to None, run_after=None
[2025-10-09T23:54:13.070+0300] {logging_mixin.py:190} INFO - [2025-10-09T23:54:13.070+0300] {dag.py:4180} INFO - Setting next_dagrun for dataset_s3_bucket_producer_with_no_taskflow to None, run_after=None
[2025-10-09T23:54:13.145+0300] {processor.py:208} INFO - Processing /home/hsooni/cafe_sales_etl/venv/lib/python3.12/site-packages/airflow/example_dags/example_dataset_alias_with_no_taskflow.py took 0.312 seconds
[2025-10-09T23:55:12.672+0300] {processor.py:186} INFO - Started process (PID=47465) to work on /home/hsooni/cafe_sales_etl/venv/lib/python3.12/site-packages/airflow/example_dags/example_dataset_alias_with_no_taskflow.py
[2025-10-09T23:55:12.678+0300] {processor.py:914} INFO - Processing file /home/hsooni/cafe_sales_etl/venv/lib/python3.12/site-packages/airflow/example_dags/example_dataset_alias_with_no_taskflow.py for tasks to queue
[2025-10-09T23:55:12.681+0300] {logging_mixin.py:190} INFO - [2025-10-09T23:55:12.681+0300] {dagbag.py:588} INFO - Filling up the DagBag from /home/hsooni/cafe_sales_etl/venv/lib/python3.12/site-packages/airflow/example_dags/example_dataset_alias_with_no_taskflow.py
[2025-10-09T23:55:12.709+0300] {processor.py:925} INFO - DAG(s) 'dataset_alias_example_alias_consumer_with_no_taskflow', 'dataset_s3_bucket_producer_with_no_taskflow', 'dataset_alias_example_alias_producer_with_no_taskflow', 'dataset_s3_bucket_consumer_with_no_taskflow' retrieved from /home/hsooni/cafe_sales_etl/venv/lib/python3.12/site-packages/airflow/example_dags/example_dataset_alias_with_no_taskflow.py
[2025-10-09T23:55:12.733+0300] {logging_mixin.py:190} INFO - [2025-10-09T23:55:12.733+0300] {dag.py:3239} INFO - Sync 4 DAGs
[2025-10-09T23:55:12.756+0300] {logging_mixin.py:190} INFO - [2025-10-09T23:55:12.755+0300] {dag.py:4180} INFO - Setting next_dagrun for dataset_alias_example_alias_consumer_with_no_taskflow to None, run_after=None
[2025-10-09T23:55:12.758+0300] {logging_mixin.py:190} INFO - [2025-10-09T23:55:12.758+0300] {dag.py:4180} INFO - Setting next_dagrun for dataset_alias_example_alias_producer_with_no_taskflow to None, run_after=None
[2025-10-09T23:55:12.759+0300] {logging_mixin.py:190} INFO - [2025-10-09T23:55:12.759+0300] {dag.py:4180} INFO - Setting next_dagrun for dataset_s3_bucket_consumer_with_no_taskflow to None, run_after=None
[2025-10-09T23:55:12.760+0300] {logging_mixin.py:190} INFO - [2025-10-09T23:55:12.759+0300] {dag.py:4180} INFO - Setting next_dagrun for dataset_s3_bucket_producer_with_no_taskflow to None, run_after=None
[2025-10-09T23:55:12.794+0300] {processor.py:208} INFO - Processing /home/hsooni/cafe_sales_etl/venv/lib/python3.12/site-packages/airflow/example_dags/example_dataset_alias_with_no_taskflow.py took 0.128 seconds
