[2025-10-09T23:47:22.061+0300] {processor.py:186} INFO - Started process (PID=44608) to work on /home/hsooni/cafe_sales_etl/venv/lib/python3.12/site-packages/airflow/example_dags/example_sla_dag.py
[2025-10-09T23:47:22.062+0300] {processor.py:914} INFO - Processing file /home/hsooni/cafe_sales_etl/venv/lib/python3.12/site-packages/airflow/example_dags/example_sla_dag.py for tasks to queue
[2025-10-09T23:47:22.064+0300] {logging_mixin.py:190} INFO - [2025-10-09T23:47:22.064+0300] {dagbag.py:588} INFO - Filling up the DagBag from /home/hsooni/cafe_sales_etl/venv/lib/python3.12/site-packages/airflow/example_dags/example_sla_dag.py
[2025-10-09T23:47:22.075+0300] {processor.py:925} INFO - DAG(s) 'example_sla_dag' retrieved from /home/hsooni/cafe_sales_etl/venv/lib/python3.12/site-packages/airflow/example_dags/example_sla_dag.py
[2025-10-09T23:47:22.213+0300] {logging_mixin.py:190} INFO - [2025-10-09T23:47:22.212+0300] {override.py:1900} INFO - Created Permission View: can delete on DAG:example_sla_dag
[2025-10-09T23:47:22.231+0300] {logging_mixin.py:190} INFO - [2025-10-09T23:47:22.231+0300] {override.py:1900} INFO - Created Permission View: can read on DAG:example_sla_dag
[2025-10-09T23:47:22.245+0300] {logging_mixin.py:190} INFO - [2025-10-09T23:47:22.245+0300] {override.py:1900} INFO - Created Permission View: can edit on DAG:example_sla_dag
[2025-10-09T23:47:22.270+0300] {logging_mixin.py:190} INFO - [2025-10-09T23:47:22.269+0300] {override.py:1900} INFO - Created Permission View: can delete on DAG Run:example_sla_dag
[2025-10-09T23:47:22.283+0300] {logging_mixin.py:190} INFO - [2025-10-09T23:47:22.282+0300] {override.py:1900} INFO - Created Permission View: can create on DAG Run:example_sla_dag
[2025-10-09T23:47:22.296+0300] {logging_mixin.py:190} INFO - [2025-10-09T23:47:22.296+0300] {override.py:1900} INFO - Created Permission View: can read on DAG Run:example_sla_dag
[2025-10-09T23:47:22.309+0300] {logging_mixin.py:190} INFO - [2025-10-09T23:47:22.309+0300] {override.py:1900} INFO - Created Permission View: menu access on DAG Run:example_sla_dag
[2025-10-09T23:47:22.310+0300] {logging_mixin.py:190} INFO - [2025-10-09T23:47:22.310+0300] {dag.py:3239} INFO - Sync 1 DAGs
[2025-10-09T23:47:22.324+0300] {logging_mixin.py:190} INFO - [2025-10-09T23:47:22.324+0300] {dag.py:3262} INFO - Creating ORM DAG for example_sla_dag
[2025-10-09T23:47:22.338+0300] {logging_mixin.py:190} INFO - [2025-10-09T23:47:22.338+0300] {dag.py:4180} INFO - Setting next_dagrun for example_sla_dag to 2025-10-09 20:44:00+00:00, run_after=2025-10-09 20:46:00+00:00
[2025-10-09T23:47:22.361+0300] {processor.py:208} INFO - Processing /home/hsooni/cafe_sales_etl/venv/lib/python3.12/site-packages/airflow/example_dags/example_sla_dag.py took 0.309 seconds
[2025-10-09T23:49:00.410+0300] {processor.py:186} INFO - Started process (PID=45154) to work on /home/hsooni/cafe_sales_etl/venv/lib/python3.12/site-packages/airflow/example_dags/example_sla_dag.py
[2025-10-09T23:49:00.417+0300] {processor.py:914} INFO - Processing file /home/hsooni/cafe_sales_etl/venv/lib/python3.12/site-packages/airflow/example_dags/example_sla_dag.py for tasks to queue
[2025-10-09T23:49:00.419+0300] {logging_mixin.py:190} INFO - [2025-10-09T23:49:00.419+0300] {dagbag.py:588} INFO - Filling up the DagBag from /home/hsooni/cafe_sales_etl/venv/lib/python3.12/site-packages/airflow/example_dags/example_sla_dag.py
[2025-10-09T23:49:00.431+0300] {processor.py:925} INFO - DAG(s) 'example_sla_dag' retrieved from /home/hsooni/cafe_sales_etl/venv/lib/python3.12/site-packages/airflow/example_dags/example_sla_dag.py
[2025-10-09T23:49:00.449+0300] {logging_mixin.py:190} INFO - [2025-10-09T23:49:00.449+0300] {dag.py:3239} INFO - Sync 1 DAGs
[2025-10-09T23:49:00.477+0300] {logging_mixin.py:190} INFO - [2025-10-09T23:49:00.477+0300] {dag.py:4180} INFO - Setting next_dagrun for example_sla_dag to 2025-10-09 20:46:00+00:00, run_after=2025-10-09 20:48:00+00:00
[2025-10-09T23:49:00.514+0300] {processor.py:208} INFO - Processing /home/hsooni/cafe_sales_etl/venv/lib/python3.12/site-packages/airflow/example_dags/example_sla_dag.py took 0.112 seconds
[2025-10-09T23:50:00.294+0300] {processor.py:186} INFO - Started process (PID=45590) to work on /home/hsooni/cafe_sales_etl/venv/lib/python3.12/site-packages/airflow/example_dags/example_sla_dag.py
[2025-10-09T23:50:00.296+0300] {processor.py:914} INFO - Processing file /home/hsooni/cafe_sales_etl/venv/lib/python3.12/site-packages/airflow/example_dags/example_sla_dag.py for tasks to queue
[2025-10-09T23:50:00.298+0300] {logging_mixin.py:190} INFO - [2025-10-09T23:50:00.297+0300] {dagbag.py:588} INFO - Filling up the DagBag from /home/hsooni/cafe_sales_etl/venv/lib/python3.12/site-packages/airflow/example_dags/example_sla_dag.py
[2025-10-09T23:50:00.310+0300] {processor.py:925} INFO - DAG(s) 'example_sla_dag' retrieved from /home/hsooni/cafe_sales_etl/venv/lib/python3.12/site-packages/airflow/example_dags/example_sla_dag.py
[2025-10-09T23:50:00.328+0300] {logging_mixin.py:190} INFO - [2025-10-09T23:50:00.327+0300] {dag.py:3239} INFO - Sync 1 DAGs
[2025-10-09T23:50:00.354+0300] {logging_mixin.py:190} INFO - [2025-10-09T23:50:00.354+0300] {dag.py:4180} INFO - Setting next_dagrun for example_sla_dag to 2025-10-09 20:48:00+00:00, run_after=2025-10-09 20:50:00+00:00
[2025-10-09T23:50:00.385+0300] {processor.py:208} INFO - Processing /home/hsooni/cafe_sales_etl/venv/lib/python3.12/site-packages/airflow/example_dags/example_sla_dag.py took 0.096 seconds
[2025-10-09T23:50:56.302+0300] {processor.py:186} INFO - Started process (PID=45829) to work on /home/hsooni/cafe_sales_etl/venv/lib/python3.12/site-packages/airflow/example_dags/example_sla_dag.py
[2025-10-09T23:50:56.303+0300] {processor.py:914} INFO - Processing file /home/hsooni/cafe_sales_etl/venv/lib/python3.12/site-packages/airflow/example_dags/example_sla_dag.py for tasks to queue
[2025-10-09T23:50:56.305+0300] {logging_mixin.py:190} INFO - [2025-10-09T23:50:56.305+0300] {dagbag.py:588} INFO - Filling up the DagBag from /home/hsooni/cafe_sales_etl/venv/lib/python3.12/site-packages/airflow/example_dags/example_sla_dag.py
[2025-10-09T23:50:56.318+0300] {processor.py:925} INFO - DAG(s) 'example_sla_dag' retrieved from /home/hsooni/cafe_sales_etl/venv/lib/python3.12/site-packages/airflow/example_dags/example_sla_dag.py
[2025-10-09T23:50:56.336+0300] {logging_mixin.py:190} INFO - [2025-10-09T23:50:56.336+0300] {dag.py:3239} INFO - Sync 1 DAGs
[2025-10-09T23:50:56.365+0300] {logging_mixin.py:190} INFO - [2025-10-09T23:50:56.365+0300] {dag.py:4180} INFO - Setting next_dagrun for example_sla_dag to 2025-10-09 20:48:00+00:00, run_after=2025-10-09 20:50:00+00:00
[2025-10-09T23:50:56.397+0300] {processor.py:208} INFO - Processing /home/hsooni/cafe_sales_etl/venv/lib/python3.12/site-packages/airflow/example_dags/example_sla_dag.py took 0.103 seconds
[2025-10-09T23:51:52.044+0300] {processor.py:186} INFO - Started process (PID=46241) to work on /home/hsooni/cafe_sales_etl/venv/lib/python3.12/site-packages/airflow/example_dags/example_sla_dag.py
[2025-10-09T23:51:52.050+0300] {processor.py:914} INFO - Processing file /home/hsooni/cafe_sales_etl/venv/lib/python3.12/site-packages/airflow/example_dags/example_sla_dag.py for tasks to queue
[2025-10-09T23:51:52.055+0300] {logging_mixin.py:190} INFO - [2025-10-09T23:51:52.052+0300] {dagbag.py:588} INFO - Filling up the DagBag from /home/hsooni/cafe_sales_etl/venv/lib/python3.12/site-packages/airflow/example_dags/example_sla_dag.py
[2025-10-09T23:51:52.082+0300] {processor.py:925} INFO - DAG(s) 'example_sla_dag' retrieved from /home/hsooni/cafe_sales_etl/venv/lib/python3.12/site-packages/airflow/example_dags/example_sla_dag.py
[2025-10-09T23:51:52.122+0300] {logging_mixin.py:190} INFO - [2025-10-09T23:51:52.121+0300] {dag.py:3239} INFO - Sync 1 DAGs
[2025-10-09T23:51:52.159+0300] {logging_mixin.py:190} INFO - [2025-10-09T23:51:52.159+0300] {dag.py:4180} INFO - Setting next_dagrun for example_sla_dag to 2025-10-09 20:48:00+00:00, run_after=2025-10-09 20:50:00+00:00
[2025-10-09T23:51:52.208+0300] {processor.py:208} INFO - Processing /home/hsooni/cafe_sales_etl/venv/lib/python3.12/site-packages/airflow/example_dags/example_sla_dag.py took 0.181 seconds
[2025-10-09T23:52:45.268+0300] {processor.py:186} INFO - Started process (PID=46486) to work on /home/hsooni/cafe_sales_etl/venv/lib/python3.12/site-packages/airflow/example_dags/example_sla_dag.py
[2025-10-09T23:52:45.274+0300] {processor.py:914} INFO - Processing file /home/hsooni/cafe_sales_etl/venv/lib/python3.12/site-packages/airflow/example_dags/example_sla_dag.py for tasks to queue
[2025-10-09T23:52:45.276+0300] {logging_mixin.py:190} INFO - [2025-10-09T23:52:45.276+0300] {dagbag.py:588} INFO - Filling up the DagBag from /home/hsooni/cafe_sales_etl/venv/lib/python3.12/site-packages/airflow/example_dags/example_sla_dag.py
[2025-10-09T23:52:45.288+0300] {processor.py:925} INFO - DAG(s) 'example_sla_dag' retrieved from /home/hsooni/cafe_sales_etl/venv/lib/python3.12/site-packages/airflow/example_dags/example_sla_dag.py
[2025-10-09T23:52:45.305+0300] {logging_mixin.py:190} INFO - [2025-10-09T23:52:45.305+0300] {dag.py:3239} INFO - Sync 1 DAGs
[2025-10-09T23:52:45.333+0300] {logging_mixin.py:190} INFO - [2025-10-09T23:52:45.333+0300] {dag.py:4180} INFO - Setting next_dagrun for example_sla_dag to 2025-10-09 20:50:00+00:00, run_after=2025-10-09 20:52:00+00:00
[2025-10-09T23:52:45.359+0300] {processor.py:208} INFO - Processing /home/hsooni/cafe_sales_etl/venv/lib/python3.12/site-packages/airflow/example_dags/example_sla_dag.py took 0.097 seconds
[2025-10-09T23:53:39.587+0300] {processor.py:186} INFO - Started process (PID=46722) to work on /home/hsooni/cafe_sales_etl/venv/lib/python3.12/site-packages/airflow/example_dags/example_sla_dag.py
[2025-10-09T23:53:39.593+0300] {processor.py:914} INFO - Processing file /home/hsooni/cafe_sales_etl/venv/lib/python3.12/site-packages/airflow/example_dags/example_sla_dag.py for tasks to queue
[2025-10-09T23:53:39.596+0300] {logging_mixin.py:190} INFO - [2025-10-09T23:53:39.596+0300] {dagbag.py:588} INFO - Filling up the DagBag from /home/hsooni/cafe_sales_etl/venv/lib/python3.12/site-packages/airflow/example_dags/example_sla_dag.py
[2025-10-09T23:53:39.611+0300] {processor.py:925} INFO - DAG(s) 'example_sla_dag' retrieved from /home/hsooni/cafe_sales_etl/venv/lib/python3.12/site-packages/airflow/example_dags/example_sla_dag.py
[2025-10-09T23:53:39.631+0300] {logging_mixin.py:190} INFO - [2025-10-09T23:53:39.631+0300] {dag.py:3239} INFO - Sync 1 DAGs
[2025-10-09T23:53:39.667+0300] {logging_mixin.py:190} INFO - [2025-10-09T23:53:39.667+0300] {dag.py:4180} INFO - Setting next_dagrun for example_sla_dag to 2025-10-09 20:50:00+00:00, run_after=2025-10-09 20:52:00+00:00
[2025-10-09T23:53:39.694+0300] {processor.py:208} INFO - Processing /home/hsooni/cafe_sales_etl/venv/lib/python3.12/site-packages/airflow/example_dags/example_sla_dag.py took 0.114 seconds
[2025-10-09T23:54:39.637+0300] {processor.py:186} INFO - Started process (PID=47258) to work on /home/hsooni/cafe_sales_etl/venv/lib/python3.12/site-packages/airflow/example_dags/example_sla_dag.py
[2025-10-09T23:54:39.643+0300] {processor.py:914} INFO - Processing file /home/hsooni/cafe_sales_etl/venv/lib/python3.12/site-packages/airflow/example_dags/example_sla_dag.py for tasks to queue
[2025-10-09T23:54:39.646+0300] {logging_mixin.py:190} INFO - [2025-10-09T23:54:39.646+0300] {dagbag.py:588} INFO - Filling up the DagBag from /home/hsooni/cafe_sales_etl/venv/lib/python3.12/site-packages/airflow/example_dags/example_sla_dag.py
[2025-10-09T23:54:39.658+0300] {processor.py:925} INFO - DAG(s) 'example_sla_dag' retrieved from /home/hsooni/cafe_sales_etl/venv/lib/python3.12/site-packages/airflow/example_dags/example_sla_dag.py
[2025-10-09T23:54:39.675+0300] {logging_mixin.py:190} INFO - [2025-10-09T23:54:39.675+0300] {dag.py:3239} INFO - Sync 1 DAGs
[2025-10-09T23:54:39.701+0300] {logging_mixin.py:190} INFO - [2025-10-09T23:54:39.700+0300] {dag.py:4180} INFO - Setting next_dagrun for example_sla_dag to 2025-10-09 20:52:00+00:00, run_after=2025-10-09 20:54:00+00:00
[2025-10-09T23:54:39.732+0300] {processor.py:208} INFO - Processing /home/hsooni/cafe_sales_etl/venv/lib/python3.12/site-packages/airflow/example_dags/example_sla_dag.py took 0.103 seconds
[2025-10-09T23:55:37.188+0300] {processor.py:186} INFO - Started process (PID=47608) to work on /home/hsooni/cafe_sales_etl/venv/lib/python3.12/site-packages/airflow/example_dags/example_sla_dag.py
[2025-10-09T23:55:37.194+0300] {processor.py:914} INFO - Processing file /home/hsooni/cafe_sales_etl/venv/lib/python3.12/site-packages/airflow/example_dags/example_sla_dag.py for tasks to queue
[2025-10-09T23:55:37.198+0300] {logging_mixin.py:190} INFO - [2025-10-09T23:55:37.197+0300] {dagbag.py:588} INFO - Filling up the DagBag from /home/hsooni/cafe_sales_etl/venv/lib/python3.12/site-packages/airflow/example_dags/example_sla_dag.py
[2025-10-09T23:55:37.211+0300] {processor.py:925} INFO - DAG(s) 'example_sla_dag' retrieved from /home/hsooni/cafe_sales_etl/venv/lib/python3.12/site-packages/airflow/example_dags/example_sla_dag.py
[2025-10-09T23:55:37.229+0300] {logging_mixin.py:190} INFO - [2025-10-09T23:55:37.229+0300] {dag.py:3239} INFO - Sync 1 DAGs
[2025-10-09T23:55:37.255+0300] {logging_mixin.py:190} INFO - [2025-10-09T23:55:37.255+0300] {dag.py:4180} INFO - Setting next_dagrun for example_sla_dag to 2025-10-09 20:52:00+00:00, run_after=2025-10-09 20:54:00+00:00
[2025-10-09T23:55:37.280+0300] {processor.py:208} INFO - Processing /home/hsooni/cafe_sales_etl/venv/lib/python3.12/site-packages/airflow/example_dags/example_sla_dag.py took 0.100 seconds
