[2025-10-09T23:47:43.264+0300] {processor.py:186} INFO - Started process (PID=44704) to work on /home/hsooni/cafe_sales_etl/venv/lib/python3.12/site-packages/airflow/example_dags/example_latest_only.py
[2025-10-09T23:47:43.265+0300] {processor.py:914} INFO - Processing file /home/hsooni/cafe_sales_etl/venv/lib/python3.12/site-packages/airflow/example_dags/example_latest_only.py for tasks to queue
[2025-10-09T23:47:43.268+0300] {logging_mixin.py:190} INFO - [2025-10-09T23:47:43.268+0300] {dagbag.py:588} INFO - Filling up the DagBag from /home/hsooni/cafe_sales_etl/venv/lib/python3.12/site-packages/airflow/example_dags/example_latest_only.py
[2025-10-09T23:47:43.276+0300] {processor.py:925} INFO - DAG(s) 'latest_only' retrieved from /home/hsooni/cafe_sales_etl/venv/lib/python3.12/site-packages/airflow/example_dags/example_latest_only.py
[2025-10-09T23:47:43.426+0300] {logging_mixin.py:190} INFO - [2025-10-09T23:47:43.425+0300] {override.py:1900} INFO - Created Permission View: can delete on DAG:latest_only
[2025-10-09T23:47:43.448+0300] {logging_mixin.py:190} INFO - [2025-10-09T23:47:43.448+0300] {override.py:1900} INFO - Created Permission View: can read on DAG:latest_only
[2025-10-09T23:47:43.466+0300] {logging_mixin.py:190} INFO - [2025-10-09T23:47:43.465+0300] {override.py:1900} INFO - Created Permission View: can edit on DAG:latest_only
[2025-10-09T23:47:43.506+0300] {logging_mixin.py:190} INFO - [2025-10-09T23:47:43.506+0300] {override.py:1900} INFO - Created Permission View: can delete on DAG Run:latest_only
[2025-10-09T23:47:43.521+0300] {logging_mixin.py:190} INFO - [2025-10-09T23:47:43.521+0300] {override.py:1900} INFO - Created Permission View: can create on DAG Run:latest_only
[2025-10-09T23:47:43.533+0300] {logging_mixin.py:190} INFO - [2025-10-09T23:47:43.533+0300] {override.py:1900} INFO - Created Permission View: can read on DAG Run:latest_only
[2025-10-09T23:47:43.545+0300] {logging_mixin.py:190} INFO - [2025-10-09T23:47:43.545+0300] {override.py:1900} INFO - Created Permission View: menu access on DAG Run:latest_only
[2025-10-09T23:47:43.546+0300] {logging_mixin.py:190} INFO - [2025-10-09T23:47:43.545+0300] {dag.py:3239} INFO - Sync 1 DAGs
[2025-10-09T23:47:43.559+0300] {logging_mixin.py:190} INFO - [2025-10-09T23:47:43.559+0300] {dag.py:3262} INFO - Creating ORM DAG for latest_only
[2025-10-09T23:47:43.569+0300] {logging_mixin.py:190} INFO - [2025-10-09T23:47:43.569+0300] {dag.py:4180} INFO - Setting next_dagrun for latest_only to 2025-10-09 16:00:00+00:00, run_after=2025-10-09 20:00:00+00:00
[2025-10-09T23:47:43.594+0300] {processor.py:208} INFO - Processing /home/hsooni/cafe_sales_etl/venv/lib/python3.12/site-packages/airflow/example_dags/example_latest_only.py took 0.336 seconds
[2025-10-09T23:49:17.948+0300] {processor.py:186} INFO - Started process (PID=45184) to work on /home/hsooni/cafe_sales_etl/venv/lib/python3.12/site-packages/airflow/example_dags/example_latest_only.py
[2025-10-09T23:49:17.954+0300] {processor.py:914} INFO - Processing file /home/hsooni/cafe_sales_etl/venv/lib/python3.12/site-packages/airflow/example_dags/example_latest_only.py for tasks to queue
[2025-10-09T23:49:17.958+0300] {logging_mixin.py:190} INFO - [2025-10-09T23:49:17.957+0300] {dagbag.py:588} INFO - Filling up the DagBag from /home/hsooni/cafe_sales_etl/venv/lib/python3.12/site-packages/airflow/example_dags/example_latest_only.py
[2025-10-09T23:49:17.968+0300] {processor.py:925} INFO - DAG(s) 'latest_only' retrieved from /home/hsooni/cafe_sales_etl/venv/lib/python3.12/site-packages/airflow/example_dags/example_latest_only.py
[2025-10-09T23:49:17.989+0300] {logging_mixin.py:190} INFO - [2025-10-09T23:49:17.989+0300] {dag.py:3239} INFO - Sync 1 DAGs
[2025-10-09T23:49:18.012+0300] {logging_mixin.py:190} INFO - [2025-10-09T23:49:18.012+0300] {dag.py:4180} INFO - Setting next_dagrun for latest_only to 2025-10-09 16:00:00+00:00, run_after=2025-10-09 20:00:00+00:00
[2025-10-09T23:49:18.043+0300] {processor.py:208} INFO - Processing /home/hsooni/cafe_sales_etl/venv/lib/python3.12/site-packages/airflow/example_dags/example_latest_only.py took 0.103 seconds
[2025-10-09T23:50:19.311+0300] {processor.py:186} INFO - Started process (PID=45648) to work on /home/hsooni/cafe_sales_etl/venv/lib/python3.12/site-packages/airflow/example_dags/example_latest_only.py
[2025-10-09T23:50:19.317+0300] {processor.py:914} INFO - Processing file /home/hsooni/cafe_sales_etl/venv/lib/python3.12/site-packages/airflow/example_dags/example_latest_only.py for tasks to queue
[2025-10-09T23:50:19.320+0300] {logging_mixin.py:190} INFO - [2025-10-09T23:50:19.319+0300] {dagbag.py:588} INFO - Filling up the DagBag from /home/hsooni/cafe_sales_etl/venv/lib/python3.12/site-packages/airflow/example_dags/example_latest_only.py
[2025-10-09T23:50:19.328+0300] {processor.py:925} INFO - DAG(s) 'latest_only' retrieved from /home/hsooni/cafe_sales_etl/venv/lib/python3.12/site-packages/airflow/example_dags/example_latest_only.py
[2025-10-09T23:50:19.345+0300] {logging_mixin.py:190} INFO - [2025-10-09T23:50:19.344+0300] {dag.py:3239} INFO - Sync 1 DAGs
[2025-10-09T23:50:19.368+0300] {logging_mixin.py:190} INFO - [2025-10-09T23:50:19.368+0300] {dag.py:4180} INFO - Setting next_dagrun for latest_only to 2025-10-09 16:00:00+00:00, run_after=2025-10-09 20:00:00+00:00
[2025-10-09T23:50:19.397+0300] {processor.py:208} INFO - Processing /home/hsooni/cafe_sales_etl/venv/lib/python3.12/site-packages/airflow/example_dags/example_latest_only.py took 0.091 seconds
[2025-10-09T23:51:16.338+0300] {processor.py:186} INFO - Started process (PID=45973) to work on /home/hsooni/cafe_sales_etl/venv/lib/python3.12/site-packages/airflow/example_dags/example_latest_only.py
[2025-10-09T23:51:16.365+0300] {processor.py:914} INFO - Processing file /home/hsooni/cafe_sales_etl/venv/lib/python3.12/site-packages/airflow/example_dags/example_latest_only.py for tasks to queue
[2025-10-09T23:51:16.368+0300] {logging_mixin.py:190} INFO - [2025-10-09T23:51:16.368+0300] {dagbag.py:588} INFO - Filling up the DagBag from /home/hsooni/cafe_sales_etl/venv/lib/python3.12/site-packages/airflow/example_dags/example_latest_only.py
[2025-10-09T23:51:16.380+0300] {processor.py:925} INFO - DAG(s) 'latest_only' retrieved from /home/hsooni/cafe_sales_etl/venv/lib/python3.12/site-packages/airflow/example_dags/example_latest_only.py
[2025-10-09T23:51:16.407+0300] {logging_mixin.py:190} INFO - [2025-10-09T23:51:16.407+0300] {dag.py:3239} INFO - Sync 1 DAGs
[2025-10-09T23:51:16.436+0300] {logging_mixin.py:190} INFO - [2025-10-09T23:51:16.436+0300] {dag.py:4180} INFO - Setting next_dagrun for latest_only to 2025-10-09 16:00:00+00:00, run_after=2025-10-09 20:00:00+00:00
[2025-10-09T23:51:16.473+0300] {processor.py:208} INFO - Processing /home/hsooni/cafe_sales_etl/venv/lib/python3.12/site-packages/airflow/example_dags/example_latest_only.py took 0.142 seconds
[2025-10-09T23:52:14.019+0300] {processor.py:186} INFO - Started process (PID=46349) to work on /home/hsooni/cafe_sales_etl/venv/lib/python3.12/site-packages/airflow/example_dags/example_latest_only.py
[2025-10-09T23:52:14.025+0300] {processor.py:914} INFO - Processing file /home/hsooni/cafe_sales_etl/venv/lib/python3.12/site-packages/airflow/example_dags/example_latest_only.py for tasks to queue
[2025-10-09T23:52:14.027+0300] {logging_mixin.py:190} INFO - [2025-10-09T23:52:14.027+0300] {dagbag.py:588} INFO - Filling up the DagBag from /home/hsooni/cafe_sales_etl/venv/lib/python3.12/site-packages/airflow/example_dags/example_latest_only.py
[2025-10-09T23:52:14.035+0300] {processor.py:925} INFO - DAG(s) 'latest_only' retrieved from /home/hsooni/cafe_sales_etl/venv/lib/python3.12/site-packages/airflow/example_dags/example_latest_only.py
[2025-10-09T23:52:14.052+0300] {logging_mixin.py:190} INFO - [2025-10-09T23:52:14.052+0300] {dag.py:3239} INFO - Sync 1 DAGs
[2025-10-09T23:52:14.075+0300] {logging_mixin.py:190} INFO - [2025-10-09T23:52:14.075+0300] {dag.py:4180} INFO - Setting next_dagrun for latest_only to 2025-10-09 16:00:00+00:00, run_after=2025-10-09 20:00:00+00:00
[2025-10-09T23:52:14.106+0300] {processor.py:208} INFO - Processing /home/hsooni/cafe_sales_etl/venv/lib/python3.12/site-packages/airflow/example_dags/example_latest_only.py took 0.093 seconds
[2025-10-09T23:53:09.550+0300] {processor.py:186} INFO - Started process (PID=46587) to work on /home/hsooni/cafe_sales_etl/venv/lib/python3.12/site-packages/airflow/example_dags/example_latest_only.py
[2025-10-09T23:53:09.556+0300] {processor.py:914} INFO - Processing file /home/hsooni/cafe_sales_etl/venv/lib/python3.12/site-packages/airflow/example_dags/example_latest_only.py for tasks to queue
[2025-10-09T23:53:09.559+0300] {logging_mixin.py:190} INFO - [2025-10-09T23:53:09.558+0300] {dagbag.py:588} INFO - Filling up the DagBag from /home/hsooni/cafe_sales_etl/venv/lib/python3.12/site-packages/airflow/example_dags/example_latest_only.py
[2025-10-09T23:53:09.567+0300] {processor.py:925} INFO - DAG(s) 'latest_only' retrieved from /home/hsooni/cafe_sales_etl/venv/lib/python3.12/site-packages/airflow/example_dags/example_latest_only.py
[2025-10-09T23:53:09.584+0300] {logging_mixin.py:190} INFO - [2025-10-09T23:53:09.584+0300] {dag.py:3239} INFO - Sync 1 DAGs
[2025-10-09T23:53:09.607+0300] {logging_mixin.py:190} INFO - [2025-10-09T23:53:09.607+0300] {dag.py:4180} INFO - Setting next_dagrun for latest_only to 2025-10-09 16:00:00+00:00, run_after=2025-10-09 20:00:00+00:00
[2025-10-09T23:53:09.637+0300] {processor.py:208} INFO - Processing /home/hsooni/cafe_sales_etl/venv/lib/python3.12/site-packages/airflow/example_dags/example_latest_only.py took 0.093 seconds
[2025-10-09T23:54:02.250+0300] {processor.py:186} INFO - Started process (PID=46951) to work on /home/hsooni/cafe_sales_etl/venv/lib/python3.12/site-packages/airflow/example_dags/example_latest_only.py
[2025-10-09T23:54:02.256+0300] {processor.py:914} INFO - Processing file /home/hsooni/cafe_sales_etl/venv/lib/python3.12/site-packages/airflow/example_dags/example_latest_only.py for tasks to queue
[2025-10-09T23:54:02.258+0300] {logging_mixin.py:190} INFO - [2025-10-09T23:54:02.258+0300] {dagbag.py:588} INFO - Filling up the DagBag from /home/hsooni/cafe_sales_etl/venv/lib/python3.12/site-packages/airflow/example_dags/example_latest_only.py
[2025-10-09T23:54:02.268+0300] {processor.py:925} INFO - DAG(s) 'latest_only' retrieved from /home/hsooni/cafe_sales_etl/venv/lib/python3.12/site-packages/airflow/example_dags/example_latest_only.py
[2025-10-09T23:54:02.289+0300] {logging_mixin.py:190} INFO - [2025-10-09T23:54:02.288+0300] {dag.py:3239} INFO - Sync 1 DAGs
[2025-10-09T23:54:02.320+0300] {logging_mixin.py:190} INFO - [2025-10-09T23:54:02.320+0300] {dag.py:4180} INFO - Setting next_dagrun for latest_only to 2025-10-09 16:00:00+00:00, run_after=2025-10-09 20:00:00+00:00
[2025-10-09T23:54:02.411+0300] {processor.py:208} INFO - Processing /home/hsooni/cafe_sales_etl/venv/lib/python3.12/site-packages/airflow/example_dags/example_latest_only.py took 0.175 seconds
[2025-10-09T23:55:04.633+0300] {processor.py:186} INFO - Started process (PID=47431) to work on /home/hsooni/cafe_sales_etl/venv/lib/python3.12/site-packages/airflow/example_dags/example_latest_only.py
[2025-10-09T23:55:04.634+0300] {processor.py:914} INFO - Processing file /home/hsooni/cafe_sales_etl/venv/lib/python3.12/site-packages/airflow/example_dags/example_latest_only.py for tasks to queue
[2025-10-09T23:55:04.637+0300] {logging_mixin.py:190} INFO - [2025-10-09T23:55:04.637+0300] {dagbag.py:588} INFO - Filling up the DagBag from /home/hsooni/cafe_sales_etl/venv/lib/python3.12/site-packages/airflow/example_dags/example_latest_only.py
[2025-10-09T23:55:04.645+0300] {processor.py:925} INFO - DAG(s) 'latest_only' retrieved from /home/hsooni/cafe_sales_etl/venv/lib/python3.12/site-packages/airflow/example_dags/example_latest_only.py
[2025-10-09T23:55:04.662+0300] {logging_mixin.py:190} INFO - [2025-10-09T23:55:04.662+0300] {dag.py:3239} INFO - Sync 1 DAGs
[2025-10-09T23:55:04.687+0300] {logging_mixin.py:190} INFO - [2025-10-09T23:55:04.686+0300] {dag.py:4180} INFO - Setting next_dagrun for latest_only to 2025-10-09 16:00:00+00:00, run_after=2025-10-09 20:00:00+00:00
[2025-10-09T23:55:04.717+0300] {processor.py:208} INFO - Processing /home/hsooni/cafe_sales_etl/venv/lib/python3.12/site-packages/airflow/example_dags/example_latest_only.py took 0.092 seconds
