[2025-10-09T23:49:32.013+0300] {processor.py:186} INFO - Started process (PID=45322) to work on /home/hsooni/cafe_sales_etl/venv/lib/python3.12/site-packages/airflow/example_dags/example_branch_python_dop_operator_3.py
[2025-10-09T23:49:32.014+0300] {processor.py:914} INFO - Processing file /home/hsooni/cafe_sales_etl/venv/lib/python3.12/site-packages/airflow/example_dags/example_branch_python_dop_operator_3.py for tasks to queue
[2025-10-09T23:49:32.017+0300] {logging_mixin.py:190} INFO - [2025-10-09T23:49:32.016+0300] {dagbag.py:588} INFO - Filling up the DagBag from /home/hsooni/cafe_sales_etl/venv/lib/python3.12/site-packages/airflow/example_dags/example_branch_python_dop_operator_3.py
[2025-10-09T23:49:32.030+0300] {processor.py:925} INFO - DAG(s) 'example_branch_dop_operator_v3' retrieved from /home/hsooni/cafe_sales_etl/venv/lib/python3.12/site-packages/airflow/example_dags/example_branch_python_dop_operator_3.py
[2025-10-09T23:49:32.167+0300] {logging_mixin.py:190} INFO - [2025-10-09T23:49:32.166+0300] {override.py:1900} INFO - Created Permission View: can delete on DAG:example_branch_dop_operator_v3
[2025-10-09T23:49:32.185+0300] {logging_mixin.py:190} INFO - [2025-10-09T23:49:32.184+0300] {override.py:1900} INFO - Created Permission View: can read on DAG:example_branch_dop_operator_v3
[2025-10-09T23:49:32.199+0300] {logging_mixin.py:190} INFO - [2025-10-09T23:49:32.199+0300] {override.py:1900} INFO - Created Permission View: can edit on DAG:example_branch_dop_operator_v3
[2025-10-09T23:49:32.223+0300] {logging_mixin.py:190} INFO - [2025-10-09T23:49:32.222+0300] {override.py:1900} INFO - Created Permission View: can delete on DAG Run:example_branch_dop_operator_v3
[2025-10-09T23:49:32.237+0300] {logging_mixin.py:190} INFO - [2025-10-09T23:49:32.237+0300] {override.py:1900} INFO - Created Permission View: menu access on DAG Run:example_branch_dop_operator_v3
[2025-10-09T23:49:32.251+0300] {logging_mixin.py:190} INFO - [2025-10-09T23:49:32.250+0300] {override.py:1900} INFO - Created Permission View: can read on DAG Run:example_branch_dop_operator_v3
[2025-10-09T23:49:32.264+0300] {logging_mixin.py:190} INFO - [2025-10-09T23:49:32.264+0300] {override.py:1900} INFO - Created Permission View: can create on DAG Run:example_branch_dop_operator_v3
[2025-10-09T23:49:32.265+0300] {logging_mixin.py:190} INFO - [2025-10-09T23:49:32.264+0300] {dag.py:3239} INFO - Sync 1 DAGs
[2025-10-09T23:49:32.281+0300] {logging_mixin.py:190} INFO - [2025-10-09T23:49:32.280+0300] {dag.py:3262} INFO - Creating ORM DAG for example_branch_dop_operator_v3
[2025-10-09T23:49:32.296+0300] {logging_mixin.py:190} INFO - [2025-10-09T23:49:32.296+0300] {dag.py:4180} INFO - Setting next_dagrun for example_branch_dop_operator_v3 to 2025-10-09 20:48:00+00:00, run_after=2025-10-09 20:49:00+00:00
[2025-10-09T23:49:32.321+0300] {processor.py:208} INFO - Processing /home/hsooni/cafe_sales_etl/venv/lib/python3.12/site-packages/airflow/example_dags/example_branch_python_dop_operator_3.py took 0.315 seconds
[2025-10-09T23:50:31.462+0300] {processor.py:186} INFO - Started process (PID=45702) to work on /home/hsooni/cafe_sales_etl/venv/lib/python3.12/site-packages/airflow/example_dags/example_branch_python_dop_operator_3.py
[2025-10-09T23:50:31.468+0300] {processor.py:914} INFO - Processing file /home/hsooni/cafe_sales_etl/venv/lib/python3.12/site-packages/airflow/example_dags/example_branch_python_dop_operator_3.py for tasks to queue
[2025-10-09T23:50:31.470+0300] {logging_mixin.py:190} INFO - [2025-10-09T23:50:31.470+0300] {dagbag.py:588} INFO - Filling up the DagBag from /home/hsooni/cafe_sales_etl/venv/lib/python3.12/site-packages/airflow/example_dags/example_branch_python_dop_operator_3.py
[2025-10-09T23:50:31.482+0300] {processor.py:925} INFO - DAG(s) 'example_branch_dop_operator_v3' retrieved from /home/hsooni/cafe_sales_etl/venv/lib/python3.12/site-packages/airflow/example_dags/example_branch_python_dop_operator_3.py
[2025-10-09T23:50:31.500+0300] {logging_mixin.py:190} INFO - [2025-10-09T23:50:31.500+0300] {dag.py:3239} INFO - Sync 1 DAGs
[2025-10-09T23:50:31.531+0300] {logging_mixin.py:190} INFO - [2025-10-09T23:50:31.530+0300] {dag.py:4180} INFO - Setting next_dagrun for example_branch_dop_operator_v3 to 2025-10-09 20:49:00+00:00, run_after=2025-10-09 20:50:00+00:00
[2025-10-09T23:50:31.563+0300] {processor.py:208} INFO - Processing /home/hsooni/cafe_sales_etl/venv/lib/python3.12/site-packages/airflow/example_dags/example_branch_python_dop_operator_3.py took 0.108 seconds
[2025-10-09T23:51:27.960+0300] {processor.py:186} INFO - Started process (PID=46097) to work on /home/hsooni/cafe_sales_etl/venv/lib/python3.12/site-packages/airflow/example_dags/example_branch_python_dop_operator_3.py
[2025-10-09T23:51:27.961+0300] {processor.py:914} INFO - Processing file /home/hsooni/cafe_sales_etl/venv/lib/python3.12/site-packages/airflow/example_dags/example_branch_python_dop_operator_3.py for tasks to queue
[2025-10-09T23:51:27.964+0300] {logging_mixin.py:190} INFO - [2025-10-09T23:51:27.963+0300] {dagbag.py:588} INFO - Filling up the DagBag from /home/hsooni/cafe_sales_etl/venv/lib/python3.12/site-packages/airflow/example_dags/example_branch_python_dop_operator_3.py
[2025-10-09T23:51:27.977+0300] {processor.py:925} INFO - DAG(s) 'example_branch_dop_operator_v3' retrieved from /home/hsooni/cafe_sales_etl/venv/lib/python3.12/site-packages/airflow/example_dags/example_branch_python_dop_operator_3.py
[2025-10-09T23:51:27.995+0300] {logging_mixin.py:190} INFO - [2025-10-09T23:51:27.995+0300] {dag.py:3239} INFO - Sync 1 DAGs
[2025-10-09T23:51:28.025+0300] {logging_mixin.py:190} INFO - [2025-10-09T23:51:28.025+0300] {dag.py:4180} INFO - Setting next_dagrun for example_branch_dop_operator_v3 to 2025-10-09 20:50:00+00:00, run_after=2025-10-09 20:51:00+00:00
[2025-10-09T23:51:28.057+0300] {processor.py:208} INFO - Processing /home/hsooni/cafe_sales_etl/venv/lib/python3.12/site-packages/airflow/example_dags/example_branch_python_dop_operator_3.py took 0.104 seconds
[2025-10-09T23:52:26.937+0300] {processor.py:186} INFO - Started process (PID=46393) to work on /home/hsooni/cafe_sales_etl/venv/lib/python3.12/site-packages/airflow/example_dags/example_branch_python_dop_operator_3.py
[2025-10-09T23:52:26.938+0300] {processor.py:914} INFO - Processing file /home/hsooni/cafe_sales_etl/venv/lib/python3.12/site-packages/airflow/example_dags/example_branch_python_dop_operator_3.py for tasks to queue
[2025-10-09T23:52:26.940+0300] {logging_mixin.py:190} INFO - [2025-10-09T23:52:26.940+0300] {dagbag.py:588} INFO - Filling up the DagBag from /home/hsooni/cafe_sales_etl/venv/lib/python3.12/site-packages/airflow/example_dags/example_branch_python_dop_operator_3.py
[2025-10-09T23:52:26.953+0300] {processor.py:925} INFO - DAG(s) 'example_branch_dop_operator_v3' retrieved from /home/hsooni/cafe_sales_etl/venv/lib/python3.12/site-packages/airflow/example_dags/example_branch_python_dop_operator_3.py
[2025-10-09T23:52:26.972+0300] {logging_mixin.py:190} INFO - [2025-10-09T23:52:26.972+0300] {dag.py:3239} INFO - Sync 1 DAGs
[2025-10-09T23:52:27.004+0300] {logging_mixin.py:190} INFO - [2025-10-09T23:52:27.004+0300] {dag.py:4180} INFO - Setting next_dagrun for example_branch_dop_operator_v3 to 2025-10-09 20:51:00+00:00, run_after=2025-10-09 20:52:00+00:00
[2025-10-09T23:52:27.052+0300] {processor.py:208} INFO - Processing /home/hsooni/cafe_sales_etl/venv/lib/python3.12/site-packages/airflow/example_dags/example_branch_python_dop_operator_3.py took 0.121 seconds
[2025-10-09T23:53:46.828+0300] {processor.py:186} INFO - Started process (PID=46825) to work on /home/hsooni/cafe_sales_etl/venv/lib/python3.12/site-packages/airflow/example_dags/example_branch_python_dop_operator_3.py
[2025-10-09T23:53:46.835+0300] {processor.py:914} INFO - Processing file /home/hsooni/cafe_sales_etl/venv/lib/python3.12/site-packages/airflow/example_dags/example_branch_python_dop_operator_3.py for tasks to queue
[2025-10-09T23:53:46.837+0300] {logging_mixin.py:190} INFO - [2025-10-09T23:53:46.837+0300] {dagbag.py:588} INFO - Filling up the DagBag from /home/hsooni/cafe_sales_etl/venv/lib/python3.12/site-packages/airflow/example_dags/example_branch_python_dop_operator_3.py
[2025-10-09T23:53:46.850+0300] {processor.py:925} INFO - DAG(s) 'example_branch_dop_operator_v3' retrieved from /home/hsooni/cafe_sales_etl/venv/lib/python3.12/site-packages/airflow/example_dags/example_branch_python_dop_operator_3.py
[2025-10-09T23:53:46.872+0300] {logging_mixin.py:190} INFO - [2025-10-09T23:53:46.872+0300] {dag.py:3239} INFO - Sync 1 DAGs
[2025-10-09T23:53:46.902+0300] {logging_mixin.py:190} INFO - [2025-10-09T23:53:46.902+0300] {dag.py:4180} INFO - Setting next_dagrun for example_branch_dop_operator_v3 to 2025-10-09 20:52:00+00:00, run_after=2025-10-09 20:53:00+00:00
[2025-10-09T23:53:46.939+0300] {processor.py:208} INFO - Processing /home/hsooni/cafe_sales_etl/venv/lib/python3.12/site-packages/airflow/example_dags/example_branch_python_dop_operator_3.py took 0.119 seconds
[2025-10-09T23:54:47.387+0300] {processor.py:186} INFO - Started process (PID=47295) to work on /home/hsooni/cafe_sales_etl/venv/lib/python3.12/site-packages/airflow/example_dags/example_branch_python_dop_operator_3.py
[2025-10-09T23:54:47.393+0300] {processor.py:914} INFO - Processing file /home/hsooni/cafe_sales_etl/venv/lib/python3.12/site-packages/airflow/example_dags/example_branch_python_dop_operator_3.py for tasks to queue
[2025-10-09T23:54:47.396+0300] {logging_mixin.py:190} INFO - [2025-10-09T23:54:47.395+0300] {dagbag.py:588} INFO - Filling up the DagBag from /home/hsooni/cafe_sales_etl/venv/lib/python3.12/site-packages/airflow/example_dags/example_branch_python_dop_operator_3.py
[2025-10-09T23:54:47.409+0300] {processor.py:925} INFO - DAG(s) 'example_branch_dop_operator_v3' retrieved from /home/hsooni/cafe_sales_etl/venv/lib/python3.12/site-packages/airflow/example_dags/example_branch_python_dop_operator_3.py
[2025-10-09T23:54:47.427+0300] {logging_mixin.py:190} INFO - [2025-10-09T23:54:47.427+0300] {dag.py:3239} INFO - Sync 1 DAGs
[2025-10-09T23:54:47.457+0300] {logging_mixin.py:190} INFO - [2025-10-09T23:54:47.456+0300] {dag.py:4180} INFO - Setting next_dagrun for example_branch_dop_operator_v3 to 2025-10-09 20:53:00+00:00, run_after=2025-10-09 20:54:00+00:00
[2025-10-09T23:54:47.489+0300] {processor.py:208} INFO - Processing /home/hsooni/cafe_sales_etl/venv/lib/python3.12/site-packages/airflow/example_dags/example_branch_python_dop_operator_3.py took 0.109 seconds
