[2025-10-09T23:47:28.649+0300] {processor.py:186} INFO - Started process (PID=44636) to work on /home/hsooni/cafe_sales_etl/venv/lib/python3.12/site-packages/airflow/example_dags/example_sensors.py
[2025-10-09T23:47:28.650+0300] {processor.py:914} INFO - Processing file /home/hsooni/cafe_sales_etl/venv/lib/python3.12/site-packages/airflow/example_dags/example_sensors.py for tasks to queue
[2025-10-09T23:47:28.653+0300] {logging_mixin.py:190} INFO - [2025-10-09T23:47:28.652+0300] {dagbag.py:588} INFO - Filling up the DagBag from /home/hsooni/cafe_sales_etl/venv/lib/python3.12/site-packages/airflow/example_dags/example_sensors.py
[2025-10-09T23:47:28.667+0300] {processor.py:925} INFO - DAG(s) 'example_sensors' retrieved from /home/hsooni/cafe_sales_etl/venv/lib/python3.12/site-packages/airflow/example_dags/example_sensors.py
[2025-10-09T23:47:28.805+0300] {logging_mixin.py:190} INFO - [2025-10-09T23:47:28.804+0300] {override.py:1900} INFO - Created Permission View: can delete on DAG:example_sensors
[2025-10-09T23:47:28.823+0300] {logging_mixin.py:190} INFO - [2025-10-09T23:47:28.822+0300] {override.py:1900} INFO - Created Permission View: can read on DAG:example_sensors
[2025-10-09T23:47:28.838+0300] {logging_mixin.py:190} INFO - [2025-10-09T23:47:28.837+0300] {override.py:1900} INFO - Created Permission View: can edit on DAG:example_sensors
[2025-10-09T23:47:28.861+0300] {logging_mixin.py:190} INFO - [2025-10-09T23:47:28.860+0300] {override.py:1900} INFO - Created Permission View: can delete on DAG Run:example_sensors
[2025-10-09T23:47:28.874+0300] {logging_mixin.py:190} INFO - [2025-10-09T23:47:28.874+0300] {override.py:1900} INFO - Created Permission View: can create on DAG Run:example_sensors
[2025-10-09T23:47:28.887+0300] {logging_mixin.py:190} INFO - [2025-10-09T23:47:28.887+0300] {override.py:1900} INFO - Created Permission View: can read on DAG Run:example_sensors
[2025-10-09T23:47:28.900+0300] {logging_mixin.py:190} INFO - [2025-10-09T23:47:28.900+0300] {override.py:1900} INFO - Created Permission View: menu access on DAG Run:example_sensors
[2025-10-09T23:47:28.901+0300] {logging_mixin.py:190} INFO - [2025-10-09T23:47:28.900+0300] {dag.py:3239} INFO - Sync 1 DAGs
[2025-10-09T23:47:28.914+0300] {logging_mixin.py:190} INFO - [2025-10-09T23:47:28.914+0300] {dag.py:3262} INFO - Creating ORM DAG for example_sensors
[2025-10-09T23:47:28.915+0300] {logging_mixin.py:190} INFO - [2025-10-09T23:47:28.915+0300] {dag.py:4180} INFO - Setting next_dagrun for example_sensors to None, run_after=None
[2025-10-09T23:47:28.939+0300] {processor.py:208} INFO - Processing /home/hsooni/cafe_sales_etl/venv/lib/python3.12/site-packages/airflow/example_dags/example_sensors.py took 0.298 seconds
[2025-10-09T23:49:06.247+0300] {processor.py:186} INFO - Started process (PID=45160) to work on /home/hsooni/cafe_sales_etl/venv/lib/python3.12/site-packages/airflow/example_dags/example_sensors.py
[2025-10-09T23:49:06.253+0300] {processor.py:914} INFO - Processing file /home/hsooni/cafe_sales_etl/venv/lib/python3.12/site-packages/airflow/example_dags/example_sensors.py for tasks to queue
[2025-10-09T23:49:06.256+0300] {logging_mixin.py:190} INFO - [2025-10-09T23:49:06.255+0300] {dagbag.py:588} INFO - Filling up the DagBag from /home/hsooni/cafe_sales_etl/venv/lib/python3.12/site-packages/airflow/example_dags/example_sensors.py
[2025-10-09T23:49:06.268+0300] {processor.py:925} INFO - DAG(s) 'example_sensors' retrieved from /home/hsooni/cafe_sales_etl/venv/lib/python3.12/site-packages/airflow/example_dags/example_sensors.py
[2025-10-09T23:49:06.294+0300] {logging_mixin.py:190} INFO - [2025-10-09T23:49:06.294+0300] {dag.py:3239} INFO - Sync 1 DAGs
[2025-10-09T23:49:06.308+0300] {logging_mixin.py:190} INFO - [2025-10-09T23:49:06.308+0300] {dag.py:4180} INFO - Setting next_dagrun for example_sensors to None, run_after=None
[2025-10-09T23:49:06.339+0300] {processor.py:208} INFO - Processing /home/hsooni/cafe_sales_etl/venv/lib/python3.12/site-packages/airflow/example_dags/example_sensors.py took 0.099 seconds
[2025-10-09T23:50:06.624+0300] {processor.py:186} INFO - Started process (PID=45604) to work on /home/hsooni/cafe_sales_etl/venv/lib/python3.12/site-packages/airflow/example_dags/example_sensors.py
[2025-10-09T23:50:06.625+0300] {processor.py:914} INFO - Processing file /home/hsooni/cafe_sales_etl/venv/lib/python3.12/site-packages/airflow/example_dags/example_sensors.py for tasks to queue
[2025-10-09T23:50:06.628+0300] {logging_mixin.py:190} INFO - [2025-10-09T23:50:06.627+0300] {dagbag.py:588} INFO - Filling up the DagBag from /home/hsooni/cafe_sales_etl/venv/lib/python3.12/site-packages/airflow/example_dags/example_sensors.py
[2025-10-09T23:50:06.640+0300] {processor.py:925} INFO - DAG(s) 'example_sensors' retrieved from /home/hsooni/cafe_sales_etl/venv/lib/python3.12/site-packages/airflow/example_dags/example_sensors.py
[2025-10-09T23:50:06.663+0300] {logging_mixin.py:190} INFO - [2025-10-09T23:50:06.663+0300] {dag.py:3239} INFO - Sync 1 DAGs
[2025-10-09T23:50:06.677+0300] {logging_mixin.py:190} INFO - [2025-10-09T23:50:06.677+0300] {dag.py:4180} INFO - Setting next_dagrun for example_sensors to None, run_after=None
[2025-10-09T23:50:06.707+0300] {processor.py:208} INFO - Processing /home/hsooni/cafe_sales_etl/venv/lib/python3.12/site-packages/airflow/example_dags/example_sensors.py took 0.091 seconds
[2025-10-09T23:51:02.461+0300] {processor.py:186} INFO - Started process (PID=45865) to work on /home/hsooni/cafe_sales_etl/venv/lib/python3.12/site-packages/airflow/example_dags/example_sensors.py
[2025-10-09T23:51:02.467+0300] {processor.py:914} INFO - Processing file /home/hsooni/cafe_sales_etl/venv/lib/python3.12/site-packages/airflow/example_dags/example_sensors.py for tasks to queue
[2025-10-09T23:51:02.469+0300] {logging_mixin.py:190} INFO - [2025-10-09T23:51:02.469+0300] {dagbag.py:588} INFO - Filling up the DagBag from /home/hsooni/cafe_sales_etl/venv/lib/python3.12/site-packages/airflow/example_dags/example_sensors.py
[2025-10-09T23:51:02.482+0300] {processor.py:925} INFO - DAG(s) 'example_sensors' retrieved from /home/hsooni/cafe_sales_etl/venv/lib/python3.12/site-packages/airflow/example_dags/example_sensors.py
[2025-10-09T23:51:02.509+0300] {logging_mixin.py:190} INFO - [2025-10-09T23:51:02.509+0300] {dag.py:3239} INFO - Sync 1 DAGs
[2025-10-09T23:51:02.525+0300] {logging_mixin.py:190} INFO - [2025-10-09T23:51:02.525+0300] {dag.py:4180} INFO - Setting next_dagrun for example_sensors to None, run_after=None
[2025-10-09T23:51:02.559+0300] {processor.py:208} INFO - Processing /home/hsooni/cafe_sales_etl/venv/lib/python3.12/site-packages/airflow/example_dags/example_sensors.py took 0.104 seconds
[2025-10-09T23:51:57.149+0300] {processor.py:186} INFO - Started process (PID=46255) to work on /home/hsooni/cafe_sales_etl/venv/lib/python3.12/site-packages/airflow/example_dags/example_sensors.py
[2025-10-09T23:51:57.155+0300] {processor.py:914} INFO - Processing file /home/hsooni/cafe_sales_etl/venv/lib/python3.12/site-packages/airflow/example_dags/example_sensors.py for tasks to queue
[2025-10-09T23:51:57.158+0300] {logging_mixin.py:190} INFO - [2025-10-09T23:51:57.157+0300] {dagbag.py:588} INFO - Filling up the DagBag from /home/hsooni/cafe_sales_etl/venv/lib/python3.12/site-packages/airflow/example_dags/example_sensors.py
[2025-10-09T23:51:57.170+0300] {processor.py:925} INFO - DAG(s) 'example_sensors' retrieved from /home/hsooni/cafe_sales_etl/venv/lib/python3.12/site-packages/airflow/example_dags/example_sensors.py
[2025-10-09T23:51:57.195+0300] {logging_mixin.py:190} INFO - [2025-10-09T23:51:57.195+0300] {dag.py:3239} INFO - Sync 1 DAGs
[2025-10-09T23:51:57.209+0300] {logging_mixin.py:190} INFO - [2025-10-09T23:51:57.209+0300] {dag.py:4180} INFO - Setting next_dagrun for example_sensors to None, run_after=None
[2025-10-09T23:51:57.241+0300] {processor.py:208} INFO - Processing /home/hsooni/cafe_sales_etl/venv/lib/python3.12/site-packages/airflow/example_dags/example_sensors.py took 0.098 seconds
[2025-10-09T23:52:51.576+0300] {processor.py:186} INFO - Started process (PID=46514) to work on /home/hsooni/cafe_sales_etl/venv/lib/python3.12/site-packages/airflow/example_dags/example_sensors.py
[2025-10-09T23:52:51.582+0300] {processor.py:914} INFO - Processing file /home/hsooni/cafe_sales_etl/venv/lib/python3.12/site-packages/airflow/example_dags/example_sensors.py for tasks to queue
[2025-10-09T23:52:51.584+0300] {logging_mixin.py:190} INFO - [2025-10-09T23:52:51.584+0300] {dagbag.py:588} INFO - Filling up the DagBag from /home/hsooni/cafe_sales_etl/venv/lib/python3.12/site-packages/airflow/example_dags/example_sensors.py
[2025-10-09T23:52:51.597+0300] {processor.py:925} INFO - DAG(s) 'example_sensors' retrieved from /home/hsooni/cafe_sales_etl/venv/lib/python3.12/site-packages/airflow/example_dags/example_sensors.py
[2025-10-09T23:52:51.622+0300] {logging_mixin.py:190} INFO - [2025-10-09T23:52:51.621+0300] {dag.py:3239} INFO - Sync 1 DAGs
[2025-10-09T23:52:51.637+0300] {logging_mixin.py:190} INFO - [2025-10-09T23:52:51.637+0300] {dag.py:4180} INFO - Setting next_dagrun for example_sensors to None, run_after=None
[2025-10-09T23:52:51.671+0300] {processor.py:208} INFO - Processing /home/hsooni/cafe_sales_etl/venv/lib/python3.12/site-packages/airflow/example_dags/example_sensors.py took 0.102 seconds
[2025-10-09T23:53:45.575+0300] {processor.py:186} INFO - Started process (PID=46792) to work on /home/hsooni/cafe_sales_etl/venv/lib/python3.12/site-packages/airflow/example_dags/example_sensors.py
[2025-10-09T23:53:45.581+0300] {processor.py:914} INFO - Processing file /home/hsooni/cafe_sales_etl/venv/lib/python3.12/site-packages/airflow/example_dags/example_sensors.py for tasks to queue
[2025-10-09T23:53:45.584+0300] {logging_mixin.py:190} INFO - [2025-10-09T23:53:45.584+0300] {dagbag.py:588} INFO - Filling up the DagBag from /home/hsooni/cafe_sales_etl/venv/lib/python3.12/site-packages/airflow/example_dags/example_sensors.py
[2025-10-09T23:53:45.597+0300] {processor.py:925} INFO - DAG(s) 'example_sensors' retrieved from /home/hsooni/cafe_sales_etl/venv/lib/python3.12/site-packages/airflow/example_dags/example_sensors.py
[2025-10-09T23:53:45.624+0300] {logging_mixin.py:190} INFO - [2025-10-09T23:53:45.624+0300] {dag.py:3239} INFO - Sync 1 DAGs
[2025-10-09T23:53:45.642+0300] {logging_mixin.py:190} INFO - [2025-10-09T23:53:45.641+0300] {dag.py:4180} INFO - Setting next_dagrun for example_sensors to None, run_after=None
[2025-10-09T23:53:45.676+0300] {processor.py:208} INFO - Processing /home/hsooni/cafe_sales_etl/venv/lib/python3.12/site-packages/airflow/example_dags/example_sensors.py took 0.108 seconds
[2025-10-09T23:54:45.218+0300] {processor.py:186} INFO - Started process (PID=47267) to work on /home/hsooni/cafe_sales_etl/venv/lib/python3.12/site-packages/airflow/example_dags/example_sensors.py
[2025-10-09T23:54:45.224+0300] {processor.py:914} INFO - Processing file /home/hsooni/cafe_sales_etl/venv/lib/python3.12/site-packages/airflow/example_dags/example_sensors.py for tasks to queue
[2025-10-09T23:54:45.227+0300] {logging_mixin.py:190} INFO - [2025-10-09T23:54:45.226+0300] {dagbag.py:588} INFO - Filling up the DagBag from /home/hsooni/cafe_sales_etl/venv/lib/python3.12/site-packages/airflow/example_dags/example_sensors.py
[2025-10-09T23:54:45.239+0300] {processor.py:925} INFO - DAG(s) 'example_sensors' retrieved from /home/hsooni/cafe_sales_etl/venv/lib/python3.12/site-packages/airflow/example_dags/example_sensors.py
[2025-10-09T23:54:45.265+0300] {logging_mixin.py:190} INFO - [2025-10-09T23:54:45.265+0300] {dag.py:3239} INFO - Sync 1 DAGs
[2025-10-09T23:54:45.280+0300] {logging_mixin.py:190} INFO - [2025-10-09T23:54:45.279+0300] {dag.py:4180} INFO - Setting next_dagrun for example_sensors to None, run_after=None
[2025-10-09T23:54:45.313+0300] {processor.py:208} INFO - Processing /home/hsooni/cafe_sales_etl/venv/lib/python3.12/site-packages/airflow/example_dags/example_sensors.py took 0.101 seconds
