[2025-10-09T23:47:46.494+0300] {processor.py:186} INFO - Started process (PID=44719) to work on /home/hsooni/cafe_sales_etl/venv/lib/python3.12/site-packages/airflow/example_dags/example_external_task_marker_dag.py
[2025-10-09T23:47:46.495+0300] {processor.py:914} INFO - Processing file /home/hsooni/cafe_sales_etl/venv/lib/python3.12/site-packages/airflow/example_dags/example_external_task_marker_dag.py for tasks to queue
[2025-10-09T23:47:46.497+0300] {logging_mixin.py:190} INFO - [2025-10-09T23:47:46.497+0300] {dagbag.py:588} INFO - Filling up the DagBag from /home/hsooni/cafe_sales_etl/venv/lib/python3.12/site-packages/airflow/example_dags/example_external_task_marker_dag.py
[2025-10-09T23:47:46.506+0300] {processor.py:925} INFO - DAG(s) 'example_external_task_marker_child', 'example_external_task_marker_parent' retrieved from /home/hsooni/cafe_sales_etl/venv/lib/python3.12/site-packages/airflow/example_dags/example_external_task_marker_dag.py
[2025-10-09T23:47:46.641+0300] {logging_mixin.py:190} INFO - [2025-10-09T23:47:46.641+0300] {override.py:1900} INFO - Created Permission View: can delete on DAG:example_external_task_marker_child
[2025-10-09T23:47:46.660+0300] {logging_mixin.py:190} INFO - [2025-10-09T23:47:46.660+0300] {override.py:1900} INFO - Created Permission View: can read on DAG:example_external_task_marker_child
[2025-10-09T23:47:46.680+0300] {logging_mixin.py:190} INFO - [2025-10-09T23:47:46.679+0300] {override.py:1900} INFO - Created Permission View: can edit on DAG:example_external_task_marker_child
[2025-10-09T23:47:46.704+0300] {logging_mixin.py:190} INFO - [2025-10-09T23:47:46.704+0300] {override.py:1900} INFO - Created Permission View: can delete on DAG Run:example_external_task_marker_child
[2025-10-09T23:47:46.720+0300] {logging_mixin.py:190} INFO - [2025-10-09T23:47:46.719+0300] {override.py:1900} INFO - Created Permission View: can create on DAG Run:example_external_task_marker_child
[2025-10-09T23:47:46.734+0300] {logging_mixin.py:190} INFO - [2025-10-09T23:47:46.733+0300] {override.py:1900} INFO - Created Permission View: can read on DAG Run:example_external_task_marker_child
[2025-10-09T23:47:46.747+0300] {logging_mixin.py:190} INFO - [2025-10-09T23:47:46.747+0300] {override.py:1900} INFO - Created Permission View: menu access on DAG Run:example_external_task_marker_child
[2025-10-09T23:47:46.778+0300] {logging_mixin.py:190} INFO - [2025-10-09T23:47:46.778+0300] {override.py:1900} INFO - Created Permission View: can delete on DAG:example_external_task_marker_parent
[2025-10-09T23:47:46.793+0300] {logging_mixin.py:190} INFO - [2025-10-09T23:47:46.792+0300] {override.py:1900} INFO - Created Permission View: can read on DAG:example_external_task_marker_parent
[2025-10-09T23:47:46.807+0300] {logging_mixin.py:190} INFO - [2025-10-09T23:47:46.807+0300] {override.py:1900} INFO - Created Permission View: can edit on DAG:example_external_task_marker_parent
[2025-10-09T23:47:46.835+0300] {logging_mixin.py:190} INFO - [2025-10-09T23:47:46.834+0300] {override.py:1900} INFO - Created Permission View: can delete on DAG Run:example_external_task_marker_parent
[2025-10-09T23:47:46.850+0300] {logging_mixin.py:190} INFO - [2025-10-09T23:47:46.850+0300] {override.py:1900} INFO - Created Permission View: can create on DAG Run:example_external_task_marker_parent
[2025-10-09T23:47:46.863+0300] {logging_mixin.py:190} INFO - [2025-10-09T23:47:46.863+0300] {override.py:1900} INFO - Created Permission View: can read on DAG Run:example_external_task_marker_parent
[2025-10-09T23:47:46.878+0300] {logging_mixin.py:190} INFO - [2025-10-09T23:47:46.877+0300] {override.py:1900} INFO - Created Permission View: menu access on DAG Run:example_external_task_marker_parent
[2025-10-09T23:47:46.878+0300] {logging_mixin.py:190} INFO - [2025-10-09T23:47:46.878+0300] {dag.py:3239} INFO - Sync 2 DAGs
[2025-10-09T23:47:46.894+0300] {logging_mixin.py:190} INFO - [2025-10-09T23:47:46.893+0300] {dag.py:3262} INFO - Creating ORM DAG for example_external_task_marker_child
[2025-10-09T23:47:46.895+0300] {logging_mixin.py:190} INFO - [2025-10-09T23:47:46.895+0300] {dag.py:3262} INFO - Creating ORM DAG for example_external_task_marker_parent
[2025-10-09T23:47:46.896+0300] {logging_mixin.py:190} INFO - [2025-10-09T23:47:46.896+0300] {dag.py:4180} INFO - Setting next_dagrun for example_external_task_marker_child to None, run_after=None
[2025-10-09T23:47:46.897+0300] {logging_mixin.py:190} INFO - [2025-10-09T23:47:46.896+0300] {dag.py:4180} INFO - Setting next_dagrun for example_external_task_marker_parent to None, run_after=None
[2025-10-09T23:47:46.925+0300] {processor.py:208} INFO - Processing /home/hsooni/cafe_sales_etl/venv/lib/python3.12/site-packages/airflow/example_dags/example_external_task_marker_dag.py took 0.437 seconds
[2025-10-09T23:49:20.761+0300] {processor.py:186} INFO - Started process (PID=45192) to work on /home/hsooni/cafe_sales_etl/venv/lib/python3.12/site-packages/airflow/example_dags/example_external_task_marker_dag.py
[2025-10-09T23:49:20.767+0300] {processor.py:914} INFO - Processing file /home/hsooni/cafe_sales_etl/venv/lib/python3.12/site-packages/airflow/example_dags/example_external_task_marker_dag.py for tasks to queue
[2025-10-09T23:49:20.770+0300] {logging_mixin.py:190} INFO - [2025-10-09T23:49:20.770+0300] {dagbag.py:588} INFO - Filling up the DagBag from /home/hsooni/cafe_sales_etl/venv/lib/python3.12/site-packages/airflow/example_dags/example_external_task_marker_dag.py
[2025-10-09T23:49:20.781+0300] {processor.py:925} INFO - DAG(s) 'example_external_task_marker_child', 'example_external_task_marker_parent' retrieved from /home/hsooni/cafe_sales_etl/venv/lib/python3.12/site-packages/airflow/example_dags/example_external_task_marker_dag.py
[2025-10-09T23:49:20.804+0300] {logging_mixin.py:190} INFO - [2025-10-09T23:49:20.804+0300] {dag.py:3239} INFO - Sync 2 DAGs
[2025-10-09T23:49:20.819+0300] {logging_mixin.py:190} INFO - [2025-10-09T23:49:20.819+0300] {dag.py:4180} INFO - Setting next_dagrun for example_external_task_marker_child to None, run_after=None
[2025-10-09T23:49:20.822+0300] {logging_mixin.py:190} INFO - [2025-10-09T23:49:20.822+0300] {dag.py:4180} INFO - Setting next_dagrun for example_external_task_marker_parent to None, run_after=None
[2025-10-09T23:49:20.850+0300] {processor.py:208} INFO - Processing /home/hsooni/cafe_sales_etl/venv/lib/python3.12/site-packages/airflow/example_dags/example_external_task_marker_dag.py took 0.097 seconds
[2025-10-09T23:50:21.836+0300] {processor.py:186} INFO - Started process (PID=45655) to work on /home/hsooni/cafe_sales_etl/venv/lib/python3.12/site-packages/airflow/example_dags/example_external_task_marker_dag.py
[2025-10-09T23:50:21.842+0300] {processor.py:914} INFO - Processing file /home/hsooni/cafe_sales_etl/venv/lib/python3.12/site-packages/airflow/example_dags/example_external_task_marker_dag.py for tasks to queue
[2025-10-09T23:50:21.844+0300] {logging_mixin.py:190} INFO - [2025-10-09T23:50:21.844+0300] {dagbag.py:588} INFO - Filling up the DagBag from /home/hsooni/cafe_sales_etl/venv/lib/python3.12/site-packages/airflow/example_dags/example_external_task_marker_dag.py
[2025-10-09T23:50:21.854+0300] {processor.py:925} INFO - DAG(s) 'example_external_task_marker_child', 'example_external_task_marker_parent' retrieved from /home/hsooni/cafe_sales_etl/venv/lib/python3.12/site-packages/airflow/example_dags/example_external_task_marker_dag.py
[2025-10-09T23:50:21.874+0300] {logging_mixin.py:190} INFO - [2025-10-09T23:50:21.874+0300] {dag.py:3239} INFO - Sync 2 DAGs
[2025-10-09T23:50:21.890+0300] {logging_mixin.py:190} INFO - [2025-10-09T23:50:21.890+0300] {dag.py:4180} INFO - Setting next_dagrun for example_external_task_marker_child to None, run_after=None
[2025-10-09T23:50:21.894+0300] {logging_mixin.py:190} INFO - [2025-10-09T23:50:21.894+0300] {dag.py:4180} INFO - Setting next_dagrun for example_external_task_marker_parent to None, run_after=None
[2025-10-09T23:50:21.922+0300] {processor.py:208} INFO - Processing /home/hsooni/cafe_sales_etl/venv/lib/python3.12/site-packages/airflow/example_dags/example_external_task_marker_dag.py took 0.095 seconds
[2025-10-09T23:51:19.624+0300] {processor.py:186} INFO - Started process (PID=45996) to work on /home/hsooni/cafe_sales_etl/venv/lib/python3.12/site-packages/airflow/example_dags/example_external_task_marker_dag.py
[2025-10-09T23:51:19.625+0300] {processor.py:914} INFO - Processing file /home/hsooni/cafe_sales_etl/venv/lib/python3.12/site-packages/airflow/example_dags/example_external_task_marker_dag.py for tasks to queue
[2025-10-09T23:51:19.627+0300] {logging_mixin.py:190} INFO - [2025-10-09T23:51:19.626+0300] {dagbag.py:588} INFO - Filling up the DagBag from /home/hsooni/cafe_sales_etl/venv/lib/python3.12/site-packages/airflow/example_dags/example_external_task_marker_dag.py
[2025-10-09T23:51:19.636+0300] {processor.py:925} INFO - DAG(s) 'example_external_task_marker_parent', 'example_external_task_marker_child' retrieved from /home/hsooni/cafe_sales_etl/venv/lib/python3.12/site-packages/airflow/example_dags/example_external_task_marker_dag.py
[2025-10-09T23:51:19.662+0300] {logging_mixin.py:190} INFO - [2025-10-09T23:51:19.662+0300] {dag.py:3239} INFO - Sync 2 DAGs
[2025-10-09T23:51:19.679+0300] {logging_mixin.py:190} INFO - [2025-10-09T23:51:19.679+0300] {dag.py:4180} INFO - Setting next_dagrun for example_external_task_marker_child to None, run_after=None
[2025-10-09T23:51:19.684+0300] {logging_mixin.py:190} INFO - [2025-10-09T23:51:19.683+0300] {dag.py:4180} INFO - Setting next_dagrun for example_external_task_marker_parent to None, run_after=None
[2025-10-09T23:51:19.713+0300] {processor.py:208} INFO - Processing /home/hsooni/cafe_sales_etl/venv/lib/python3.12/site-packages/airflow/example_dags/example_external_task_marker_dag.py took 0.095 seconds
[2025-10-09T23:52:17.554+0300] {processor.py:186} INFO - Started process (PID=46360) to work on /home/hsooni/cafe_sales_etl/venv/lib/python3.12/site-packages/airflow/example_dags/example_external_task_marker_dag.py
[2025-10-09T23:52:17.560+0300] {processor.py:914} INFO - Processing file /home/hsooni/cafe_sales_etl/venv/lib/python3.12/site-packages/airflow/example_dags/example_external_task_marker_dag.py for tasks to queue
[2025-10-09T23:52:17.563+0300] {logging_mixin.py:190} INFO - [2025-10-09T23:52:17.562+0300] {dagbag.py:588} INFO - Filling up the DagBag from /home/hsooni/cafe_sales_etl/venv/lib/python3.12/site-packages/airflow/example_dags/example_external_task_marker_dag.py
[2025-10-09T23:52:17.572+0300] {processor.py:925} INFO - DAG(s) 'example_external_task_marker_parent', 'example_external_task_marker_child' retrieved from /home/hsooni/cafe_sales_etl/venv/lib/python3.12/site-packages/airflow/example_dags/example_external_task_marker_dag.py
[2025-10-09T23:52:17.591+0300] {logging_mixin.py:190} INFO - [2025-10-09T23:52:17.591+0300] {dag.py:3239} INFO - Sync 2 DAGs
[2025-10-09T23:52:17.606+0300] {logging_mixin.py:190} INFO - [2025-10-09T23:52:17.606+0300] {dag.py:4180} INFO - Setting next_dagrun for example_external_task_marker_child to None, run_after=None
[2025-10-09T23:52:17.610+0300] {logging_mixin.py:190} INFO - [2025-10-09T23:52:17.610+0300] {dag.py:4180} INFO - Setting next_dagrun for example_external_task_marker_parent to None, run_after=None
[2025-10-09T23:52:17.632+0300] {processor.py:208} INFO - Processing /home/hsooni/cafe_sales_etl/venv/lib/python3.12/site-packages/airflow/example_dags/example_external_task_marker_dag.py took 0.083 seconds
[2025-10-09T23:53:12.530+0300] {processor.py:186} INFO - Started process (PID=46605) to work on /home/hsooni/cafe_sales_etl/venv/lib/python3.12/site-packages/airflow/example_dags/example_external_task_marker_dag.py
[2025-10-09T23:53:12.538+0300] {processor.py:914} INFO - Processing file /home/hsooni/cafe_sales_etl/venv/lib/python3.12/site-packages/airflow/example_dags/example_external_task_marker_dag.py for tasks to queue
[2025-10-09T23:53:12.545+0300] {logging_mixin.py:190} INFO - [2025-10-09T23:53:12.543+0300] {dagbag.py:588} INFO - Filling up the DagBag from /home/hsooni/cafe_sales_etl/venv/lib/python3.12/site-packages/airflow/example_dags/example_external_task_marker_dag.py
[2025-10-09T23:53:12.569+0300] {processor.py:925} INFO - DAG(s) 'example_external_task_marker_child', 'example_external_task_marker_parent' retrieved from /home/hsooni/cafe_sales_etl/venv/lib/python3.12/site-packages/airflow/example_dags/example_external_task_marker_dag.py
[2025-10-09T23:53:12.610+0300] {logging_mixin.py:190} INFO - [2025-10-09T23:53:12.610+0300] {dag.py:3239} INFO - Sync 2 DAGs
[2025-10-09T23:53:12.626+0300] {logging_mixin.py:190} INFO - [2025-10-09T23:53:12.625+0300] {dag.py:4180} INFO - Setting next_dagrun for example_external_task_marker_child to None, run_after=None
[2025-10-09T23:53:12.630+0300] {logging_mixin.py:190} INFO - [2025-10-09T23:53:12.629+0300] {dag.py:4180} INFO - Setting next_dagrun for example_external_task_marker_parent to None, run_after=None
[2025-10-09T23:53:12.658+0300] {processor.py:208} INFO - Processing /home/hsooni/cafe_sales_etl/venv/lib/python3.12/site-packages/airflow/example_dags/example_external_task_marker_dag.py took 0.147 seconds
[2025-10-09T23:54:06.038+0300] {processor.py:186} INFO - Started process (PID=46978) to work on /home/hsooni/cafe_sales_etl/venv/lib/python3.12/site-packages/airflow/example_dags/example_external_task_marker_dag.py
[2025-10-09T23:54:06.040+0300] {processor.py:914} INFO - Processing file /home/hsooni/cafe_sales_etl/venv/lib/python3.12/site-packages/airflow/example_dags/example_external_task_marker_dag.py for tasks to queue
[2025-10-09T23:54:06.043+0300] {logging_mixin.py:190} INFO - [2025-10-09T23:54:06.043+0300] {dagbag.py:588} INFO - Filling up the DagBag from /home/hsooni/cafe_sales_etl/venv/lib/python3.12/site-packages/airflow/example_dags/example_external_task_marker_dag.py
[2025-10-09T23:54:06.054+0300] {processor.py:925} INFO - DAG(s) 'example_external_task_marker_child', 'example_external_task_marker_parent' retrieved from /home/hsooni/cafe_sales_etl/venv/lib/python3.12/site-packages/airflow/example_dags/example_external_task_marker_dag.py
[2025-10-09T23:54:06.082+0300] {logging_mixin.py:190} INFO - [2025-10-09T23:54:06.082+0300] {dag.py:3239} INFO - Sync 2 DAGs
[2025-10-09T23:54:06.101+0300] {logging_mixin.py:190} INFO - [2025-10-09T23:54:06.101+0300] {dag.py:4180} INFO - Setting next_dagrun for example_external_task_marker_child to None, run_after=None
[2025-10-09T23:54:06.106+0300] {logging_mixin.py:190} INFO - [2025-10-09T23:54:06.106+0300] {dag.py:4180} INFO - Setting next_dagrun for example_external_task_marker_parent to None, run_after=None
[2025-10-09T23:54:06.143+0300] {processor.py:208} INFO - Processing /home/hsooni/cafe_sales_etl/venv/lib/python3.12/site-packages/airflow/example_dags/example_external_task_marker_dag.py took 0.113 seconds
[2025-10-09T23:55:07.508+0300] {processor.py:186} INFO - Started process (PID=47439) to work on /home/hsooni/cafe_sales_etl/venv/lib/python3.12/site-packages/airflow/example_dags/example_external_task_marker_dag.py
[2025-10-09T23:55:07.514+0300] {processor.py:914} INFO - Processing file /home/hsooni/cafe_sales_etl/venv/lib/python3.12/site-packages/airflow/example_dags/example_external_task_marker_dag.py for tasks to queue
[2025-10-09T23:55:07.516+0300] {logging_mixin.py:190} INFO - [2025-10-09T23:55:07.515+0300] {dagbag.py:588} INFO - Filling up the DagBag from /home/hsooni/cafe_sales_etl/venv/lib/python3.12/site-packages/airflow/example_dags/example_external_task_marker_dag.py
[2025-10-09T23:55:07.524+0300] {processor.py:925} INFO - DAG(s) 'example_external_task_marker_child', 'example_external_task_marker_parent' retrieved from /home/hsooni/cafe_sales_etl/venv/lib/python3.12/site-packages/airflow/example_dags/example_external_task_marker_dag.py
[2025-10-09T23:55:07.543+0300] {logging_mixin.py:190} INFO - [2025-10-09T23:55:07.543+0300] {dag.py:3239} INFO - Sync 2 DAGs
[2025-10-09T23:55:07.557+0300] {logging_mixin.py:190} INFO - [2025-10-09T23:55:07.557+0300] {dag.py:4180} INFO - Setting next_dagrun for example_external_task_marker_child to None, run_after=None
[2025-10-09T23:55:07.561+0300] {logging_mixin.py:190} INFO - [2025-10-09T23:55:07.561+0300] {dag.py:4180} INFO - Setting next_dagrun for example_external_task_marker_parent to None, run_after=None
[2025-10-09T23:55:07.584+0300] {processor.py:208} INFO - Processing /home/hsooni/cafe_sales_etl/venv/lib/python3.12/site-packages/airflow/example_dags/example_external_task_marker_dag.py took 0.084 seconds
