[2025-10-09T23:47:26.107+0300] {processor.py:186} INFO - Started process (PID=44620) to work on /home/hsooni/cafe_sales_etl/venv/lib/python3.12/site-packages/airflow/example_dags/example_short_circuit_decorator.py
[2025-10-09T23:47:26.108+0300] {processor.py:914} INFO - Processing file /home/hsooni/cafe_sales_etl/venv/lib/python3.12/site-packages/airflow/example_dags/example_short_circuit_decorator.py for tasks to queue
[2025-10-09T23:47:26.111+0300] {logging_mixin.py:190} INFO - [2025-10-09T23:47:26.111+0300] {dagbag.py:588} INFO - Filling up the DagBag from /home/hsooni/cafe_sales_etl/venv/lib/python3.12/site-packages/airflow/example_dags/example_short_circuit_decorator.py
[2025-10-09T23:47:26.123+0300] {processor.py:925} INFO - DAG(s) 'example_short_circuit_decorator' retrieved from /home/hsooni/cafe_sales_etl/venv/lib/python3.12/site-packages/airflow/example_dags/example_short_circuit_decorator.py
[2025-10-09T23:47:26.264+0300] {logging_mixin.py:190} INFO - [2025-10-09T23:47:26.263+0300] {override.py:1900} INFO - Created Permission View: can delete on DAG:example_short_circuit_decorator
[2025-10-09T23:47:26.281+0300] {logging_mixin.py:190} INFO - [2025-10-09T23:47:26.280+0300] {override.py:1900} INFO - Created Permission View: can read on DAG:example_short_circuit_decorator
[2025-10-09T23:47:26.294+0300] {logging_mixin.py:190} INFO - [2025-10-09T23:47:26.293+0300] {override.py:1900} INFO - Created Permission View: can edit on DAG:example_short_circuit_decorator
[2025-10-09T23:47:26.317+0300] {logging_mixin.py:190} INFO - [2025-10-09T23:47:26.317+0300] {override.py:1900} INFO - Created Permission View: can delete on DAG Run:example_short_circuit_decorator
[2025-10-09T23:47:26.330+0300] {logging_mixin.py:190} INFO - [2025-10-09T23:47:26.330+0300] {override.py:1900} INFO - Created Permission View: can create on DAG Run:example_short_circuit_decorator
[2025-10-09T23:47:26.345+0300] {logging_mixin.py:190} INFO - [2025-10-09T23:47:26.345+0300] {override.py:1900} INFO - Created Permission View: can read on DAG Run:example_short_circuit_decorator
[2025-10-09T23:47:26.359+0300] {logging_mixin.py:190} INFO - [2025-10-09T23:47:26.358+0300] {override.py:1900} INFO - Created Permission View: menu access on DAG Run:example_short_circuit_decorator
[2025-10-09T23:47:26.359+0300] {logging_mixin.py:190} INFO - [2025-10-09T23:47:26.359+0300] {dag.py:3239} INFO - Sync 1 DAGs
[2025-10-09T23:47:26.373+0300] {logging_mixin.py:190} INFO - [2025-10-09T23:47:26.372+0300] {dag.py:3262} INFO - Creating ORM DAG for example_short_circuit_decorator
[2025-10-09T23:47:26.373+0300] {logging_mixin.py:190} INFO - [2025-10-09T23:47:26.373+0300] {dag.py:4180} INFO - Setting next_dagrun for example_short_circuit_decorator to None, run_after=None
[2025-10-09T23:47:26.397+0300] {processor.py:208} INFO - Processing /home/hsooni/cafe_sales_etl/venv/lib/python3.12/site-packages/airflow/example_dags/example_short_circuit_decorator.py took 0.298 seconds
[2025-10-09T23:49:03.382+0300] {processor.py:186} INFO - Started process (PID=45157) to work on /home/hsooni/cafe_sales_etl/venv/lib/python3.12/site-packages/airflow/example_dags/example_short_circuit_decorator.py
[2025-10-09T23:49:03.389+0300] {processor.py:914} INFO - Processing file /home/hsooni/cafe_sales_etl/venv/lib/python3.12/site-packages/airflow/example_dags/example_short_circuit_decorator.py for tasks to queue
[2025-10-09T23:49:03.391+0300] {logging_mixin.py:190} INFO - [2025-10-09T23:49:03.391+0300] {dagbag.py:588} INFO - Filling up the DagBag from /home/hsooni/cafe_sales_etl/venv/lib/python3.12/site-packages/airflow/example_dags/example_short_circuit_decorator.py
[2025-10-09T23:49:03.405+0300] {processor.py:925} INFO - DAG(s) 'example_short_circuit_decorator' retrieved from /home/hsooni/cafe_sales_etl/venv/lib/python3.12/site-packages/airflow/example_dags/example_short_circuit_decorator.py
[2025-10-09T23:49:03.430+0300] {logging_mixin.py:190} INFO - [2025-10-09T23:49:03.429+0300] {dag.py:3239} INFO - Sync 1 DAGs
[2025-10-09T23:49:03.443+0300] {logging_mixin.py:190} INFO - [2025-10-09T23:49:03.443+0300] {dag.py:4180} INFO - Setting next_dagrun for example_short_circuit_decorator to None, run_after=None
[2025-10-09T23:49:03.474+0300] {processor.py:208} INFO - Processing /home/hsooni/cafe_sales_etl/venv/lib/python3.12/site-packages/airflow/example_dags/example_short_circuit_decorator.py took 0.099 seconds
[2025-10-09T23:50:03.842+0300] {processor.py:186} INFO - Started process (PID=45601) to work on /home/hsooni/cafe_sales_etl/venv/lib/python3.12/site-packages/airflow/example_dags/example_short_circuit_decorator.py
[2025-10-09T23:50:03.848+0300] {processor.py:914} INFO - Processing file /home/hsooni/cafe_sales_etl/venv/lib/python3.12/site-packages/airflow/example_dags/example_short_circuit_decorator.py for tasks to queue
[2025-10-09T23:50:03.850+0300] {logging_mixin.py:190} INFO - [2025-10-09T23:50:03.850+0300] {dagbag.py:588} INFO - Filling up the DagBag from /home/hsooni/cafe_sales_etl/venv/lib/python3.12/site-packages/airflow/example_dags/example_short_circuit_decorator.py
[2025-10-09T23:50:03.864+0300] {processor.py:925} INFO - DAG(s) 'example_short_circuit_decorator' retrieved from /home/hsooni/cafe_sales_etl/venv/lib/python3.12/site-packages/airflow/example_dags/example_short_circuit_decorator.py
[2025-10-09T23:50:03.887+0300] {logging_mixin.py:190} INFO - [2025-10-09T23:50:03.887+0300] {dag.py:3239} INFO - Sync 1 DAGs
[2025-10-09T23:50:03.901+0300] {logging_mixin.py:190} INFO - [2025-10-09T23:50:03.901+0300] {dag.py:4180} INFO - Setting next_dagrun for example_short_circuit_decorator to None, run_after=None
[2025-10-09T23:50:03.931+0300] {processor.py:208} INFO - Processing /home/hsooni/cafe_sales_etl/venv/lib/python3.12/site-packages/airflow/example_dags/example_short_circuit_decorator.py took 0.097 seconds
[2025-10-09T23:50:59.966+0300] {processor.py:186} INFO - Started process (PID=45856) to work on /home/hsooni/cafe_sales_etl/venv/lib/python3.12/site-packages/airflow/example_dags/example_short_circuit_decorator.py
[2025-10-09T23:50:59.972+0300] {processor.py:914} INFO - Processing file /home/hsooni/cafe_sales_etl/venv/lib/python3.12/site-packages/airflow/example_dags/example_short_circuit_decorator.py for tasks to queue
[2025-10-09T23:50:59.975+0300] {logging_mixin.py:190} INFO - [2025-10-09T23:50:59.975+0300] {dagbag.py:588} INFO - Filling up the DagBag from /home/hsooni/cafe_sales_etl/venv/lib/python3.12/site-packages/airflow/example_dags/example_short_circuit_decorator.py
[2025-10-09T23:50:59.990+0300] {processor.py:925} INFO - DAG(s) 'example_short_circuit_decorator' retrieved from /home/hsooni/cafe_sales_etl/venv/lib/python3.12/site-packages/airflow/example_dags/example_short_circuit_decorator.py
[2025-10-09T23:51:00.014+0300] {logging_mixin.py:190} INFO - [2025-10-09T23:51:00.014+0300] {dag.py:3239} INFO - Sync 1 DAGs
[2025-10-09T23:51:00.030+0300] {logging_mixin.py:190} INFO - [2025-10-09T23:51:00.030+0300] {dag.py:4180} INFO - Setting next_dagrun for example_short_circuit_decorator to None, run_after=None
[2025-10-09T23:51:00.061+0300] {processor.py:208} INFO - Processing /home/hsooni/cafe_sales_etl/venv/lib/python3.12/site-packages/airflow/example_dags/example_short_circuit_decorator.py took 0.102 seconds
[2025-10-09T23:51:53.720+0300] {processor.py:186} INFO - Started process (PID=46248) to work on /home/hsooni/cafe_sales_etl/venv/lib/python3.12/site-packages/airflow/example_dags/example_short_circuit_decorator.py
[2025-10-09T23:51:53.726+0300] {processor.py:914} INFO - Processing file /home/hsooni/cafe_sales_etl/venv/lib/python3.12/site-packages/airflow/example_dags/example_short_circuit_decorator.py for tasks to queue
[2025-10-09T23:51:53.728+0300] {logging_mixin.py:190} INFO - [2025-10-09T23:51:53.728+0300] {dagbag.py:588} INFO - Filling up the DagBag from /home/hsooni/cafe_sales_etl/venv/lib/python3.12/site-packages/airflow/example_dags/example_short_circuit_decorator.py
[2025-10-09T23:51:53.739+0300] {processor.py:925} INFO - DAG(s) 'example_short_circuit_decorator' retrieved from /home/hsooni/cafe_sales_etl/venv/lib/python3.12/site-packages/airflow/example_dags/example_short_circuit_decorator.py
[2025-10-09T23:51:53.760+0300] {logging_mixin.py:190} INFO - [2025-10-09T23:51:53.760+0300] {dag.py:3239} INFO - Sync 1 DAGs
[2025-10-09T23:51:53.775+0300] {logging_mixin.py:190} INFO - [2025-10-09T23:51:53.775+0300] {dag.py:4180} INFO - Setting next_dagrun for example_short_circuit_decorator to None, run_after=None
[2025-10-09T23:51:53.804+0300] {processor.py:208} INFO - Processing /home/hsooni/cafe_sales_etl/venv/lib/python3.12/site-packages/airflow/example_dags/example_short_circuit_decorator.py took 0.091 seconds
[2025-10-09T23:52:48.808+0300] {processor.py:186} INFO - Started process (PID=46498) to work on /home/hsooni/cafe_sales_etl/venv/lib/python3.12/site-packages/airflow/example_dags/example_short_circuit_decorator.py
[2025-10-09T23:52:48.814+0300] {processor.py:914} INFO - Processing file /home/hsooni/cafe_sales_etl/venv/lib/python3.12/site-packages/airflow/example_dags/example_short_circuit_decorator.py for tasks to queue
[2025-10-09T23:52:48.817+0300] {logging_mixin.py:190} INFO - [2025-10-09T23:52:48.816+0300] {dagbag.py:588} INFO - Filling up the DagBag from /home/hsooni/cafe_sales_etl/venv/lib/python3.12/site-packages/airflow/example_dags/example_short_circuit_decorator.py
[2025-10-09T23:52:48.828+0300] {processor.py:925} INFO - DAG(s) 'example_short_circuit_decorator' retrieved from /home/hsooni/cafe_sales_etl/venv/lib/python3.12/site-packages/airflow/example_dags/example_short_circuit_decorator.py
[2025-10-09T23:52:48.849+0300] {logging_mixin.py:190} INFO - [2025-10-09T23:52:48.849+0300] {dag.py:3239} INFO - Sync 1 DAGs
[2025-10-09T23:52:48.864+0300] {logging_mixin.py:190} INFO - [2025-10-09T23:52:48.863+0300] {dag.py:4180} INFO - Setting next_dagrun for example_short_circuit_decorator to None, run_after=None
[2025-10-09T23:52:48.893+0300] {processor.py:208} INFO - Processing /home/hsooni/cafe_sales_etl/venv/lib/python3.12/site-packages/airflow/example_dags/example_short_circuit_decorator.py took 0.090 seconds
[2025-10-09T23:53:42.336+0300] {processor.py:186} INFO - Started process (PID=46765) to work on /home/hsooni/cafe_sales_etl/venv/lib/python3.12/site-packages/airflow/example_dags/example_short_circuit_decorator.py
[2025-10-09T23:53:42.343+0300] {processor.py:914} INFO - Processing file /home/hsooni/cafe_sales_etl/venv/lib/python3.12/site-packages/airflow/example_dags/example_short_circuit_decorator.py for tasks to queue
[2025-10-09T23:53:42.347+0300] {logging_mixin.py:190} INFO - [2025-10-09T23:53:42.346+0300] {dagbag.py:588} INFO - Filling up the DagBag from /home/hsooni/cafe_sales_etl/venv/lib/python3.12/site-packages/airflow/example_dags/example_short_circuit_decorator.py
[2025-10-09T23:53:42.365+0300] {processor.py:925} INFO - DAG(s) 'example_short_circuit_decorator' retrieved from /home/hsooni/cafe_sales_etl/venv/lib/python3.12/site-packages/airflow/example_dags/example_short_circuit_decorator.py
[2025-10-09T23:53:42.395+0300] {logging_mixin.py:190} INFO - [2025-10-09T23:53:42.394+0300] {dag.py:3239} INFO - Sync 1 DAGs
[2025-10-09T23:53:42.418+0300] {logging_mixin.py:190} INFO - [2025-10-09T23:53:42.418+0300] {dag.py:4180} INFO - Setting next_dagrun for example_short_circuit_decorator to None, run_after=None
[2025-10-09T23:53:42.470+0300] {processor.py:208} INFO - Processing /home/hsooni/cafe_sales_etl/venv/lib/python3.12/site-packages/airflow/example_dags/example_short_circuit_decorator.py took 0.142 seconds
[2025-10-09T23:54:41.558+0300] {processor.py:186} INFO - Started process (PID=47262) to work on /home/hsooni/cafe_sales_etl/venv/lib/python3.12/site-packages/airflow/example_dags/example_short_circuit_decorator.py
[2025-10-09T23:54:41.565+0300] {processor.py:914} INFO - Processing file /home/hsooni/cafe_sales_etl/venv/lib/python3.12/site-packages/airflow/example_dags/example_short_circuit_decorator.py for tasks to queue
[2025-10-09T23:54:41.567+0300] {logging_mixin.py:190} INFO - [2025-10-09T23:54:41.567+0300] {dagbag.py:588} INFO - Filling up the DagBag from /home/hsooni/cafe_sales_etl/venv/lib/python3.12/site-packages/airflow/example_dags/example_short_circuit_decorator.py
[2025-10-09T23:54:41.579+0300] {processor.py:925} INFO - DAG(s) 'example_short_circuit_decorator' retrieved from /home/hsooni/cafe_sales_etl/venv/lib/python3.12/site-packages/airflow/example_dags/example_short_circuit_decorator.py
[2025-10-09T23:54:41.600+0300] {logging_mixin.py:190} INFO - [2025-10-09T23:54:41.600+0300] {dag.py:3239} INFO - Sync 1 DAGs
[2025-10-09T23:54:41.616+0300] {logging_mixin.py:190} INFO - [2025-10-09T23:54:41.615+0300] {dag.py:4180} INFO - Setting next_dagrun for example_short_circuit_decorator to None, run_after=None
[2025-10-09T23:54:41.677+0300] {processor.py:208} INFO - Processing /home/hsooni/cafe_sales_etl/venv/lib/python3.12/site-packages/airflow/example_dags/example_short_circuit_decorator.py took 0.127 seconds
[2025-10-09T23:55:39.683+0300] {processor.py:186} INFO - Started process (PID=47643) to work on /home/hsooni/cafe_sales_etl/venv/lib/python3.12/site-packages/airflow/example_dags/example_short_circuit_decorator.py
[2025-10-09T23:55:39.690+0300] {processor.py:914} INFO - Processing file /home/hsooni/cafe_sales_etl/venv/lib/python3.12/site-packages/airflow/example_dags/example_short_circuit_decorator.py for tasks to queue
[2025-10-09T23:55:39.693+0300] {logging_mixin.py:190} INFO - [2025-10-09T23:55:39.692+0300] {dagbag.py:588} INFO - Filling up the DagBag from /home/hsooni/cafe_sales_etl/venv/lib/python3.12/site-packages/airflow/example_dags/example_short_circuit_decorator.py
[2025-10-09T23:55:39.708+0300] {processor.py:925} INFO - DAG(s) 'example_short_circuit_decorator' retrieved from /home/hsooni/cafe_sales_etl/venv/lib/python3.12/site-packages/airflow/example_dags/example_short_circuit_decorator.py
[2025-10-09T23:55:39.734+0300] {logging_mixin.py:190} INFO - [2025-10-09T23:55:39.734+0300] {dag.py:3239} INFO - Sync 1 DAGs
[2025-10-09T23:55:39.751+0300] {logging_mixin.py:190} INFO - [2025-10-09T23:55:39.751+0300] {dag.py:4180} INFO - Setting next_dagrun for example_short_circuit_decorator to None, run_after=None
[2025-10-09T23:55:39.786+0300] {processor.py:208} INFO - Processing /home/hsooni/cafe_sales_etl/venv/lib/python3.12/site-packages/airflow/example_dags/example_short_circuit_decorator.py took 0.111 seconds
