[2025-10-09T23:49:36.670+0300] {processor.py:186} INFO - Started process (PID=45401) to work on /home/hsooni/cafe_sales_etl/venv/lib/python3.12/site-packages/airflow/example_dags/example_branch_day_of_week_operator.py
[2025-10-09T23:49:36.671+0300] {processor.py:914} INFO - Processing file /home/hsooni/cafe_sales_etl/venv/lib/python3.12/site-packages/airflow/example_dags/example_branch_day_of_week_operator.py for tasks to queue
[2025-10-09T23:49:36.673+0300] {logging_mixin.py:190} INFO - [2025-10-09T23:49:36.673+0300] {dagbag.py:588} INFO - Filling up the DagBag from /home/hsooni/cafe_sales_etl/venv/lib/python3.12/site-packages/airflow/example_dags/example_branch_day_of_week_operator.py
[2025-10-09T23:49:36.684+0300] {processor.py:925} INFO - DAG(s) 'example_weekday_branch_operator' retrieved from /home/hsooni/cafe_sales_etl/venv/lib/python3.12/site-packages/airflow/example_dags/example_branch_day_of_week_operator.py
[2025-10-09T23:49:36.815+0300] {logging_mixin.py:190} INFO - [2025-10-09T23:49:36.814+0300] {override.py:1900} INFO - Created Permission View: can delete on DAG:example_weekday_branch_operator
[2025-10-09T23:49:36.832+0300] {logging_mixin.py:190} INFO - [2025-10-09T23:49:36.831+0300] {override.py:1900} INFO - Created Permission View: can read on DAG:example_weekday_branch_operator
[2025-10-09T23:49:36.845+0300] {logging_mixin.py:190} INFO - [2025-10-09T23:49:36.845+0300] {override.py:1900} INFO - Created Permission View: can edit on DAG:example_weekday_branch_operator
[2025-10-09T23:49:36.870+0300] {logging_mixin.py:190} INFO - [2025-10-09T23:49:36.869+0300] {override.py:1900} INFO - Created Permission View: can delete on DAG Run:example_weekday_branch_operator
[2025-10-09T23:49:36.883+0300] {logging_mixin.py:190} INFO - [2025-10-09T23:49:36.882+0300] {override.py:1900} INFO - Created Permission View: menu access on DAG Run:example_weekday_branch_operator
[2025-10-09T23:49:36.896+0300] {logging_mixin.py:190} INFO - [2025-10-09T23:49:36.896+0300] {override.py:1900} INFO - Created Permission View: can read on DAG Run:example_weekday_branch_operator
[2025-10-09T23:49:36.911+0300] {logging_mixin.py:190} INFO - [2025-10-09T23:49:36.910+0300] {override.py:1900} INFO - Created Permission View: can create on DAG Run:example_weekday_branch_operator
[2025-10-09T23:49:36.911+0300] {logging_mixin.py:190} INFO - [2025-10-09T23:49:36.911+0300] {dag.py:3239} INFO - Sync 1 DAGs
[2025-10-09T23:49:36.925+0300] {logging_mixin.py:190} INFO - [2025-10-09T23:49:36.924+0300] {dag.py:3262} INFO - Creating ORM DAG for example_weekday_branch_operator
[2025-10-09T23:49:36.936+0300] {logging_mixin.py:190} INFO - [2025-10-09T23:49:36.935+0300] {dag.py:4180} INFO - Setting next_dagrun for example_weekday_branch_operator to 2025-10-08 00:00:00+00:00, run_after=2025-10-09 00:00:00+00:00
[2025-10-09T23:49:36.959+0300] {processor.py:208} INFO - Processing /home/hsooni/cafe_sales_etl/venv/lib/python3.12/site-packages/airflow/example_dags/example_branch_day_of_week_operator.py took 0.294 seconds
[2025-10-09T23:50:35.461+0300] {processor.py:186} INFO - Started process (PID=45711) to work on /home/hsooni/cafe_sales_etl/venv/lib/python3.12/site-packages/airflow/example_dags/example_branch_day_of_week_operator.py
[2025-10-09T23:50:35.467+0300] {processor.py:914} INFO - Processing file /home/hsooni/cafe_sales_etl/venv/lib/python3.12/site-packages/airflow/example_dags/example_branch_day_of_week_operator.py for tasks to queue
[2025-10-09T23:50:35.469+0300] {logging_mixin.py:190} INFO - [2025-10-09T23:50:35.469+0300] {dagbag.py:588} INFO - Filling up the DagBag from /home/hsooni/cafe_sales_etl/venv/lib/python3.12/site-packages/airflow/example_dags/example_branch_day_of_week_operator.py
[2025-10-09T23:50:35.481+0300] {processor.py:925} INFO - DAG(s) 'example_weekday_branch_operator' retrieved from /home/hsooni/cafe_sales_etl/venv/lib/python3.12/site-packages/airflow/example_dags/example_branch_day_of_week_operator.py
[2025-10-09T23:50:35.499+0300] {logging_mixin.py:190} INFO - [2025-10-09T23:50:35.499+0300] {dag.py:3239} INFO - Sync 1 DAGs
[2025-10-09T23:50:35.524+0300] {logging_mixin.py:190} INFO - [2025-10-09T23:50:35.524+0300] {dag.py:4180} INFO - Setting next_dagrun for example_weekday_branch_operator to 2025-10-08 00:00:00+00:00, run_after=2025-10-09 00:00:00+00:00
[2025-10-09T23:50:35.565+0300] {processor.py:208} INFO - Processing /home/hsooni/cafe_sales_etl/venv/lib/python3.12/site-packages/airflow/example_dags/example_branch_day_of_week_operator.py took 0.110 seconds
[2025-10-09T23:51:32.764+0300] {processor.py:186} INFO - Started process (PID=46135) to work on /home/hsooni/cafe_sales_etl/venv/lib/python3.12/site-packages/airflow/example_dags/example_branch_day_of_week_operator.py
[2025-10-09T23:51:32.770+0300] {processor.py:914} INFO - Processing file /home/hsooni/cafe_sales_etl/venv/lib/python3.12/site-packages/airflow/example_dags/example_branch_day_of_week_operator.py for tasks to queue
[2025-10-09T23:51:32.773+0300] {logging_mixin.py:190} INFO - [2025-10-09T23:51:32.772+0300] {dagbag.py:588} INFO - Filling up the DagBag from /home/hsooni/cafe_sales_etl/venv/lib/python3.12/site-packages/airflow/example_dags/example_branch_day_of_week_operator.py
[2025-10-09T23:51:32.786+0300] {processor.py:925} INFO - DAG(s) 'example_weekday_branch_operator' retrieved from /home/hsooni/cafe_sales_etl/venv/lib/python3.12/site-packages/airflow/example_dags/example_branch_day_of_week_operator.py
[2025-10-09T23:51:32.805+0300] {logging_mixin.py:190} INFO - [2025-10-09T23:51:32.805+0300] {dag.py:3239} INFO - Sync 1 DAGs
[2025-10-09T23:51:32.829+0300] {logging_mixin.py:190} INFO - [2025-10-09T23:51:32.829+0300] {dag.py:4180} INFO - Setting next_dagrun for example_weekday_branch_operator to 2025-10-08 00:00:00+00:00, run_after=2025-10-09 00:00:00+00:00
[2025-10-09T23:51:32.859+0300] {processor.py:208} INFO - Processing /home/hsooni/cafe_sales_etl/venv/lib/python3.12/site-packages/airflow/example_dags/example_branch_day_of_week_operator.py took 0.103 seconds
[2025-10-09T23:52:53.966+0300] {processor.py:186} INFO - Started process (PID=46516) to work on /home/hsooni/cafe_sales_etl/venv/lib/python3.12/site-packages/airflow/example_dags/example_branch_day_of_week_operator.py
[2025-10-09T23:52:53.972+0300] {processor.py:914} INFO - Processing file /home/hsooni/cafe_sales_etl/venv/lib/python3.12/site-packages/airflow/example_dags/example_branch_day_of_week_operator.py for tasks to queue
[2025-10-09T23:52:53.974+0300] {logging_mixin.py:190} INFO - [2025-10-09T23:52:53.974+0300] {dagbag.py:588} INFO - Filling up the DagBag from /home/hsooni/cafe_sales_etl/venv/lib/python3.12/site-packages/airflow/example_dags/example_branch_day_of_week_operator.py
[2025-10-09T23:52:53.985+0300] {processor.py:925} INFO - DAG(s) 'example_weekday_branch_operator' retrieved from /home/hsooni/cafe_sales_etl/venv/lib/python3.12/site-packages/airflow/example_dags/example_branch_day_of_week_operator.py
[2025-10-09T23:52:54.003+0300] {logging_mixin.py:190} INFO - [2025-10-09T23:52:54.003+0300] {dag.py:3239} INFO - Sync 1 DAGs
[2025-10-09T23:52:54.027+0300] {logging_mixin.py:190} INFO - [2025-10-09T23:52:54.026+0300] {dag.py:4180} INFO - Setting next_dagrun for example_weekday_branch_operator to 2025-10-08 00:00:00+00:00, run_after=2025-10-09 00:00:00+00:00
[2025-10-09T23:52:54.070+0300] {processor.py:208} INFO - Processing /home/hsooni/cafe_sales_etl/venv/lib/python3.12/site-packages/airflow/example_dags/example_branch_day_of_week_operator.py took 0.110 seconds
[2025-10-09T23:54:16.318+0300] {processor.py:186} INFO - Started process (PID=47029) to work on /home/hsooni/cafe_sales_etl/venv/lib/python3.12/site-packages/airflow/example_dags/example_branch_day_of_week_operator.py
[2025-10-09T23:54:16.320+0300] {processor.py:914} INFO - Processing file /home/hsooni/cafe_sales_etl/venv/lib/python3.12/site-packages/airflow/example_dags/example_branch_day_of_week_operator.py for tasks to queue
[2025-10-09T23:54:16.328+0300] {logging_mixin.py:190} INFO - [2025-10-09T23:54:16.327+0300] {dagbag.py:588} INFO - Filling up the DagBag from /home/hsooni/cafe_sales_etl/venv/lib/python3.12/site-packages/airflow/example_dags/example_branch_day_of_week_operator.py
[2025-10-09T23:54:16.366+0300] {processor.py:925} INFO - DAG(s) 'example_weekday_branch_operator' retrieved from /home/hsooni/cafe_sales_etl/venv/lib/python3.12/site-packages/airflow/example_dags/example_branch_day_of_week_operator.py
[2025-10-09T23:54:16.412+0300] {logging_mixin.py:190} INFO - [2025-10-09T23:54:16.411+0300] {dag.py:3239} INFO - Sync 1 DAGs
[2025-10-09T23:54:16.495+0300] {logging_mixin.py:190} INFO - [2025-10-09T23:54:16.494+0300] {dag.py:4180} INFO - Setting next_dagrun for example_weekday_branch_operator to 2025-10-08 00:00:00+00:00, run_after=2025-10-09 00:00:00+00:00
[2025-10-09T23:54:16.585+0300] {processor.py:208} INFO - Processing /home/hsooni/cafe_sales_etl/venv/lib/python3.12/site-packages/airflow/example_dags/example_branch_day_of_week_operator.py took 0.281 seconds
[2025-10-09T23:55:16.235+0300] {processor.py:186} INFO - Started process (PID=47478) to work on /home/hsooni/cafe_sales_etl/venv/lib/python3.12/site-packages/airflow/example_dags/example_branch_day_of_week_operator.py
[2025-10-09T23:55:16.241+0300] {processor.py:914} INFO - Processing file /home/hsooni/cafe_sales_etl/venv/lib/python3.12/site-packages/airflow/example_dags/example_branch_day_of_week_operator.py for tasks to queue
[2025-10-09T23:55:16.244+0300] {logging_mixin.py:190} INFO - [2025-10-09T23:55:16.244+0300] {dagbag.py:588} INFO - Filling up the DagBag from /home/hsooni/cafe_sales_etl/venv/lib/python3.12/site-packages/airflow/example_dags/example_branch_day_of_week_operator.py
[2025-10-09T23:55:16.256+0300] {processor.py:925} INFO - DAG(s) 'example_weekday_branch_operator' retrieved from /home/hsooni/cafe_sales_etl/venv/lib/python3.12/site-packages/airflow/example_dags/example_branch_day_of_week_operator.py
[2025-10-09T23:55:16.276+0300] {logging_mixin.py:190} INFO - [2025-10-09T23:55:16.275+0300] {dag.py:3239} INFO - Sync 1 DAGs
[2025-10-09T23:55:16.299+0300] {logging_mixin.py:190} INFO - [2025-10-09T23:55:16.298+0300] {dag.py:4180} INFO - Setting next_dagrun for example_weekday_branch_operator to 2025-10-08 00:00:00+00:00, run_after=2025-10-09 00:00:00+00:00
[2025-10-09T23:55:16.328+0300] {processor.py:208} INFO - Processing /home/hsooni/cafe_sales_etl/venv/lib/python3.12/site-packages/airflow/example_dags/example_branch_day_of_week_operator.py took 0.099 seconds
