[2025-10-09T23:49:30.356+0300] {processor.py:186} INFO - Started process (PID=45311) to work on /home/hsooni/cafe_sales_etl/venv/lib/python3.12/site-packages/airflow/example_dags/example_complex.py
[2025-10-09T23:49:30.357+0300] {processor.py:914} INFO - Processing file /home/hsooni/cafe_sales_etl/venv/lib/python3.12/site-packages/airflow/example_dags/example_complex.py for tasks to queue
[2025-10-09T23:49:30.361+0300] {logging_mixin.py:190} INFO - [2025-10-09T23:49:30.360+0300] {dagbag.py:588} INFO - Filling up the DagBag from /home/hsooni/cafe_sales_etl/venv/lib/python3.12/site-packages/airflow/example_dags/example_complex.py
[2025-10-09T23:49:30.380+0300] {processor.py:925} INFO - DAG(s) 'example_complex' retrieved from /home/hsooni/cafe_sales_etl/venv/lib/python3.12/site-packages/airflow/example_dags/example_complex.py
[2025-10-09T23:49:30.626+0300] {logging_mixin.py:190} INFO - [2025-10-09T23:49:30.625+0300] {override.py:1900} INFO - Created Permission View: can delete on DAG:example_complex
[2025-10-09T23:49:30.680+0300] {logging_mixin.py:190} INFO - [2025-10-09T23:49:30.678+0300] {override.py:1900} INFO - Created Permission View: can read on DAG:example_complex
[2025-10-09T23:49:30.700+0300] {logging_mixin.py:190} INFO - [2025-10-09T23:49:30.699+0300] {override.py:1900} INFO - Created Permission View: can edit on DAG:example_complex
[2025-10-09T23:49:30.738+0300] {logging_mixin.py:190} INFO - [2025-10-09T23:49:30.738+0300] {override.py:1900} INFO - Created Permission View: can delete on DAG Run:example_complex
[2025-10-09T23:49:30.776+0300] {logging_mixin.py:190} INFO - [2025-10-09T23:49:30.776+0300] {override.py:1900} INFO - Created Permission View: menu access on DAG Run:example_complex
[2025-10-09T23:49:30.794+0300] {logging_mixin.py:190} INFO - [2025-10-09T23:49:30.793+0300] {override.py:1900} INFO - Created Permission View: can read on DAG Run:example_complex
[2025-10-09T23:49:30.812+0300] {logging_mixin.py:190} INFO - [2025-10-09T23:49:30.812+0300] {override.py:1900} INFO - Created Permission View: can create on DAG Run:example_complex
[2025-10-09T23:49:30.813+0300] {logging_mixin.py:190} INFO - [2025-10-09T23:49:30.813+0300] {dag.py:3239} INFO - Sync 1 DAGs
[2025-10-09T23:49:30.831+0300] {logging_mixin.py:190} INFO - [2025-10-09T23:49:30.830+0300] {dag.py:3262} INFO - Creating ORM DAG for example_complex
[2025-10-09T23:49:30.831+0300] {logging_mixin.py:190} INFO - [2025-10-09T23:49:30.831+0300] {dag.py:4180} INFO - Setting next_dagrun for example_complex to None, run_after=None
[2025-10-09T23:49:30.858+0300] {processor.py:208} INFO - Processing /home/hsooni/cafe_sales_etl/venv/lib/python3.12/site-packages/airflow/example_dags/example_complex.py took 0.510 seconds
[2025-10-09T23:50:30.204+0300] {processor.py:186} INFO - Started process (PID=45696) to work on /home/hsooni/cafe_sales_etl/venv/lib/python3.12/site-packages/airflow/example_dags/example_complex.py
[2025-10-09T23:50:30.205+0300] {processor.py:914} INFO - Processing file /home/hsooni/cafe_sales_etl/venv/lib/python3.12/site-packages/airflow/example_dags/example_complex.py for tasks to queue
[2025-10-09T23:50:30.207+0300] {logging_mixin.py:190} INFO - [2025-10-09T23:50:30.207+0300] {dagbag.py:588} INFO - Filling up the DagBag from /home/hsooni/cafe_sales_etl/venv/lib/python3.12/site-packages/airflow/example_dags/example_complex.py
[2025-10-09T23:50:30.222+0300] {processor.py:925} INFO - DAG(s) 'example_complex' retrieved from /home/hsooni/cafe_sales_etl/venv/lib/python3.12/site-packages/airflow/example_dags/example_complex.py
[2025-10-09T23:50:30.255+0300] {logging_mixin.py:190} INFO - [2025-10-09T23:50:30.254+0300] {dag.py:3239} INFO - Sync 1 DAGs
[2025-10-09T23:50:30.271+0300] {logging_mixin.py:190} INFO - [2025-10-09T23:50:30.271+0300] {dag.py:4180} INFO - Setting next_dagrun for example_complex to None, run_after=None
[2025-10-09T23:50:30.302+0300] {processor.py:208} INFO - Processing /home/hsooni/cafe_sales_etl/venv/lib/python3.12/site-packages/airflow/example_dags/example_complex.py took 0.105 seconds
[2025-10-09T23:51:27.664+0300] {processor.py:186} INFO - Started process (PID=46096) to work on /home/hsooni/cafe_sales_etl/venv/lib/python3.12/site-packages/airflow/example_dags/example_complex.py
[2025-10-09T23:51:27.670+0300] {processor.py:914} INFO - Processing file /home/hsooni/cafe_sales_etl/venv/lib/python3.12/site-packages/airflow/example_dags/example_complex.py for tasks to queue
[2025-10-09T23:51:27.672+0300] {logging_mixin.py:190} INFO - [2025-10-09T23:51:27.672+0300] {dagbag.py:588} INFO - Filling up the DagBag from /home/hsooni/cafe_sales_etl/venv/lib/python3.12/site-packages/airflow/example_dags/example_complex.py
[2025-10-09T23:51:27.688+0300] {processor.py:925} INFO - DAG(s) 'example_complex' retrieved from /home/hsooni/cafe_sales_etl/venv/lib/python3.12/site-packages/airflow/example_dags/example_complex.py
[2025-10-09T23:51:27.722+0300] {logging_mixin.py:190} INFO - [2025-10-09T23:51:27.721+0300] {dag.py:3239} INFO - Sync 1 DAGs
[2025-10-09T23:51:27.737+0300] {logging_mixin.py:190} INFO - [2025-10-09T23:51:27.736+0300] {dag.py:4180} INFO - Setting next_dagrun for example_complex to None, run_after=None
[2025-10-09T23:51:27.768+0300] {processor.py:208} INFO - Processing /home/hsooni/cafe_sales_etl/venv/lib/python3.12/site-packages/airflow/example_dags/example_complex.py took 0.111 seconds
[2025-10-09T23:52:25.700+0300] {processor.py:186} INFO - Started process (PID=46392) to work on /home/hsooni/cafe_sales_etl/venv/lib/python3.12/site-packages/airflow/example_dags/example_complex.py
[2025-10-09T23:52:25.706+0300] {processor.py:914} INFO - Processing file /home/hsooni/cafe_sales_etl/venv/lib/python3.12/site-packages/airflow/example_dags/example_complex.py for tasks to queue
[2025-10-09T23:52:25.708+0300] {logging_mixin.py:190} INFO - [2025-10-09T23:52:25.707+0300] {dagbag.py:588} INFO - Filling up the DagBag from /home/hsooni/cafe_sales_etl/venv/lib/python3.12/site-packages/airflow/example_dags/example_complex.py
[2025-10-09T23:52:25.722+0300] {processor.py:925} INFO - DAG(s) 'example_complex' retrieved from /home/hsooni/cafe_sales_etl/venv/lib/python3.12/site-packages/airflow/example_dags/example_complex.py
[2025-10-09T23:52:25.755+0300] {logging_mixin.py:190} INFO - [2025-10-09T23:52:25.755+0300] {dag.py:3239} INFO - Sync 1 DAGs
[2025-10-09T23:52:25.770+0300] {logging_mixin.py:190} INFO - [2025-10-09T23:52:25.769+0300] {dag.py:4180} INFO - Setting next_dagrun for example_complex to None, run_after=None
[2025-10-09T23:52:25.800+0300] {processor.py:208} INFO - Processing /home/hsooni/cafe_sales_etl/venv/lib/python3.12/site-packages/airflow/example_dags/example_complex.py took 0.106 seconds
[2025-10-09T23:53:21.269+0300] {processor.py:186} INFO - Started process (PID=46638) to work on /home/hsooni/cafe_sales_etl/venv/lib/python3.12/site-packages/airflow/example_dags/example_complex.py
[2025-10-09T23:53:21.275+0300] {processor.py:914} INFO - Processing file /home/hsooni/cafe_sales_etl/venv/lib/python3.12/site-packages/airflow/example_dags/example_complex.py for tasks to queue
[2025-10-09T23:53:21.277+0300] {logging_mixin.py:190} INFO - [2025-10-09T23:53:21.277+0300] {dagbag.py:588} INFO - Filling up the DagBag from /home/hsooni/cafe_sales_etl/venv/lib/python3.12/site-packages/airflow/example_dags/example_complex.py
[2025-10-09T23:53:21.292+0300] {processor.py:925} INFO - DAG(s) 'example_complex' retrieved from /home/hsooni/cafe_sales_etl/venv/lib/python3.12/site-packages/airflow/example_dags/example_complex.py
[2025-10-09T23:53:21.326+0300] {logging_mixin.py:190} INFO - [2025-10-09T23:53:21.326+0300] {dag.py:3239} INFO - Sync 1 DAGs
[2025-10-09T23:53:21.342+0300] {logging_mixin.py:190} INFO - [2025-10-09T23:53:21.341+0300] {dag.py:4180} INFO - Setting next_dagrun for example_complex to None, run_after=None
[2025-10-09T23:53:21.369+0300] {processor.py:208} INFO - Processing /home/hsooni/cafe_sales_etl/venv/lib/python3.12/site-packages/airflow/example_dags/example_complex.py took 0.107 seconds
[2025-10-09T23:54:46.943+0300] {processor.py:186} INFO - Started process (PID=47290) to work on /home/hsooni/cafe_sales_etl/venv/lib/python3.12/site-packages/airflow/example_dags/example_complex.py
[2025-10-09T23:54:46.944+0300] {processor.py:914} INFO - Processing file /home/hsooni/cafe_sales_etl/venv/lib/python3.12/site-packages/airflow/example_dags/example_complex.py for tasks to queue
[2025-10-09T23:54:46.947+0300] {logging_mixin.py:190} INFO - [2025-10-09T23:54:46.946+0300] {dagbag.py:588} INFO - Filling up the DagBag from /home/hsooni/cafe_sales_etl/venv/lib/python3.12/site-packages/airflow/example_dags/example_complex.py
[2025-10-09T23:54:46.962+0300] {processor.py:925} INFO - DAG(s) 'example_complex' retrieved from /home/hsooni/cafe_sales_etl/venv/lib/python3.12/site-packages/airflow/example_dags/example_complex.py
[2025-10-09T23:54:46.997+0300] {logging_mixin.py:190} INFO - [2025-10-09T23:54:46.996+0300] {dag.py:3239} INFO - Sync 1 DAGs
[2025-10-09T23:54:47.013+0300] {logging_mixin.py:190} INFO - [2025-10-09T23:54:47.012+0300] {dag.py:4180} INFO - Setting next_dagrun for example_complex to None, run_after=None
[2025-10-09T23:54:47.041+0300] {processor.py:208} INFO - Processing /home/hsooni/cafe_sales_etl/venv/lib/python3.12/site-packages/airflow/example_dags/example_complex.py took 0.105 seconds
