[2025-10-09T23:49:28.890+0300] {processor.py:186} INFO - Started process (PID=45275) to work on /home/hsooni/cafe_sales_etl/venv/lib/python3.12/site-packages/airflow/example_dags/example_dag_decorator.py
[2025-10-09T23:49:28.891+0300] {processor.py:914} INFO - Processing file /home/hsooni/cafe_sales_etl/venv/lib/python3.12/site-packages/airflow/example_dags/example_dag_decorator.py for tasks to queue
[2025-10-09T23:49:28.894+0300] {logging_mixin.py:190} INFO - [2025-10-09T23:49:28.893+0300] {dagbag.py:588} INFO - Filling up the DagBag from /home/hsooni/cafe_sales_etl/venv/lib/python3.12/site-packages/airflow/example_dags/example_dag_decorator.py
[2025-10-09T23:49:28.910+0300] {processor.py:925} INFO - DAG(s) 'example_dag_decorator' retrieved from /home/hsooni/cafe_sales_etl/venv/lib/python3.12/site-packages/airflow/example_dags/example_dag_decorator.py
[2025-10-09T23:49:29.070+0300] {logging_mixin.py:190} INFO - [2025-10-09T23:49:29.069+0300] {override.py:1900} INFO - Created Permission View: can delete on DAG:example_dag_decorator
[2025-10-09T23:49:29.091+0300] {logging_mixin.py:190} INFO - [2025-10-09T23:49:29.090+0300] {override.py:1900} INFO - Created Permission View: can read on DAG:example_dag_decorator
[2025-10-09T23:49:29.107+0300] {logging_mixin.py:190} INFO - [2025-10-09T23:49:29.106+0300] {override.py:1900} INFO - Created Permission View: can edit on DAG:example_dag_decorator
[2025-10-09T23:49:29.132+0300] {logging_mixin.py:190} INFO - [2025-10-09T23:49:29.131+0300] {override.py:1900} INFO - Created Permission View: can delete on DAG Run:example_dag_decorator
[2025-10-09T23:49:29.148+0300] {logging_mixin.py:190} INFO - [2025-10-09T23:49:29.148+0300] {override.py:1900} INFO - Created Permission View: menu access on DAG Run:example_dag_decorator
[2025-10-09T23:49:29.166+0300] {logging_mixin.py:190} INFO - [2025-10-09T23:49:29.165+0300] {override.py:1900} INFO - Created Permission View: can read on DAG Run:example_dag_decorator
[2025-10-09T23:49:29.223+0300] {logging_mixin.py:190} INFO - [2025-10-09T23:49:29.222+0300] {override.py:1900} INFO - Created Permission View: can create on DAG Run:example_dag_decorator
[2025-10-09T23:49:29.223+0300] {logging_mixin.py:190} INFO - [2025-10-09T23:49:29.223+0300] {dag.py:3239} INFO - Sync 1 DAGs
[2025-10-09T23:49:29.244+0300] {logging_mixin.py:190} INFO - [2025-10-09T23:49:29.244+0300] {dag.py:3262} INFO - Creating ORM DAG for example_dag_decorator
[2025-10-09T23:49:29.245+0300] {logging_mixin.py:190} INFO - [2025-10-09T23:49:29.245+0300] {dag.py:4180} INFO - Setting next_dagrun for example_dag_decorator to None, run_after=None
[2025-10-09T23:49:29.281+0300] {processor.py:208} INFO - Processing /home/hsooni/cafe_sales_etl/venv/lib/python3.12/site-packages/airflow/example_dags/example_dag_decorator.py took 0.398 seconds
[2025-10-09T23:50:29.542+0300] {processor.py:186} INFO - Started process (PID=45688) to work on /home/hsooni/cafe_sales_etl/venv/lib/python3.12/site-packages/airflow/example_dags/example_dag_decorator.py
[2025-10-09T23:50:29.543+0300] {processor.py:914} INFO - Processing file /home/hsooni/cafe_sales_etl/venv/lib/python3.12/site-packages/airflow/example_dags/example_dag_decorator.py for tasks to queue
[2025-10-09T23:50:29.545+0300] {logging_mixin.py:190} INFO - [2025-10-09T23:50:29.545+0300] {dagbag.py:588} INFO - Filling up the DagBag from /home/hsooni/cafe_sales_etl/venv/lib/python3.12/site-packages/airflow/example_dags/example_dag_decorator.py
[2025-10-09T23:50:29.559+0300] {processor.py:925} INFO - DAG(s) 'example_dag_decorator' retrieved from /home/hsooni/cafe_sales_etl/venv/lib/python3.12/site-packages/airflow/example_dags/example_dag_decorator.py
[2025-10-09T23:50:29.676+0300] {logging_mixin.py:190} INFO - [2025-10-09T23:50:29.675+0300] {dag.py:3239} INFO - Sync 1 DAGs
[2025-10-09T23:50:29.689+0300] {logging_mixin.py:190} INFO - [2025-10-09T23:50:29.689+0300] {dag.py:4180} INFO - Setting next_dagrun for example_dag_decorator to None, run_after=None
[2025-10-09T23:50:29.720+0300] {processor.py:208} INFO - Processing /home/hsooni/cafe_sales_etl/venv/lib/python3.12/site-packages/airflow/example_dags/example_dag_decorator.py took 0.185 seconds
[2025-10-09T23:51:26.853+0300] {processor.py:186} INFO - Started process (PID=46087) to work on /home/hsooni/cafe_sales_etl/venv/lib/python3.12/site-packages/airflow/example_dags/example_dag_decorator.py
[2025-10-09T23:51:26.854+0300] {processor.py:914} INFO - Processing file /home/hsooni/cafe_sales_etl/venv/lib/python3.12/site-packages/airflow/example_dags/example_dag_decorator.py for tasks to queue
[2025-10-09T23:51:26.857+0300] {logging_mixin.py:190} INFO - [2025-10-09T23:51:26.856+0300] {dagbag.py:588} INFO - Filling up the DagBag from /home/hsooni/cafe_sales_etl/venv/lib/python3.12/site-packages/airflow/example_dags/example_dag_decorator.py
[2025-10-09T23:51:26.870+0300] {processor.py:925} INFO - DAG(s) 'example_dag_decorator' retrieved from /home/hsooni/cafe_sales_etl/venv/lib/python3.12/site-packages/airflow/example_dags/example_dag_decorator.py
[2025-10-09T23:51:26.983+0300] {logging_mixin.py:190} INFO - [2025-10-09T23:51:26.983+0300] {dag.py:3239} INFO - Sync 1 DAGs
[2025-10-09T23:51:26.995+0300] {logging_mixin.py:190} INFO - [2025-10-09T23:51:26.994+0300] {dag.py:4180} INFO - Setting next_dagrun for example_dag_decorator to None, run_after=None
[2025-10-09T23:51:27.024+0300] {processor.py:208} INFO - Processing /home/hsooni/cafe_sales_etl/venv/lib/python3.12/site-packages/airflow/example_dags/example_dag_decorator.py took 0.179 seconds
[2025-10-09T23:52:24.447+0300] {processor.py:186} INFO - Started process (PID=46387) to work on /home/hsooni/cafe_sales_etl/venv/lib/python3.12/site-packages/airflow/example_dags/example_dag_decorator.py
[2025-10-09T23:52:24.453+0300] {processor.py:914} INFO - Processing file /home/hsooni/cafe_sales_etl/venv/lib/python3.12/site-packages/airflow/example_dags/example_dag_decorator.py for tasks to queue
[2025-10-09T23:52:24.456+0300] {logging_mixin.py:190} INFO - [2025-10-09T23:52:24.455+0300] {dagbag.py:588} INFO - Filling up the DagBag from /home/hsooni/cafe_sales_etl/venv/lib/python3.12/site-packages/airflow/example_dags/example_dag_decorator.py
[2025-10-09T23:52:24.471+0300] {processor.py:925} INFO - DAG(s) 'example_dag_decorator' retrieved from /home/hsooni/cafe_sales_etl/venv/lib/python3.12/site-packages/airflow/example_dags/example_dag_decorator.py
[2025-10-09T23:52:24.587+0300] {logging_mixin.py:190} INFO - [2025-10-09T23:52:24.586+0300] {dag.py:3239} INFO - Sync 1 DAGs
[2025-10-09T23:52:24.599+0300] {logging_mixin.py:190} INFO - [2025-10-09T23:52:24.599+0300] {dag.py:4180} INFO - Setting next_dagrun for example_dag_decorator to None, run_after=None
[2025-10-09T23:52:24.625+0300] {processor.py:208} INFO - Processing /home/hsooni/cafe_sales_etl/venv/lib/python3.12/site-packages/airflow/example_dags/example_dag_decorator.py took 0.184 seconds
[2025-10-09T23:53:20.022+0300] {processor.py:186} INFO - Started process (PID=46628) to work on /home/hsooni/cafe_sales_etl/venv/lib/python3.12/site-packages/airflow/example_dags/example_dag_decorator.py
[2025-10-09T23:53:20.028+0300] {processor.py:914} INFO - Processing file /home/hsooni/cafe_sales_etl/venv/lib/python3.12/site-packages/airflow/example_dags/example_dag_decorator.py for tasks to queue
[2025-10-09T23:53:20.030+0300] {logging_mixin.py:190} INFO - [2025-10-09T23:53:20.030+0300] {dagbag.py:588} INFO - Filling up the DagBag from /home/hsooni/cafe_sales_etl/venv/lib/python3.12/site-packages/airflow/example_dags/example_dag_decorator.py
[2025-10-09T23:53:20.043+0300] {processor.py:925} INFO - DAG(s) 'example_dag_decorator' retrieved from /home/hsooni/cafe_sales_etl/venv/lib/python3.12/site-packages/airflow/example_dags/example_dag_decorator.py
[2025-10-09T23:53:20.168+0300] {logging_mixin.py:190} INFO - [2025-10-09T23:53:20.168+0300] {dag.py:3239} INFO - Sync 1 DAGs
[2025-10-09T23:53:20.181+0300] {logging_mixin.py:190} INFO - [2025-10-09T23:53:20.181+0300] {dag.py:4180} INFO - Setting next_dagrun for example_dag_decorator to None, run_after=None
[2025-10-09T23:53:20.212+0300] {processor.py:208} INFO - Processing /home/hsooni/cafe_sales_etl/venv/lib/python3.12/site-packages/airflow/example_dags/example_dag_decorator.py took 0.196 seconds
[2025-10-09T23:54:45.584+0300] {processor.py:186} INFO - Started process (PID=47269) to work on /home/hsooni/cafe_sales_etl/venv/lib/python3.12/site-packages/airflow/example_dags/example_dag_decorator.py
[2025-10-09T23:54:45.590+0300] {processor.py:914} INFO - Processing file /home/hsooni/cafe_sales_etl/venv/lib/python3.12/site-packages/airflow/example_dags/example_dag_decorator.py for tasks to queue
[2025-10-09T23:54:45.593+0300] {logging_mixin.py:190} INFO - [2025-10-09T23:54:45.592+0300] {dagbag.py:588} INFO - Filling up the DagBag from /home/hsooni/cafe_sales_etl/venv/lib/python3.12/site-packages/airflow/example_dags/example_dag_decorator.py
[2025-10-09T23:54:45.607+0300] {processor.py:925} INFO - DAG(s) 'example_dag_decorator' retrieved from /home/hsooni/cafe_sales_etl/venv/lib/python3.12/site-packages/airflow/example_dags/example_dag_decorator.py
[2025-10-09T23:54:45.748+0300] {logging_mixin.py:190} INFO - [2025-10-09T23:54:45.748+0300] {dag.py:3239} INFO - Sync 1 DAGs
[2025-10-09T23:54:45.764+0300] {logging_mixin.py:190} INFO - [2025-10-09T23:54:45.764+0300] {dag.py:4180} INFO - Setting next_dagrun for example_dag_decorator to None, run_after=None
[2025-10-09T23:54:45.815+0300] {processor.py:208} INFO - Processing /home/hsooni/cafe_sales_etl/venv/lib/python3.12/site-packages/airflow/example_dags/example_dag_decorator.py took 0.238 seconds
