[2025-10-09T23:47:15.378+0300] {processor.py:186} INFO - Started process (PID=44557) to work on /home/hsooni/cafe_sales_etl/venv/lib/python3.12/site-packages/airflow/example_dags/example_trigger_controller_dag.py
[2025-10-09T23:47:15.379+0300] {processor.py:914} INFO - Processing file /home/hsooni/cafe_sales_etl/venv/lib/python3.12/site-packages/airflow/example_dags/example_trigger_controller_dag.py for tasks to queue
[2025-10-09T23:47:15.382+0300] {logging_mixin.py:190} INFO - [2025-10-09T23:47:15.381+0300] {dagbag.py:588} INFO - Filling up the DagBag from /home/hsooni/cafe_sales_etl/venv/lib/python3.12/site-packages/airflow/example_dags/example_trigger_controller_dag.py
[2025-10-09T23:47:15.392+0300] {processor.py:925} INFO - DAG(s) 'example_trigger_controller_dag' retrieved from /home/hsooni/cafe_sales_etl/venv/lib/python3.12/site-packages/airflow/example_dags/example_trigger_controller_dag.py
[2025-10-09T23:47:15.522+0300] {logging_mixin.py:190} INFO - [2025-10-09T23:47:15.521+0300] {override.py:1900} INFO - Created Permission View: can delete on DAG:example_trigger_controller_dag
[2025-10-09T23:47:15.538+0300] {logging_mixin.py:190} INFO - [2025-10-09T23:47:15.538+0300] {override.py:1900} INFO - Created Permission View: can read on DAG:example_trigger_controller_dag
[2025-10-09T23:47:15.550+0300] {logging_mixin.py:190} INFO - [2025-10-09T23:47:15.550+0300] {override.py:1900} INFO - Created Permission View: can edit on DAG:example_trigger_controller_dag
[2025-10-09T23:47:15.570+0300] {logging_mixin.py:190} INFO - [2025-10-09T23:47:15.569+0300] {override.py:1900} INFO - Created Permission View: can delete on DAG Run:example_trigger_controller_dag
[2025-10-09T23:47:15.582+0300] {logging_mixin.py:190} INFO - [2025-10-09T23:47:15.581+0300] {override.py:1900} INFO - Created Permission View: can create on DAG Run:example_trigger_controller_dag
[2025-10-09T23:47:15.594+0300] {logging_mixin.py:190} INFO - [2025-10-09T23:47:15.593+0300] {override.py:1900} INFO - Created Permission View: can read on DAG Run:example_trigger_controller_dag
[2025-10-09T23:47:15.606+0300] {logging_mixin.py:190} INFO - [2025-10-09T23:47:15.605+0300] {override.py:1900} INFO - Created Permission View: menu access on DAG Run:example_trigger_controller_dag
[2025-10-09T23:47:15.606+0300] {logging_mixin.py:190} INFO - [2025-10-09T23:47:15.606+0300] {dag.py:3239} INFO - Sync 1 DAGs
[2025-10-09T23:47:15.619+0300] {logging_mixin.py:190} INFO - [2025-10-09T23:47:15.619+0300] {dag.py:3262} INFO - Creating ORM DAG for example_trigger_controller_dag
[2025-10-09T23:47:15.627+0300] {logging_mixin.py:190} INFO - [2025-10-09T23:47:15.627+0300] {dag.py:4180} INFO - Setting next_dagrun for example_trigger_controller_dag to 2021-01-01 00:00:00+00:00, run_after=2021-01-01 00:00:00+00:00
[2025-10-09T23:47:15.649+0300] {processor.py:208} INFO - Processing /home/hsooni/cafe_sales_etl/venv/lib/python3.12/site-packages/airflow/example_dags/example_trigger_controller_dag.py took 0.278 seconds
[2025-10-09T23:48:55.292+0300] {processor.py:186} INFO - Started process (PID=45107) to work on /home/hsooni/cafe_sales_etl/venv/lib/python3.12/site-packages/airflow/example_dags/example_trigger_controller_dag.py
[2025-10-09T23:48:55.298+0300] {processor.py:914} INFO - Processing file /home/hsooni/cafe_sales_etl/venv/lib/python3.12/site-packages/airflow/example_dags/example_trigger_controller_dag.py for tasks to queue
[2025-10-09T23:48:55.301+0300] {logging_mixin.py:190} INFO - [2025-10-09T23:48:55.300+0300] {dagbag.py:588} INFO - Filling up the DagBag from /home/hsooni/cafe_sales_etl/venv/lib/python3.12/site-packages/airflow/example_dags/example_trigger_controller_dag.py
[2025-10-09T23:48:55.308+0300] {processor.py:925} INFO - DAG(s) 'example_trigger_controller_dag' retrieved from /home/hsooni/cafe_sales_etl/venv/lib/python3.12/site-packages/airflow/example_dags/example_trigger_controller_dag.py
[2025-10-09T23:48:55.327+0300] {logging_mixin.py:190} INFO - [2025-10-09T23:48:55.327+0300] {dag.py:3239} INFO - Sync 1 DAGs
[2025-10-09T23:48:55.350+0300] {logging_mixin.py:190} INFO - [2025-10-09T23:48:55.349+0300] {dag.py:4180} INFO - Setting next_dagrun for example_trigger_controller_dag to 2021-01-01 00:00:00+00:00, run_after=2021-01-01 00:00:00+00:00
[2025-10-09T23:48:55.380+0300] {processor.py:208} INFO - Processing /home/hsooni/cafe_sales_etl/venv/lib/python3.12/site-packages/airflow/example_dags/example_trigger_controller_dag.py took 0.095 seconds
[2025-10-09T23:49:55.172+0300] {processor.py:186} INFO - Started process (PID=45571) to work on /home/hsooni/cafe_sales_etl/venv/lib/python3.12/site-packages/airflow/example_dags/example_trigger_controller_dag.py
[2025-10-09T23:49:55.179+0300] {processor.py:914} INFO - Processing file /home/hsooni/cafe_sales_etl/venv/lib/python3.12/site-packages/airflow/example_dags/example_trigger_controller_dag.py for tasks to queue
[2025-10-09T23:49:55.181+0300] {logging_mixin.py:190} INFO - [2025-10-09T23:49:55.181+0300] {dagbag.py:588} INFO - Filling up the DagBag from /home/hsooni/cafe_sales_etl/venv/lib/python3.12/site-packages/airflow/example_dags/example_trigger_controller_dag.py
[2025-10-09T23:49:55.189+0300] {processor.py:925} INFO - DAG(s) 'example_trigger_controller_dag' retrieved from /home/hsooni/cafe_sales_etl/venv/lib/python3.12/site-packages/airflow/example_dags/example_trigger_controller_dag.py
[2025-10-09T23:49:55.206+0300] {logging_mixin.py:190} INFO - [2025-10-09T23:49:55.205+0300] {dag.py:3239} INFO - Sync 1 DAGs
[2025-10-09T23:49:55.227+0300] {logging_mixin.py:190} INFO - [2025-10-09T23:49:55.227+0300] {dag.py:4180} INFO - Setting next_dagrun for example_trigger_controller_dag to 2021-01-01 00:00:00+00:00, run_after=2021-01-01 00:00:00+00:00
[2025-10-09T23:49:55.251+0300] {processor.py:208} INFO - Processing /home/hsooni/cafe_sales_etl/venv/lib/python3.12/site-packages/airflow/example_dags/example_trigger_controller_dag.py took 0.085 seconds
[2025-10-09T23:50:51.022+0300] {processor.py:186} INFO - Started process (PID=45800) to work on /home/hsooni/cafe_sales_etl/venv/lib/python3.12/site-packages/airflow/example_dags/example_trigger_controller_dag.py
[2025-10-09T23:50:51.027+0300] {processor.py:914} INFO - Processing file /home/hsooni/cafe_sales_etl/venv/lib/python3.12/site-packages/airflow/example_dags/example_trigger_controller_dag.py for tasks to queue
[2025-10-09T23:50:51.030+0300] {logging_mixin.py:190} INFO - [2025-10-09T23:50:51.030+0300] {dagbag.py:588} INFO - Filling up the DagBag from /home/hsooni/cafe_sales_etl/venv/lib/python3.12/site-packages/airflow/example_dags/example_trigger_controller_dag.py
[2025-10-09T23:50:51.037+0300] {processor.py:925} INFO - DAG(s) 'example_trigger_controller_dag' retrieved from /home/hsooni/cafe_sales_etl/venv/lib/python3.12/site-packages/airflow/example_dags/example_trigger_controller_dag.py
[2025-10-09T23:50:51.056+0300] {logging_mixin.py:190} INFO - [2025-10-09T23:50:51.055+0300] {dag.py:3239} INFO - Sync 1 DAGs
[2025-10-09T23:50:51.083+0300] {logging_mixin.py:190} INFO - [2025-10-09T23:50:51.083+0300] {dag.py:4180} INFO - Setting next_dagrun for example_trigger_controller_dag to 2021-01-01 00:00:00+00:00, run_after=2021-01-01 00:00:00+00:00
[2025-10-09T23:50:51.115+0300] {processor.py:208} INFO - Processing /home/hsooni/cafe_sales_etl/venv/lib/python3.12/site-packages/airflow/example_dags/example_trigger_controller_dag.py took 0.099 seconds
[2025-10-09T23:51:45.858+0300] {processor.py:186} INFO - Started process (PID=46213) to work on /home/hsooni/cafe_sales_etl/venv/lib/python3.12/site-packages/airflow/example_dags/example_trigger_controller_dag.py
[2025-10-09T23:51:45.864+0300] {processor.py:914} INFO - Processing file /home/hsooni/cafe_sales_etl/venv/lib/python3.12/site-packages/airflow/example_dags/example_trigger_controller_dag.py for tasks to queue
[2025-10-09T23:51:45.867+0300] {logging_mixin.py:190} INFO - [2025-10-09T23:51:45.866+0300] {dagbag.py:588} INFO - Filling up the DagBag from /home/hsooni/cafe_sales_etl/venv/lib/python3.12/site-packages/airflow/example_dags/example_trigger_controller_dag.py
[2025-10-09T23:51:45.873+0300] {processor.py:925} INFO - DAG(s) 'example_trigger_controller_dag' retrieved from /home/hsooni/cafe_sales_etl/venv/lib/python3.12/site-packages/airflow/example_dags/example_trigger_controller_dag.py
[2025-10-09T23:51:45.890+0300] {logging_mixin.py:190} INFO - [2025-10-09T23:51:45.889+0300] {dag.py:3239} INFO - Sync 1 DAGs
[2025-10-09T23:51:45.912+0300] {logging_mixin.py:190} INFO - [2025-10-09T23:51:45.911+0300] {dag.py:4180} INFO - Setting next_dagrun for example_trigger_controller_dag to 2021-01-01 00:00:00+00:00, run_after=2021-01-01 00:00:00+00:00
[2025-10-09T23:51:45.938+0300] {processor.py:208} INFO - Processing /home/hsooni/cafe_sales_etl/venv/lib/python3.12/site-packages/airflow/example_dags/example_trigger_controller_dag.py took 0.086 seconds
[2025-10-09T23:52:41.056+0300] {processor.py:186} INFO - Started process (PID=46466) to work on /home/hsooni/cafe_sales_etl/venv/lib/python3.12/site-packages/airflow/example_dags/example_trigger_controller_dag.py
[2025-10-09T23:52:41.062+0300] {processor.py:914} INFO - Processing file /home/hsooni/cafe_sales_etl/venv/lib/python3.12/site-packages/airflow/example_dags/example_trigger_controller_dag.py for tasks to queue
[2025-10-09T23:52:41.065+0300] {logging_mixin.py:190} INFO - [2025-10-09T23:52:41.064+0300] {dagbag.py:588} INFO - Filling up the DagBag from /home/hsooni/cafe_sales_etl/venv/lib/python3.12/site-packages/airflow/example_dags/example_trigger_controller_dag.py
[2025-10-09T23:52:41.072+0300] {processor.py:925} INFO - DAG(s) 'example_trigger_controller_dag' retrieved from /home/hsooni/cafe_sales_etl/venv/lib/python3.12/site-packages/airflow/example_dags/example_trigger_controller_dag.py
[2025-10-09T23:52:41.088+0300] {logging_mixin.py:190} INFO - [2025-10-09T23:52:41.088+0300] {dag.py:3239} INFO - Sync 1 DAGs
[2025-10-09T23:52:41.111+0300] {logging_mixin.py:190} INFO - [2025-10-09T23:52:41.111+0300] {dag.py:4180} INFO - Setting next_dagrun for example_trigger_controller_dag to 2021-01-01 00:00:00+00:00, run_after=2021-01-01 00:00:00+00:00
[2025-10-09T23:52:41.141+0300] {processor.py:208} INFO - Processing /home/hsooni/cafe_sales_etl/venv/lib/python3.12/site-packages/airflow/example_dags/example_trigger_controller_dag.py took 0.091 seconds
[2025-10-09T23:53:34.403+0300] {processor.py:186} INFO - Started process (PID=46705) to work on /home/hsooni/cafe_sales_etl/venv/lib/python3.12/site-packages/airflow/example_dags/example_trigger_controller_dag.py
[2025-10-09T23:53:34.409+0300] {processor.py:914} INFO - Processing file /home/hsooni/cafe_sales_etl/venv/lib/python3.12/site-packages/airflow/example_dags/example_trigger_controller_dag.py for tasks to queue
[2025-10-09T23:53:34.412+0300] {logging_mixin.py:190} INFO - [2025-10-09T23:53:34.412+0300] {dagbag.py:588} INFO - Filling up the DagBag from /home/hsooni/cafe_sales_etl/venv/lib/python3.12/site-packages/airflow/example_dags/example_trigger_controller_dag.py
[2025-10-09T23:53:34.420+0300] {processor.py:925} INFO - DAG(s) 'example_trigger_controller_dag' retrieved from /home/hsooni/cafe_sales_etl/venv/lib/python3.12/site-packages/airflow/example_dags/example_trigger_controller_dag.py
[2025-10-09T23:53:34.438+0300] {logging_mixin.py:190} INFO - [2025-10-09T23:53:34.438+0300] {dag.py:3239} INFO - Sync 1 DAGs
[2025-10-09T23:53:34.462+0300] {logging_mixin.py:190} INFO - [2025-10-09T23:53:34.461+0300] {dag.py:4180} INFO - Setting next_dagrun for example_trigger_controller_dag to 2021-01-01 00:00:00+00:00, run_after=2021-01-01 00:00:00+00:00
[2025-10-09T23:53:34.492+0300] {processor.py:208} INFO - Processing /home/hsooni/cafe_sales_etl/venv/lib/python3.12/site-packages/airflow/example_dags/example_trigger_controller_dag.py took 0.094 seconds
[2025-10-09T23:54:33.954+0300] {processor.py:186} INFO - Started process (PID=47231) to work on /home/hsooni/cafe_sales_etl/venv/lib/python3.12/site-packages/airflow/example_dags/example_trigger_controller_dag.py
[2025-10-09T23:54:33.955+0300] {processor.py:914} INFO - Processing file /home/hsooni/cafe_sales_etl/venv/lib/python3.12/site-packages/airflow/example_dags/example_trigger_controller_dag.py for tasks to queue
[2025-10-09T23:54:33.958+0300] {logging_mixin.py:190} INFO - [2025-10-09T23:54:33.958+0300] {dagbag.py:588} INFO - Filling up the DagBag from /home/hsooni/cafe_sales_etl/venv/lib/python3.12/site-packages/airflow/example_dags/example_trigger_controller_dag.py
[2025-10-09T23:54:33.965+0300] {processor.py:925} INFO - DAG(s) 'example_trigger_controller_dag' retrieved from /home/hsooni/cafe_sales_etl/venv/lib/python3.12/site-packages/airflow/example_dags/example_trigger_controller_dag.py
[2025-10-09T23:54:33.982+0300] {logging_mixin.py:190} INFO - [2025-10-09T23:54:33.981+0300] {dag.py:3239} INFO - Sync 1 DAGs
[2025-10-09T23:54:34.005+0300] {logging_mixin.py:190} INFO - [2025-10-09T23:54:34.005+0300] {dag.py:4180} INFO - Setting next_dagrun for example_trigger_controller_dag to 2021-01-01 00:00:00+00:00, run_after=2021-01-01 00:00:00+00:00
[2025-10-09T23:54:34.036+0300] {processor.py:208} INFO - Processing /home/hsooni/cafe_sales_etl/venv/lib/python3.12/site-packages/airflow/example_dags/example_trigger_controller_dag.py took 0.088 seconds
[2025-10-09T23:55:31.489+0300] {processor.py:186} INFO - Started process (PID=47563) to work on /home/hsooni/cafe_sales_etl/venv/lib/python3.12/site-packages/airflow/example_dags/example_trigger_controller_dag.py
[2025-10-09T23:55:31.495+0300] {processor.py:914} INFO - Processing file /home/hsooni/cafe_sales_etl/venv/lib/python3.12/site-packages/airflow/example_dags/example_trigger_controller_dag.py for tasks to queue
[2025-10-09T23:55:31.498+0300] {logging_mixin.py:190} INFO - [2025-10-09T23:55:31.498+0300] {dagbag.py:588} INFO - Filling up the DagBag from /home/hsooni/cafe_sales_etl/venv/lib/python3.12/site-packages/airflow/example_dags/example_trigger_controller_dag.py
[2025-10-09T23:55:31.506+0300] {processor.py:925} INFO - DAG(s) 'example_trigger_controller_dag' retrieved from /home/hsooni/cafe_sales_etl/venv/lib/python3.12/site-packages/airflow/example_dags/example_trigger_controller_dag.py
[2025-10-09T23:55:31.522+0300] {logging_mixin.py:190} INFO - [2025-10-09T23:55:31.521+0300] {dag.py:3239} INFO - Sync 1 DAGs
[2025-10-09T23:55:31.543+0300] {logging_mixin.py:190} INFO - [2025-10-09T23:55:31.542+0300] {dag.py:4180} INFO - Setting next_dagrun for example_trigger_controller_dag to 2021-01-01 00:00:00+00:00, run_after=2021-01-01 00:00:00+00:00
[2025-10-09T23:55:31.568+0300] {processor.py:208} INFO - Processing /home/hsooni/cafe_sales_etl/venv/lib/python3.12/site-packages/airflow/example_dags/example_trigger_controller_dag.py took 0.087 seconds
