[2025-10-09T23:47:16.727+0300] {processor.py:186} INFO - Started process (PID=44562) to work on /home/hsooni/cafe_sales_etl/venv/lib/python3.12/site-packages/airflow/example_dags/example_time_delta_sensor_async.py
[2025-10-09T23:47:16.728+0300] {processor.py:914} INFO - Processing file /home/hsooni/cafe_sales_etl/venv/lib/python3.12/site-packages/airflow/example_dags/example_time_delta_sensor_async.py for tasks to queue
[2025-10-09T23:47:16.735+0300] {logging_mixin.py:190} INFO - [2025-10-09T23:47:16.734+0300] {dagbag.py:588} INFO - Filling up the DagBag from /home/hsooni/cafe_sales_etl/venv/lib/python3.12/site-packages/airflow/example_dags/example_time_delta_sensor_async.py
[2025-10-09T23:47:16.742+0300] {processor.py:925} INFO - DAG(s) 'example_time_delta_sensor_async' retrieved from /home/hsooni/cafe_sales_etl/venv/lib/python3.12/site-packages/airflow/example_dags/example_time_delta_sensor_async.py
[2025-10-09T23:47:16.871+0300] {logging_mixin.py:190} INFO - [2025-10-09T23:47:16.870+0300] {override.py:1900} INFO - Created Permission View: can delete on DAG:example_time_delta_sensor_async
[2025-10-09T23:47:16.887+0300] {logging_mixin.py:190} INFO - [2025-10-09T23:47:16.887+0300] {override.py:1900} INFO - Created Permission View: can read on DAG:example_time_delta_sensor_async
[2025-10-09T23:47:16.900+0300] {logging_mixin.py:190} INFO - [2025-10-09T23:47:16.899+0300] {override.py:1900} INFO - Created Permission View: can edit on DAG:example_time_delta_sensor_async
[2025-10-09T23:47:16.921+0300] {logging_mixin.py:190} INFO - [2025-10-09T23:47:16.921+0300] {override.py:1900} INFO - Created Permission View: can delete on DAG Run:example_time_delta_sensor_async
[2025-10-09T23:47:16.934+0300] {logging_mixin.py:190} INFO - [2025-10-09T23:47:16.934+0300] {override.py:1900} INFO - Created Permission View: can create on DAG Run:example_time_delta_sensor_async
[2025-10-09T23:47:16.947+0300] {logging_mixin.py:190} INFO - [2025-10-09T23:47:16.947+0300] {override.py:1900} INFO - Created Permission View: can read on DAG Run:example_time_delta_sensor_async
[2025-10-09T23:47:16.960+0300] {logging_mixin.py:190} INFO - [2025-10-09T23:47:16.959+0300] {override.py:1900} INFO - Created Permission View: menu access on DAG Run:example_time_delta_sensor_async
[2025-10-09T23:47:16.960+0300] {logging_mixin.py:190} INFO - [2025-10-09T23:47:16.960+0300] {dag.py:3239} INFO - Sync 1 DAGs
[2025-10-09T23:47:16.972+0300] {logging_mixin.py:190} INFO - [2025-10-09T23:47:16.972+0300] {dag.py:3262} INFO - Creating ORM DAG for example_time_delta_sensor_async
[2025-10-09T23:47:16.973+0300] {logging_mixin.py:190} INFO - [2025-10-09T23:47:16.973+0300] {dag.py:4180} INFO - Setting next_dagrun for example_time_delta_sensor_async to None, run_after=None
[2025-10-09T23:47:16.995+0300] {processor.py:208} INFO - Processing /home/hsooni/cafe_sales_etl/venv/lib/python3.12/site-packages/airflow/example_dags/example_time_delta_sensor_async.py took 0.276 seconds
[2025-10-09T23:48:55.725+0300] {processor.py:186} INFO - Started process (PID=45122) to work on /home/hsooni/cafe_sales_etl/venv/lib/python3.12/site-packages/airflow/example_dags/example_time_delta_sensor_async.py
[2025-10-09T23:48:55.727+0300] {processor.py:914} INFO - Processing file /home/hsooni/cafe_sales_etl/venv/lib/python3.12/site-packages/airflow/example_dags/example_time_delta_sensor_async.py for tasks to queue
[2025-10-09T23:48:55.730+0300] {logging_mixin.py:190} INFO - [2025-10-09T23:48:55.729+0300] {dagbag.py:588} INFO - Filling up the DagBag from /home/hsooni/cafe_sales_etl/venv/lib/python3.12/site-packages/airflow/example_dags/example_time_delta_sensor_async.py
[2025-10-09T23:48:55.738+0300] {processor.py:925} INFO - DAG(s) 'example_time_delta_sensor_async' retrieved from /home/hsooni/cafe_sales_etl/venv/lib/python3.12/site-packages/airflow/example_dags/example_time_delta_sensor_async.py
[2025-10-09T23:48:55.762+0300] {logging_mixin.py:190} INFO - [2025-10-09T23:48:55.762+0300] {dag.py:3239} INFO - Sync 1 DAGs
[2025-10-09T23:48:55.783+0300] {logging_mixin.py:190} INFO - [2025-10-09T23:48:55.782+0300] {dag.py:4180} INFO - Setting next_dagrun for example_time_delta_sensor_async to None, run_after=None
[2025-10-09T23:48:55.824+0300] {processor.py:208} INFO - Processing /home/hsooni/cafe_sales_etl/venv/lib/python3.12/site-packages/airflow/example_dags/example_time_delta_sensor_async.py took 0.105 seconds
[2025-10-09T23:49:56.325+0300] {processor.py:186} INFO - Started process (PID=45580) to work on /home/hsooni/cafe_sales_etl/venv/lib/python3.12/site-packages/airflow/example_dags/example_time_delta_sensor_async.py
[2025-10-09T23:49:56.326+0300] {processor.py:914} INFO - Processing file /home/hsooni/cafe_sales_etl/venv/lib/python3.12/site-packages/airflow/example_dags/example_time_delta_sensor_async.py for tasks to queue
[2025-10-09T23:49:56.328+0300] {logging_mixin.py:190} INFO - [2025-10-09T23:49:56.328+0300] {dagbag.py:588} INFO - Filling up the DagBag from /home/hsooni/cafe_sales_etl/venv/lib/python3.12/site-packages/airflow/example_dags/example_time_delta_sensor_async.py
[2025-10-09T23:49:56.335+0300] {processor.py:925} INFO - DAG(s) 'example_time_delta_sensor_async' retrieved from /home/hsooni/cafe_sales_etl/venv/lib/python3.12/site-packages/airflow/example_dags/example_time_delta_sensor_async.py
[2025-10-09T23:49:56.352+0300] {logging_mixin.py:190} INFO - [2025-10-09T23:49:56.352+0300] {dag.py:3239} INFO - Sync 1 DAGs
[2025-10-09T23:49:56.366+0300] {logging_mixin.py:190} INFO - [2025-10-09T23:49:56.366+0300] {dag.py:4180} INFO - Setting next_dagrun for example_time_delta_sensor_async to None, run_after=None
[2025-10-09T23:49:56.390+0300] {processor.py:208} INFO - Processing /home/hsooni/cafe_sales_etl/venv/lib/python3.12/site-packages/airflow/example_dags/example_time_delta_sensor_async.py took 0.072 seconds
[2025-10-09T23:50:52.290+0300] {processor.py:186} INFO - Started process (PID=45805) to work on /home/hsooni/cafe_sales_etl/venv/lib/python3.12/site-packages/airflow/example_dags/example_time_delta_sensor_async.py
[2025-10-09T23:50:52.296+0300] {processor.py:914} INFO - Processing file /home/hsooni/cafe_sales_etl/venv/lib/python3.12/site-packages/airflow/example_dags/example_time_delta_sensor_async.py for tasks to queue
[2025-10-09T23:50:52.299+0300] {logging_mixin.py:190} INFO - [2025-10-09T23:50:52.299+0300] {dagbag.py:588} INFO - Filling up the DagBag from /home/hsooni/cafe_sales_etl/venv/lib/python3.12/site-packages/airflow/example_dags/example_time_delta_sensor_async.py
[2025-10-09T23:50:52.308+0300] {processor.py:925} INFO - DAG(s) 'example_time_delta_sensor_async' retrieved from /home/hsooni/cafe_sales_etl/venv/lib/python3.12/site-packages/airflow/example_dags/example_time_delta_sensor_async.py
[2025-10-09T23:50:52.326+0300] {logging_mixin.py:190} INFO - [2025-10-09T23:50:52.326+0300] {dag.py:3239} INFO - Sync 1 DAGs
[2025-10-09T23:50:52.341+0300] {logging_mixin.py:190} INFO - [2025-10-09T23:50:52.341+0300] {dag.py:4180} INFO - Setting next_dagrun for example_time_delta_sensor_async to None, run_after=None
[2025-10-09T23:50:52.366+0300] {processor.py:208} INFO - Processing /home/hsooni/cafe_sales_etl/venv/lib/python3.12/site-packages/airflow/example_dags/example_time_delta_sensor_async.py took 0.082 seconds
[2025-10-09T23:51:47.043+0300] {processor.py:186} INFO - Started process (PID=46222) to work on /home/hsooni/cafe_sales_etl/venv/lib/python3.12/site-packages/airflow/example_dags/example_time_delta_sensor_async.py
[2025-10-09T23:51:47.050+0300] {processor.py:914} INFO - Processing file /home/hsooni/cafe_sales_etl/venv/lib/python3.12/site-packages/airflow/example_dags/example_time_delta_sensor_async.py for tasks to queue
[2025-10-09T23:51:47.053+0300] {logging_mixin.py:190} INFO - [2025-10-09T23:51:47.053+0300] {dagbag.py:588} INFO - Filling up the DagBag from /home/hsooni/cafe_sales_etl/venv/lib/python3.12/site-packages/airflow/example_dags/example_time_delta_sensor_async.py
[2025-10-09T23:51:47.062+0300] {processor.py:925} INFO - DAG(s) 'example_time_delta_sensor_async' retrieved from /home/hsooni/cafe_sales_etl/venv/lib/python3.12/site-packages/airflow/example_dags/example_time_delta_sensor_async.py
[2025-10-09T23:51:47.085+0300] {logging_mixin.py:190} INFO - [2025-10-09T23:51:47.084+0300] {dag.py:3239} INFO - Sync 1 DAGs
[2025-10-09T23:51:47.099+0300] {logging_mixin.py:190} INFO - [2025-10-09T23:51:47.099+0300] {dag.py:4180} INFO - Setting next_dagrun for example_time_delta_sensor_async to None, run_after=None
[2025-10-09T23:51:47.129+0300] {processor.py:208} INFO - Processing /home/hsooni/cafe_sales_etl/venv/lib/python3.12/site-packages/airflow/example_dags/example_time_delta_sensor_async.py took 0.095 seconds
[2025-10-09T23:52:42.204+0300] {processor.py:186} INFO - Started process (PID=46472) to work on /home/hsooni/cafe_sales_etl/venv/lib/python3.12/site-packages/airflow/example_dags/example_time_delta_sensor_async.py
[2025-10-09T23:52:42.210+0300] {processor.py:914} INFO - Processing file /home/hsooni/cafe_sales_etl/venv/lib/python3.12/site-packages/airflow/example_dags/example_time_delta_sensor_async.py for tasks to queue
[2025-10-09T23:52:42.213+0300] {logging_mixin.py:190} INFO - [2025-10-09T23:52:42.212+0300] {dagbag.py:588} INFO - Filling up the DagBag from /home/hsooni/cafe_sales_etl/venv/lib/python3.12/site-packages/airflow/example_dags/example_time_delta_sensor_async.py
[2025-10-09T23:52:42.220+0300] {processor.py:925} INFO - DAG(s) 'example_time_delta_sensor_async' retrieved from /home/hsooni/cafe_sales_etl/venv/lib/python3.12/site-packages/airflow/example_dags/example_time_delta_sensor_async.py
[2025-10-09T23:52:42.236+0300] {logging_mixin.py:190} INFO - [2025-10-09T23:52:42.236+0300] {dag.py:3239} INFO - Sync 1 DAGs
[2025-10-09T23:52:42.251+0300] {logging_mixin.py:190} INFO - [2025-10-09T23:52:42.251+0300] {dag.py:4180} INFO - Setting next_dagrun for example_time_delta_sensor_async to None, run_after=None
[2025-10-09T23:52:42.275+0300] {processor.py:208} INFO - Processing /home/hsooni/cafe_sales_etl/venv/lib/python3.12/site-packages/airflow/example_dags/example_time_delta_sensor_async.py took 0.078 seconds
[2025-10-09T23:53:35.424+0300] {processor.py:186} INFO - Started process (PID=46714) to work on /home/hsooni/cafe_sales_etl/venv/lib/python3.12/site-packages/airflow/example_dags/example_time_delta_sensor_async.py
[2025-10-09T23:53:35.431+0300] {processor.py:914} INFO - Processing file /home/hsooni/cafe_sales_etl/venv/lib/python3.12/site-packages/airflow/example_dags/example_time_delta_sensor_async.py for tasks to queue
[2025-10-09T23:53:35.433+0300] {logging_mixin.py:190} INFO - [2025-10-09T23:53:35.433+0300] {dagbag.py:588} INFO - Filling up the DagBag from /home/hsooni/cafe_sales_etl/venv/lib/python3.12/site-packages/airflow/example_dags/example_time_delta_sensor_async.py
[2025-10-09T23:53:35.441+0300] {processor.py:925} INFO - DAG(s) 'example_time_delta_sensor_async' retrieved from /home/hsooni/cafe_sales_etl/venv/lib/python3.12/site-packages/airflow/example_dags/example_time_delta_sensor_async.py
[2025-10-09T23:53:35.457+0300] {logging_mixin.py:190} INFO - [2025-10-09T23:53:35.457+0300] {dag.py:3239} INFO - Sync 1 DAGs
[2025-10-09T23:53:35.472+0300] {logging_mixin.py:190} INFO - [2025-10-09T23:53:35.471+0300] {dag.py:4180} INFO - Setting next_dagrun for example_time_delta_sensor_async to None, run_after=None
[2025-10-09T23:53:35.497+0300] {processor.py:208} INFO - Processing /home/hsooni/cafe_sales_etl/venv/lib/python3.12/site-packages/airflow/example_dags/example_time_delta_sensor_async.py took 0.079 seconds
[2025-10-09T23:54:34.899+0300] {processor.py:186} INFO - Started process (PID=47240) to work on /home/hsooni/cafe_sales_etl/venv/lib/python3.12/site-packages/airflow/example_dags/example_time_delta_sensor_async.py
[2025-10-09T23:54:34.900+0300] {processor.py:914} INFO - Processing file /home/hsooni/cafe_sales_etl/venv/lib/python3.12/site-packages/airflow/example_dags/example_time_delta_sensor_async.py for tasks to queue
[2025-10-09T23:54:34.903+0300] {logging_mixin.py:190} INFO - [2025-10-09T23:54:34.903+0300] {dagbag.py:588} INFO - Filling up the DagBag from /home/hsooni/cafe_sales_etl/venv/lib/python3.12/site-packages/airflow/example_dags/example_time_delta_sensor_async.py
[2025-10-09T23:54:34.911+0300] {processor.py:925} INFO - DAG(s) 'example_time_delta_sensor_async' retrieved from /home/hsooni/cafe_sales_etl/venv/lib/python3.12/site-packages/airflow/example_dags/example_time_delta_sensor_async.py
[2025-10-09T23:54:34.928+0300] {logging_mixin.py:190} INFO - [2025-10-09T23:54:34.928+0300] {dag.py:3239} INFO - Sync 1 DAGs
[2025-10-09T23:54:34.943+0300] {logging_mixin.py:190} INFO - [2025-10-09T23:54:34.943+0300] {dag.py:4180} INFO - Setting next_dagrun for example_time_delta_sensor_async to None, run_after=None
[2025-10-09T23:54:34.969+0300] {processor.py:208} INFO - Processing /home/hsooni/cafe_sales_etl/venv/lib/python3.12/site-packages/airflow/example_dags/example_time_delta_sensor_async.py took 0.076 seconds
[2025-10-09T23:55:32.377+0300] {processor.py:186} INFO - Started process (PID=47572) to work on /home/hsooni/cafe_sales_etl/venv/lib/python3.12/site-packages/airflow/example_dags/example_time_delta_sensor_async.py
[2025-10-09T23:55:32.383+0300] {processor.py:914} INFO - Processing file /home/hsooni/cafe_sales_etl/venv/lib/python3.12/site-packages/airflow/example_dags/example_time_delta_sensor_async.py for tasks to queue
[2025-10-09T23:55:32.386+0300] {logging_mixin.py:190} INFO - [2025-10-09T23:55:32.386+0300] {dagbag.py:588} INFO - Filling up the DagBag from /home/hsooni/cafe_sales_etl/venv/lib/python3.12/site-packages/airflow/example_dags/example_time_delta_sensor_async.py
[2025-10-09T23:55:32.395+0300] {processor.py:925} INFO - DAG(s) 'example_time_delta_sensor_async' retrieved from /home/hsooni/cafe_sales_etl/venv/lib/python3.12/site-packages/airflow/example_dags/example_time_delta_sensor_async.py
[2025-10-09T23:55:32.414+0300] {logging_mixin.py:190} INFO - [2025-10-09T23:55:32.413+0300] {dag.py:3239} INFO - Sync 1 DAGs
[2025-10-09T23:55:32.429+0300] {logging_mixin.py:190} INFO - [2025-10-09T23:55:32.429+0300] {dag.py:4180} INFO - Setting next_dagrun for example_time_delta_sensor_async to None, run_after=None
[2025-10-09T23:55:32.454+0300] {processor.py:208} INFO - Processing /home/hsooni/cafe_sales_etl/venv/lib/python3.12/site-packages/airflow/example_dags/example_time_delta_sensor_async.py took 0.085 seconds
