[2025-10-09T23:47:23.279+0300] {processor.py:186} INFO - Started process (PID=44609) to work on /home/hsooni/cafe_sales_etl/venv/lib/python3.12/site-packages/airflow/example_dags/example_skip_dag.py
[2025-10-09T23:47:23.280+0300] {processor.py:914} INFO - Processing file /home/hsooni/cafe_sales_etl/venv/lib/python3.12/site-packages/airflow/example_dags/example_skip_dag.py for tasks to queue
[2025-10-09T23:47:23.282+0300] {logging_mixin.py:190} INFO - [2025-10-09T23:47:23.282+0300] {dagbag.py:588} INFO - Filling up the DagBag from /home/hsooni/cafe_sales_etl/venv/lib/python3.12/site-packages/airflow/example_dags/example_skip_dag.py
[2025-10-09T23:47:23.292+0300] {processor.py:925} INFO - DAG(s) 'example_skip_dag' retrieved from /home/hsooni/cafe_sales_etl/venv/lib/python3.12/site-packages/airflow/example_dags/example_skip_dag.py
[2025-10-09T23:47:23.418+0300] {logging_mixin.py:190} INFO - [2025-10-09T23:47:23.417+0300] {override.py:1900} INFO - Created Permission View: can delete on DAG:example_skip_dag
[2025-10-09T23:47:23.434+0300] {logging_mixin.py:190} INFO - [2025-10-09T23:47:23.434+0300] {override.py:1900} INFO - Created Permission View: can read on DAG:example_skip_dag
[2025-10-09T23:47:23.447+0300] {logging_mixin.py:190} INFO - [2025-10-09T23:47:23.446+0300] {override.py:1900} INFO - Created Permission View: can edit on DAG:example_skip_dag
[2025-10-09T23:47:23.468+0300] {logging_mixin.py:190} INFO - [2025-10-09T23:47:23.468+0300] {override.py:1900} INFO - Created Permission View: can delete on DAG Run:example_skip_dag
[2025-10-09T23:47:23.481+0300] {logging_mixin.py:190} INFO - [2025-10-09T23:47:23.481+0300] {override.py:1900} INFO - Created Permission View: can create on DAG Run:example_skip_dag
[2025-10-09T23:47:23.493+0300] {logging_mixin.py:190} INFO - [2025-10-09T23:47:23.493+0300] {override.py:1900} INFO - Created Permission View: can read on DAG Run:example_skip_dag
[2025-10-09T23:47:23.506+0300] {logging_mixin.py:190} INFO - [2025-10-09T23:47:23.506+0300] {override.py:1900} INFO - Created Permission View: menu access on DAG Run:example_skip_dag
[2025-10-09T23:47:23.506+0300] {logging_mixin.py:190} INFO - [2025-10-09T23:47:23.506+0300] {dag.py:3239} INFO - Sync 1 DAGs
[2025-10-09T23:47:23.519+0300] {logging_mixin.py:190} INFO - [2025-10-09T23:47:23.519+0300] {dag.py:3262} INFO - Creating ORM DAG for example_skip_dag
[2025-10-09T23:47:23.528+0300] {logging_mixin.py:190} INFO - [2025-10-09T23:47:23.528+0300] {dag.py:4180} INFO - Setting next_dagrun for example_skip_dag to 2025-10-08 00:00:00+00:00, run_after=2025-10-09 00:00:00+00:00
[2025-10-09T23:47:23.550+0300] {processor.py:208} INFO - Processing /home/hsooni/cafe_sales_etl/venv/lib/python3.12/site-packages/airflow/example_dags/example_skip_dag.py took 0.282 seconds
[2025-10-09T23:49:00.974+0300] {processor.py:186} INFO - Started process (PID=45155) to work on /home/hsooni/cafe_sales_etl/venv/lib/python3.12/site-packages/airflow/example_dags/example_skip_dag.py
[2025-10-09T23:49:00.980+0300] {processor.py:914} INFO - Processing file /home/hsooni/cafe_sales_etl/venv/lib/python3.12/site-packages/airflow/example_dags/example_skip_dag.py for tasks to queue
[2025-10-09T23:49:00.983+0300] {logging_mixin.py:190} INFO - [2025-10-09T23:49:00.982+0300] {dagbag.py:588} INFO - Filling up the DagBag from /home/hsooni/cafe_sales_etl/venv/lib/python3.12/site-packages/airflow/example_dags/example_skip_dag.py
[2025-10-09T23:49:00.993+0300] {processor.py:925} INFO - DAG(s) 'example_skip_dag' retrieved from /home/hsooni/cafe_sales_etl/venv/lib/python3.12/site-packages/airflow/example_dags/example_skip_dag.py
[2025-10-09T23:49:01.016+0300] {logging_mixin.py:190} INFO - [2025-10-09T23:49:01.016+0300] {dag.py:3239} INFO - Sync 1 DAGs
[2025-10-09T23:49:01.039+0300] {logging_mixin.py:190} INFO - [2025-10-09T23:49:01.039+0300] {dag.py:4180} INFO - Setting next_dagrun for example_skip_dag to 2025-10-08 00:00:00+00:00, run_after=2025-10-09 00:00:00+00:00
[2025-10-09T23:49:01.069+0300] {processor.py:208} INFO - Processing /home/hsooni/cafe_sales_etl/venv/lib/python3.12/site-packages/airflow/example_dags/example_skip_dag.py took 0.103 seconds
[2025-10-09T23:50:01.422+0300] {processor.py:186} INFO - Started process (PID=45595) to work on /home/hsooni/cafe_sales_etl/venv/lib/python3.12/site-packages/airflow/example_dags/example_skip_dag.py
[2025-10-09T23:50:01.428+0300] {processor.py:914} INFO - Processing file /home/hsooni/cafe_sales_etl/venv/lib/python3.12/site-packages/airflow/example_dags/example_skip_dag.py for tasks to queue
[2025-10-09T23:50:01.430+0300] {logging_mixin.py:190} INFO - [2025-10-09T23:50:01.430+0300] {dagbag.py:588} INFO - Filling up the DagBag from /home/hsooni/cafe_sales_etl/venv/lib/python3.12/site-packages/airflow/example_dags/example_skip_dag.py
[2025-10-09T23:50:01.440+0300] {processor.py:925} INFO - DAG(s) 'example_skip_dag' retrieved from /home/hsooni/cafe_sales_etl/venv/lib/python3.12/site-packages/airflow/example_dags/example_skip_dag.py
[2025-10-09T23:50:01.460+0300] {logging_mixin.py:190} INFO - [2025-10-09T23:50:01.459+0300] {dag.py:3239} INFO - Sync 1 DAGs
[2025-10-09T23:50:01.484+0300] {logging_mixin.py:190} INFO - [2025-10-09T23:50:01.483+0300] {dag.py:4180} INFO - Setting next_dagrun for example_skip_dag to 2025-10-08 00:00:00+00:00, run_after=2025-10-09 00:00:00+00:00
[2025-10-09T23:50:01.515+0300] {processor.py:208} INFO - Processing /home/hsooni/cafe_sales_etl/venv/lib/python3.12/site-packages/airflow/example_dags/example_skip_dag.py took 0.099 seconds
[2025-10-09T23:50:57.556+0300] {processor.py:186} INFO - Started process (PID=45854) to work on /home/hsooni/cafe_sales_etl/venv/lib/python3.12/site-packages/airflow/example_dags/example_skip_dag.py
[2025-10-09T23:50:57.562+0300] {processor.py:914} INFO - Processing file /home/hsooni/cafe_sales_etl/venv/lib/python3.12/site-packages/airflow/example_dags/example_skip_dag.py for tasks to queue
[2025-10-09T23:50:57.565+0300] {logging_mixin.py:190} INFO - [2025-10-09T23:50:57.565+0300] {dagbag.py:588} INFO - Filling up the DagBag from /home/hsooni/cafe_sales_etl/venv/lib/python3.12/site-packages/airflow/example_dags/example_skip_dag.py
[2025-10-09T23:50:57.576+0300] {processor.py:925} INFO - DAG(s) 'example_skip_dag' retrieved from /home/hsooni/cafe_sales_etl/venv/lib/python3.12/site-packages/airflow/example_dags/example_skip_dag.py
[2025-10-09T23:50:57.597+0300] {logging_mixin.py:190} INFO - [2025-10-09T23:50:57.597+0300] {dag.py:3239} INFO - Sync 1 DAGs
[2025-10-09T23:50:57.622+0300] {logging_mixin.py:190} INFO - [2025-10-09T23:50:57.622+0300] {dag.py:4180} INFO - Setting next_dagrun for example_skip_dag to 2025-10-08 00:00:00+00:00, run_after=2025-10-09 00:00:00+00:00
[2025-10-09T23:50:57.656+0300] {processor.py:208} INFO - Processing /home/hsooni/cafe_sales_etl/venv/lib/python3.12/site-packages/airflow/example_dags/example_skip_dag.py took 0.108 seconds
[2025-10-09T23:51:53.269+0300] {processor.py:186} INFO - Started process (PID=46246) to work on /home/hsooni/cafe_sales_etl/venv/lib/python3.12/site-packages/airflow/example_dags/example_skip_dag.py
[2025-10-09T23:51:53.275+0300] {processor.py:914} INFO - Processing file /home/hsooni/cafe_sales_etl/venv/lib/python3.12/site-packages/airflow/example_dags/example_skip_dag.py for tasks to queue
[2025-10-09T23:51:53.277+0300] {logging_mixin.py:190} INFO - [2025-10-09T23:51:53.277+0300] {dagbag.py:588} INFO - Filling up the DagBag from /home/hsooni/cafe_sales_etl/venv/lib/python3.12/site-packages/airflow/example_dags/example_skip_dag.py
[2025-10-09T23:51:53.285+0300] {processor.py:925} INFO - DAG(s) 'example_skip_dag' retrieved from /home/hsooni/cafe_sales_etl/venv/lib/python3.12/site-packages/airflow/example_dags/example_skip_dag.py
[2025-10-09T23:51:53.304+0300] {logging_mixin.py:190} INFO - [2025-10-09T23:51:53.304+0300] {dag.py:3239} INFO - Sync 1 DAGs
[2025-10-09T23:51:53.326+0300] {logging_mixin.py:190} INFO - [2025-10-09T23:51:53.326+0300] {dag.py:4180} INFO - Setting next_dagrun for example_skip_dag to 2025-10-08 00:00:00+00:00, run_after=2025-10-09 00:00:00+00:00
[2025-10-09T23:51:53.356+0300] {processor.py:208} INFO - Processing /home/hsooni/cafe_sales_etl/venv/lib/python3.12/site-packages/airflow/example_dags/example_skip_dag.py took 0.094 seconds
[2025-10-09T23:52:46.426+0300] {processor.py:186} INFO - Started process (PID=46491) to work on /home/hsooni/cafe_sales_etl/venv/lib/python3.12/site-packages/airflow/example_dags/example_skip_dag.py
[2025-10-09T23:52:46.432+0300] {processor.py:914} INFO - Processing file /home/hsooni/cafe_sales_etl/venv/lib/python3.12/site-packages/airflow/example_dags/example_skip_dag.py for tasks to queue
[2025-10-09T23:52:46.435+0300] {logging_mixin.py:190} INFO - [2025-10-09T23:52:46.434+0300] {dagbag.py:588} INFO - Filling up the DagBag from /home/hsooni/cafe_sales_etl/venv/lib/python3.12/site-packages/airflow/example_dags/example_skip_dag.py
[2025-10-09T23:52:46.443+0300] {processor.py:925} INFO - DAG(s) 'example_skip_dag' retrieved from /home/hsooni/cafe_sales_etl/venv/lib/python3.12/site-packages/airflow/example_dags/example_skip_dag.py
[2025-10-09T23:52:46.462+0300] {logging_mixin.py:190} INFO - [2025-10-09T23:52:46.462+0300] {dag.py:3239} INFO - Sync 1 DAGs
[2025-10-09T23:52:46.485+0300] {logging_mixin.py:190} INFO - [2025-10-09T23:52:46.485+0300] {dag.py:4180} INFO - Setting next_dagrun for example_skip_dag to 2025-10-08 00:00:00+00:00, run_after=2025-10-09 00:00:00+00:00
[2025-10-09T23:52:46.516+0300] {processor.py:208} INFO - Processing /home/hsooni/cafe_sales_etl/venv/lib/python3.12/site-packages/airflow/example_dags/example_skip_dag.py took 0.096 seconds
[2025-10-09T23:53:40.285+0300] {processor.py:186} INFO - Started process (PID=46723) to work on /home/hsooni/cafe_sales_etl/venv/lib/python3.12/site-packages/airflow/example_dags/example_skip_dag.py
[2025-10-09T23:53:40.291+0300] {processor.py:914} INFO - Processing file /home/hsooni/cafe_sales_etl/venv/lib/python3.12/site-packages/airflow/example_dags/example_skip_dag.py for tasks to queue
[2025-10-09T23:53:40.293+0300] {logging_mixin.py:190} INFO - [2025-10-09T23:53:40.293+0300] {dagbag.py:588} INFO - Filling up the DagBag from /home/hsooni/cafe_sales_etl/venv/lib/python3.12/site-packages/airflow/example_dags/example_skip_dag.py
[2025-10-09T23:53:40.302+0300] {processor.py:925} INFO - DAG(s) 'example_skip_dag' retrieved from /home/hsooni/cafe_sales_etl/venv/lib/python3.12/site-packages/airflow/example_dags/example_skip_dag.py
[2025-10-09T23:53:40.321+0300] {logging_mixin.py:190} INFO - [2025-10-09T23:53:40.320+0300] {dag.py:3239} INFO - Sync 1 DAGs
[2025-10-09T23:53:40.343+0300] {logging_mixin.py:190} INFO - [2025-10-09T23:53:40.343+0300] {dag.py:4180} INFO - Setting next_dagrun for example_skip_dag to 2025-10-08 00:00:00+00:00, run_after=2025-10-09 00:00:00+00:00
[2025-10-09T23:53:40.375+0300] {processor.py:208} INFO - Processing /home/hsooni/cafe_sales_etl/venv/lib/python3.12/site-packages/airflow/example_dags/example_skip_dag.py took 0.096 seconds
[2025-10-09T23:54:40.059+0300] {processor.py:186} INFO - Started process (PID=47259) to work on /home/hsooni/cafe_sales_etl/venv/lib/python3.12/site-packages/airflow/example_dags/example_skip_dag.py
[2025-10-09T23:54:40.060+0300] {processor.py:914} INFO - Processing file /home/hsooni/cafe_sales_etl/venv/lib/python3.12/site-packages/airflow/example_dags/example_skip_dag.py for tasks to queue
[2025-10-09T23:54:40.063+0300] {logging_mixin.py:190} INFO - [2025-10-09T23:54:40.062+0300] {dagbag.py:588} INFO - Filling up the DagBag from /home/hsooni/cafe_sales_etl/venv/lib/python3.12/site-packages/airflow/example_dags/example_skip_dag.py
[2025-10-09T23:54:40.071+0300] {processor.py:925} INFO - DAG(s) 'example_skip_dag' retrieved from /home/hsooni/cafe_sales_etl/venv/lib/python3.12/site-packages/airflow/example_dags/example_skip_dag.py
[2025-10-09T23:54:40.092+0300] {logging_mixin.py:190} INFO - [2025-10-09T23:54:40.091+0300] {dag.py:3239} INFO - Sync 1 DAGs
[2025-10-09T23:54:40.115+0300] {logging_mixin.py:190} INFO - [2025-10-09T23:54:40.114+0300] {dag.py:4180} INFO - Setting next_dagrun for example_skip_dag to 2025-10-08 00:00:00+00:00, run_after=2025-10-09 00:00:00+00:00
[2025-10-09T23:54:40.146+0300] {processor.py:208} INFO - Processing /home/hsooni/cafe_sales_etl/venv/lib/python3.12/site-packages/airflow/example_dags/example_skip_dag.py took 0.094 seconds
[2025-10-09T23:55:37.544+0300] {processor.py:186} INFO - Started process (PID=47613) to work on /home/hsooni/cafe_sales_etl/venv/lib/python3.12/site-packages/airflow/example_dags/example_skip_dag.py
[2025-10-09T23:55:37.550+0300] {processor.py:914} INFO - Processing file /home/hsooni/cafe_sales_etl/venv/lib/python3.12/site-packages/airflow/example_dags/example_skip_dag.py for tasks to queue
[2025-10-09T23:55:37.554+0300] {logging_mixin.py:190} INFO - [2025-10-09T23:55:37.553+0300] {dagbag.py:588} INFO - Filling up the DagBag from /home/hsooni/cafe_sales_etl/venv/lib/python3.12/site-packages/airflow/example_dags/example_skip_dag.py
[2025-10-09T23:55:37.563+0300] {processor.py:925} INFO - DAG(s) 'example_skip_dag' retrieved from /home/hsooni/cafe_sales_etl/venv/lib/python3.12/site-packages/airflow/example_dags/example_skip_dag.py
[2025-10-09T23:55:37.583+0300] {logging_mixin.py:190} INFO - [2025-10-09T23:55:37.582+0300] {dag.py:3239} INFO - Sync 1 DAGs
[2025-10-09T23:55:37.605+0300] {logging_mixin.py:190} INFO - [2025-10-09T23:55:37.605+0300] {dag.py:4180} INFO - Setting next_dagrun for example_skip_dag to 2025-10-08 00:00:00+00:00, run_after=2025-10-09 00:00:00+00:00
[2025-10-09T23:55:37.637+0300] {processor.py:208} INFO - Processing /home/hsooni/cafe_sales_etl/venv/lib/python3.12/site-packages/airflow/example_dags/example_skip_dag.py took 0.101 seconds
