[2025-10-09T23:47:07.441+0300] {processor.py:186} INFO - Started process (PID=44462) to work on /home/hsooni/cafe_sales_etl/venv/lib/python3.12/site-packages/airflow/example_dags/tutorial_dag.py
[2025-10-09T23:47:07.442+0300] {processor.py:914} INFO - Processing file /home/hsooni/cafe_sales_etl/venv/lib/python3.12/site-packages/airflow/example_dags/tutorial_dag.py for tasks to queue
[2025-10-09T23:47:07.444+0300] {logging_mixin.py:190} INFO - [2025-10-09T23:47:07.444+0300] {dagbag.py:588} INFO - Filling up the DagBag from /home/hsooni/cafe_sales_etl/venv/lib/python3.12/site-packages/airflow/example_dags/tutorial_dag.py
[2025-10-09T23:47:07.453+0300] {processor.py:925} INFO - DAG(s) 'tutorial_dag' retrieved from /home/hsooni/cafe_sales_etl/venv/lib/python3.12/site-packages/airflow/example_dags/tutorial_dag.py
[2025-10-09T23:47:07.593+0300] {logging_mixin.py:190} INFO - [2025-10-09T23:47:07.592+0300] {override.py:1900} INFO - Created Permission View: can delete on DAG:tutorial_dag
[2025-10-09T23:47:07.611+0300] {logging_mixin.py:190} INFO - [2025-10-09T23:47:07.611+0300] {override.py:1900} INFO - Created Permission View: can read on DAG:tutorial_dag
[2025-10-09T23:47:07.625+0300] {logging_mixin.py:190} INFO - [2025-10-09T23:47:07.624+0300] {override.py:1900} INFO - Created Permission View: can edit on DAG:tutorial_dag
[2025-10-09T23:47:07.647+0300] {logging_mixin.py:190} INFO - [2025-10-09T23:47:07.646+0300] {override.py:1900} INFO - Created Permission View: can delete on DAG Run:tutorial_dag
[2025-10-09T23:47:07.660+0300] {logging_mixin.py:190} INFO - [2025-10-09T23:47:07.660+0300] {override.py:1900} INFO - Created Permission View: can create on DAG Run:tutorial_dag
[2025-10-09T23:47:07.672+0300] {logging_mixin.py:190} INFO - [2025-10-09T23:47:07.672+0300] {override.py:1900} INFO - Created Permission View: can read on DAG Run:tutorial_dag
[2025-10-09T23:47:07.685+0300] {logging_mixin.py:190} INFO - [2025-10-09T23:47:07.684+0300] {override.py:1900} INFO - Created Permission View: menu access on DAG Run:tutorial_dag
[2025-10-09T23:47:07.685+0300] {logging_mixin.py:190} INFO - [2025-10-09T23:47:07.685+0300] {dag.py:3239} INFO - Sync 1 DAGs
[2025-10-09T23:47:07.698+0300] {logging_mixin.py:190} INFO - [2025-10-09T23:47:07.698+0300] {dag.py:3262} INFO - Creating ORM DAG for tutorial_dag
[2025-10-09T23:47:07.699+0300] {logging_mixin.py:190} INFO - [2025-10-09T23:47:07.699+0300] {dag.py:4180} INFO - Setting next_dagrun for tutorial_dag to None, run_after=None
[2025-10-09T23:47:07.722+0300] {processor.py:208} INFO - Processing /home/hsooni/cafe_sales_etl/venv/lib/python3.12/site-packages/airflow/example_dags/tutorial_dag.py took 0.286 seconds
[2025-10-09T23:48:48.973+0300] {processor.py:186} INFO - Started process (PID=45049) to work on /home/hsooni/cafe_sales_etl/venv/lib/python3.12/site-packages/airflow/example_dags/tutorial_dag.py
[2025-10-09T23:48:48.979+0300] {processor.py:914} INFO - Processing file /home/hsooni/cafe_sales_etl/venv/lib/python3.12/site-packages/airflow/example_dags/tutorial_dag.py for tasks to queue
[2025-10-09T23:48:48.981+0300] {logging_mixin.py:190} INFO - [2025-10-09T23:48:48.981+0300] {dagbag.py:588} INFO - Filling up the DagBag from /home/hsooni/cafe_sales_etl/venv/lib/python3.12/site-packages/airflow/example_dags/tutorial_dag.py
[2025-10-09T23:48:48.993+0300] {processor.py:925} INFO - DAG(s) 'tutorial_dag' retrieved from /home/hsooni/cafe_sales_etl/venv/lib/python3.12/site-packages/airflow/example_dags/tutorial_dag.py
[2025-10-09T23:48:49.017+0300] {logging_mixin.py:190} INFO - [2025-10-09T23:48:49.016+0300] {dag.py:3239} INFO - Sync 1 DAGs
[2025-10-09T23:48:49.030+0300] {logging_mixin.py:190} INFO - [2025-10-09T23:48:49.030+0300] {dag.py:4180} INFO - Setting next_dagrun for tutorial_dag to None, run_after=None
[2025-10-09T23:48:49.059+0300] {processor.py:208} INFO - Processing /home/hsooni/cafe_sales_etl/venv/lib/python3.12/site-packages/airflow/example_dags/tutorial_dag.py took 0.093 seconds
[2025-10-09T23:49:48.834+0300] {processor.py:186} INFO - Started process (PID=45528) to work on /home/hsooni/cafe_sales_etl/venv/lib/python3.12/site-packages/airflow/example_dags/tutorial_dag.py
[2025-10-09T23:49:48.836+0300] {processor.py:914} INFO - Processing file /home/hsooni/cafe_sales_etl/venv/lib/python3.12/site-packages/airflow/example_dags/tutorial_dag.py for tasks to queue
[2025-10-09T23:49:48.838+0300] {logging_mixin.py:190} INFO - [2025-10-09T23:49:48.837+0300] {dagbag.py:588} INFO - Filling up the DagBag from /home/hsooni/cafe_sales_etl/venv/lib/python3.12/site-packages/airflow/example_dags/tutorial_dag.py
[2025-10-09T23:49:48.846+0300] {processor.py:925} INFO - DAG(s) 'tutorial_dag' retrieved from /home/hsooni/cafe_sales_etl/venv/lib/python3.12/site-packages/airflow/example_dags/tutorial_dag.py
[2025-10-09T23:49:48.863+0300] {logging_mixin.py:190} INFO - [2025-10-09T23:49:48.863+0300] {dag.py:3239} INFO - Sync 1 DAGs
[2025-10-09T23:49:48.878+0300] {logging_mixin.py:190} INFO - [2025-10-09T23:49:48.878+0300] {dag.py:4180} INFO - Setting next_dagrun for tutorial_dag to None, run_after=None
[2025-10-09T23:49:48.903+0300] {processor.py:208} INFO - Processing /home/hsooni/cafe_sales_etl/venv/lib/python3.12/site-packages/airflow/example_dags/tutorial_dag.py took 0.074 seconds
[2025-10-09T23:50:44.700+0300] {processor.py:186} INFO - Started process (PID=45768) to work on /home/hsooni/cafe_sales_etl/venv/lib/python3.12/site-packages/airflow/example_dags/tutorial_dag.py
[2025-10-09T23:50:44.706+0300] {processor.py:914} INFO - Processing file /home/hsooni/cafe_sales_etl/venv/lib/python3.12/site-packages/airflow/example_dags/tutorial_dag.py for tasks to queue
[2025-10-09T23:50:44.709+0300] {logging_mixin.py:190} INFO - [2025-10-09T23:50:44.708+0300] {dagbag.py:588} INFO - Filling up the DagBag from /home/hsooni/cafe_sales_etl/venv/lib/python3.12/site-packages/airflow/example_dags/tutorial_dag.py
[2025-10-09T23:50:44.717+0300] {processor.py:925} INFO - DAG(s) 'tutorial_dag' retrieved from /home/hsooni/cafe_sales_etl/venv/lib/python3.12/site-packages/airflow/example_dags/tutorial_dag.py
[2025-10-09T23:50:44.734+0300] {logging_mixin.py:190} INFO - [2025-10-09T23:50:44.734+0300] {dag.py:3239} INFO - Sync 1 DAGs
[2025-10-09T23:50:44.750+0300] {logging_mixin.py:190} INFO - [2025-10-09T23:50:44.749+0300] {dag.py:4180} INFO - Setting next_dagrun for tutorial_dag to None, run_after=None
[2025-10-09T23:50:44.777+0300] {processor.py:208} INFO - Processing /home/hsooni/cafe_sales_etl/venv/lib/python3.12/site-packages/airflow/example_dags/tutorial_dag.py took 0.083 seconds
[2025-10-09T23:51:40.209+0300] {processor.py:186} INFO - Started process (PID=46177) to work on /home/hsooni/cafe_sales_etl/venv/lib/python3.12/site-packages/airflow/example_dags/tutorial_dag.py
[2025-10-09T23:51:40.215+0300] {processor.py:914} INFO - Processing file /home/hsooni/cafe_sales_etl/venv/lib/python3.12/site-packages/airflow/example_dags/tutorial_dag.py for tasks to queue
[2025-10-09T23:51:40.217+0300] {logging_mixin.py:190} INFO - [2025-10-09T23:51:40.217+0300] {dagbag.py:588} INFO - Filling up the DagBag from /home/hsooni/cafe_sales_etl/venv/lib/python3.12/site-packages/airflow/example_dags/tutorial_dag.py
[2025-10-09T23:51:40.226+0300] {processor.py:925} INFO - DAG(s) 'tutorial_dag' retrieved from /home/hsooni/cafe_sales_etl/venv/lib/python3.12/site-packages/airflow/example_dags/tutorial_dag.py
[2025-10-09T23:51:40.243+0300] {logging_mixin.py:190} INFO - [2025-10-09T23:51:40.242+0300] {dag.py:3239} INFO - Sync 1 DAGs
[2025-10-09T23:51:40.257+0300] {logging_mixin.py:190} INFO - [2025-10-09T23:51:40.257+0300] {dag.py:4180} INFO - Setting next_dagrun for tutorial_dag to None, run_after=None
[2025-10-09T23:51:40.283+0300] {processor.py:208} INFO - Processing /home/hsooni/cafe_sales_etl/venv/lib/python3.12/site-packages/airflow/example_dags/tutorial_dag.py took 0.080 seconds
[2025-10-09T23:52:36.008+0300] {processor.py:186} INFO - Started process (PID=46431) to work on /home/hsooni/cafe_sales_etl/venv/lib/python3.12/site-packages/airflow/example_dags/tutorial_dag.py
[2025-10-09T23:52:36.014+0300] {processor.py:914} INFO - Processing file /home/hsooni/cafe_sales_etl/venv/lib/python3.12/site-packages/airflow/example_dags/tutorial_dag.py for tasks to queue
[2025-10-09T23:52:36.016+0300] {logging_mixin.py:190} INFO - [2025-10-09T23:52:36.016+0300] {dagbag.py:588} INFO - Filling up the DagBag from /home/hsooni/cafe_sales_etl/venv/lib/python3.12/site-packages/airflow/example_dags/tutorial_dag.py
[2025-10-09T23:52:36.024+0300] {processor.py:925} INFO - DAG(s) 'tutorial_dag' retrieved from /home/hsooni/cafe_sales_etl/venv/lib/python3.12/site-packages/airflow/example_dags/tutorial_dag.py
[2025-10-09T23:52:36.042+0300] {logging_mixin.py:190} INFO - [2025-10-09T23:52:36.042+0300] {dag.py:3239} INFO - Sync 1 DAGs
[2025-10-09T23:52:36.057+0300] {logging_mixin.py:190} INFO - [2025-10-09T23:52:36.057+0300] {dag.py:4180} INFO - Setting next_dagrun for tutorial_dag to None, run_after=None
[2025-10-09T23:52:36.081+0300] {processor.py:208} INFO - Processing /home/hsooni/cafe_sales_etl/venv/lib/python3.12/site-packages/airflow/example_dags/tutorial_dag.py took 0.079 seconds
[2025-10-09T23:53:27.984+0300] {processor.py:186} INFO - Started process (PID=46666) to work on /home/hsooni/cafe_sales_etl/venv/lib/python3.12/site-packages/airflow/example_dags/tutorial_dag.py
[2025-10-09T23:53:27.990+0300] {processor.py:914} INFO - Processing file /home/hsooni/cafe_sales_etl/venv/lib/python3.12/site-packages/airflow/example_dags/tutorial_dag.py for tasks to queue
[2025-10-09T23:53:27.996+0300] {logging_mixin.py:190} INFO - [2025-10-09T23:53:27.995+0300] {dagbag.py:588} INFO - Filling up the DagBag from /home/hsooni/cafe_sales_etl/venv/lib/python3.12/site-packages/airflow/example_dags/tutorial_dag.py
[2025-10-09T23:53:28.018+0300] {processor.py:925} INFO - DAG(s) 'tutorial_dag' retrieved from /home/hsooni/cafe_sales_etl/venv/lib/python3.12/site-packages/airflow/example_dags/tutorial_dag.py
[2025-10-09T23:53:28.038+0300] {logging_mixin.py:190} INFO - [2025-10-09T23:53:28.038+0300] {dag.py:3239} INFO - Sync 1 DAGs
[2025-10-09T23:53:28.057+0300] {logging_mixin.py:190} INFO - [2025-10-09T23:53:28.057+0300] {dag.py:4180} INFO - Setting next_dagrun for tutorial_dag to None, run_after=None
[2025-10-09T23:53:28.098+0300] {processor.py:208} INFO - Processing /home/hsooni/cafe_sales_etl/venv/lib/python3.12/site-packages/airflow/example_dags/tutorial_dag.py took 0.127 seconds
[2025-10-09T23:54:28.134+0300] {processor.py:186} INFO - Started process (PID=47152) to work on /home/hsooni/cafe_sales_etl/venv/lib/python3.12/site-packages/airflow/example_dags/tutorial_dag.py
[2025-10-09T23:54:28.140+0300] {processor.py:914} INFO - Processing file /home/hsooni/cafe_sales_etl/venv/lib/python3.12/site-packages/airflow/example_dags/tutorial_dag.py for tasks to queue
[2025-10-09T23:54:28.144+0300] {logging_mixin.py:190} INFO - [2025-10-09T23:54:28.143+0300] {dagbag.py:588} INFO - Filling up the DagBag from /home/hsooni/cafe_sales_etl/venv/lib/python3.12/site-packages/airflow/example_dags/tutorial_dag.py
[2025-10-09T23:54:28.154+0300] {processor.py:925} INFO - DAG(s) 'tutorial_dag' retrieved from /home/hsooni/cafe_sales_etl/venv/lib/python3.12/site-packages/airflow/example_dags/tutorial_dag.py
[2025-10-09T23:54:28.173+0300] {logging_mixin.py:190} INFO - [2025-10-09T23:54:28.173+0300] {dag.py:3239} INFO - Sync 1 DAGs
[2025-10-09T23:54:28.190+0300] {logging_mixin.py:190} INFO - [2025-10-09T23:54:28.190+0300] {dag.py:4180} INFO - Setting next_dagrun for tutorial_dag to None, run_after=None
[2025-10-09T23:54:28.223+0300] {processor.py:208} INFO - Processing /home/hsooni/cafe_sales_etl/venv/lib/python3.12/site-packages/airflow/example_dags/tutorial_dag.py took 0.098 seconds
[2025-10-09T23:55:25.418+0300] {processor.py:186} INFO - Started process (PID=47528) to work on /home/hsooni/cafe_sales_etl/venv/lib/python3.12/site-packages/airflow/example_dags/tutorial_dag.py
[2025-10-09T23:55:25.424+0300] {processor.py:914} INFO - Processing file /home/hsooni/cafe_sales_etl/venv/lib/python3.12/site-packages/airflow/example_dags/tutorial_dag.py for tasks to queue
[2025-10-09T23:55:25.427+0300] {logging_mixin.py:190} INFO - [2025-10-09T23:55:25.427+0300] {dagbag.py:588} INFO - Filling up the DagBag from /home/hsooni/cafe_sales_etl/venv/lib/python3.12/site-packages/airflow/example_dags/tutorial_dag.py
[2025-10-09T23:55:25.437+0300] {processor.py:925} INFO - DAG(s) 'tutorial_dag' retrieved from /home/hsooni/cafe_sales_etl/venv/lib/python3.12/site-packages/airflow/example_dags/tutorial_dag.py
[2025-10-09T23:55:25.456+0300] {logging_mixin.py:190} INFO - [2025-10-09T23:55:25.455+0300] {dag.py:3239} INFO - Sync 1 DAGs
[2025-10-09T23:55:25.470+0300] {logging_mixin.py:190} INFO - [2025-10-09T23:55:25.470+0300] {dag.py:4180} INFO - Setting next_dagrun for tutorial_dag to None, run_after=None
[2025-10-09T23:55:25.494+0300] {processor.py:208} INFO - Processing /home/hsooni/cafe_sales_etl/venv/lib/python3.12/site-packages/airflow/example_dags/tutorial_dag.py took 0.083 seconds
