[2025-10-09T23:47:08.805+0300] {processor.py:186} INFO - Started process (PID=44476) to work on /home/hsooni/cafe_sales_etl/venv/lib/python3.12/site-packages/airflow/example_dags/tutorial.py
[2025-10-09T23:47:08.806+0300] {processor.py:914} INFO - Processing file /home/hsooni/cafe_sales_etl/venv/lib/python3.12/site-packages/airflow/example_dags/tutorial.py for tasks to queue
[2025-10-09T23:47:08.808+0300] {logging_mixin.py:190} INFO - [2025-10-09T23:47:08.808+0300] {dagbag.py:588} INFO - Filling up the DagBag from /home/hsooni/cafe_sales_etl/venv/lib/python3.12/site-packages/airflow/example_dags/tutorial.py
[2025-10-09T23:47:08.818+0300] {processor.py:925} INFO - DAG(s) 'tutorial' retrieved from /home/hsooni/cafe_sales_etl/venv/lib/python3.12/site-packages/airflow/example_dags/tutorial.py
[2025-10-09T23:47:08.953+0300] {logging_mixin.py:190} INFO - [2025-10-09T23:47:08.953+0300] {override.py:1900} INFO - Created Permission View: can delete on DAG:tutorial
[2025-10-09T23:47:08.969+0300] {logging_mixin.py:190} INFO - [2025-10-09T23:47:08.969+0300] {override.py:1900} INFO - Created Permission View: can read on DAG:tutorial
[2025-10-09T23:47:08.981+0300] {logging_mixin.py:190} INFO - [2025-10-09T23:47:08.981+0300] {override.py:1900} INFO - Created Permission View: can edit on DAG:tutorial
[2025-10-09T23:47:09.000+0300] {logging_mixin.py:190} INFO - [2025-10-09T23:47:09.000+0300] {override.py:1900} INFO - Created Permission View: can delete on DAG Run:tutorial
[2025-10-09T23:47:09.012+0300] {logging_mixin.py:190} INFO - [2025-10-09T23:47:09.012+0300] {override.py:1900} INFO - Created Permission View: can create on DAG Run:tutorial
[2025-10-09T23:47:09.024+0300] {logging_mixin.py:190} INFO - [2025-10-09T23:47:09.024+0300] {override.py:1900} INFO - Created Permission View: can read on DAG Run:tutorial
[2025-10-09T23:47:09.036+0300] {logging_mixin.py:190} INFO - [2025-10-09T23:47:09.036+0300] {override.py:1900} INFO - Created Permission View: menu access on DAG Run:tutorial
[2025-10-09T23:47:09.037+0300] {logging_mixin.py:190} INFO - [2025-10-09T23:47:09.036+0300] {dag.py:3239} INFO - Sync 1 DAGs
[2025-10-09T23:47:09.050+0300] {logging_mixin.py:190} INFO - [2025-10-09T23:47:09.050+0300] {dag.py:3262} INFO - Creating ORM DAG for tutorial
[2025-10-09T23:47:09.060+0300] {logging_mixin.py:190} INFO - [2025-10-09T23:47:09.060+0300] {dag.py:4180} INFO - Setting next_dagrun for tutorial to 2025-10-08 00:00:00+00:00, run_after=2025-10-09 00:00:00+00:00
[2025-10-09T23:47:09.084+0300] {processor.py:208} INFO - Processing /home/hsooni/cafe_sales_etl/venv/lib/python3.12/site-packages/airflow/example_dags/tutorial.py took 0.285 seconds
[2025-10-09T23:48:50.122+0300] {processor.py:186} INFO - Started process (PID=45050) to work on /home/hsooni/cafe_sales_etl/venv/lib/python3.12/site-packages/airflow/example_dags/tutorial.py
[2025-10-09T23:48:50.128+0300] {processor.py:914} INFO - Processing file /home/hsooni/cafe_sales_etl/venv/lib/python3.12/site-packages/airflow/example_dags/tutorial.py for tasks to queue
[2025-10-09T23:48:50.131+0300] {logging_mixin.py:190} INFO - [2025-10-09T23:48:50.130+0300] {dagbag.py:588} INFO - Filling up the DagBag from /home/hsooni/cafe_sales_etl/venv/lib/python3.12/site-packages/airflow/example_dags/tutorial.py
[2025-10-09T23:48:50.143+0300] {processor.py:925} INFO - DAG(s) 'tutorial' retrieved from /home/hsooni/cafe_sales_etl/venv/lib/python3.12/site-packages/airflow/example_dags/tutorial.py
[2025-10-09T23:48:50.166+0300] {logging_mixin.py:190} INFO - [2025-10-09T23:48:50.166+0300] {dag.py:3239} INFO - Sync 1 DAGs
[2025-10-09T23:48:50.187+0300] {logging_mixin.py:190} INFO - [2025-10-09T23:48:50.187+0300] {dag.py:4180} INFO - Setting next_dagrun for tutorial to 2025-10-08 00:00:00+00:00, run_after=2025-10-09 00:00:00+00:00
[2025-10-09T23:48:50.216+0300] {processor.py:208} INFO - Processing /home/hsooni/cafe_sales_etl/venv/lib/python3.12/site-packages/airflow/example_dags/tutorial.py took 0.101 seconds
[2025-10-09T23:49:50.018+0300] {processor.py:186} INFO - Started process (PID=45533) to work on /home/hsooni/cafe_sales_etl/venv/lib/python3.12/site-packages/airflow/example_dags/tutorial.py
[2025-10-09T23:49:50.024+0300] {processor.py:914} INFO - Processing file /home/hsooni/cafe_sales_etl/venv/lib/python3.12/site-packages/airflow/example_dags/tutorial.py for tasks to queue
[2025-10-09T23:49:50.027+0300] {logging_mixin.py:190} INFO - [2025-10-09T23:49:50.026+0300] {dagbag.py:588} INFO - Filling up the DagBag from /home/hsooni/cafe_sales_etl/venv/lib/python3.12/site-packages/airflow/example_dags/tutorial.py
[2025-10-09T23:49:50.036+0300] {processor.py:925} INFO - DAG(s) 'tutorial' retrieved from /home/hsooni/cafe_sales_etl/venv/lib/python3.12/site-packages/airflow/example_dags/tutorial.py
[2025-10-09T23:49:50.053+0300] {logging_mixin.py:190} INFO - [2025-10-09T23:49:50.053+0300] {dag.py:3239} INFO - Sync 1 DAGs
[2025-10-09T23:49:50.079+0300] {logging_mixin.py:190} INFO - [2025-10-09T23:49:50.079+0300] {dag.py:4180} INFO - Setting next_dagrun for tutorial to 2025-10-08 00:00:00+00:00, run_after=2025-10-09 00:00:00+00:00
[2025-10-09T23:49:50.111+0300] {processor.py:208} INFO - Processing /home/hsooni/cafe_sales_etl/venv/lib/python3.12/site-packages/airflow/example_dags/tutorial.py took 0.099 seconds
[2025-10-09T23:50:45.852+0300] {processor.py:186} INFO - Started process (PID=45777) to work on /home/hsooni/cafe_sales_etl/venv/lib/python3.12/site-packages/airflow/example_dags/tutorial.py
[2025-10-09T23:50:45.858+0300] {processor.py:914} INFO - Processing file /home/hsooni/cafe_sales_etl/venv/lib/python3.12/site-packages/airflow/example_dags/tutorial.py for tasks to queue
[2025-10-09T23:50:45.861+0300] {logging_mixin.py:190} INFO - [2025-10-09T23:50:45.860+0300] {dagbag.py:588} INFO - Filling up the DagBag from /home/hsooni/cafe_sales_etl/venv/lib/python3.12/site-packages/airflow/example_dags/tutorial.py
[2025-10-09T23:50:45.870+0300] {processor.py:925} INFO - DAG(s) 'tutorial' retrieved from /home/hsooni/cafe_sales_etl/venv/lib/python3.12/site-packages/airflow/example_dags/tutorial.py
[2025-10-09T23:50:45.888+0300] {logging_mixin.py:190} INFO - [2025-10-09T23:50:45.887+0300] {dag.py:3239} INFO - Sync 1 DAGs
[2025-10-09T23:50:45.912+0300] {logging_mixin.py:190} INFO - [2025-10-09T23:50:45.912+0300] {dag.py:4180} INFO - Setting next_dagrun for tutorial to 2025-10-08 00:00:00+00:00, run_after=2025-10-09 00:00:00+00:00
[2025-10-09T23:50:45.943+0300] {processor.py:208} INFO - Processing /home/hsooni/cafe_sales_etl/venv/lib/python3.12/site-packages/airflow/example_dags/tutorial.py took 0.097 seconds
[2025-10-09T23:51:40.908+0300] {processor.py:186} INFO - Started process (PID=46182) to work on /home/hsooni/cafe_sales_etl/venv/lib/python3.12/site-packages/airflow/example_dags/tutorial.py
[2025-10-09T23:51:40.914+0300] {processor.py:914} INFO - Processing file /home/hsooni/cafe_sales_etl/venv/lib/python3.12/site-packages/airflow/example_dags/tutorial.py for tasks to queue
[2025-10-09T23:51:40.916+0300] {logging_mixin.py:190} INFO - [2025-10-09T23:51:40.916+0300] {dagbag.py:588} INFO - Filling up the DagBag from /home/hsooni/cafe_sales_etl/venv/lib/python3.12/site-packages/airflow/example_dags/tutorial.py
[2025-10-09T23:51:40.925+0300] {processor.py:925} INFO - DAG(s) 'tutorial' retrieved from /home/hsooni/cafe_sales_etl/venv/lib/python3.12/site-packages/airflow/example_dags/tutorial.py
[2025-10-09T23:51:40.942+0300] {logging_mixin.py:190} INFO - [2025-10-09T23:51:40.942+0300] {dag.py:3239} INFO - Sync 1 DAGs
[2025-10-09T23:51:40.965+0300] {logging_mixin.py:190} INFO - [2025-10-09T23:51:40.964+0300] {dag.py:4180} INFO - Setting next_dagrun for tutorial to 2025-10-08 00:00:00+00:00, run_after=2025-10-09 00:00:00+00:00
[2025-10-09T23:51:40.997+0300] {processor.py:208} INFO - Processing /home/hsooni/cafe_sales_etl/venv/lib/python3.12/site-packages/airflow/example_dags/tutorial.py took 0.095 seconds
[2025-10-09T23:52:37.147+0300] {processor.py:186} INFO - Started process (PID=46436) to work on /home/hsooni/cafe_sales_etl/venv/lib/python3.12/site-packages/airflow/example_dags/tutorial.py
[2025-10-09T23:52:37.149+0300] {processor.py:914} INFO - Processing file /home/hsooni/cafe_sales_etl/venv/lib/python3.12/site-packages/airflow/example_dags/tutorial.py for tasks to queue
[2025-10-09T23:52:37.151+0300] {logging_mixin.py:190} INFO - [2025-10-09T23:52:37.150+0300] {dagbag.py:588} INFO - Filling up the DagBag from /home/hsooni/cafe_sales_etl/venv/lib/python3.12/site-packages/airflow/example_dags/tutorial.py
[2025-10-09T23:52:37.160+0300] {processor.py:925} INFO - DAG(s) 'tutorial' retrieved from /home/hsooni/cafe_sales_etl/venv/lib/python3.12/site-packages/airflow/example_dags/tutorial.py
[2025-10-09T23:52:37.176+0300] {logging_mixin.py:190} INFO - [2025-10-09T23:52:37.176+0300] {dag.py:3239} INFO - Sync 1 DAGs
[2025-10-09T23:52:37.200+0300] {logging_mixin.py:190} INFO - [2025-10-09T23:52:37.199+0300] {dag.py:4180} INFO - Setting next_dagrun for tutorial to 2025-10-08 00:00:00+00:00, run_after=2025-10-09 00:00:00+00:00
[2025-10-09T23:52:37.226+0300] {processor.py:208} INFO - Processing /home/hsooni/cafe_sales_etl/venv/lib/python3.12/site-packages/airflow/example_dags/tutorial.py took 0.085 seconds
[2025-10-09T23:53:29.213+0300] {processor.py:186} INFO - Started process (PID=46675) to work on /home/hsooni/cafe_sales_etl/venv/lib/python3.12/site-packages/airflow/example_dags/tutorial.py
[2025-10-09T23:53:29.219+0300] {processor.py:914} INFO - Processing file /home/hsooni/cafe_sales_etl/venv/lib/python3.12/site-packages/airflow/example_dags/tutorial.py for tasks to queue
[2025-10-09T23:53:29.221+0300] {logging_mixin.py:190} INFO - [2025-10-09T23:53:29.221+0300] {dagbag.py:588} INFO - Filling up the DagBag from /home/hsooni/cafe_sales_etl/venv/lib/python3.12/site-packages/airflow/example_dags/tutorial.py
[2025-10-09T23:53:29.230+0300] {processor.py:925} INFO - DAG(s) 'tutorial' retrieved from /home/hsooni/cafe_sales_etl/venv/lib/python3.12/site-packages/airflow/example_dags/tutorial.py
[2025-10-09T23:53:29.247+0300] {logging_mixin.py:190} INFO - [2025-10-09T23:53:29.247+0300] {dag.py:3239} INFO - Sync 1 DAGs
[2025-10-09T23:53:29.270+0300] {logging_mixin.py:190} INFO - [2025-10-09T23:53:29.270+0300] {dag.py:4180} INFO - Setting next_dagrun for tutorial to 2025-10-08 00:00:00+00:00, run_after=2025-10-09 00:00:00+00:00
[2025-10-09T23:53:29.300+0300] {processor.py:208} INFO - Processing /home/hsooni/cafe_sales_etl/venv/lib/python3.12/site-packages/airflow/example_dags/tutorial.py took 0.093 seconds
[2025-10-09T23:54:29.373+0300] {processor.py:186} INFO - Started process (PID=47164) to work on /home/hsooni/cafe_sales_etl/venv/lib/python3.12/site-packages/airflow/example_dags/tutorial.py
[2025-10-09T23:54:29.379+0300] {processor.py:914} INFO - Processing file /home/hsooni/cafe_sales_etl/venv/lib/python3.12/site-packages/airflow/example_dags/tutorial.py for tasks to queue
[2025-10-09T23:54:29.381+0300] {logging_mixin.py:190} INFO - [2025-10-09T23:54:29.381+0300] {dagbag.py:588} INFO - Filling up the DagBag from /home/hsooni/cafe_sales_etl/venv/lib/python3.12/site-packages/airflow/example_dags/tutorial.py
[2025-10-09T23:54:29.390+0300] {processor.py:925} INFO - DAG(s) 'tutorial' retrieved from /home/hsooni/cafe_sales_etl/venv/lib/python3.12/site-packages/airflow/example_dags/tutorial.py
[2025-10-09T23:54:29.408+0300] {logging_mixin.py:190} INFO - [2025-10-09T23:54:29.408+0300] {dag.py:3239} INFO - Sync 1 DAGs
[2025-10-09T23:54:29.431+0300] {logging_mixin.py:190} INFO - [2025-10-09T23:54:29.431+0300] {dag.py:4180} INFO - Setting next_dagrun for tutorial to 2025-10-08 00:00:00+00:00, run_after=2025-10-09 00:00:00+00:00
[2025-10-09T23:54:29.461+0300] {processor.py:208} INFO - Processing /home/hsooni/cafe_sales_etl/venv/lib/python3.12/site-packages/airflow/example_dags/tutorial.py took 0.094 seconds
[2025-10-09T23:55:26.565+0300] {processor.py:186} INFO - Started process (PID=47529) to work on /home/hsooni/cafe_sales_etl/venv/lib/python3.12/site-packages/airflow/example_dags/tutorial.py
[2025-10-09T23:55:26.572+0300] {processor.py:914} INFO - Processing file /home/hsooni/cafe_sales_etl/venv/lib/python3.12/site-packages/airflow/example_dags/tutorial.py for tasks to queue
[2025-10-09T23:55:26.574+0300] {logging_mixin.py:190} INFO - [2025-10-09T23:55:26.574+0300] {dagbag.py:588} INFO - Filling up the DagBag from /home/hsooni/cafe_sales_etl/venv/lib/python3.12/site-packages/airflow/example_dags/tutorial.py
[2025-10-09T23:55:26.585+0300] {processor.py:925} INFO - DAG(s) 'tutorial' retrieved from /home/hsooni/cafe_sales_etl/venv/lib/python3.12/site-packages/airflow/example_dags/tutorial.py
[2025-10-09T23:55:26.604+0300] {logging_mixin.py:190} INFO - [2025-10-09T23:55:26.604+0300] {dag.py:3239} INFO - Sync 1 DAGs
[2025-10-09T23:55:26.626+0300] {logging_mixin.py:190} INFO - [2025-10-09T23:55:26.626+0300] {dag.py:4180} INFO - Setting next_dagrun for tutorial to 2025-10-08 00:00:00+00:00, run_after=2025-10-09 00:00:00+00:00
[2025-10-09T23:55:26.655+0300] {processor.py:208} INFO - Processing /home/hsooni/cafe_sales_etl/venv/lib/python3.12/site-packages/airflow/example_dags/tutorial.py took 0.098 seconds
