[2025-10-09T23:47:06.023+0300] {processor.py:186} INFO - Started process (PID=44448) to work on /home/hsooni/cafe_sales_etl/venv/lib/python3.12/site-packages/airflow/example_dags/tutorial_objectstorage.py
[2025-10-09T23:47:06.024+0300] {processor.py:914} INFO - Processing file /home/hsooni/cafe_sales_etl/venv/lib/python3.12/site-packages/airflow/example_dags/tutorial_objectstorage.py for tasks to queue
[2025-10-09T23:47:06.026+0300] {logging_mixin.py:190} INFO - [2025-10-09T23:47:06.025+0300] {dagbag.py:588} INFO - Filling up the DagBag from /home/hsooni/cafe_sales_etl/venv/lib/python3.12/site-packages/airflow/example_dags/tutorial_objectstorage.py
[2025-10-09T23:47:06.036+0300] {processor.py:925} INFO - DAG(s) 'tutorial_objectstorage' retrieved from /home/hsooni/cafe_sales_etl/venv/lib/python3.12/site-packages/airflow/example_dags/tutorial_objectstorage.py
[2025-10-09T23:47:06.174+0300] {logging_mixin.py:190} INFO - [2025-10-09T23:47:06.173+0300] {override.py:1900} INFO - Created Permission View: can delete on DAG:tutorial_objectstorage
[2025-10-09T23:47:06.191+0300] {logging_mixin.py:190} INFO - [2025-10-09T23:47:06.190+0300] {override.py:1900} INFO - Created Permission View: can read on DAG:tutorial_objectstorage
[2025-10-09T23:47:06.205+0300] {logging_mixin.py:190} INFO - [2025-10-09T23:47:06.204+0300] {override.py:1900} INFO - Created Permission View: can edit on DAG:tutorial_objectstorage
[2025-10-09T23:47:06.227+0300] {logging_mixin.py:190} INFO - [2025-10-09T23:47:06.227+0300] {override.py:1900} INFO - Created Permission View: can delete on DAG Run:tutorial_objectstorage
[2025-10-09T23:47:06.242+0300] {logging_mixin.py:190} INFO - [2025-10-09T23:47:06.242+0300] {override.py:1900} INFO - Created Permission View: can create on DAG Run:tutorial_objectstorage
[2025-10-09T23:47:06.256+0300] {logging_mixin.py:190} INFO - [2025-10-09T23:47:06.256+0300] {override.py:1900} INFO - Created Permission View: can read on DAG Run:tutorial_objectstorage
[2025-10-09T23:47:06.289+0300] {logging_mixin.py:190} INFO - [2025-10-09T23:47:06.289+0300] {override.py:1900} INFO - Created Permission View: menu access on DAG Run:tutorial_objectstorage
[2025-10-09T23:47:06.290+0300] {logging_mixin.py:190} INFO - [2025-10-09T23:47:06.290+0300] {dag.py:3239} INFO - Sync 1 DAGs
[2025-10-09T23:47:06.304+0300] {logging_mixin.py:190} INFO - [2025-10-09T23:47:06.303+0300] {dag.py:3262} INFO - Creating ORM DAG for tutorial_objectstorage
[2025-10-09T23:47:06.305+0300] {logging_mixin.py:190} INFO - [2025-10-09T23:47:06.304+0300] {dag.py:4180} INFO - Setting next_dagrun for tutorial_objectstorage to None, run_after=None
[2025-10-09T23:47:06.330+0300] {processor.py:208} INFO - Processing /home/hsooni/cafe_sales_etl/venv/lib/python3.12/site-packages/airflow/example_dags/tutorial_objectstorage.py took 0.313 seconds
[2025-10-09T23:48:47.721+0300] {processor.py:186} INFO - Started process (PID=45048) to work on /home/hsooni/cafe_sales_etl/venv/lib/python3.12/site-packages/airflow/example_dags/tutorial_objectstorage.py
[2025-10-09T23:48:47.727+0300] {processor.py:914} INFO - Processing file /home/hsooni/cafe_sales_etl/venv/lib/python3.12/site-packages/airflow/example_dags/tutorial_objectstorage.py for tasks to queue
[2025-10-09T23:48:47.729+0300] {logging_mixin.py:190} INFO - [2025-10-09T23:48:47.729+0300] {dagbag.py:588} INFO - Filling up the DagBag from /home/hsooni/cafe_sales_etl/venv/lib/python3.12/site-packages/airflow/example_dags/tutorial_objectstorage.py
[2025-10-09T23:48:47.745+0300] {processor.py:925} INFO - DAG(s) 'tutorial_objectstorage' retrieved from /home/hsooni/cafe_sales_etl/venv/lib/python3.12/site-packages/airflow/example_dags/tutorial_objectstorage.py
[2025-10-09T23:48:47.771+0300] {logging_mixin.py:190} INFO - [2025-10-09T23:48:47.771+0300] {dag.py:3239} INFO - Sync 1 DAGs
[2025-10-09T23:48:47.788+0300] {logging_mixin.py:190} INFO - [2025-10-09T23:48:47.788+0300] {dag.py:4180} INFO - Setting next_dagrun for tutorial_objectstorage to None, run_after=None
[2025-10-09T23:48:47.823+0300] {processor.py:208} INFO - Processing /home/hsooni/cafe_sales_etl/venv/lib/python3.12/site-packages/airflow/example_dags/tutorial_objectstorage.py took 0.109 seconds
[2025-10-09T23:49:48.308+0300] {processor.py:186} INFO - Started process (PID=45527) to work on /home/hsooni/cafe_sales_etl/venv/lib/python3.12/site-packages/airflow/example_dags/tutorial_objectstorage.py
[2025-10-09T23:49:48.314+0300] {processor.py:914} INFO - Processing file /home/hsooni/cafe_sales_etl/venv/lib/python3.12/site-packages/airflow/example_dags/tutorial_objectstorage.py for tasks to queue
[2025-10-09T23:49:48.317+0300] {logging_mixin.py:190} INFO - [2025-10-09T23:49:48.316+0300] {dagbag.py:588} INFO - Filling up the DagBag from /home/hsooni/cafe_sales_etl/venv/lib/python3.12/site-packages/airflow/example_dags/tutorial_objectstorage.py
[2025-10-09T23:49:48.329+0300] {processor.py:925} INFO - DAG(s) 'tutorial_objectstorage' retrieved from /home/hsooni/cafe_sales_etl/venv/lib/python3.12/site-packages/airflow/example_dags/tutorial_objectstorage.py
[2025-10-09T23:49:48.347+0300] {logging_mixin.py:190} INFO - [2025-10-09T23:49:48.347+0300] {dag.py:3239} INFO - Sync 1 DAGs
[2025-10-09T23:49:48.362+0300] {logging_mixin.py:190} INFO - [2025-10-09T23:49:48.361+0300] {dag.py:4180} INFO - Setting next_dagrun for tutorial_objectstorage to None, run_after=None
[2025-10-09T23:49:48.387+0300] {processor.py:208} INFO - Processing /home/hsooni/cafe_sales_etl/venv/lib/python3.12/site-packages/airflow/example_dags/tutorial_objectstorage.py took 0.087 seconds
[2025-10-09T23:50:43.557+0300] {processor.py:186} INFO - Started process (PID=45759) to work on /home/hsooni/cafe_sales_etl/venv/lib/python3.12/site-packages/airflow/example_dags/tutorial_objectstorage.py
[2025-10-09T23:50:43.563+0300] {processor.py:914} INFO - Processing file /home/hsooni/cafe_sales_etl/venv/lib/python3.12/site-packages/airflow/example_dags/tutorial_objectstorage.py for tasks to queue
[2025-10-09T23:50:43.566+0300] {logging_mixin.py:190} INFO - [2025-10-09T23:50:43.565+0300] {dagbag.py:588} INFO - Filling up the DagBag from /home/hsooni/cafe_sales_etl/venv/lib/python3.12/site-packages/airflow/example_dags/tutorial_objectstorage.py
[2025-10-09T23:50:43.576+0300] {processor.py:925} INFO - DAG(s) 'tutorial_objectstorage' retrieved from /home/hsooni/cafe_sales_etl/venv/lib/python3.12/site-packages/airflow/example_dags/tutorial_objectstorage.py
[2025-10-09T23:50:43.593+0300] {logging_mixin.py:190} INFO - [2025-10-09T23:50:43.593+0300] {dag.py:3239} INFO - Sync 1 DAGs
[2025-10-09T23:50:43.610+0300] {logging_mixin.py:190} INFO - [2025-10-09T23:50:43.609+0300] {dag.py:4180} INFO - Setting next_dagrun for tutorial_objectstorage to None, run_after=None
[2025-10-09T23:50:43.642+0300] {processor.py:208} INFO - Processing /home/hsooni/cafe_sales_etl/venv/lib/python3.12/site-packages/airflow/example_dags/tutorial_objectstorage.py took 0.091 seconds
[2025-10-09T23:51:39.071+0300] {processor.py:186} INFO - Started process (PID=46168) to work on /home/hsooni/cafe_sales_etl/venv/lib/python3.12/site-packages/airflow/example_dags/tutorial_objectstorage.py
[2025-10-09T23:51:39.077+0300] {processor.py:914} INFO - Processing file /home/hsooni/cafe_sales_etl/venv/lib/python3.12/site-packages/airflow/example_dags/tutorial_objectstorage.py for tasks to queue
[2025-10-09T23:51:39.079+0300] {logging_mixin.py:190} INFO - [2025-10-09T23:51:39.079+0300] {dagbag.py:588} INFO - Filling up the DagBag from /home/hsooni/cafe_sales_etl/venv/lib/python3.12/site-packages/airflow/example_dags/tutorial_objectstorage.py
[2025-10-09T23:51:39.089+0300] {processor.py:925} INFO - DAG(s) 'tutorial_objectstorage' retrieved from /home/hsooni/cafe_sales_etl/venv/lib/python3.12/site-packages/airflow/example_dags/tutorial_objectstorage.py
[2025-10-09T23:51:39.106+0300] {logging_mixin.py:190} INFO - [2025-10-09T23:51:39.105+0300] {dag.py:3239} INFO - Sync 1 DAGs
[2025-10-09T23:51:39.120+0300] {logging_mixin.py:190} INFO - [2025-10-09T23:51:39.120+0300] {dag.py:4180} INFO - Setting next_dagrun for tutorial_objectstorage to None, run_after=None
[2025-10-09T23:51:39.147+0300] {processor.py:208} INFO - Processing /home/hsooni/cafe_sales_etl/venv/lib/python3.12/site-packages/airflow/example_dags/tutorial_objectstorage.py took 0.082 seconds
[2025-10-09T23:52:34.859+0300] {processor.py:186} INFO - Started process (PID=46426) to work on /home/hsooni/cafe_sales_etl/venv/lib/python3.12/site-packages/airflow/example_dags/tutorial_objectstorage.py
[2025-10-09T23:52:34.865+0300] {processor.py:914} INFO - Processing file /home/hsooni/cafe_sales_etl/venv/lib/python3.12/site-packages/airflow/example_dags/tutorial_objectstorage.py for tasks to queue
[2025-10-09T23:52:34.867+0300] {logging_mixin.py:190} INFO - [2025-10-09T23:52:34.867+0300] {dagbag.py:588} INFO - Filling up the DagBag from /home/hsooni/cafe_sales_etl/venv/lib/python3.12/site-packages/airflow/example_dags/tutorial_objectstorage.py
[2025-10-09T23:52:34.877+0300] {processor.py:925} INFO - DAG(s) 'tutorial_objectstorage' retrieved from /home/hsooni/cafe_sales_etl/venv/lib/python3.12/site-packages/airflow/example_dags/tutorial_objectstorage.py
[2025-10-09T23:52:34.894+0300] {logging_mixin.py:190} INFO - [2025-10-09T23:52:34.894+0300] {dag.py:3239} INFO - Sync 1 DAGs
[2025-10-09T23:52:34.909+0300] {logging_mixin.py:190} INFO - [2025-10-09T23:52:34.909+0300] {dag.py:4180} INFO - Setting next_dagrun for tutorial_objectstorage to None, run_after=None
[2025-10-09T23:52:34.934+0300] {processor.py:208} INFO - Processing /home/hsooni/cafe_sales_etl/venv/lib/python3.12/site-packages/airflow/example_dags/tutorial_objectstorage.py took 0.083 seconds
[2025-10-09T23:53:26.801+0300] {processor.py:186} INFO - Started process (PID=46657) to work on /home/hsooni/cafe_sales_etl/venv/lib/python3.12/site-packages/airflow/example_dags/tutorial_objectstorage.py
[2025-10-09T23:53:26.807+0300] {processor.py:914} INFO - Processing file /home/hsooni/cafe_sales_etl/venv/lib/python3.12/site-packages/airflow/example_dags/tutorial_objectstorage.py for tasks to queue
[2025-10-09T23:53:26.809+0300] {logging_mixin.py:190} INFO - [2025-10-09T23:53:26.809+0300] {dagbag.py:588} INFO - Filling up the DagBag from /home/hsooni/cafe_sales_etl/venv/lib/python3.12/site-packages/airflow/example_dags/tutorial_objectstorage.py
[2025-10-09T23:53:26.819+0300] {processor.py:925} INFO - DAG(s) 'tutorial_objectstorage' retrieved from /home/hsooni/cafe_sales_etl/venv/lib/python3.12/site-packages/airflow/example_dags/tutorial_objectstorage.py
[2025-10-09T23:53:26.835+0300] {logging_mixin.py:190} INFO - [2025-10-09T23:53:26.835+0300] {dag.py:3239} INFO - Sync 1 DAGs
[2025-10-09T23:53:26.850+0300] {logging_mixin.py:190} INFO - [2025-10-09T23:53:26.850+0300] {dag.py:4180} INFO - Setting next_dagrun for tutorial_objectstorage to None, run_after=None
[2025-10-09T23:53:26.875+0300] {processor.py:208} INFO - Processing /home/hsooni/cafe_sales_etl/venv/lib/python3.12/site-packages/airflow/example_dags/tutorial_objectstorage.py took 0.080 seconds
[2025-10-09T23:54:26.745+0300] {processor.py:186} INFO - Started process (PID=47143) to work on /home/hsooni/cafe_sales_etl/venv/lib/python3.12/site-packages/airflow/example_dags/tutorial_objectstorage.py
[2025-10-09T23:54:26.749+0300] {processor.py:914} INFO - Processing file /home/hsooni/cafe_sales_etl/venv/lib/python3.12/site-packages/airflow/example_dags/tutorial_objectstorage.py for tasks to queue
[2025-10-09T23:54:26.757+0300] {logging_mixin.py:190} INFO - [2025-10-09T23:54:26.753+0300] {dagbag.py:588} INFO - Filling up the DagBag from /home/hsooni/cafe_sales_etl/venv/lib/python3.12/site-packages/airflow/example_dags/tutorial_objectstorage.py
[2025-10-09T23:54:26.788+0300] {processor.py:925} INFO - DAG(s) 'tutorial_objectstorage' retrieved from /home/hsooni/cafe_sales_etl/venv/lib/python3.12/site-packages/airflow/example_dags/tutorial_objectstorage.py
[2025-10-09T23:54:26.829+0300] {logging_mixin.py:190} INFO - [2025-10-09T23:54:26.829+0300] {dag.py:3239} INFO - Sync 1 DAGs
[2025-10-09T23:54:26.871+0300] {logging_mixin.py:190} INFO - [2025-10-09T23:54:26.870+0300] {dag.py:4180} INFO - Setting next_dagrun for tutorial_objectstorage to None, run_after=None
[2025-10-09T23:54:26.935+0300] {processor.py:208} INFO - Processing /home/hsooni/cafe_sales_etl/venv/lib/python3.12/site-packages/airflow/example_dags/tutorial_objectstorage.py took 0.206 seconds
[2025-10-09T23:55:24.268+0300] {processor.py:186} INFO - Started process (PID=47519) to work on /home/hsooni/cafe_sales_etl/venv/lib/python3.12/site-packages/airflow/example_dags/tutorial_objectstorage.py
[2025-10-09T23:55:24.274+0300] {processor.py:914} INFO - Processing file /home/hsooni/cafe_sales_etl/venv/lib/python3.12/site-packages/airflow/example_dags/tutorial_objectstorage.py for tasks to queue
[2025-10-09T23:55:24.276+0300] {logging_mixin.py:190} INFO - [2025-10-09T23:55:24.276+0300] {dagbag.py:588} INFO - Filling up the DagBag from /home/hsooni/cafe_sales_etl/venv/lib/python3.12/site-packages/airflow/example_dags/tutorial_objectstorage.py
[2025-10-09T23:55:24.289+0300] {processor.py:925} INFO - DAG(s) 'tutorial_objectstorage' retrieved from /home/hsooni/cafe_sales_etl/venv/lib/python3.12/site-packages/airflow/example_dags/tutorial_objectstorage.py
[2025-10-09T23:55:24.307+0300] {logging_mixin.py:190} INFO - [2025-10-09T23:55:24.306+0300] {dag.py:3239} INFO - Sync 1 DAGs
[2025-10-09T23:55:24.321+0300] {logging_mixin.py:190} INFO - [2025-10-09T23:55:24.321+0300] {dag.py:4180} INFO - Setting next_dagrun for tutorial_objectstorage to None, run_after=None
[2025-10-09T23:55:24.345+0300] {processor.py:208} INFO - Processing /home/hsooni/cafe_sales_etl/venv/lib/python3.12/site-packages/airflow/example_dags/tutorial_objectstorage.py took 0.085 seconds
