[2025-10-11T11:54:40.208+0300] {local_task_job_runner.py:123} INFO - ::group::Pre task execution logs
[2025-10-11T11:54:40.221+0300] {taskinstance.py:2612} INFO - Dependencies all met for dep_context=non-requeueable deps ti=<TaskInstance: cafe_sales_etl.extract_csv manual__2025-10-11T08:54:36.078945+00:00 [queued]>
[2025-10-11T11:54:40.230+0300] {taskinstance.py:2612} INFO - Dependencies all met for dep_context=requeueable deps ti=<TaskInstance: cafe_sales_etl.extract_csv manual__2025-10-11T08:54:36.078945+00:00 [queued]>
[2025-10-11T11:54:40.231+0300] {taskinstance.py:2865} INFO - Starting attempt 1 of 2
[2025-10-11T11:54:40.252+0300] {taskinstance.py:2888} INFO - Executing <Task(PythonOperator): extract_csv> on 2025-10-11 08:54:36.078945+00:00
[2025-10-11T11:54:40.257+0300] {standard_task_runner.py:72} INFO - Started process 7860 to run task
[2025-10-11T11:54:40.262+0300] {standard_task_runner.py:104} INFO - Running: ['airflow', 'tasks', 'run', 'cafe_sales_etl', 'extract_csv', 'manual__2025-10-11T08:54:36.078945+00:00', '--job-id', '8', '--raw', '--subdir', 'DAGS_FOLDER/cafe_sales_etl_dag.py', '--cfg-path', '/tmp/tmp9vmgwt1z']
[2025-10-11T11:54:40.263+0300] {standard_task_runner.py:105} INFO - Job 8: Subtask extract_csv
[2025-10-11T11:54:40.308+0300] {task_command.py:467} INFO - Running <TaskInstance: cafe_sales_etl.extract_csv manual__2025-10-11T08:54:36.078945+00:00 [running]> on host archlinux
[2025-10-11T11:54:40.382+0300] {taskinstance.py:3131} INFO - Exporting env vars: AIRFLOW_CTX_DAG_OWNER='airflow' AIRFLOW_CTX_DAG_ID='cafe_sales_etl' AIRFLOW_CTX_TASK_ID='extract_csv' AIRFLOW_CTX_EXECUTION_DATE='2025-10-11T08:54:36.078945+00:00' AIRFLOW_CTX_TRY_NUMBER='1' AIRFLOW_CTX_DAG_RUN_ID='manual__2025-10-11T08:54:36.078945+00:00'
[2025-10-11T11:54:40.383+0300] {logging_mixin.py:190} INFO - Task instance is in running state
[2025-10-11T11:54:40.383+0300] {logging_mixin.py:190} INFO -  Previous state of the Task instance: queued
[2025-10-11T11:54:40.384+0300] {logging_mixin.py:190} INFO - Current task name:extract_csv state:running start_date:2025-10-11 08:54:40.221807+00:00
[2025-10-11T11:54:40.385+0300] {logging_mixin.py:190} INFO - Dag name:cafe_sales_etl and current dag run status:running
[2025-10-11T11:54:40.385+0300] {taskinstance.py:731} INFO - ::endgroup::
[2025-10-11T11:54:40.451+0300] {python.py:240} INFO - Done. Returned value was: None
[2025-10-11T11:54:40.457+0300] {taskinstance.py:340} INFO - ::group::Post task execution logs
[2025-10-11T11:54:40.457+0300] {taskinstance.py:352} INFO - Marking task as SUCCESS. dag_id=cafe_sales_etl, task_id=extract_csv, run_id=manual__2025-10-11T08:54:36.078945+00:00, execution_date=20251011T085436, start_date=20251011T085440, end_date=20251011T085440
[2025-10-11T11:54:40.472+0300] {logging_mixin.py:190} INFO - Task instance in success state
[2025-10-11T11:54:40.473+0300] {logging_mixin.py:190} INFO -  Previous state of the Task instance: running
[2025-10-11T11:54:40.473+0300] {logging_mixin.py:190} INFO - Dag name:cafe_sales_etl queued_at:2025-10-11 08:54:36.108571+00:00
[2025-10-11T11:54:40.473+0300] {logging_mixin.py:190} INFO - Task hostname:archlinux operator:PythonOperator
[2025-10-11T11:54:40.514+0300] {local_task_job_runner.py:266} INFO - Task exited with return code 0
[2025-10-11T11:54:40.555+0300] {taskinstance.py:3900} INFO - 1 downstream tasks scheduled from follow-on schedule check
[2025-10-11T11:54:40.571+0300] {local_task_job_runner.py:245} INFO - ::endgroup::
