[2025-10-11T11:51:02.491+0300] {local_task_job_runner.py:123} INFO - ::group::Pre task execution logs
[2025-10-11T11:51:02.502+0300] {taskinstance.py:2612} INFO - Dependencies all met for dep_context=non-requeueable deps ti=<TaskInstance: cafe_sales_etl.extract_csv scheduled__2025-10-10T00:00:00+00:00 [queued]>
[2025-10-11T11:51:02.508+0300] {taskinstance.py:2612} INFO - Dependencies all met for dep_context=requeueable deps ti=<TaskInstance: cafe_sales_etl.extract_csv scheduled__2025-10-10T00:00:00+00:00 [queued]>
[2025-10-11T11:51:02.508+0300] {taskinstance.py:2865} INFO - Starting attempt 1 of 2
[2025-10-11T11:51:02.525+0300] {taskinstance.py:2888} INFO - Executing <Task(PythonOperator): extract_csv> on 2025-10-10 00:00:00+00:00
[2025-10-11T11:51:02.529+0300] {standard_task_runner.py:72} INFO - Started process 5932 to run task
[2025-10-11T11:51:02.531+0300] {standard_task_runner.py:104} INFO - Running: ['airflow', 'tasks', 'run', 'cafe_sales_etl', 'extract_csv', 'scheduled__2025-10-10T00:00:00+00:00', '--job-id', '2', '--raw', '--subdir', 'DAGS_FOLDER/cafe_sales_etl_dag.py', '--cfg-path', '/tmp/tmpqzhkl34d']
[2025-10-11T11:51:02.532+0300] {standard_task_runner.py:105} INFO - Job 2: Subtask extract_csv
[2025-10-11T11:51:02.573+0300] {task_command.py:467} INFO - Running <TaskInstance: cafe_sales_etl.extract_csv scheduled__2025-10-10T00:00:00+00:00 [running]> on host archlinux
[2025-10-11T11:51:02.638+0300] {taskinstance.py:3131} INFO - Exporting env vars: AIRFLOW_CTX_DAG_OWNER='airflow' AIRFLOW_CTX_DAG_ID='cafe_sales_etl' AIRFLOW_CTX_TASK_ID='extract_csv' AIRFLOW_CTX_EXECUTION_DATE='2025-10-10T00:00:00+00:00' AIRFLOW_CTX_TRY_NUMBER='1' AIRFLOW_CTX_DAG_RUN_ID='scheduled__2025-10-10T00:00:00+00:00'
[2025-10-11T11:51:02.639+0300] {logging_mixin.py:190} INFO - Task instance is in running state
[2025-10-11T11:51:02.639+0300] {logging_mixin.py:190} INFO -  Previous state of the Task instance: queued
[2025-10-11T11:51:02.639+0300] {logging_mixin.py:190} INFO - Current task name:extract_csv state:running start_date:2025-10-11 08:51:02.502968+00:00
[2025-10-11T11:51:02.639+0300] {logging_mixin.py:190} INFO - Dag name:cafe_sales_etl and current dag run status:running
[2025-10-11T11:51:02.640+0300] {taskinstance.py:731} INFO - ::endgroup::
[2025-10-11T11:51:02.715+0300] {python.py:240} INFO - Done. Returned value was: None
[2025-10-11T11:51:02.720+0300] {taskinstance.py:340} INFO - ::group::Post task execution logs
[2025-10-11T11:51:02.720+0300] {taskinstance.py:352} INFO - Marking task as SUCCESS. dag_id=cafe_sales_etl, task_id=extract_csv, run_id=scheduled__2025-10-10T00:00:00+00:00, execution_date=20251010T000000, start_date=20251011T085102, end_date=20251011T085102
[2025-10-11T11:51:02.732+0300] {logging_mixin.py:190} INFO - Task instance in success state
[2025-10-11T11:51:02.732+0300] {logging_mixin.py:190} INFO -  Previous state of the Task instance: running
[2025-10-11T11:51:02.732+0300] {logging_mixin.py:190} INFO - Dag name:cafe_sales_etl queued_at:2025-10-11 08:50:59.717963+00:00
[2025-10-11T11:51:02.732+0300] {logging_mixin.py:190} INFO - Task hostname:archlinux operator:PythonOperator
[2025-10-11T11:51:02.744+0300] {local_task_job_runner.py:266} INFO - Task exited with return code 0
[2025-10-11T11:51:02.783+0300] {taskinstance.py:3900} INFO - 1 downstream tasks scheduled from follow-on schedule check
[2025-10-11T11:51:02.791+0300] {local_task_job_runner.py:245} INFO - ::endgroup::
[2025-10-11T13:04:30.670+0300] {local_task_job_runner.py:123} INFO - ::group::Pre task execution logs
[2025-10-11T13:04:30.682+0300] {taskinstance.py:2612} INFO - Dependencies all met for dep_context=non-requeueable deps ti=<TaskInstance: cafe_sales_etl.extract_csv scheduled__2025-10-10T00:00:00+00:00 [queued]>
[2025-10-11T13:04:30.689+0300] {taskinstance.py:2612} INFO - Dependencies all met for dep_context=requeueable deps ti=<TaskInstance: cafe_sales_etl.extract_csv scheduled__2025-10-10T00:00:00+00:00 [queued]>
[2025-10-11T13:04:30.690+0300] {taskinstance.py:2865} INFO - Starting attempt 1 of 2
[2025-10-11T13:04:30.709+0300] {taskinstance.py:2888} INFO - Executing <Task(PythonOperator): extract_csv> on 2025-10-10 00:00:00+00:00
[2025-10-11T13:04:30.714+0300] {standard_task_runner.py:72} INFO - Started process 23134 to run task
[2025-10-11T13:04:30.716+0300] {standard_task_runner.py:104} INFO - Running: ['airflow', 'tasks', 'run', 'cafe_sales_etl', 'extract_csv', 'scheduled__2025-10-10T00:00:00+00:00', '--job-id', '2', '--raw', '--subdir', 'DAGS_FOLDER/cafe_sales_etl_dag.py', '--cfg-path', '/tmp/tmpasemf7xt']
[2025-10-11T13:04:30.717+0300] {standard_task_runner.py:105} INFO - Job 2: Subtask extract_csv
[2025-10-11T13:04:30.762+0300] {task_command.py:467} INFO - Running <TaskInstance: cafe_sales_etl.extract_csv scheduled__2025-10-10T00:00:00+00:00 [running]> on host archlinux
[2025-10-11T13:04:30.835+0300] {taskinstance.py:3131} INFO - Exporting env vars: AIRFLOW_CTX_DAG_OWNER='airflow' AIRFLOW_CTX_DAG_ID='cafe_sales_etl' AIRFLOW_CTX_TASK_ID='extract_csv' AIRFLOW_CTX_EXECUTION_DATE='2025-10-10T00:00:00+00:00' AIRFLOW_CTX_TRY_NUMBER='1' AIRFLOW_CTX_DAG_RUN_ID='scheduled__2025-10-10T00:00:00+00:00'
[2025-10-11T13:04:30.836+0300] {logging_mixin.py:190} INFO - Task instance is in running state
[2025-10-11T13:04:30.836+0300] {logging_mixin.py:190} INFO -  Previous state of the Task instance: queued
[2025-10-11T13:04:30.836+0300] {logging_mixin.py:190} INFO - Current task name:extract_csv state:running start_date:2025-10-11 10:04:30.683219+00:00
[2025-10-11T13:04:30.836+0300] {logging_mixin.py:190} INFO - Dag name:cafe_sales_etl and current dag run status:running
[2025-10-11T13:04:30.837+0300] {taskinstance.py:731} INFO - ::endgroup::
[2025-10-11T13:04:30.899+0300] {python.py:240} INFO - Done. Returned value was: None
[2025-10-11T13:04:30.904+0300] {taskinstance.py:340} INFO - ::group::Post task execution logs
[2025-10-11T13:04:30.905+0300] {taskinstance.py:352} INFO - Marking task as SUCCESS. dag_id=cafe_sales_etl, task_id=extract_csv, run_id=scheduled__2025-10-10T00:00:00+00:00, execution_date=20251010T000000, start_date=20251011T100430, end_date=20251011T100430
[2025-10-11T13:04:30.919+0300] {logging_mixin.py:190} INFO - Task instance in success state
[2025-10-11T13:04:30.919+0300] {logging_mixin.py:190} INFO -  Previous state of the Task instance: running
[2025-10-11T13:04:30.919+0300] {logging_mixin.py:190} INFO - Dag name:cafe_sales_etl queued_at:2025-10-11 10:04:27.599759+00:00
[2025-10-11T13:04:30.920+0300] {logging_mixin.py:190} INFO - Task hostname:archlinux operator:PythonOperator
[2025-10-11T13:04:30.929+0300] {local_task_job_runner.py:266} INFO - Task exited with return code 0
[2025-10-11T13:04:30.957+0300] {taskinstance.py:3900} INFO - 1 downstream tasks scheduled from follow-on schedule check
[2025-10-11T13:04:30.966+0300] {local_task_job_runner.py:245} INFO - ::endgroup::
