[2025-10-11T14:35:31.412+0300] {local_task_job_runner.py:123} INFO - ::group::Pre task execution logs
[2025-10-11T14:35:31.425+0300] {taskinstance.py:2612} INFO - Dependencies all met for dep_context=non-requeueable deps ti=<TaskInstance: cafe_sales_etl.load_to_postgres manual__2025-10-11T11:35:19.295945+00:00 [queued]>
[2025-10-11T14:35:31.432+0300] {taskinstance.py:2612} INFO - Dependencies all met for dep_context=requeueable deps ti=<TaskInstance: cafe_sales_etl.load_to_postgres manual__2025-10-11T11:35:19.295945+00:00 [queued]>
[2025-10-11T14:35:31.432+0300] {taskinstance.py:2865} INFO - Starting attempt 1 of 2
[2025-10-11T14:35:31.452+0300] {taskinstance.py:2888} INFO - Executing <Task(PythonOperator): load_to_postgres> on 2025-10-11 11:35:19.295945+00:00
[2025-10-11T14:35:31.458+0300] {standard_task_runner.py:72} INFO - Started process 56897 to run task
[2025-10-11T14:35:31.461+0300] {standard_task_runner.py:104} INFO - Running: ['airflow', 'tasks', 'run', 'cafe_sales_etl', 'load_to_postgres', 'manual__2025-10-11T11:35:19.295945+00:00', '--job-id', '50', '--raw', '--subdir', 'DAGS_FOLDER/cafe_sales_etl_dag.py', '--cfg-path', '/tmp/tmpxpjsrq27']
[2025-10-11T14:35:31.461+0300] {standard_task_runner.py:105} INFO - Job 50: Subtask load_to_postgres
[2025-10-11T14:35:31.509+0300] {task_command.py:467} INFO - Running <TaskInstance: cafe_sales_etl.load_to_postgres manual__2025-10-11T11:35:19.295945+00:00 [running]> on host archlinux
[2025-10-11T14:35:31.589+0300] {taskinstance.py:3131} INFO - Exporting env vars: AIRFLOW_CTX_DAG_OWNER='airflow' AIRFLOW_CTX_DAG_ID='cafe_sales_etl' AIRFLOW_CTX_TASK_ID='load_to_postgres' AIRFLOW_CTX_EXECUTION_DATE='2025-10-11T11:35:19.295945+00:00' AIRFLOW_CTX_TRY_NUMBER='1' AIRFLOW_CTX_DAG_RUN_ID='manual__2025-10-11T11:35:19.295945+00:00'
[2025-10-11T14:35:31.590+0300] {logging_mixin.py:190} INFO - Task instance is in running state
[2025-10-11T14:35:31.590+0300] {logging_mixin.py:190} INFO -  Previous state of the Task instance: queued
[2025-10-11T14:35:31.590+0300] {logging_mixin.py:190} INFO - Current task name:load_to_postgres state:running start_date:2025-10-11 11:35:31.425684+00:00
[2025-10-11T14:35:31.591+0300] {logging_mixin.py:190} INFO - Dag name:cafe_sales_etl and current dag run status:running
[2025-10-11T14:35:31.591+0300] {taskinstance.py:731} INFO - ::endgroup::
[2025-10-11T14:35:32.620+0300] {logging_mixin.py:190} INFO - ✅ Loaded 7773 rows into PostgreSQL table: sales_data
[2025-10-11T14:35:32.622+0300] {python.py:240} INFO - Done. Returned value was: None
[2025-10-11T14:35:32.629+0300] {taskinstance.py:340} INFO - ::group::Post task execution logs
[2025-10-11T14:35:32.629+0300] {taskinstance.py:352} INFO - Marking task as SUCCESS. dag_id=cafe_sales_etl, task_id=load_to_postgres, run_id=manual__2025-10-11T11:35:19.295945+00:00, execution_date=20251011T113519, start_date=20251011T113531, end_date=20251011T113532
[2025-10-11T14:35:32.645+0300] {logging_mixin.py:190} INFO - Task instance in success state
[2025-10-11T14:35:32.646+0300] {logging_mixin.py:190} INFO -  Previous state of the Task instance: running
[2025-10-11T14:35:32.646+0300] {logging_mixin.py:190} INFO - Dag name:cafe_sales_etl queued_at:2025-10-11 11:35:19.310518+00:00
[2025-10-11T14:35:32.646+0300] {logging_mixin.py:190} INFO - Task hostname:archlinux operator:PythonOperator
[2025-10-11T14:35:32.676+0300] {local_task_job_runner.py:266} INFO - Task exited with return code 0
[2025-10-11T14:35:32.701+0300] {taskinstance.py:3900} INFO - 1 downstream tasks scheduled from follow-on schedule check
[2025-10-11T14:35:32.710+0300] {local_task_job_runner.py:245} INFO - ::endgroup::
