[2025-10-11T11:51:13.735+0300] {local_task_job_runner.py:123} INFO - ::group::Pre task execution logs
[2025-10-11T11:51:13.747+0300] {taskinstance.py:2612} INFO - Dependencies all met for dep_context=non-requeueable deps ti=<TaskInstance: cafe_sales_etl.clean_data manual__2025-10-11T08:50:58.310390+00:00 [queued]>
[2025-10-11T11:51:13.753+0300] {taskinstance.py:2612} INFO - Dependencies all met for dep_context=requeueable deps ti=<TaskInstance: cafe_sales_etl.clean_data manual__2025-10-11T08:50:58.310390+00:00 [queued]>
[2025-10-11T11:51:13.754+0300] {taskinstance.py:2865} INFO - Starting attempt 1 of 2
[2025-10-11T11:51:13.772+0300] {taskinstance.py:2888} INFO - Executing <Task(PythonOperator): clean_data> on 2025-10-11 08:50:58.310390+00:00
[2025-10-11T11:51:13.777+0300] {standard_task_runner.py:72} INFO - Started process 6068 to run task
[2025-10-11T11:51:13.780+0300] {standard_task_runner.py:104} INFO - Running: ['airflow', 'tasks', 'run', 'cafe_sales_etl', 'clean_data', 'manual__2025-10-11T08:50:58.310390+00:00', '--job-id', '5', '--raw', '--subdir', 'DAGS_FOLDER/cafe_sales_etl_dag.py', '--cfg-path', '/tmp/tmpcietmyss']
[2025-10-11T11:51:13.780+0300] {standard_task_runner.py:105} INFO - Job 5: Subtask clean_data
[2025-10-11T11:51:13.824+0300] {task_command.py:467} INFO - Running <TaskInstance: cafe_sales_etl.clean_data manual__2025-10-11T08:50:58.310390+00:00 [running]> on host archlinux
[2025-10-11T11:51:13.893+0300] {taskinstance.py:3131} INFO - Exporting env vars: AIRFLOW_CTX_DAG_OWNER='airflow' AIRFLOW_CTX_DAG_ID='cafe_sales_etl' AIRFLOW_CTX_TASK_ID='clean_data' AIRFLOW_CTX_EXECUTION_DATE='2025-10-11T08:50:58.310390+00:00' AIRFLOW_CTX_TRY_NUMBER='1' AIRFLOW_CTX_DAG_RUN_ID='manual__2025-10-11T08:50:58.310390+00:00'
[2025-10-11T11:51:13.894+0300] {logging_mixin.py:190} INFO - Task instance is in running state
[2025-10-11T11:51:13.895+0300] {logging_mixin.py:190} INFO -  Previous state of the Task instance: queued
[2025-10-11T11:51:13.895+0300] {logging_mixin.py:190} INFO - Current task name:clean_data state:running start_date:2025-10-11 08:51:13.747541+00:00
[2025-10-11T11:51:13.895+0300] {logging_mixin.py:190} INFO - Dag name:cafe_sales_etl and current dag run status:running
[2025-10-11T11:51:13.895+0300] {taskinstance.py:731} INFO - ::endgroup::
[2025-10-11T11:51:13.927+0300] {logging_mixin.py:190} WARNING - /home/hsooni/cafe_sales_etl/airflow/dags/cafe_sales_etl_dag.py:51 FutureWarning: Passing literal json to 'read_json' is deprecated and will be removed in a future version. To read from a literal string, wrap it in a 'StringIO' object.
[2025-10-11T11:51:14.064+0300] {python.py:240} INFO - Done. Returned value was: None
[2025-10-11T11:51:14.069+0300] {taskinstance.py:340} INFO - ::group::Post task execution logs
[2025-10-11T11:51:14.069+0300] {taskinstance.py:352} INFO - Marking task as SUCCESS. dag_id=cafe_sales_etl, task_id=clean_data, run_id=manual__2025-10-11T08:50:58.310390+00:00, execution_date=20251011T085058, start_date=20251011T085113, end_date=20251011T085114
[2025-10-11T11:51:14.083+0300] {logging_mixin.py:190} INFO - Task instance in success state
[2025-10-11T11:51:14.084+0300] {logging_mixin.py:190} INFO -  Previous state of the Task instance: running
[2025-10-11T11:51:14.084+0300] {logging_mixin.py:190} INFO - Dag name:cafe_sales_etl queued_at:2025-10-11 08:50:58.360808+00:00
[2025-10-11T11:51:14.084+0300] {logging_mixin.py:190} INFO - Task hostname:archlinux operator:PythonOperator
[2025-10-11T11:51:14.112+0300] {local_task_job_runner.py:266} INFO - Task exited with return code 0
[2025-10-11T11:51:14.153+0300] {taskinstance.py:3900} INFO - 1 downstream tasks scheduled from follow-on schedule check
[2025-10-11T11:51:14.167+0300] {local_task_job_runner.py:245} INFO - ::endgroup::
