[2025-10-11T11:51:10.164+0300] {local_task_job_runner.py:123} INFO - ::group::Pre task execution logs
[2025-10-11T11:51:10.176+0300] {taskinstance.py:2612} INFO - Dependencies all met for dep_context=non-requeueable deps ti=<TaskInstance: cafe_sales_etl.clean_data scheduled__2025-10-10T00:00:00+00:00 [queued]>
[2025-10-11T11:51:10.182+0300] {taskinstance.py:2612} INFO - Dependencies all met for dep_context=requeueable deps ti=<TaskInstance: cafe_sales_etl.clean_data scheduled__2025-10-10T00:00:00+00:00 [queued]>
[2025-10-11T11:51:10.183+0300] {taskinstance.py:2865} INFO - Starting attempt 1 of 2
[2025-10-11T11:51:10.204+0300] {taskinstance.py:2888} INFO - Executing <Task(PythonOperator): clean_data> on 2025-10-10 00:00:00+00:00
[2025-10-11T11:51:10.211+0300] {standard_task_runner.py:72} INFO - Started process 6009 to run task
[2025-10-11T11:51:10.215+0300] {standard_task_runner.py:104} INFO - Running: ['airflow', 'tasks', 'run', 'cafe_sales_etl', 'clean_data', 'scheduled__2025-10-10T00:00:00+00:00', '--job-id', '4', '--raw', '--subdir', 'DAGS_FOLDER/cafe_sales_etl_dag.py', '--cfg-path', '/tmp/tmpkfch8x0v']
[2025-10-11T11:51:10.216+0300] {standard_task_runner.py:105} INFO - Job 4: Subtask clean_data
[2025-10-11T11:51:10.273+0300] {task_command.py:467} INFO - Running <TaskInstance: cafe_sales_etl.clean_data scheduled__2025-10-10T00:00:00+00:00 [running]> on host archlinux
[2025-10-11T11:51:10.346+0300] {taskinstance.py:3131} INFO - Exporting env vars: AIRFLOW_CTX_DAG_OWNER='airflow' AIRFLOW_CTX_DAG_ID='cafe_sales_etl' AIRFLOW_CTX_TASK_ID='clean_data' AIRFLOW_CTX_EXECUTION_DATE='2025-10-10T00:00:00+00:00' AIRFLOW_CTX_TRY_NUMBER='1' AIRFLOW_CTX_DAG_RUN_ID='scheduled__2025-10-10T00:00:00+00:00'
[2025-10-11T11:51:10.347+0300] {logging_mixin.py:190} INFO - Task instance is in running state
[2025-10-11T11:51:10.347+0300] {logging_mixin.py:190} INFO -  Previous state of the Task instance: queued
[2025-10-11T11:51:10.348+0300] {logging_mixin.py:190} INFO - Current task name:clean_data state:running start_date:2025-10-11 08:51:10.176620+00:00
[2025-10-11T11:51:10.348+0300] {logging_mixin.py:190} INFO - Dag name:cafe_sales_etl and current dag run status:running
[2025-10-11T11:51:10.348+0300] {taskinstance.py:731} INFO - ::endgroup::
[2025-10-11T11:51:10.381+0300] {logging_mixin.py:190} WARNING - /home/hsooni/cafe_sales_etl/airflow/dags/cafe_sales_etl_dag.py:51 FutureWarning: Passing literal json to 'read_json' is deprecated and will be removed in a future version. To read from a literal string, wrap it in a 'StringIO' object.
[2025-10-11T11:51:10.524+0300] {python.py:240} INFO - Done. Returned value was: None
[2025-10-11T11:51:10.529+0300] {taskinstance.py:340} INFO - ::group::Post task execution logs
[2025-10-11T11:51:10.529+0300] {taskinstance.py:352} INFO - Marking task as SUCCESS. dag_id=cafe_sales_etl, task_id=clean_data, run_id=scheduled__2025-10-10T00:00:00+00:00, execution_date=20251010T000000, start_date=20251011T085110, end_date=20251011T085110
[2025-10-11T11:51:10.542+0300] {logging_mixin.py:190} INFO - Task instance in success state
[2025-10-11T11:51:10.543+0300] {logging_mixin.py:190} INFO -  Previous state of the Task instance: running
[2025-10-11T11:51:10.543+0300] {logging_mixin.py:190} INFO - Dag name:cafe_sales_etl queued_at:2025-10-11 08:50:59.717963+00:00
[2025-10-11T11:51:10.543+0300] {logging_mixin.py:190} INFO - Task hostname:archlinux operator:PythonOperator
[2025-10-11T11:51:10.550+0300] {local_task_job_runner.py:266} INFO - Task exited with return code 0
[2025-10-11T11:51:10.592+0300] {taskinstance.py:3900} INFO - 1 downstream tasks scheduled from follow-on schedule check
[2025-10-11T11:51:10.603+0300] {local_task_job_runner.py:245} INFO - ::endgroup::
[2025-10-11T13:04:34.708+0300] {local_task_job_runner.py:123} INFO - ::group::Pre task execution logs
[2025-10-11T13:04:34.719+0300] {taskinstance.py:2612} INFO - Dependencies all met for dep_context=non-requeueable deps ti=<TaskInstance: cafe_sales_etl.clean_data scheduled__2025-10-10T00:00:00+00:00 [queued]>
[2025-10-11T13:04:34.726+0300] {taskinstance.py:2612} INFO - Dependencies all met for dep_context=requeueable deps ti=<TaskInstance: cafe_sales_etl.clean_data scheduled__2025-10-10T00:00:00+00:00 [queued]>
[2025-10-11T13:04:34.726+0300] {taskinstance.py:2865} INFO - Starting attempt 1 of 2
[2025-10-11T13:04:34.745+0300] {taskinstance.py:2888} INFO - Executing <Task(PythonOperator): clean_data> on 2025-10-10 00:00:00+00:00
[2025-10-11T13:04:34.750+0300] {standard_task_runner.py:72} INFO - Started process 23178 to run task
[2025-10-11T13:04:34.753+0300] {standard_task_runner.py:104} INFO - Running: ['airflow', 'tasks', 'run', 'cafe_sales_etl', 'clean_data', 'scheduled__2025-10-10T00:00:00+00:00', '--job-id', '3', '--raw', '--subdir', 'DAGS_FOLDER/cafe_sales_etl_dag.py', '--cfg-path', '/tmp/tmpjae9vqgn']
[2025-10-11T13:04:34.753+0300] {standard_task_runner.py:105} INFO - Job 3: Subtask clean_data
[2025-10-11T13:04:34.797+0300] {task_command.py:467} INFO - Running <TaskInstance: cafe_sales_etl.clean_data scheduled__2025-10-10T00:00:00+00:00 [running]> on host archlinux
[2025-10-11T13:04:34.867+0300] {taskinstance.py:3131} INFO - Exporting env vars: AIRFLOW_CTX_DAG_OWNER='airflow' AIRFLOW_CTX_DAG_ID='cafe_sales_etl' AIRFLOW_CTX_TASK_ID='clean_data' AIRFLOW_CTX_EXECUTION_DATE='2025-10-10T00:00:00+00:00' AIRFLOW_CTX_TRY_NUMBER='1' AIRFLOW_CTX_DAG_RUN_ID='scheduled__2025-10-10T00:00:00+00:00'
[2025-10-11T13:04:34.869+0300] {logging_mixin.py:190} INFO - Task instance is in running state
[2025-10-11T13:04:34.869+0300] {logging_mixin.py:190} INFO -  Previous state of the Task instance: queued
[2025-10-11T13:04:34.869+0300] {logging_mixin.py:190} INFO - Current task name:clean_data state:running start_date:2025-10-11 10:04:34.720067+00:00
[2025-10-11T13:04:34.869+0300] {logging_mixin.py:190} INFO - Dag name:cafe_sales_etl and current dag run status:running
[2025-10-11T13:04:34.870+0300] {taskinstance.py:731} INFO - ::endgroup::
[2025-10-11T13:04:34.902+0300] {logging_mixin.py:190} WARNING - /home/hsooni/cafe_sales_etl/airflow/dags/cafe_sales_etl_dag.py:51 FutureWarning: Passing literal json to 'read_json' is deprecated and will be removed in a future version. To read from a literal string, wrap it in a 'StringIO' object.
[2025-10-11T13:04:35.049+0300] {python.py:240} INFO - Done. Returned value was: None
[2025-10-11T13:04:35.054+0300] {taskinstance.py:340} INFO - ::group::Post task execution logs
[2025-10-11T13:04:35.054+0300] {taskinstance.py:352} INFO - Marking task as SUCCESS. dag_id=cafe_sales_etl, task_id=clean_data, run_id=scheduled__2025-10-10T00:00:00+00:00, execution_date=20251010T000000, start_date=20251011T100434, end_date=20251011T100435
[2025-10-11T13:04:35.068+0300] {logging_mixin.py:190} INFO - Task instance in success state
[2025-10-11T13:04:35.068+0300] {logging_mixin.py:190} INFO -  Previous state of the Task instance: running
[2025-10-11T13:04:35.069+0300] {logging_mixin.py:190} INFO - Dag name:cafe_sales_etl queued_at:2025-10-11 10:04:27.599759+00:00
[2025-10-11T13:04:35.069+0300] {logging_mixin.py:190} INFO - Task hostname:archlinux operator:PythonOperator
[2025-10-11T13:04:35.085+0300] {local_task_job_runner.py:266} INFO - Task exited with return code 0
[2025-10-11T13:04:35.110+0300] {taskinstance.py:3900} INFO - 1 downstream tasks scheduled from follow-on schedule check
[2025-10-11T13:04:35.121+0300] {local_task_job_runner.py:245} INFO - ::endgroup::
