[2025-10-10T22:58:12.692+0300] {local_task_job_runner.py:123} INFO - ::group::Pre task execution logs
[2025-10-10T22:58:12.704+0300] {taskinstance.py:2612} INFO - Dependencies all met for dep_context=non-requeueable deps ti=<TaskInstance: cafe_sales_etl.clean_data manual__2025-10-10T19:58:05.359323+00:00 [queued]>
[2025-10-10T22:58:12.710+0300] {taskinstance.py:2612} INFO - Dependencies all met for dep_context=requeueable deps ti=<TaskInstance: cafe_sales_etl.clean_data manual__2025-10-10T19:58:05.359323+00:00 [queued]>
[2025-10-10T22:58:12.711+0300] {taskinstance.py:2865} INFO - Starting attempt 1 of 2
[2025-10-10T22:58:12.730+0300] {taskinstance.py:2888} INFO - Executing <Task(PythonOperator): clean_data> on 2025-10-10 19:58:05.359323+00:00
[2025-10-10T22:58:12.735+0300] {standard_task_runner.py:72} INFO - Started process 46669 to run task
[2025-10-10T22:58:12.738+0300] {standard_task_runner.py:104} INFO - Running: ['airflow', 'tasks', 'run', 'cafe_sales_etl', 'clean_data', 'manual__2025-10-10T19:58:05.359323+00:00', '--job-id', '20', '--raw', '--subdir', 'DAGS_FOLDER/cafe_sales_etl_dag.py', '--cfg-path', '/tmp/tmpob09j_3m']
[2025-10-10T22:58:12.738+0300] {standard_task_runner.py:105} INFO - Job 20: Subtask clean_data
[2025-10-10T22:58:12.785+0300] {task_command.py:467} INFO - Running <TaskInstance: cafe_sales_etl.clean_data manual__2025-10-10T19:58:05.359323+00:00 [running]> on host archlinux
[2025-10-10T22:58:12.858+0300] {taskinstance.py:3131} INFO - Exporting env vars: AIRFLOW_CTX_DAG_OWNER='airflow' AIRFLOW_CTX_DAG_ID='cafe_sales_etl' AIRFLOW_CTX_TASK_ID='clean_data' AIRFLOW_CTX_EXECUTION_DATE='2025-10-10T19:58:05.359323+00:00' AIRFLOW_CTX_TRY_NUMBER='1' AIRFLOW_CTX_DAG_RUN_ID='manual__2025-10-10T19:58:05.359323+00:00'
[2025-10-10T22:58:12.859+0300] {logging_mixin.py:190} INFO - Task instance is in running state
[2025-10-10T22:58:12.860+0300] {logging_mixin.py:190} INFO -  Previous state of the Task instance: queued
[2025-10-10T22:58:12.860+0300] {logging_mixin.py:190} INFO - Current task name:clean_data state:running start_date:2025-10-10 19:58:12.704415+00:00
[2025-10-10T22:58:12.860+0300] {logging_mixin.py:190} INFO - Dag name:cafe_sales_etl and current dag run status:running
[2025-10-10T22:58:12.860+0300] {taskinstance.py:731} INFO - ::endgroup::
[2025-10-10T22:58:12.892+0300] {logging_mixin.py:190} WARNING - /home/hsooni/cafe_sales_etl/airflow/dags/cafe_sales_etl_dag.py:51 FutureWarning: Passing literal json to 'read_json' is deprecated and will be removed in a future version. To read from a literal string, wrap it in a 'StringIO' object.
[2025-10-10T22:58:13.044+0300] {python.py:240} INFO - Done. Returned value was: None
[2025-10-10T22:58:13.048+0300] {taskinstance.py:340} INFO - ::group::Post task execution logs
[2025-10-10T22:58:13.049+0300] {taskinstance.py:352} INFO - Marking task as SUCCESS. dag_id=cafe_sales_etl, task_id=clean_data, run_id=manual__2025-10-10T19:58:05.359323+00:00, execution_date=20251010T195805, start_date=20251010T195812, end_date=20251010T195813
[2025-10-10T22:58:13.063+0300] {logging_mixin.py:190} INFO - Task instance in success state
[2025-10-10T22:58:13.063+0300] {logging_mixin.py:190} INFO -  Previous state of the Task instance: running
[2025-10-10T22:58:13.063+0300] {logging_mixin.py:190} INFO - Dag name:cafe_sales_etl queued_at:2025-10-10 19:58:05.369062+00:00
[2025-10-10T22:58:13.063+0300] {logging_mixin.py:190} INFO - Task hostname:archlinux operator:PythonOperator
[2025-10-10T22:58:13.072+0300] {local_task_job_runner.py:266} INFO - Task exited with return code 0
[2025-10-10T22:58:13.096+0300] {taskinstance.py:3900} INFO - 1 downstream tasks scheduled from follow-on schedule check
[2025-10-10T22:58:13.104+0300] {local_task_job_runner.py:245} INFO - ::endgroup::
