2025-10-09 18:34:44,779 - ERROR - ❌ Failed to load data into PostgreSQL: 'Engine' object has no attribute 'cursor'
2025-10-09 18:34:44,779 - ERROR - Pipeline failed: Failed to load data into PostgreSQL: 'Engine' object has no attribute 'cursor'
2025-10-09 18:36:51,633 - ERROR - Pipeline failed with error: ❌ Failed to load data into PostgreSQL: 'Engine' object has no attribute 'cursor'
2025-10-09 18:39:35,394 - ERROR - Pipeline failed with error: ❌ Failed to load data into PostgreSQL: 'Engine' object has no attribute 'cursor'
2025-10-09 18:41:31,910 - ERROR - Pipeline failed with error: ❌ Failed to load data into PostgreSQL: 'Engine' object has no attribute 'cursor'
2025-10-09 18:41:40,875 - ERROR - Pipeline failed with error: ❌ Failed to load data into PostgreSQL: 'Engine' object has no attribute 'cursor'
2025-10-09 18:44:27,526 - ERROR - Pipeline failed with error: ❌ Failed to load data into PostgreSQL: 'Engine' object has no attribute 'cursor'
2025-10-09 18:44:35,404 - ERROR - Pipeline failed with error: ❌ Failed to load data into PostgreSQL: 'Engine' object has no attribute 'cursor'
2025-10-09 22:37:25,701 - ERROR - Pipeline failed with error: ❌ Failed to load data into PostgreSQL: 'Engine' object has no attribute 'cursor'
2025-10-09 22:37:34,442 - ERROR - Pipeline failed with error: ❌ Failed to load data into PostgreSQL: 'Engine' object has no attribute 'cursor'
2025-10-09 22:38:55,461 - ERROR - Pipeline failed with error: ❌ Failed to load data into PostgreSQL: 'Connection' object has no attribute 'cursor'
2025-10-09 22:39:07,459 - ERROR - Pipeline failed with error: ❌ Failed to load data into PostgreSQL: 'Connection' object has no attribute 'cursor'
2025-10-09 22:39:35,818 - ERROR - Pipeline failed with error: ❌ Failed to load data into PostgreSQL: 'Connection' object has no attribute 'cursor'
2025-10-09 22:39:48,278 - ERROR - Pipeline failed with error: ❌ Failed to load data into PostgreSQL: 'Connection' object has no attribute 'cursor'
2025-10-09 22:40:08,717 - ERROR - Pipeline failed with error: ❌ Failed to load data into PostgreSQL: 'Connection' object has no attribute 'cursor'
2025-10-09 22:40:18,990 - ERROR - Pipeline failed with error: ❌ Failed to load data into PostgreSQL: 'Connection' object has no attribute 'cursor'
2025-10-09 22:41:00,438 - ERROR - Pipeline failed with error: ❌ Failed to load data into PostgreSQL: 'Engine' object has no attribute 'cursor'
2025-10-09 22:44:37,883 - ERROR - Pipeline failed with error: ❌ Failed to load data into PostgreSQL: 'Engine' object has no attribute 'cursor'
2025-10-09 22:45:04,479 - ERROR - Pipeline failed with error: ❌ Failed to load data into PostgreSQL: 'Engine' object has no attribute 'cursor'
2025-10-09 22:45:37,738 - ERROR - Pipeline failed with error: ❌ Failed to load data into PostgreSQL: 'Engine' object has no attribute 'cursor'
2025-10-09 22:50:39,907 - INFO - Successfully extracted, transformed, load
