[2025-10-11T14:56:16.444+0300] {local_task_job_runner.py:123} INFO - ::group::Pre task execution logs
[2025-10-11T14:56:16.455+0300] {taskinstance.py:2612} INFO - Dependencies all met for dep_context=non-requeueable deps ti=<TaskInstance: cafe_sales_etl.generate_reports manual__2025-10-11T11:55:56.362840+00:00 [queued]>
[2025-10-11T14:56:16.461+0300] {taskinstance.py:2612} INFO - Dependencies all met for dep_context=requeueable deps ti=<TaskInstance: cafe_sales_etl.generate_reports manual__2025-10-11T11:55:56.362840+00:00 [queued]>
[2025-10-11T14:56:16.462+0300] {taskinstance.py:2865} INFO - Starting attempt 1 of 2
[2025-10-11T14:56:16.481+0300] {taskinstance.py:2888} INFO - Executing <Task(PythonOperator): generate_reports> on 2025-10-11 11:55:56.362840+00:00
[2025-10-11T14:56:16.486+0300] {standard_task_runner.py:72} INFO - Started process 68509 to run task
[2025-10-11T14:56:16.489+0300] {standard_task_runner.py:104} INFO - Running: ['airflow', 'tasks', 'run', 'cafe_sales_etl', 'generate_reports', 'manual__2025-10-11T11:55:56.362840+00:00', '--job-id', '108', '--raw', '--subdir', 'DAGS_FOLDER/cafe_sales_etl_dag.py', '--cfg-path', '/tmp/tmpgtbjlnfi']
[2025-10-11T14:56:16.490+0300] {standard_task_runner.py:105} INFO - Job 108: Subtask generate_reports
[2025-10-11T14:56:16.536+0300] {task_command.py:467} INFO - Running <TaskInstance: cafe_sales_etl.generate_reports manual__2025-10-11T11:55:56.362840+00:00 [running]> on host archlinux
[2025-10-11T14:56:16.607+0300] {taskinstance.py:3131} INFO - Exporting env vars: AIRFLOW_CTX_DAG_OWNER='airflow' AIRFLOW_CTX_DAG_ID='cafe_sales_etl' AIRFLOW_CTX_TASK_ID='generate_reports' AIRFLOW_CTX_EXECUTION_DATE='2025-10-11T11:55:56.362840+00:00' AIRFLOW_CTX_TRY_NUMBER='1' AIRFLOW_CTX_DAG_RUN_ID='manual__2025-10-11T11:55:56.362840+00:00'
[2025-10-11T14:56:16.608+0300] {logging_mixin.py:190} INFO - Task instance is in running state
[2025-10-11T14:56:16.608+0300] {logging_mixin.py:190} INFO -  Previous state of the Task instance: queued
[2025-10-11T14:56:16.608+0300] {logging_mixin.py:190} INFO - Current task name:generate_reports state:running start_date:2025-10-11 11:56:16.455643+00:00
[2025-10-11T14:56:16.608+0300] {logging_mixin.py:190} INFO - Dag name:cafe_sales_etl and current dag run status:running
[2025-10-11T14:56:16.609+0300] {taskinstance.py:731} INFO - ::endgroup::
[2025-10-11T14:56:16.626+0300] {logging_mixin.py:190} INFO - ✅ Report saved: top_items.csv
[2025-10-11T14:56:16.630+0300] {logging_mixin.py:190} INFO - ✅ Report saved: revenue_by_location.csv
[2025-10-11T14:56:16.637+0300] {logging_mixin.py:190} INFO - ✅ Report saved: daily_summary.csv
[2025-10-11T14:56:16.638+0300] {python.py:240} INFO - Done. Returned value was: None
[2025-10-11T14:56:16.642+0300] {taskinstance.py:340} INFO - ::group::Post task execution logs
[2025-10-11T14:56:16.642+0300] {taskinstance.py:352} INFO - Marking task as SUCCESS. dag_id=cafe_sales_etl, task_id=generate_reports, run_id=manual__2025-10-11T11:55:56.362840+00:00, execution_date=20251011T115556, start_date=20251011T115616, end_date=20251011T115616
[2025-10-11T14:56:16.658+0300] {logging_mixin.py:190} INFO - Task instance in success state
[2025-10-11T14:56:16.658+0300] {logging_mixin.py:190} INFO -  Previous state of the Task instance: running
[2025-10-11T14:56:16.659+0300] {logging_mixin.py:190} INFO - Dag name:cafe_sales_etl queued_at:2025-10-11 11:55:56.372186+00:00
[2025-10-11T14:56:16.659+0300] {logging_mixin.py:190} INFO - Task hostname:archlinux operator:PythonOperator
[2025-10-11T14:56:16.701+0300] {local_task_job_runner.py:266} INFO - Task exited with return code 0
[2025-10-11T14:56:16.719+0300] {taskinstance.py:3900} INFO - 1 downstream tasks scheduled from follow-on schedule check
[2025-10-11T14:56:16.728+0300] {local_task_job_runner.py:245} INFO - ::endgroup::
